[0.050s] Invoking command in '/home/williamfbx/SLAM/slam_ws/build/grid_map_pcl': AMENT_PREFIX_PATH=/home/williamfbx/SLAM/slam_ws/install/grid_map_ros:/home/williamfbx/SLAM/slam_ws/install/grid_map_cv:/home/williamfbx/SLAM/slam_ws/install/grid_map_msgs:/home/williamfbx/SLAM/slam_ws/install/grid_map_core:/home/williamfbx/SLAM/slam_ws/install/grid_map_cmake_helpers:${AMENT_PREFIX_PATH} CMAKE_PREFIX_PATH=/home/williamfbx/SLAM/slam_ws/install/grid_map_ros:/home/williamfbx/SLAM/slam_ws/install/grid_map_cv:/home/williamfbx/SLAM/slam_ws/install/grid_map_msgs:/home/williamfbx/SLAM/slam_ws/install/grid_map_core:/home/williamfbx/SLAM/slam_ws/install/grid_map_cmake_helpers:/opt/ros/humble LD_LIBRARY_PATH=/home/williamfbx/SLAM/slam_ws/install/grid_map_ros/lib:/home/williamfbx/SLAM/slam_ws/install/grid_map_cv/lib:/home/williamfbx/SLAM/slam_ws/install/grid_map_msgs/lib:/home/williamfbx/SLAM/slam_ws/install/grid_map_core/lib:${LD_LIBRARY_PATH} PYTHONPATH=/home/williamfbx/SLAM/slam_ws/install/grid_map_msgs/local/lib/python3.10/dist-packages:${PYTHONPATH} /usr/bin/cmake --build /home/williamfbx/SLAM/slam_ws/build/grid_map_pcl -- -j12 -l12
[0.094s] -- Found ament_cmake: 1.3.11 (/opt/ros/humble/share/ament_cmake/cmake)
[0.226s] -- Found grid_map_cmake_helpers: 2.0.1 (/home/williamfbx/SLAM/slam_ws/install/grid_map_cmake_helpers/share/grid_map_cmake_helpers/cmake)
[0.226s] -- Found grid_map_core: 2.0.1 (/home/williamfbx/SLAM/slam_ws/install/grid_map_core/share/grid_map_core/cmake)
[0.228s] -- Found grid_map_msgs: 2.0.1 (/home/williamfbx/SLAM/slam_ws/install/grid_map_msgs/share/grid_map_msgs/cmake)
[0.253s] -- Found rosidl_generator_c: 3.1.6 (/opt/ros/humble/share/rosidl_generator_c/cmake)
[0.255s] -- Found rosidl_adapter: 3.1.6 (/opt/ros/humble/share/rosidl_adapter/cmake)
[0.261s] -- Found rosidl_generator_cpp: 3.1.6 (/opt/ros/humble/share/rosidl_generator_cpp/cmake)
[0.270s] -- Using all available rosidl_typesupport_c: rosidl_typesupport_fastrtps_c;rosidl_typesupport_introspection_c
[0.282s] -- Using all available rosidl_typesupport_cpp: rosidl_typesupport_fastrtps_cpp;rosidl_typesupport_introspection_cpp
[0.329s] -- Found grid_map_ros: 2.0.1 (/home/williamfbx/SLAM/slam_ws/install/grid_map_ros/share/grid_map_ros/cmake)
[0.398s] -- Found rmw_implementation_cmake: 6.1.2 (/opt/ros/humble/share/rmw_implementation_cmake/cmake)
[0.400s] -- Found rmw_fastrtps_cpp: 6.2.7 (/opt/ros/humble/share/rmw_fastrtps_cpp/cmake)
[0.418s] -- Found TinyXML2 via Config file: TinyXML2_DIR-NOTFOUND
[0.427s] -- Found TinyXML2 via Config file: TinyXML2_DIR-NOTFOUND
[0.446s] -- Found TinyXML2 via Config file: TinyXML2_DIR-NOTFOUND
[0.458s] -- Found TinyXML2 via Config file: TinyXML2_DIR-NOTFOUND
[0.469s] -- Using RMW implementation 'rmw_fastrtps_cpp' as default
[0.660s] -- Eigen found (include: /usr/include/eigen3, version: 3.4.0)
[0.709s] -- FLANN found (include: /usr/include, lib: /usr/lib/x86_64-linux-gnu/libflann_cpp.so)
[1.345s] -- OpenNI found (version: 1.5.4.0, include: /usr/include/ni, lib: /usr/lib/libOpenNI.so;libusb::libusb)
[1.367s] -- OpenNI2 found (version: 2.2.0.33, include: /usr/include/openni2, lib: /usr/lib/x86_64-linux-gnu/libOpenNI2.so;libusb::libusb)
[1.368s] [0m** WARNING ** io features related to pcap will be disabled[0m
[1.807s] -- Eigen found (include: /usr/include/eigen3, version: 3.4.0)
[1.826s] -- OpenNI found (version: 1.5.4.0, include: /usr/include/ni, lib: /usr/lib/libOpenNI.so;libusb::libusb)
[1.853s] -- OpenNI2 found (version: 2.2.0.33, include: /usr/include/openni2, lib: /usr/lib/x86_64-linux-gnu/libOpenNI2.so;libusb::libusb)
[2.400s] -- Found Qhull version 8.0.2
[2.938s] -- OpenNI found (version: 1.5.4.0, include: /usr/include/ni, lib: /usr/lib/libOpenNI.so;libusb::libusb)
[3.517s] -- looking for PCL_COMMON
[3.525s] -- looking for PCL_KDTREE
[3.525s] -- looking for PCL_OCTREE
[3.526s] -- looking for PCL_SEARCH
[3.526s] -- looking for PCL_SAMPLE_CONSENSUS
[3.533s] -- looking for PCL_FILTERS
[3.533s] -- looking for PCL_2D
[3.535s] -- looking for PCL_GEOMETRY
[3.535s] -- looking for PCL_IO
[3.543s] -- looking for PCL_FEATURES
[3.543s] -- looking for PCL_ML
[3.543s] -- looking for PCL_SEGMENTATION
[3.547s] -- looking for PCL_VISUALIZATION
[3.549s] -- looking for PCL_SURFACE
[3.550s] -- looking for PCL_REGISTRATION
[3.558s] -- looking for PCL_KEYPOINTS
[3.558s] -- looking for PCL_TRACKING
[3.558s] -- looking for PCL_RECOGNITION
[3.565s] -- looking for PCL_STEREO
[3.565s] -- looking for PCL_APPS
[3.566s] -- looking for PCL_IN_HAND_SCANNER
[3.573s] -- looking for PCL_MODELER
[3.573s] -- looking for PCL_POINT_CLOUD_EDITOR
[3.573s] -- looking for PCL_OUTOFCORE
[3.574s] -- looking for PCL_PEOPLE
[3.746s] -- Found ament_lint_auto: 0.12.11 (/opt/ros/humble/share/ament_lint_auto/cmake)
[3.923s] -- Found gtest sources under '/opt/ros/humble/src/gtest_vendor': C++ tests using 'Google Test' will be built
[3.958s] -- Added test 'cppcheck' to perform static code analysis on C / C++ code
[3.963s] -- Configured cppcheck include dirs: /home/williamfbx/SLAM/slam_ws/src/drivers/grid_map/grid_map_pcl/include
[3.964s] -- Configured cppcheck exclude dirs and/or files: 
[3.965s] -- Added test 'flake8' to check Python code syntax and style conventions
[3.966s] -- Added test 'lint_cmake' to check CMake code style
[3.971s] -- Added test 'pep257' to check Python code against some of the docstring style conventions in PEP 257
[3.980s] -- Added test 'uncrustify' to check C / C++ code style
[3.980s] -- Configured uncrustify additional arguments: 
[3.980s] -- Added test 'xmllint' to check XML markup files
[3.990s] -- Configuring done
[4.641s] -- Generating done
[4.793s] -- Build files have been written to: /home/williamfbx/SLAM/slam_ws/build/grid_map_pcl
[4.985s] [35m[1mConsolidate compiler generated dependencies of target gtest_main[0m
[5.008s] [35m[1mConsolidate compiler generated dependencies of target grid_map_pcl[0m
[5.008s] [35m[1mConsolidate compiler generated dependencies of target gtest[0m
[5.065s] [ 10%] Built target gtest_main
[5.078s] [ 21%] Built target gtest
[5.201s] [ 26%] [32m[1mLinking CXX shared library libgrid_map_pcl.so[0m
[13.291s] [ 52%] Built target grid_map_pcl
[13.333s] [35m[1mConsolidate compiler generated dependencies of target grid_map_pcl_loader_node[0m
[13.415s] [ 57%] [32m[1mLinking CXX executable grid_map_pcl_loader_node[0m
[19.542s] [ 63%] Built target grid_map_pcl_loader_node
[19.624s] [35m[1mConsolidate compiler generated dependencies of target grid_map_pcl-test[0m
[19.744s] [ 68%] [32m[1mLinking CXX executable grid_map_pcl-test[0m
[24.087s] [100%] Built target grid_map_pcl-test
[24.139s] Invoked command in '/home/williamfbx/SLAM/slam_ws/build/grid_map_pcl' returned '0': AMENT_PREFIX_PATH=/home/williamfbx/SLAM/slam_ws/install/grid_map_ros:/home/williamfbx/SLAM/slam_ws/install/grid_map_cv:/home/williamfbx/SLAM/slam_ws/install/grid_map_msgs:/home/williamfbx/SLAM/slam_ws/install/grid_map_core:/home/williamfbx/SLAM/slam_ws/install/grid_map_cmake_helpers:${AMENT_PREFIX_PATH} CMAKE_PREFIX_PATH=/home/williamfbx/SLAM/slam_ws/install/grid_map_ros:/home/williamfbx/SLAM/slam_ws/install/grid_map_cv:/home/williamfbx/SLAM/slam_ws/install/grid_map_msgs:/home/williamfbx/SLAM/slam_ws/install/grid_map_core:/home/williamfbx/SLAM/slam_ws/install/grid_map_cmake_helpers:/opt/ros/humble LD_LIBRARY_PATH=/home/williamfbx/SLAM/slam_ws/install/grid_map_ros/lib:/home/williamfbx/SLAM/slam_ws/install/grid_map_cv/lib:/home/williamfbx/SLAM/slam_ws/install/grid_map_msgs/lib:/home/williamfbx/SLAM/slam_ws/install/grid_map_core/lib:${LD_LIBRARY_PATH} PYTHONPATH=/home/williamfbx/SLAM/slam_ws/install/grid_map_msgs/local/lib/python3.10/dist-packages:${PYTHONPATH} /usr/bin/cmake --build /home/williamfbx/SLAM/slam_ws/build/grid_map_pcl -- -j12 -l12
[24.151s] Invoking command in '/home/williamfbx/SLAM/slam_ws/build/grid_map_pcl': AMENT_PREFIX_PATH=/home/williamfbx/SLAM/slam_ws/install/grid_map_ros:/home/williamfbx/SLAM/slam_ws/install/grid_map_cv:/home/williamfbx/SLAM/slam_ws/install/grid_map_msgs:/home/williamfbx/SLAM/slam_ws/install/grid_map_core:/home/williamfbx/SLAM/slam_ws/install/grid_map_cmake_helpers:${AMENT_PREFIX_PATH} CMAKE_PREFIX_PATH=/home/williamfbx/SLAM/slam_ws/install/grid_map_ros:/home/williamfbx/SLAM/slam_ws/install/grid_map_cv:/home/williamfbx/SLAM/slam_ws/install/grid_map_msgs:/home/williamfbx/SLAM/slam_ws/install/grid_map_core:/home/williamfbx/SLAM/slam_ws/install/grid_map_cmake_helpers:/opt/ros/humble LD_LIBRARY_PATH=/home/williamfbx/SLAM/slam_ws/install/grid_map_ros/lib:/home/williamfbx/SLAM/slam_ws/install/grid_map_cv/lib:/home/williamfbx/SLAM/slam_ws/install/grid_map_msgs/lib:/home/williamfbx/SLAM/slam_ws/install/grid_map_core/lib:${LD_LIBRARY_PATH} PYTHONPATH=/home/williamfbx/SLAM/slam_ws/install/grid_map_msgs/local/lib/python3.10/dist-packages:${PYTHONPATH} /usr/bin/cmake --install /home/williamfbx/SLAM/slam_ws/build/grid_map_pcl
[24.187s] -- Install configuration: "Release"
[24.187s] -- Installing: /home/williamfbx/SLAM/slam_ws/install/grid_map_pcl/lib/libgrid_map_pcl.so
[24.187s] -- Set runtime path of "/home/williamfbx/SLAM/slam_ws/install/grid_map_pcl/lib/libgrid_map_pcl.so" to ""
[24.194s] -- Installing: /home/williamfbx/SLAM/slam_ws/install/grid_map_pcl/lib/grid_map_pcl/grid_map_pcl_loader_node
[24.195s] -- Set runtime path of "/home/williamfbx/SLAM/slam_ws/install/grid_map_pcl/lib/grid_map_pcl/grid_map_pcl_loader_node" to ""
[24.195s] -- Up-to-date: /home/williamfbx/SLAM/slam_ws/install/grid_map_pcl/include/grid_map_pcl
[24.198s] -- Up-to-date: /home/williamfbx/SLAM/slam_ws/install/grid_map_pcl/include/grid_map_pcl/GridMapPclConverter.hpp
[24.198s] -- Up-to-date: /home/williamfbx/SLAM/slam_ws/install/grid_map_pcl/include/grid_map_pcl/PclLoaderParameters.hpp
[24.198s] -- Up-to-date: /home/williamfbx/SLAM/slam_ws/install/grid_map_pcl/include/grid_map_pcl/grid_map_pcl.hpp
[24.198s] -- Up-to-date: /home/williamfbx/SLAM/slam_ws/install/grid_map_pcl/include/grid_map_pcl/helpers.hpp
[24.198s] -- Up-to-date: /home/williamfbx/SLAM/slam_ws/install/grid_map_pcl/include/grid_map_pcl/PointcloudProcessor.hpp
[24.199s] -- Up-to-date: /home/williamfbx/SLAM/slam_ws/install/grid_map_pcl/include/grid_map_pcl/GridMapPclLoader.hpp
[24.199s] -- Up-to-date: /home/williamfbx/SLAM/slam_ws/install/grid_map_pcl/share/grid_map_pcl/config
[24.199s] -- Up-to-date: /home/williamfbx/SLAM/slam_ws/install/grid_map_pcl/share/grid_map_pcl/config/parameters.yaml
[24.199s] -- Up-to-date: /home/williamfbx/SLAM/slam_ws/install/grid_map_pcl/share/grid_map_pcl/launch
[24.199s] -- Up-to-date: /home/williamfbx/SLAM/slam_ws/install/grid_map_pcl/share/grid_map_pcl/launch/grid_map_pcl_loader_launch.py
[24.199s] -- Up-to-date: /home/williamfbx/SLAM/slam_ws/install/grid_map_pcl/share/grid_map_pcl/test_data/
[24.200s] -- Up-to-date: /home/williamfbx/SLAM/slam_ws/install/grid_map_pcl/share/grid_map_pcl/test_data//parameters.yaml
[24.200s] -- Up-to-date: /home/williamfbx/SLAM/slam_ws/install/grid_map_pcl/share/grid_map_pcl/test_data//plane_noisy.pcd
[24.200s] -- Up-to-date: /home/williamfbx/SLAM/slam_ws/install/grid_map_pcl/share/grid_map_pcl/environment/library_path.sh
[24.200s] -- Installing: /home/williamfbx/SLAM/slam_ws/install/grid_map_pcl/share/grid_map_pcl/environment/library_path.dsv
[24.201s] -- Up-to-date: /home/williamfbx/SLAM/slam_ws/install/grid_map_pcl/share/ament_index/resource_index/package_run_dependencies/grid_map_pcl
[24.210s] -- Installing: /home/williamfbx/SLAM/slam_ws/install/grid_map_pcl/share/ament_index/resource_index/parent_prefix_path/grid_map_pcl
[24.211s] -- Up-to-date: /home/williamfbx/SLAM/slam_ws/install/grid_map_pcl/share/grid_map_pcl/environment/ament_prefix_path.sh
[24.211s] -- Installing: /home/williamfbx/SLAM/slam_ws/install/grid_map_pcl/share/grid_map_pcl/environment/ament_prefix_path.dsv
[24.211s] -- Up-to-date: /home/williamfbx/SLAM/slam_ws/install/grid_map_pcl/share/grid_map_pcl/environment/path.sh
[24.211s] -- Installing: /home/williamfbx/SLAM/slam_ws/install/grid_map_pcl/share/grid_map_pcl/environment/path.dsv
[24.211s] -- Up-to-date: /home/williamfbx/SLAM/slam_ws/install/grid_map_pcl/share/grid_map_pcl/local_setup.bash
[24.211s] -- Up-to-date: /home/williamfbx/SLAM/slam_ws/install/grid_map_pcl/share/grid_map_pcl/local_setup.sh
[24.211s] -- Up-to-date: /home/williamfbx/SLAM/slam_ws/install/grid_map_pcl/share/grid_map_pcl/local_setup.zsh
[24.212s] -- Installing: /home/williamfbx/SLAM/slam_ws/install/grid_map_pcl/share/grid_map_pcl/local_setup.dsv
[24.212s] -- Installing: /home/williamfbx/SLAM/slam_ws/install/grid_map_pcl/share/grid_map_pcl/package.dsv
[24.212s] -- Up-to-date: /home/williamfbx/SLAM/slam_ws/install/grid_map_pcl/share/ament_index/resource_index/packages/grid_map_pcl
[24.212s] -- Up-to-date: /home/williamfbx/SLAM/slam_ws/install/grid_map_pcl/share/grid_map_pcl/cmake/ament_cmake_export_include_directories-extras.cmake
[24.212s] -- Up-to-date: /home/williamfbx/SLAM/slam_ws/install/grid_map_pcl/share/grid_map_pcl/cmake/ament_cmake_export_libraries-extras.cmake
[24.223s] -- Up-to-date: /home/williamfbx/SLAM/slam_ws/install/grid_map_pcl/share/grid_map_pcl/cmake/grid_map_pclConfig.cmake
[24.223s] -- Up-to-date: /home/williamfbx/SLAM/slam_ws/install/grid_map_pcl/share/grid_map_pcl/cmake/grid_map_pclConfig-version.cmake
[24.234s] -- Up-to-date: /home/williamfbx/SLAM/slam_ws/install/grid_map_pcl/share/grid_map_pcl/package.xml
[24.236s] Invoked command in '/home/williamfbx/SLAM/slam_ws/build/grid_map_pcl' returned '0': AMENT_PREFIX_PATH=/home/williamfbx/SLAM/slam_ws/install/grid_map_ros:/home/williamfbx/SLAM/slam_ws/install/grid_map_cv:/home/williamfbx/SLAM/slam_ws/install/grid_map_msgs:/home/williamfbx/SLAM/slam_ws/install/grid_map_core:/home/williamfbx/SLAM/slam_ws/install/grid_map_cmake_helpers:${AMENT_PREFIX_PATH} CMAKE_PREFIX_PATH=/home/williamfbx/SLAM/slam_ws/install/grid_map_ros:/home/williamfbx/SLAM/slam_ws/install/grid_map_cv:/home/williamfbx/SLAM/slam_ws/install/grid_map_msgs:/home/williamfbx/SLAM/slam_ws/install/grid_map_core:/home/williamfbx/SLAM/slam_ws/install/grid_map_cmake_helpers:/opt/ros/humble LD_LIBRARY_PATH=/home/williamfbx/SLAM/slam_ws/install/grid_map_ros/lib:/home/williamfbx/SLAM/slam_ws/install/grid_map_cv/lib:/home/williamfbx/SLAM/slam_ws/install/grid_map_msgs/lib:/home/williamfbx/SLAM/slam_ws/install/grid_map_core/lib:${LD_LIBRARY_PATH} PYTHONPATH=/home/williamfbx/SLAM/slam_ws/install/grid_map_msgs/local/lib/python3.10/dist-packages:${PYTHONPATH} /usr/bin/cmake --install /home/williamfbx/SLAM/slam_ws/build/grid_map_pcl
