-- Found ament_cmake: 1.3.11 (/opt/ros/humble/share/ament_cmake/cmake)
-- Found rclcpp: 16.0.11 (/opt/ros/humble/share/rclcpp/cmake)
-- Found rosidl_generator_c: 3.1.6 (/opt/ros/humble/share/rosidl_generator_c/cmake)
-- Found rosidl_adapter: 3.1.6 (/opt/ros/humble/share/rosidl_adapter/cmake)
-- Found rosidl_generator_cpp: 3.1.6 (/opt/ros/humble/share/rosidl_generator_cpp/cmake)
-- Using all available rosidl_typesupport_c: rosidl_typesupport_fastrtps_c;rosidl_typesupport_introspection_c
-- Using all available rosidl_typesupport_cpp: rosidl_typesupport_fastrtps_cpp;rosidl_typesupport_introspection_cpp
-- Found rmw_implementation_cmake: 6.1.2 (/opt/ros/humble/share/rmw_implementation_cmake/cmake)
-- Found rmw_fastrtps_cpp: 6.2.7 (/opt/ros/humble/share/rmw_fastrtps_cpp/cmake)
-- Using RMW implementation 'rmw_fastrtps_cpp' as default
-- Found nav_msgs: 4.2.4 (/opt/ros/humble/share/nav_msgs/cmake)
-- Found grid_map_ros: 2.0.1 (/home/williamfbx/SLAM/slam_ws/install/grid_map_ros/share/grid_map_ros/cmake)
-- Found ament_lint_auto: 0.12.11 (/opt/ros/humble/share/ament_lint_auto/cmake)
-- Configuring done
-- Generating done
-- Build files have been written to: /home/williamfbx/SLAM/slam_ws/build/visualization
[35m[1mConsolidate compiler generated dependencies of target visualization_node[0m
[ 33%] [32mBuilding CXX object CMakeFiles/visualization_node.dir/src/visualization.cpp.o[0m
[ 66%] [32mBuilding CXX object CMakeFiles/visualization_node.dir/src/visualization_node.cpp.o[0m
[100%] [32m[1mLinking CXX executable visualization_node[0m
[100%] Built target visualization_node
-- Install configuration: ""
-- Installing: /home/williamfbx/SLAM/slam_ws/install/visualization/lib/visualization/visualization_node
-- Set runtime path of "/home/williamfbx/SLAM/slam_ws/install/visualization/lib/visualization/visualization_node" to ""
-- Up-to-date: /home/williamfbx/SLAM/slam_ws/install/visualization/include/visualization
-- Up-to-date: /home/williamfbx/SLAM/slam_ws/install/visualization/include/visualization/visualization.hpp
-- Up-to-date: /home/williamfbx/SLAM/slam_ws/install/visualization/share/visualization/launch
-- Up-to-date: /home/williamfbx/SLAM/slam_ws/install/visualization/share/visualization/launch/visualization.launch.py
-- Up-to-date: /home/williamfbx/SLAM/slam_ws/install/visualization/share/ament_index/resource_index/package_run_dependencies/visualization
-- Installing: /home/williamfbx/SLAM/slam_ws/install/visualization/share/ament_index/resource_index/parent_prefix_path/visualization
-- Up-to-date: /home/williamfbx/SLAM/slam_ws/install/visualization/share/visualization/environment/ament_prefix_path.sh
-- Installing: /home/williamfbx/SLAM/slam_ws/install/visualization/share/visualization/environment/ament_prefix_path.dsv
-- Up-to-date: /home/williamfbx/SLAM/slam_ws/install/visualization/share/visualization/environment/path.sh
-- Installing: /home/williamfbx/SLAM/slam_ws/install/visualization/share/visualization/environment/path.dsv
-- Up-to-date: /home/williamfbx/SLAM/slam_ws/install/visualization/share/visualization/local_setup.bash
-- Up-to-date: /home/williamfbx/SLAM/slam_ws/install/visualization/share/visualization/local_setup.sh
-- Up-to-date: /home/williamfbx/SLAM/slam_ws/install/visualization/share/visualization/local_setup.zsh
-- Installing: /home/williamfbx/SLAM/slam_ws/install/visualization/share/visualization/local_setup.dsv
-- Installing: /home/williamfbx/SLAM/slam_ws/install/visualization/share/visualization/package.dsv
-- Up-to-date: /home/williamfbx/SLAM/slam_ws/install/visualization/share/ament_index/resource_index/packages/visualization
-- Up-to-date: /home/williamfbx/SLAM/slam_ws/install/visualization/share/visualization/cmake/visualizationConfig.cmake
-- Up-to-date: /home/williamfbx/SLAM/slam_ws/install/visualization/share/visualization/cmake/visualizationConfig-version.cmake
-- Up-to-date: /home/williamfbx/SLAM/slam_ws/install/visualization/share/visualization/package.xml
