[0.010s] Invoking command in '/home/williamfbx/SLAM/slam_ws/build/kindr_ros': AMENT_PREFIX_PATH=/home/williamfbx/SLAM/slam_ws/install/kindr:${AMENT_PREFIX_PATH} CMAKE_PREFIX_PATH=/home/williamfbx/SLAM/slam_ws/install/kindr:/home/williamfbx/SLAM/slam_ws/install/grid_map:/home/williamfbx/SLAM/slam_ws/install/grid_map_demos:/home/williamfbx/SLAM/slam_ws/install/grid_map_visualization:/home/williamfbx/SLAM/slam_ws/install/grid_map_sdf:/home/williamfbx/SLAM/slam_ws/install/grid_map_rviz_plugin:/home/williamfbx/SLAM/slam_ws/install/grid_map_pcl:/home/williamfbx/SLAM/slam_ws/install/grid_map_loader:/home/williamfbx/SLAM/slam_ws/install/grid_map_filters:/home/williamfbx/SLAM/slam_ws/install/grid_map_ros:/home/williamfbx/SLAM/slam_ws/install/grid_map_octomap:/home/williamfbx/SLAM/slam_ws/install/grid_map_msgs:/home/williamfbx/SLAM/slam_ws/install/grid_map_cv:/home/williamfbx/SLAM/slam_ws/install/grid_map_costmap_2d:/home/williamfbx/SLAM/slam_ws/install/grid_map_core:/home/williamfbx/SLAM/slam_ws/install/grid_map_cmake_helpers:/home/williamfbx/SLAM/slam_ws/install/visualization:/home/williamfbx/SLAM/slam_ws/install/launcher:/home/williamfbx/SLAM/slam_ws/install/sensing:/home/williamfbx/SLAM/slam_ws/install/realsense2_description:/home/williamfbx/SLAM/slam_ws/install/realsense2_camera:/home/williamfbx/SLAM/slam_ws/install/realsense2_camera_msgs:/home/williamfbx/SLAM/slam_ws/install/realsense:/home/williamfbx/SLAM/slam_ws/install/mapping:/home/williamfbx/SLAM/slam_ws/install/localization:/opt/ros/humble LD_LIBRARY_PATH=/home/williamfbx/SLAM/slam_ws/install/kindr/lib:${LD_LIBRARY_PATH} /usr/bin/cmake /home/williamfbx/SLAM/slam_ws/src/drivers/kindr_ros/kindr_ros -DCMAKE_INSTALL_PREFIX=/home/williamfbx/SLAM/slam_ws/install/kindr_ros
[0.064s] -- The C compiler identification is GNU 11.4.0
[0.114s] -- The CXX compiler identification is GNU 11.4.0
[0.130s] -- Detecting C compiler ABI info
[0.185s] -- Detecting C compiler ABI info - done
[0.198s] -- Check for working C compiler: /usr/bin/cc - skipped
[0.198s] -- Detecting C compile features
[0.198s] -- Detecting C compile features - done
[0.201s] -- Detecting CXX compiler ABI info
[0.275s] -- Detecting CXX compiler ABI info - done
[0.280s] -- Check for working CXX compiler: /usr/bin/c++ - skipped
[0.281s] -- Detecting CXX compile features
[0.281s] -- Detecting CXX compile features - done
[0.283s] -- Found ament_cmake: 1.3.11 (/opt/ros/humble/share/ament_cmake/cmake)
[0.406s] -- Found Python3: /usr/bin/python3 (found version "3.10.12") found components: Interpreter 
[0.484s] -- Found tf2: 0.25.12 (/opt/ros/humble/share/tf2/cmake)
[0.527s] -- Found rosidl_generator_c: 3.1.6 (/opt/ros/humble/share/rosidl_generator_c/cmake)
[0.532s] -- Found rosidl_adapter: 3.1.6 (/opt/ros/humble/share/rosidl_adapter/cmake)
[0.540s] -- Found rosidl_generator_cpp: 3.1.6 (/opt/ros/humble/share/rosidl_generator_cpp/cmake)
[0.552s] -- Using all available rosidl_typesupport_c: rosidl_typesupport_fastrtps_c;rosidl_typesupport_introspection_c
[0.570s] -- Using all available rosidl_typesupport_cpp: rosidl_typesupport_fastrtps_cpp;rosidl_typesupport_introspection_cpp
[0.620s] -- Found kindr: 1.3.24 (/home/williamfbx/SLAM/slam_ws/install/kindr/share/kindr/cmake)
[0.627s] -- Found eigen3_cmake_module: 0.1.1 (/opt/ros/humble/share/eigen3_cmake_module/cmake)
[0.628s] -- Found Eigen3: TRUE (found version "3.4.0") 
[0.633s] -- Found ament_lint_auto: 0.12.11 (/opt/ros/humble/share/ament_lint_auto/cmake)
[0.711s] -- Found gtest sources under '/opt/ros/humble/src/gtest_vendor': C++ tests using 'Google Test' will be built
[0.712s] -- Looking for pthread.h
[0.779s] -- Looking for pthread.h - found
[0.779s] -- Performing Test CMAKE_HAVE_LIBC_PTHREAD
[0.852s] -- Performing Test CMAKE_HAVE_LIBC_PTHREAD - Success
[0.854s] -- Found Threads: TRUE  
[0.858s] -- Configuring done
[0.864s] -- Generating done
[0.866s] -- Build files have been written to: /home/williamfbx/SLAM/slam_ws/build/kindr_ros
[0.872s] Invoked command in '/home/williamfbx/SLAM/slam_ws/build/kindr_ros' returned '0': AMENT_PREFIX_PATH=/home/williamfbx/SLAM/slam_ws/install/kindr:${AMENT_PREFIX_PATH} CMAKE_PREFIX_PATH=/home/williamfbx/SLAM/slam_ws/install/kindr:/home/williamfbx/SLAM/slam_ws/install/grid_map:/home/williamfbx/SLAM/slam_ws/install/grid_map_demos:/home/williamfbx/SLAM/slam_ws/install/grid_map_visualization:/home/williamfbx/SLAM/slam_ws/install/grid_map_sdf:/home/williamfbx/SLAM/slam_ws/install/grid_map_rviz_plugin:/home/williamfbx/SLAM/slam_ws/install/grid_map_pcl:/home/williamfbx/SLAM/slam_ws/install/grid_map_loader:/home/williamfbx/SLAM/slam_ws/install/grid_map_filters:/home/williamfbx/SLAM/slam_ws/install/grid_map_ros:/home/williamfbx/SLAM/slam_ws/install/grid_map_octomap:/home/williamfbx/SLAM/slam_ws/install/grid_map_msgs:/home/williamfbx/SLAM/slam_ws/install/grid_map_cv:/home/williamfbx/SLAM/slam_ws/install/grid_map_costmap_2d:/home/williamfbx/SLAM/slam_ws/install/grid_map_core:/home/williamfbx/SLAM/slam_ws/install/grid_map_cmake_helpers:/home/williamfbx/SLAM/slam_ws/install/visualization:/home/williamfbx/SLAM/slam_ws/install/launcher:/home/williamfbx/SLAM/slam_ws/install/sensing:/home/williamfbx/SLAM/slam_ws/install/realsense2_description:/home/williamfbx/SLAM/slam_ws/install/realsense2_camera:/home/williamfbx/SLAM/slam_ws/install/realsense2_camera_msgs:/home/williamfbx/SLAM/slam_ws/install/realsense:/home/williamfbx/SLAM/slam_ws/install/mapping:/home/williamfbx/SLAM/slam_ws/install/localization:/opt/ros/humble LD_LIBRARY_PATH=/home/williamfbx/SLAM/slam_ws/install/kindr/lib:${LD_LIBRARY_PATH} /usr/bin/cmake /home/williamfbx/SLAM/slam_ws/src/drivers/kindr_ros/kindr_ros -DCMAKE_INSTALL_PREFIX=/home/williamfbx/SLAM/slam_ws/install/kindr_ros
[0.873s] Invoking command in '/home/williamfbx/SLAM/slam_ws/build/kindr_ros': AMENT_PREFIX_PATH=/home/williamfbx/SLAM/slam_ws/install/kindr:${AMENT_PREFIX_PATH} CMAKE_PREFIX_PATH=/home/williamfbx/SLAM/slam_ws/install/kindr:/home/williamfbx/SLAM/slam_ws/install/grid_map:/home/williamfbx/SLAM/slam_ws/install/grid_map_demos:/home/williamfbx/SLAM/slam_ws/install/grid_map_visualization:/home/williamfbx/SLAM/slam_ws/install/grid_map_sdf:/home/williamfbx/SLAM/slam_ws/install/grid_map_rviz_plugin:/home/williamfbx/SLAM/slam_ws/install/grid_map_pcl:/home/williamfbx/SLAM/slam_ws/install/grid_map_loader:/home/williamfbx/SLAM/slam_ws/install/grid_map_filters:/home/williamfbx/SLAM/slam_ws/install/grid_map_ros:/home/williamfbx/SLAM/slam_ws/install/grid_map_octomap:/home/williamfbx/SLAM/slam_ws/install/grid_map_msgs:/home/williamfbx/SLAM/slam_ws/install/grid_map_cv:/home/williamfbx/SLAM/slam_ws/install/grid_map_costmap_2d:/home/williamfbx/SLAM/slam_ws/install/grid_map_core:/home/williamfbx/SLAM/slam_ws/install/grid_map_cmake_helpers:/home/williamfbx/SLAM/slam_ws/install/visualization:/home/williamfbx/SLAM/slam_ws/install/launcher:/home/williamfbx/SLAM/slam_ws/install/sensing:/home/williamfbx/SLAM/slam_ws/install/realsense2_description:/home/williamfbx/SLAM/slam_ws/install/realsense2_camera:/home/williamfbx/SLAM/slam_ws/install/realsense2_camera_msgs:/home/williamfbx/SLAM/slam_ws/install/realsense:/home/williamfbx/SLAM/slam_ws/install/mapping:/home/williamfbx/SLAM/slam_ws/install/localization:/opt/ros/humble LD_LIBRARY_PATH=/home/williamfbx/SLAM/slam_ws/install/kindr/lib:${LD_LIBRARY_PATH} /usr/bin/cmake --build /home/williamfbx/SLAM/slam_ws/build/kindr_ros -- -j12 -l12
[0.916s] [  9%] [32mBuilding CXX object gtest/CMakeFiles/gtest_main.dir/src/gtest_main.cc.o[0m
[0.919s] [ 18%] [32mBuilding CXX object gtest/CMakeFiles/gtest.dir/src/gtest-all.cc.o[0m
[1.355s] [ 27%] [32m[1mLinking CXX static library libgtest_main.a[0m
[1.388s] [ 27%] Built target gtest_main
[2.994s] [ 36%] [32m[1mLinking CXX static library libgtest.a[0m
[3.045s] [ 36%] Built target gtest
[3.069s] [ 63%] [32mBuilding CXX object CMakeFiles/kindr_ros-test.dir/test/RosGeometryMsgPoseTest.cpp.o[0m
[3.069s] [ 63%] [32mBuilding CXX object CMakeFiles/kindr_ros-test.dir/test/TfConventionTest.cpp.o[0m
[3.069s] [ 63%] [32mBuilding CXX object CMakeFiles/kindr_ros-test.dir/test/RosGeometryMsgPhysicalQuantitiesTest.cpp.o[0m
[3.069s] [ 72%] [32mBuilding CXX object CMakeFiles/kindr_ros-test.dir/test/RosTfPoseTest.cpp.o[0m
[3.077s] [ 90%] [32mBuilding CXX object CMakeFiles/kindr_ros-test.dir/test/RosGeometryMsgRotationTest.cpp.o[0m
[3.077s] [ 90%] [32mBuilding CXX object CMakeFiles/kindr_ros-test.dir/test/test_main.cpp.o[0m
[5.013s] [100%] [32m[1mLinking CXX executable kindr_ros-test[0m
[5.197s] [100%] Built target kindr_ros-test
[5.209s] Invoked command in '/home/williamfbx/SLAM/slam_ws/build/kindr_ros' returned '0': AMENT_PREFIX_PATH=/home/williamfbx/SLAM/slam_ws/install/kindr:${AMENT_PREFIX_PATH} CMAKE_PREFIX_PATH=/home/williamfbx/SLAM/slam_ws/install/kindr:/home/williamfbx/SLAM/slam_ws/install/grid_map:/home/williamfbx/SLAM/slam_ws/install/grid_map_demos:/home/williamfbx/SLAM/slam_ws/install/grid_map_visualization:/home/williamfbx/SLAM/slam_ws/install/grid_map_sdf:/home/williamfbx/SLAM/slam_ws/install/grid_map_rviz_plugin:/home/williamfbx/SLAM/slam_ws/install/grid_map_pcl:/home/williamfbx/SLAM/slam_ws/install/grid_map_loader:/home/williamfbx/SLAM/slam_ws/install/grid_map_filters:/home/williamfbx/SLAM/slam_ws/install/grid_map_ros:/home/williamfbx/SLAM/slam_ws/install/grid_map_octomap:/home/williamfbx/SLAM/slam_ws/install/grid_map_msgs:/home/williamfbx/SLAM/slam_ws/install/grid_map_cv:/home/williamfbx/SLAM/slam_ws/install/grid_map_costmap_2d:/home/williamfbx/SLAM/slam_ws/install/grid_map_core:/home/williamfbx/SLAM/slam_ws/install/grid_map_cmake_helpers:/home/williamfbx/SLAM/slam_ws/install/visualization:/home/williamfbx/SLAM/slam_ws/install/launcher:/home/williamfbx/SLAM/slam_ws/install/sensing:/home/williamfbx/SLAM/slam_ws/install/realsense2_description:/home/williamfbx/SLAM/slam_ws/install/realsense2_camera:/home/williamfbx/SLAM/slam_ws/install/realsense2_camera_msgs:/home/williamfbx/SLAM/slam_ws/install/realsense:/home/williamfbx/SLAM/slam_ws/install/mapping:/home/williamfbx/SLAM/slam_ws/install/localization:/opt/ros/humble LD_LIBRARY_PATH=/home/williamfbx/SLAM/slam_ws/install/kindr/lib:${LD_LIBRARY_PATH} /usr/bin/cmake --build /home/williamfbx/SLAM/slam_ws/build/kindr_ros -- -j12 -l12
[5.211s] Invoking command in '/home/williamfbx/SLAM/slam_ws/build/kindr_ros': AMENT_PREFIX_PATH=/home/williamfbx/SLAM/slam_ws/install/kindr:${AMENT_PREFIX_PATH} CMAKE_PREFIX_PATH=/home/williamfbx/SLAM/slam_ws/install/kindr:/home/williamfbx/SLAM/slam_ws/install/grid_map:/home/williamfbx/SLAM/slam_ws/install/grid_map_demos:/home/williamfbx/SLAM/slam_ws/install/grid_map_visualization:/home/williamfbx/SLAM/slam_ws/install/grid_map_sdf:/home/williamfbx/SLAM/slam_ws/install/grid_map_rviz_plugin:/home/williamfbx/SLAM/slam_ws/install/grid_map_pcl:/home/williamfbx/SLAM/slam_ws/install/grid_map_loader:/home/williamfbx/SLAM/slam_ws/install/grid_map_filters:/home/williamfbx/SLAM/slam_ws/install/grid_map_ros:/home/williamfbx/SLAM/slam_ws/install/grid_map_octomap:/home/williamfbx/SLAM/slam_ws/install/grid_map_msgs:/home/williamfbx/SLAM/slam_ws/install/grid_map_cv:/home/williamfbx/SLAM/slam_ws/install/grid_map_costmap_2d:/home/williamfbx/SLAM/slam_ws/install/grid_map_core:/home/williamfbx/SLAM/slam_ws/install/grid_map_cmake_helpers:/home/williamfbx/SLAM/slam_ws/install/visualization:/home/williamfbx/SLAM/slam_ws/install/launcher:/home/williamfbx/SLAM/slam_ws/install/sensing:/home/williamfbx/SLAM/slam_ws/install/realsense2_description:/home/williamfbx/SLAM/slam_ws/install/realsense2_camera:/home/williamfbx/SLAM/slam_ws/install/realsense2_camera_msgs:/home/williamfbx/SLAM/slam_ws/install/realsense:/home/williamfbx/SLAM/slam_ws/install/mapping:/home/williamfbx/SLAM/slam_ws/install/localization:/opt/ros/humble LD_LIBRARY_PATH=/home/williamfbx/SLAM/slam_ws/install/kindr/lib:${LD_LIBRARY_PATH} /usr/bin/cmake --install /home/williamfbx/SLAM/slam_ws/build/kindr_ros
[5.224s] -- Install configuration: ""
[5.224s] -- Installing: /home/williamfbx/SLAM/slam_ws/install/kindr_ros/include/kindr_ros
[5.224s] -- Installing: /home/williamfbx/SLAM/slam_ws/install/kindr_ros/include/kindr_ros/RosGeometryMsgRotation.hpp
[5.225s] -- Installing: /home/williamfbx/SLAM/slam_ws/install/kindr_ros/include/kindr_ros/RosGeometryMsgTwist.hpp
[5.225s] -- Installing: /home/williamfbx/SLAM/slam_ws/install/kindr_ros/include/kindr_ros/RosGeometryMsgPose.hpp
[5.225s] -- Installing: /home/williamfbx/SLAM/slam_ws/install/kindr_ros/include/kindr_ros/RosGeometryMsgPhysicalQuantities.hpp
[5.225s] -- Installing: /home/williamfbx/SLAM/slam_ws/install/kindr_ros/include/kindr_ros/kindr_ros.hpp
[5.225s] -- Installing: /home/williamfbx/SLAM/slam_ws/install/kindr_ros/include/kindr_ros/RosTfPose.hpp
[5.225s] -- Installing: /home/williamfbx/SLAM/slam_ws/install/kindr_ros/share/ament_index/resource_index/package_run_dependencies/kindr_ros
[5.225s] -- Installing: /home/williamfbx/SLAM/slam_ws/install/kindr_ros/share/ament_index/resource_index/parent_prefix_path/kindr_ros
[5.225s] -- Installing: /home/williamfbx/SLAM/slam_ws/install/kindr_ros/share/kindr_ros/environment/ament_prefix_path.sh
[5.226s] -- Installing: /home/williamfbx/SLAM/slam_ws/install/kindr_ros/share/kindr_ros/environment/ament_prefix_path.dsv
[5.226s] -- Installing: /home/williamfbx/SLAM/slam_ws/install/kindr_ros/share/kindr_ros/environment/path.sh
[5.226s] -- Installing: /home/williamfbx/SLAM/slam_ws/install/kindr_ros/share/kindr_ros/environment/path.dsv
[5.226s] -- Installing: /home/williamfbx/SLAM/slam_ws/install/kindr_ros/share/kindr_ros/local_setup.bash
[5.226s] -- Installing: /home/williamfbx/SLAM/slam_ws/install/kindr_ros/share/kindr_ros/local_setup.sh
[5.226s] -- Installing: /home/williamfbx/SLAM/slam_ws/install/kindr_ros/share/kindr_ros/local_setup.zsh
[5.226s] -- Installing: /home/williamfbx/SLAM/slam_ws/install/kindr_ros/share/kindr_ros/local_setup.dsv
[5.226s] -- Installing: /home/williamfbx/SLAM/slam_ws/install/kindr_ros/share/kindr_ros/package.dsv
[5.226s] -- Installing: /home/williamfbx/SLAM/slam_ws/install/kindr_ros/share/ament_index/resource_index/packages/kindr_ros
[5.227s] -- Installing: /home/williamfbx/SLAM/slam_ws/install/kindr_ros/share/kindr_ros/cmake/ament_cmake_export_include_directories-extras.cmake
[5.227s] -- Installing: /home/williamfbx/SLAM/slam_ws/install/kindr_ros/share/kindr_ros/cmake/ament_cmake_export_dependencies-extras.cmake
[5.227s] -- Installing: /home/williamfbx/SLAM/slam_ws/install/kindr_ros/share/kindr_ros/cmake/kindr_rosConfig.cmake
[5.227s] -- Installing: /home/williamfbx/SLAM/slam_ws/install/kindr_ros/share/kindr_ros/cmake/kindr_rosConfig-version.cmake
[5.227s] -- Installing: /home/williamfbx/SLAM/slam_ws/install/kindr_ros/share/kindr_ros/package.xml
[5.230s] Invoked command in '/home/williamfbx/SLAM/slam_ws/build/kindr_ros' returned '0': AMENT_PREFIX_PATH=/home/williamfbx/SLAM/slam_ws/install/kindr:${AMENT_PREFIX_PATH} CMAKE_PREFIX_PATH=/home/williamfbx/SLAM/slam_ws/install/kindr:/home/williamfbx/SLAM/slam_ws/install/grid_map:/home/williamfbx/SLAM/slam_ws/install/grid_map_demos:/home/williamfbx/SLAM/slam_ws/install/grid_map_visualization:/home/williamfbx/SLAM/slam_ws/install/grid_map_sdf:/home/williamfbx/SLAM/slam_ws/install/grid_map_rviz_plugin:/home/williamfbx/SLAM/slam_ws/install/grid_map_pcl:/home/williamfbx/SLAM/slam_ws/install/grid_map_loader:/home/williamfbx/SLAM/slam_ws/install/grid_map_filters:/home/williamfbx/SLAM/slam_ws/install/grid_map_ros:/home/williamfbx/SLAM/slam_ws/install/grid_map_octomap:/home/williamfbx/SLAM/slam_ws/install/grid_map_msgs:/home/williamfbx/SLAM/slam_ws/install/grid_map_cv:/home/williamfbx/SLAM/slam_ws/install/grid_map_costmap_2d:/home/williamfbx/SLAM/slam_ws/install/grid_map_core:/home/williamfbx/SLAM/slam_ws/install/grid_map_cmake_helpers:/home/williamfbx/SLAM/slam_ws/install/visualization:/home/williamfbx/SLAM/slam_ws/install/launcher:/home/williamfbx/SLAM/slam_ws/install/sensing:/home/williamfbx/SLAM/slam_ws/install/realsense2_description:/home/williamfbx/SLAM/slam_ws/install/realsense2_camera:/home/williamfbx/SLAM/slam_ws/install/realsense2_camera_msgs:/home/williamfbx/SLAM/slam_ws/install/realsense:/home/williamfbx/SLAM/slam_ws/install/mapping:/home/williamfbx/SLAM/slam_ws/install/localization:/opt/ros/humble LD_LIBRARY_PATH=/home/williamfbx/SLAM/slam_ws/install/kindr/lib:${LD_LIBRARY_PATH} /usr/bin/cmake --install /home/williamfbx/SLAM/slam_ws/build/kindr_ros
