[  9%] [32mBuilding CXX object CMakeFiles/local_mapping_node.dir/src/local_mapping_node.cpp.o[0m
[ 18%] [32mBuilding CXX object CMakeFiles/local_mapping_node.dir/src/local_mapping.cpp.o[0m
[ 45%] Built target pc_handler_node
[ 54%] [32mBuilding CXX object CMakeFiles/global_mapping_node.dir/src/global_mapping_node.cpp.o[0m
[ 63%] [32mBuilding CXX object CMakeFiles/global_mapping_node.dir/src/global_mapping.cpp.o[0m
[ 72%] [32m[1mLinking CXX executable local_mapping_node[0m
[ 81%] [32m[1mLinking CXX executable global_mapping_node[0m
[ 90%] Built target local_mapping_node
[100%] Built target global_mapping_node
-- Install configuration: ""
-- Installing: /home/williamfbx/SLAM/slam_ws/install/mapping/lib/mapping/global_mapping_node
-- Set runtime path of "/home/williamfbx/SLAM/slam_ws/install/mapping/lib/mapping/global_mapping_node" to ""
-- Installing: /home/williamfbx/SLAM/slam_ws/install/mapping/lib/mapping/local_mapping_node
-- Set runtime path of "/home/williamfbx/SLAM/slam_ws/install/mapping/lib/mapping/local_mapping_node" to ""
-- Up-to-date: /home/williamfbx/SLAM/slam_ws/install/mapping/lib/mapping/pc_handler_node
-- Up-to-date: /home/williamfbx/SLAM/slam_ws/install/mapping/share/mapping/launch
-- Up-to-date: /home/williamfbx/SLAM/slam_ws/install/mapping/share/mapping/launch/mapping.launch.py
-- Up-to-date: /home/williamfbx/SLAM/slam_ws/install/mapping/share/ament_index/resource_index/package_run_dependencies/mapping
-- Up-to-date: /home/williamfbx/SLAM/slam_ws/install/mapping/share/ament_index/resource_index/parent_prefix_path/mapping
-- Up-to-date: /home/williamfbx/SLAM/slam_ws/install/mapping/share/mapping/environment/ament_prefix_path.sh
-- Up-to-date: /home/williamfbx/SLAM/slam_ws/install/mapping/share/mapping/environment/ament_prefix_path.dsv
-- Up-to-date: /home/williamfbx/SLAM/slam_ws/install/mapping/share/mapping/environment/path.sh
-- Up-to-date: /home/williamfbx/SLAM/slam_ws/install/mapping/share/mapping/environment/path.dsv
-- Up-to-date: /home/williamfbx/SLAM/slam_ws/install/mapping/share/mapping/local_setup.bash
-- Up-to-date: /home/williamfbx/SLAM/slam_ws/install/mapping/share/mapping/local_setup.sh
-- Up-to-date: /home/williamfbx/SLAM/slam_ws/install/mapping/share/mapping/local_setup.zsh
-- Up-to-date: /home/williamfbx/SLAM/slam_ws/install/mapping/share/mapping/local_setup.dsv
-- Installing: /home/williamfbx/SLAM/slam_ws/install/mapping/share/mapping/package.dsv
-- Up-to-date: /home/williamfbx/SLAM/slam_ws/install/mapping/share/ament_index/resource_index/packages/mapping
-- Up-to-date: /home/williamfbx/SLAM/slam_ws/install/mapping/share/mapping/cmake/mappingConfig.cmake
-- Up-to-date: /home/williamfbx/SLAM/slam_ws/install/mapping/share/mapping/cmake/mappingConfig-version.cmake
-- Up-to-date: /home/williamfbx/SLAM/slam_ws/install/mapping/share/mapping/package.xml
