[0.034s] Invoking command in '/home/williamfbx/SLAM/slam_ws/build/mapping': CMAKE_PREFIX_PATH=${CMAKE_PREFIX_PATH}:/opt/ros/humble /usr/bin/cmake --build /home/williamfbx/SLAM/slam_ws/build/mapping -- -j12 -l12
[0.146s] [  9%] [32mBuilding CXX object CMakeFiles/local_mapping_node.dir/src/local_mapping_node.cpp.o[0m
[0.147s] [ 18%] [32mBuilding CXX object CMakeFiles/local_mapping_node.dir/src/local_mapping.cpp.o[0m
[0.153s] [ 45%] Built target pc_handler_node
[0.155s] [ 54%] [32mBuilding CXX object CMakeFiles/global_mapping_node.dir/src/global_mapping_node.cpp.o[0m
[0.162s] [ 63%] [32mBuilding CXX object CMakeFiles/global_mapping_node.dir/src/global_mapping.cpp.o[0m
[9.679s] [ 72%] [32m[1mLinking CXX executable local_mapping_node[0m
[10.063s] [ 81%] [32m[1mLinking CXX executable global_mapping_node[0m
[10.350s] [ 90%] Built target local_mapping_node
[10.749s] [100%] Built target global_mapping_node
[10.759s] Invoked command in '/home/williamfbx/SLAM/slam_ws/build/mapping' returned '0': CMAKE_PREFIX_PATH=${CMAKE_PREFIX_PATH}:/opt/ros/humble /usr/bin/cmake --build /home/williamfbx/SLAM/slam_ws/build/mapping -- -j12 -l12
[10.761s] Invoking command in '/home/williamfbx/SLAM/slam_ws/build/mapping': CMAKE_PREFIX_PATH=${CMAKE_PREFIX_PATH}:/opt/ros/humble /usr/bin/cmake --install /home/williamfbx/SLAM/slam_ws/build/mapping
[10.767s] -- Install configuration: ""
[10.767s] -- Installing: /home/williamfbx/SLAM/slam_ws/install/mapping/lib/mapping/global_mapping_node
[10.769s] -- Set runtime path of "/home/williamfbx/SLAM/slam_ws/install/mapping/lib/mapping/global_mapping_node" to ""
[10.770s] -- Installing: /home/williamfbx/SLAM/slam_ws/install/mapping/lib/mapping/local_mapping_node
[10.771s] -- Set runtime path of "/home/williamfbx/SLAM/slam_ws/install/mapping/lib/mapping/local_mapping_node" to ""
[10.772s] -- Up-to-date: /home/williamfbx/SLAM/slam_ws/install/mapping/lib/mapping/pc_handler_node
[10.772s] -- Up-to-date: /home/williamfbx/SLAM/slam_ws/install/mapping/share/mapping/launch
[10.772s] -- Up-to-date: /home/williamfbx/SLAM/slam_ws/install/mapping/share/mapping/launch/mapping.launch.py
[10.772s] -- Up-to-date: /home/williamfbx/SLAM/slam_ws/install/mapping/share/ament_index/resource_index/package_run_dependencies/mapping
[10.772s] -- Up-to-date: /home/williamfbx/SLAM/slam_ws/install/mapping/share/ament_index/resource_index/parent_prefix_path/mapping
[10.772s] -- Up-to-date: /home/williamfbx/SLAM/slam_ws/install/mapping/share/mapping/environment/ament_prefix_path.sh
[10.772s] -- Up-to-date: /home/williamfbx/SLAM/slam_ws/install/mapping/share/mapping/environment/ament_prefix_path.dsv
[10.772s] -- Up-to-date: /home/williamfbx/SLAM/slam_ws/install/mapping/share/mapping/environment/path.sh
[10.772s] -- Up-to-date: /home/williamfbx/SLAM/slam_ws/install/mapping/share/mapping/environment/path.dsv
[10.772s] -- Up-to-date: /home/williamfbx/SLAM/slam_ws/install/mapping/share/mapping/local_setup.bash
[10.772s] -- Up-to-date: /home/williamfbx/SLAM/slam_ws/install/mapping/share/mapping/local_setup.sh
[10.772s] -- Up-to-date: /home/williamfbx/SLAM/slam_ws/install/mapping/share/mapping/local_setup.zsh
[10.772s] -- Up-to-date: /home/williamfbx/SLAM/slam_ws/install/mapping/share/mapping/local_setup.dsv
[10.772s] -- Installing: /home/williamfbx/SLAM/slam_ws/install/mapping/share/mapping/package.dsv
[10.772s] -- Up-to-date: /home/williamfbx/SLAM/slam_ws/install/mapping/share/ament_index/resource_index/packages/mapping
[10.772s] -- Up-to-date: /home/williamfbx/SLAM/slam_ws/install/mapping/share/mapping/cmake/mappingConfig.cmake
[10.772s] -- Up-to-date: /home/williamfbx/SLAM/slam_ws/install/mapping/share/mapping/cmake/mappingConfig-version.cmake
[10.772s] -- Up-to-date: /home/williamfbx/SLAM/slam_ws/install/mapping/share/mapping/package.xml
[10.773s] Invoked command in '/home/williamfbx/SLAM/slam_ws/build/mapping' returned '0': CMAKE_PREFIX_PATH=${CMAKE_PREFIX_PATH}:/opt/ros/humble /usr/bin/cmake --install /home/williamfbx/SLAM/slam_ws/build/mapping
