[0.034s] Invoking command in '/home/williamfbx/SLAM/slam_ws/build/sensing': CMAKE_PREFIX_PATH=${CMAKE_PREFIX_PATH}:/opt/ros/humble /usr/bin/cmake --build /home/williamfbx/SLAM/slam_ws/build/sensing -- -j12 -l12
[0.109s] Invoked command in '/home/williamfbx/SLAM/slam_ws/build/sensing' returned '0': CMAKE_PREFIX_PATH=${CMAKE_PREFIX_PATH}:/opt/ros/humble /usr/bin/cmake --build /home/williamfbx/SLAM/slam_ws/build/sensing -- -j12 -l12
[0.110s] Invoking command in '/home/williamfbx/SLAM/slam_ws/build/sensing': CMAKE_PREFIX_PATH=${CMAKE_PREFIX_PATH}:/opt/ros/humble /usr/bin/cmake --install /home/williamfbx/SLAM/slam_ws/build/sensing
[0.120s] -- Install configuration: ""
[0.120s] -- Up-to-date: /home/williamfbx/SLAM/slam_ws/install/sensing/share/sensing/launch
[0.121s] -- Up-to-date: /home/williamfbx/SLAM/slam_ws/install/sensing/share/sensing/launch/sensing_launch.py
[0.121s] -- Up-to-date: /home/williamfbx/SLAM/slam_ws/install/sensing/share/ament_index/resource_index/package_run_dependencies/sensing
[0.121s] -- Up-to-date: /home/williamfbx/SLAM/slam_ws/install/sensing/share/ament_index/resource_index/parent_prefix_path/sensing
[0.121s] -- Up-to-date: /home/williamfbx/SLAM/slam_ws/install/sensing/share/sensing/environment/ament_prefix_path.sh
[0.121s] -- Up-to-date: /home/williamfbx/SLAM/slam_ws/install/sensing/share/sensing/environment/ament_prefix_path.dsv
[0.121s] -- Up-to-date: /home/williamfbx/SLAM/slam_ws/install/sensing/share/sensing/environment/path.sh
[0.121s] -- Up-to-date: /home/williamfbx/SLAM/slam_ws/install/sensing/share/sensing/environment/path.dsv
[0.121s] -- Up-to-date: /home/williamfbx/SLAM/slam_ws/install/sensing/share/sensing/local_setup.bash
[0.121s] -- Up-to-date: /home/williamfbx/SLAM/slam_ws/install/sensing/share/sensing/local_setup.sh
[0.121s] -- Up-to-date: /home/williamfbx/SLAM/slam_ws/install/sensing/share/sensing/local_setup.zsh
[0.121s] -- Up-to-date: /home/williamfbx/SLAM/slam_ws/install/sensing/share/sensing/local_setup.dsv
[0.121s] -- Installing: /home/williamfbx/SLAM/slam_ws/install/sensing/share/sensing/package.dsv
[0.122s] -- Up-to-date: /home/williamfbx/SLAM/slam_ws/install/sensing/share/ament_index/resource_index/packages/sensing
[0.122s] -- Up-to-date: /home/williamfbx/SLAM/slam_ws/install/sensing/share/sensing/cmake/sensingConfig.cmake
[0.122s] -- Up-to-date: /home/williamfbx/SLAM/slam_ws/install/sensing/share/sensing/cmake/sensingConfig-version.cmake
[0.122s] -- Up-to-date: /home/williamfbx/SLAM/slam_ws/install/sensing/share/sensing/package.xml
[0.132s] Invoked command in '/home/williamfbx/SLAM/slam_ws/build/sensing' returned '0': CMAKE_PREFIX_PATH=${CMAKE_PREFIX_PATH}:/opt/ros/humble /usr/bin/cmake --install /home/williamfbx/SLAM/slam_ws/build/sensing
