[0.026s] Invoking command in '/home/williamfbx/SLAM/slam_ws/build/kindr_ros': AMENT_PREFIX_PATH=/home/williamfbx/SLAM/slam_ws/install/kindr:${AMENT_PREFIX_PATH} CMAKE_PREFIX_PATH=/home/williamfbx/SLAM/slam_ws/install/kindr:/home/williamfbx/SLAM/slam_ws/install/grid_map:/home/williamfbx/SLAM/slam_ws/install/grid_map_demos:/home/williamfbx/SLAM/slam_ws/install/grid_map_visualization:/home/williamfbx/SLAM/slam_ws/install/grid_map_sdf:/home/williamfbx/SLAM/slam_ws/install/grid_map_rviz_plugin:/home/williamfbx/SLAM/slam_ws/install/grid_map_pcl:/home/williamfbx/SLAM/slam_ws/install/grid_map_loader:/home/williamfbx/SLAM/slam_ws/install/grid_map_filters:/home/williamfbx/SLAM/slam_ws/install/grid_map_ros:/home/williamfbx/SLAM/slam_ws/install/grid_map_octomap:/home/williamfbx/SLAM/slam_ws/install/grid_map_msgs:/home/williamfbx/SLAM/slam_ws/install/grid_map_cv:/home/williamfbx/SLAM/slam_ws/install/grid_map_costmap_2d:/home/williamfbx/SLAM/slam_ws/install/grid_map_core:/home/williamfbx/SLAM/slam_ws/install/grid_map_cmake_helpers:/home/williamfbx/SLAM/slam_ws/install/visualization:/home/williamfbx/SLAM/slam_ws/install/launcher:/home/williamfbx/SLAM/slam_ws/install/sensing:/home/williamfbx/SLAM/slam_ws/install/realsense2_description:/home/williamfbx/SLAM/slam_ws/install/realsense2_camera:/home/williamfbx/SLAM/slam_ws/install/realsense2_camera_msgs:/home/williamfbx/SLAM/slam_ws/install/realsense:/home/williamfbx/SLAM/slam_ws/install/mapping:/home/williamfbx/SLAM/slam_ws/install/localization:/opt/ros/humble LD_LIBRARY_PATH=/home/williamfbx/SLAM/slam_ws/install/kindr/lib:${LD_LIBRARY_PATH} /usr/bin/cmake --build /home/williamfbx/SLAM/slam_ws/build/kindr_ros -- -j12 -l12
[0.073s] [35m[1mConsolidate compiler generated dependencies of target gtest[0m
[0.077s] [35m[1mConsolidate compiler generated dependencies of target gtest_main[0m
[0.083s] [ 18%] Built target gtest
[0.089s] [ 36%] Built target gtest_main
[0.099s] [35m[1mConsolidate compiler generated dependencies of target kindr_ros-test[0m
[0.136s] [100%] Built target kindr_ros-test
[0.136s] Invoked command in '/home/williamfbx/SLAM/slam_ws/build/kindr_ros' returned '0': AMENT_PREFIX_PATH=/home/williamfbx/SLAM/slam_ws/install/kindr:${AMENT_PREFIX_PATH} CMAKE_PREFIX_PATH=/home/williamfbx/SLAM/slam_ws/install/kindr:/home/williamfbx/SLAM/slam_ws/install/grid_map:/home/williamfbx/SLAM/slam_ws/install/grid_map_demos:/home/williamfbx/SLAM/slam_ws/install/grid_map_visualization:/home/williamfbx/SLAM/slam_ws/install/grid_map_sdf:/home/williamfbx/SLAM/slam_ws/install/grid_map_rviz_plugin:/home/williamfbx/SLAM/slam_ws/install/grid_map_pcl:/home/williamfbx/SLAM/slam_ws/install/grid_map_loader:/home/williamfbx/SLAM/slam_ws/install/grid_map_filters:/home/williamfbx/SLAM/slam_ws/install/grid_map_ros:/home/williamfbx/SLAM/slam_ws/install/grid_map_octomap:/home/williamfbx/SLAM/slam_ws/install/grid_map_msgs:/home/williamfbx/SLAM/slam_ws/install/grid_map_cv:/home/williamfbx/SLAM/slam_ws/install/grid_map_costmap_2d:/home/williamfbx/SLAM/slam_ws/install/grid_map_core:/home/williamfbx/SLAM/slam_ws/install/grid_map_cmake_helpers:/home/williamfbx/SLAM/slam_ws/install/visualization:/home/williamfbx/SLAM/slam_ws/install/launcher:/home/williamfbx/SLAM/slam_ws/install/sensing:/home/williamfbx/SLAM/slam_ws/install/realsense2_description:/home/williamfbx/SLAM/slam_ws/install/realsense2_camera:/home/williamfbx/SLAM/slam_ws/install/realsense2_camera_msgs:/home/williamfbx/SLAM/slam_ws/install/realsense:/home/williamfbx/SLAM/slam_ws/install/mapping:/home/williamfbx/SLAM/slam_ws/install/localization:/opt/ros/humble LD_LIBRARY_PATH=/home/williamfbx/SLAM/slam_ws/install/kindr/lib:${LD_LIBRARY_PATH} /usr/bin/cmake --build /home/williamfbx/SLAM/slam_ws/build/kindr_ros -- -j12 -l12
[0.136s] Invoking command in '/home/williamfbx/SLAM/slam_ws/build/kindr_ros': AMENT_PREFIX_PATH=/home/williamfbx/SLAM/slam_ws/install/kindr:${AMENT_PREFIX_PATH} CMAKE_PREFIX_PATH=/home/williamfbx/SLAM/slam_ws/install/kindr:/home/williamfbx/SLAM/slam_ws/install/grid_map:/home/williamfbx/SLAM/slam_ws/install/grid_map_demos:/home/williamfbx/SLAM/slam_ws/install/grid_map_visualization:/home/williamfbx/SLAM/slam_ws/install/grid_map_sdf:/home/williamfbx/SLAM/slam_ws/install/grid_map_rviz_plugin:/home/williamfbx/SLAM/slam_ws/install/grid_map_pcl:/home/williamfbx/SLAM/slam_ws/install/grid_map_loader:/home/williamfbx/SLAM/slam_ws/install/grid_map_filters:/home/williamfbx/SLAM/slam_ws/install/grid_map_ros:/home/williamfbx/SLAM/slam_ws/install/grid_map_octomap:/home/williamfbx/SLAM/slam_ws/install/grid_map_msgs:/home/williamfbx/SLAM/slam_ws/install/grid_map_cv:/home/williamfbx/SLAM/slam_ws/install/grid_map_costmap_2d:/home/williamfbx/SLAM/slam_ws/install/grid_map_core:/home/williamfbx/SLAM/slam_ws/install/grid_map_cmake_helpers:/home/williamfbx/SLAM/slam_ws/install/visualization:/home/williamfbx/SLAM/slam_ws/install/launcher:/home/williamfbx/SLAM/slam_ws/install/sensing:/home/williamfbx/SLAM/slam_ws/install/realsense2_description:/home/williamfbx/SLAM/slam_ws/install/realsense2_camera:/home/williamfbx/SLAM/slam_ws/install/realsense2_camera_msgs:/home/williamfbx/SLAM/slam_ws/install/realsense:/home/williamfbx/SLAM/slam_ws/install/mapping:/home/williamfbx/SLAM/slam_ws/install/localization:/opt/ros/humble LD_LIBRARY_PATH=/home/williamfbx/SLAM/slam_ws/install/kindr/lib:${LD_LIBRARY_PATH} /usr/bin/cmake --install /home/williamfbx/SLAM/slam_ws/build/kindr_ros
[0.142s] -- Install configuration: ""
[0.143s] -- Up-to-date: /home/williamfbx/SLAM/slam_ws/install/kindr_ros/include/kindr_ros
[0.146s] -- Up-to-date: /home/williamfbx/SLAM/slam_ws/install/kindr_ros/include/kindr_ros/RosGeometryMsgRotation.hpp
[0.147s] -- Up-to-date: /home/williamfbx/SLAM/slam_ws/install/kindr_ros/include/kindr_ros/RosGeometryMsgTwist.hpp
[0.147s] -- Up-to-date: /home/williamfbx/SLAM/slam_ws/install/kindr_ros/include/kindr_ros/RosGeometryMsgPose.hpp
[0.147s] -- Up-to-date: /home/williamfbx/SLAM/slam_ws/install/kindr_ros/include/kindr_ros/RosGeometryMsgPhysicalQuantities.hpp
[0.147s] -- Up-to-date: /home/williamfbx/SLAM/slam_ws/install/kindr_ros/include/kindr_ros/kindr_ros.hpp
[0.147s] -- Up-to-date: /home/williamfbx/SLAM/slam_ws/install/kindr_ros/include/kindr_ros/RosTfPose.hpp
[0.147s] -- Up-to-date: /home/williamfbx/SLAM/slam_ws/install/kindr_ros/share/ament_index/resource_index/package_run_dependencies/kindr_ros
[0.147s] -- Up-to-date: /home/williamfbx/SLAM/slam_ws/install/kindr_ros/share/ament_index/resource_index/parent_prefix_path/kindr_ros
[0.147s] -- Up-to-date: /home/williamfbx/SLAM/slam_ws/install/kindr_ros/share/kindr_ros/environment/ament_prefix_path.sh
[0.147s] -- Up-to-date: /home/williamfbx/SLAM/slam_ws/install/kindr_ros/share/kindr_ros/environment/ament_prefix_path.dsv
[0.147s] -- Up-to-date: /home/williamfbx/SLAM/slam_ws/install/kindr_ros/share/kindr_ros/environment/path.sh
[0.147s] -- Up-to-date: /home/williamfbx/SLAM/slam_ws/install/kindr_ros/share/kindr_ros/environment/path.dsv
[0.147s] -- Up-to-date: /home/williamfbx/SLAM/slam_ws/install/kindr_ros/share/kindr_ros/local_setup.bash
[0.147s] -- Up-to-date: /home/williamfbx/SLAM/slam_ws/install/kindr_ros/share/kindr_ros/local_setup.sh
[0.147s] -- Up-to-date: /home/williamfbx/SLAM/slam_ws/install/kindr_ros/share/kindr_ros/local_setup.zsh
[0.147s] -- Up-to-date: /home/williamfbx/SLAM/slam_ws/install/kindr_ros/share/kindr_ros/local_setup.dsv
[0.147s] -- Installing: /home/williamfbx/SLAM/slam_ws/install/kindr_ros/share/kindr_ros/package.dsv
[0.147s] -- Up-to-date: /home/williamfbx/SLAM/slam_ws/install/kindr_ros/share/ament_index/resource_index/packages/kindr_ros
[0.148s] -- Up-to-date: /home/williamfbx/SLAM/slam_ws/install/kindr_ros/share/kindr_ros/cmake/ament_cmake_export_include_directories-extras.cmake
[0.148s] -- Up-to-date: /home/williamfbx/SLAM/slam_ws/install/kindr_ros/share/kindr_ros/cmake/ament_cmake_export_dependencies-extras.cmake
[0.148s] -- Up-to-date: /home/williamfbx/SLAM/slam_ws/install/kindr_ros/share/kindr_ros/cmake/kindr_rosConfig.cmake
[0.148s] -- Up-to-date: /home/williamfbx/SLAM/slam_ws/install/kindr_ros/share/kindr_ros/cmake/kindr_rosConfig-version.cmake
[0.148s] -- Up-to-date: /home/williamfbx/SLAM/slam_ws/install/kindr_ros/share/kindr_ros/package.xml
[0.153s] Invoked command in '/home/williamfbx/SLAM/slam_ws/build/kindr_ros' returned '0': AMENT_PREFIX_PATH=/home/williamfbx/SLAM/slam_ws/install/kindr:${AMENT_PREFIX_PATH} CMAKE_PREFIX_PATH=/home/williamfbx/SLAM/slam_ws/install/kindr:/home/williamfbx/SLAM/slam_ws/install/grid_map:/home/williamfbx/SLAM/slam_ws/install/grid_map_demos:/home/williamfbx/SLAM/slam_ws/install/grid_map_visualization:/home/williamfbx/SLAM/slam_ws/install/grid_map_sdf:/home/williamfbx/SLAM/slam_ws/install/grid_map_rviz_plugin:/home/williamfbx/SLAM/slam_ws/install/grid_map_pcl:/home/williamfbx/SLAM/slam_ws/install/grid_map_loader:/home/williamfbx/SLAM/slam_ws/install/grid_map_filters:/home/williamfbx/SLAM/slam_ws/install/grid_map_ros:/home/williamfbx/SLAM/slam_ws/install/grid_map_octomap:/home/williamfbx/SLAM/slam_ws/install/grid_map_msgs:/home/williamfbx/SLAM/slam_ws/install/grid_map_cv:/home/williamfbx/SLAM/slam_ws/install/grid_map_costmap_2d:/home/williamfbx/SLAM/slam_ws/install/grid_map_core:/home/williamfbx/SLAM/slam_ws/install/grid_map_cmake_helpers:/home/williamfbx/SLAM/slam_ws/install/visualization:/home/williamfbx/SLAM/slam_ws/install/launcher:/home/williamfbx/SLAM/slam_ws/install/sensing:/home/williamfbx/SLAM/slam_ws/install/realsense2_description:/home/williamfbx/SLAM/slam_ws/install/realsense2_camera:/home/williamfbx/SLAM/slam_ws/install/realsense2_camera_msgs:/home/williamfbx/SLAM/slam_ws/install/realsense:/home/williamfbx/SLAM/slam_ws/install/mapping:/home/williamfbx/SLAM/slam_ws/install/localization:/opt/ros/humble LD_LIBRARY_PATH=/home/williamfbx/SLAM/slam_ws/install/kindr/lib:${LD_LIBRARY_PATH} /usr/bin/cmake --install /home/williamfbx/SLAM/slam_ws/build/kindr_ros
