-- Found ament_cmake: 1.3.11 (/opt/ros/humble/share/ament_cmake/cmake)
-- Found tf2: 0.25.12 (/opt/ros/humble/share/tf2/cmake)
-- Found rosidl_generator_c: 3.1.6 (/opt/ros/humble/share/rosidl_generator_c/cmake)
-- Found rosidl_adapter: 3.1.6 (/opt/ros/humble/share/rosidl_adapter/cmake)
-- Found rosidl_generator_cpp: 3.1.6 (/opt/ros/humble/share/rosidl_generator_cpp/cmake)
-- Using all available rosidl_typesupport_c: rosidl_typesupport_fastrtps_c;rosidl_typesupport_introspection_c
-- Using all available rosidl_typesupport_cpp: rosidl_typesupport_fastrtps_cpp;rosidl_typesupport_introspection_cpp
-- Found kindr: 1.3.24 (/home/williamfbx/SLAM/slam_ws/install/kindr/share/kindr/cmake)
-- Found eigen3_cmake_module: 0.1.1 (/opt/ros/humble/share/eigen3_cmake_module/cmake)
-- Found ament_lint_auto: 0.12.11 (/opt/ros/humble/share/ament_lint_auto/cmake)
-- Found gtest sources under '/opt/ros/humble/src/gtest_vendor': C++ tests using 'Google Test' will be built
-- Configuring done
-- Generating done
-- Build files have been written to: /home/williamfbx/SLAM/slam_ws/build/kindr_ros
[35m[1mConsolidate compiler generated dependencies of target gtest_main[0m
[35m[1mConsolidate compiler generated dependencies of target gtest[0m
[ 18%] Built target gtest_main
[ 36%] Built target gtest
[35m[1mConsolidate compiler generated dependencies of target kindr_ros-test[0m
[ 45%] [32mBuilding CXX object CMakeFiles/kindr_ros-test.dir/test/RosGeometryMsgPhysicalQuantitiesTest.cpp.o[0m
[ 54%] [32mBuilding CXX object CMakeFiles/kindr_ros-test.dir/test/RosGeometryMsgRotationTest.cpp.o[0m
[ 63%] [32mBuilding CXX object CMakeFiles/kindr_ros-test.dir/test/RosTfPoseTest.cpp.o[0m
[ 72%] [32mBuilding CXX object CMakeFiles/kindr_ros-test.dir/test/RosGeometryMsgPoseTest.cpp.o[0m
[ 81%] [32mBuilding CXX object CMakeFiles/kindr_ros-test.dir/test/TfConventionTest.cpp.o[0m
[ 90%] [32m[1mLinking CXX executable kindr_ros-test[0m
[100%] Built target kindr_ros-test
-- Install configuration: ""
-- Up-to-date: /home/williamfbx/SLAM/slam_ws/install/kindr_ros/include/kindr_ros
-- Up-to-date: /home/williamfbx/SLAM/slam_ws/install/kindr_ros/include/kindr_ros/RosGeometryMsgRotation.hpp
-- Up-to-date: /home/williamfbx/SLAM/slam_ws/install/kindr_ros/include/kindr_ros/RosGeometryMsgTwist.hpp
-- Up-to-date: /home/williamfbx/SLAM/slam_ws/install/kindr_ros/include/kindr_ros/RosGeometryMsgPose.hpp
-- Up-to-date: /home/williamfbx/SLAM/slam_ws/install/kindr_ros/include/kindr_ros/RosGeometryMsgPhysicalQuantities.hpp
-- Up-to-date: /home/williamfbx/SLAM/slam_ws/install/kindr_ros/include/kindr_ros/kindr_ros.hpp
-- Up-to-date: /home/williamfbx/SLAM/slam_ws/install/kindr_ros/include/kindr_ros/RosTfPose.hpp
-- Up-to-date: /home/williamfbx/SLAM/slam_ws/install/kindr_ros/share/ament_index/resource_index/package_run_dependencies/kindr_ros
-- Installing: /home/williamfbx/SLAM/slam_ws/install/kindr_ros/share/ament_index/resource_index/parent_prefix_path/kindr_ros
-- Up-to-date: /home/williamfbx/SLAM/slam_ws/install/kindr_ros/share/kindr_ros/environment/ament_prefix_path.sh
-- Installing: /home/williamfbx/SLAM/slam_ws/install/kindr_ros/share/kindr_ros/environment/ament_prefix_path.dsv
-- Up-to-date: /home/williamfbx/SLAM/slam_ws/install/kindr_ros/share/kindr_ros/environment/path.sh
-- Installing: /home/williamfbx/SLAM/slam_ws/install/kindr_ros/share/kindr_ros/environment/path.dsv
-- Up-to-date: /home/williamfbx/SLAM/slam_ws/install/kindr_ros/share/kindr_ros/local_setup.bash
-- Up-to-date: /home/williamfbx/SLAM/slam_ws/install/kindr_ros/share/kindr_ros/local_setup.sh
-- Up-to-date: /home/williamfbx/SLAM/slam_ws/install/kindr_ros/share/kindr_ros/local_setup.zsh
-- Installing: /home/williamfbx/SLAM/slam_ws/install/kindr_ros/share/kindr_ros/local_setup.dsv
-- Installing: /home/williamfbx/SLAM/slam_ws/install/kindr_ros/share/kindr_ros/package.dsv
-- Up-to-date: /home/williamfbx/SLAM/slam_ws/install/kindr_ros/share/ament_index/resource_index/packages/kindr_ros
-- Up-to-date: /home/williamfbx/SLAM/slam_ws/install/kindr_ros/share/kindr_ros/cmake/ament_cmake_export_include_directories-extras.cmake
-- Up-to-date: /home/williamfbx/SLAM/slam_ws/install/kindr_ros/share/kindr_ros/cmake/ament_cmake_export_dependencies-extras.cmake
-- Up-to-date: /home/williamfbx/SLAM/slam_ws/install/kindr_ros/share/kindr_ros/cmake/kindr_rosConfig.cmake
-- Up-to-date: /home/williamfbx/SLAM/slam_ws/install/kindr_ros/share/kindr_ros/cmake/kindr_rosConfig-version.cmake
-- Up-to-date: /home/williamfbx/SLAM/slam_ws/install/kindr_ros/share/kindr_ros/package.xml
