[01m[K/home/williamfbx/SLAM/slam_ws/src/visualization/src/visualization.cpp:[m[K In member function ‘[01m[Kvoid ElevationGridMapNode::occupancyCallback(nav_msgs::msg::OccupancyGrid_<std::allocator<void> >::SharedPtr)[m[K’:
[01m[K/home/williamfbx/SLAM/slam_ws/src/visualization/src/visualization.cpp:46:43:[m[K [01;31m[Kerror: [m[Kno matching function for call to ‘[01m[Kgrid_map::GridMapRosConverter::toMessage(grid_map::GridMap&, grid_map_msgs::msg::GridMap&)[m[K’
   46 |   [01;31m[Kgrid_map::GridMapRosConverter::toMessage(map, message)[m[K;
      |   [01;31m[K~~~~~~~~~~~~~~~~~~~~~~~~~~~~~~~~~~~~~~~~^~~~~~~~~~~~~~[m[K
In file included from [01m[K/home/williamfbx/SLAM/slam_ws/install/grid_map_ros/include/grid_map_ros/grid_map_ros.hpp:14[m[K,
                 from [01m[K/home/williamfbx/SLAM/slam_ws/src/visualization/include/visualization/visualization.hpp:6[m[K,
                 from [01m[K/home/williamfbx/SLAM/slam_ws/src/visualization/src/visualization.cpp:1[m[K:
[01m[K/home/williamfbx/SLAM/slam_ws/install/grid_map_ros/include/grid_map_ros/GridMapRosConverter.hpp:80:55:[m[K [01;36m[Knote: [m[Kcandidate: ‘[01m[Kstatic std::unique_ptr<grid_map_msgs::msg::GridMap_<std::allocator<void> >, std::default_delete<grid_map_msgs::msg::GridMap_<std::allocator<void> > > > grid_map::GridMapRosConverter::toMessage(const grid_map::GridMap&)[m[K’
   80 |   static std::unique_ptr<grid_map_msgs::msg::GridMap> [01;36m[KtoMessage[m[K(
      |                                                       [01;36m[K^~~~~~~~~[m[K
[01m[K/home/williamfbx/SLAM/slam_ws/install/grid_map_ros/include/grid_map_ros/GridMapRosConverter.hpp:80:55:[m[K [01;36m[Knote: [m[K  candidate expects 1 argument, 2 provided
[01m[K/home/williamfbx/SLAM/slam_ws/install/grid_map_ros/include/grid_map_ros/GridMapRosConverter.hpp:89:55:[m[K [01;36m[Knote: [m[Kcandidate: ‘[01m[Kstatic std::unique_ptr<grid_map_msgs::msg::GridMap_<std::allocator<void> >, std::default_delete<grid_map_msgs::msg::GridMap_<std::allocator<void> > > > grid_map::GridMapRosConverter::toMessage(const grid_map::GridMap&, const std::vector<std::__cxx11::basic_string<char> >&)[m[K’
   89 |   static std::unique_ptr<grid_map_msgs::msg::GridMap> [01;36m[KtoMessage[m[K(
      |                                                       [01;36m[K^~~~~~~~~[m[K
[01m[K/home/williamfbx/SLAM/slam_ws/install/grid_map_ros/include/grid_map_ros/GridMapRosConverter.hpp:90:73:[m[K [01;36m[Knote: [m[K  no known conversion for argument 2 from ‘[01m[Kgrid_map_msgs::msg::GridMap[m[K’ {aka ‘[01m[Kgrid_map_msgs::msg::GridMap_<std::allocator<void> >[m[K’} to ‘[01m[Kconst std::vector<std::__cxx11::basic_string<char> >&[m[K’
   90 |  grid_map::GridMap & gridMap, [01;36m[Kconst std::vector<std::string> & layers[m[K);
      |                               [01;36m[K~~~~~~~~~~~~~~~~~~~~~~~~~~~~~~~~~^~~~~~[m[K

gmake[2]: *** [CMakeFiles/visualization_node.dir/build.make:76: CMakeFiles/visualization_node.dir/src/visualization.cpp.o] Error 1
gmake[1]: *** [CMakeFiles/Makefile2:137: CMakeFiles/visualization_node.dir/all] Error 2
gmake: *** [Makefile:146: all] Error 2
