[0.025s] Invoking command in '/home/williamfbx/SLAM/slam_ws/build/visualization': CMAKE_PREFIX_PATH=/home/williamfbx/SLAM/slam_ws/install/grid_map_ros:/home/williamfbx/SLAM/slam_ws/install/grid_map_cv:/home/williamfbx/SLAM/slam_ws/install/grid_map_msgs:/home/williamfbx/SLAM/slam_ws/install/grid_map_core:/home/williamfbx/SLAM/slam_ws/install/grid_map_cmake_helpers:/home/williamfbx/SLAM/slam_ws/install/elevation_mapping:/home/williamfbx/SLAM/slam_ws/install/kindr_ros:/home/williamfbx/SLAM/slam_ws/install/kindr_msgs:/home/williamfbx/SLAM/slam_ws/install/kindr:/home/williamfbx/SLAM/slam_ws/install/grid_map:/home/williamfbx/SLAM/slam_ws/install/grid_map_demos:/home/williamfbx/SLAM/slam_ws/install/grid_map_visualization:/home/williamfbx/SLAM/slam_ws/install/grid_map_sdf:/home/williamfbx/SLAM/slam_ws/install/grid_map_rviz_plugin:/home/williamfbx/SLAM/slam_ws/install/grid_map_pcl:/home/williamfbx/SLAM/slam_ws/install/grid_map_loader:/home/williamfbx/SLAM/slam_ws/install/grid_map_filters:/home/williamfbx/SLAM/slam_ws/install/grid_map_octomap:/home/williamfbx/SLAM/slam_ws/install/grid_map_costmap_2d:/home/williamfbx/SLAM/slam_ws/install/visualization:/home/williamfbx/SLAM/slam_ws/install/launcher:/home/williamfbx/SLAM/slam_ws/install/sensing:/home/williamfbx/SLAM/slam_ws/install/realsense2_description:/home/williamfbx/SLAM/slam_ws/install/realsense2_camera:/home/williamfbx/SLAM/slam_ws/install/realsense2_camera_msgs:/home/williamfbx/SLAM/slam_ws/install/realsense:/home/williamfbx/SLAM/slam_ws/install/mapping:/home/williamfbx/SLAM/slam_ws/install/localization:/opt/ros/humble LD_LIBRARY_PATH=/home/williamfbx/SLAM/slam_ws/install/grid_map_ros/lib:/home/williamfbx/SLAM/slam_ws/install/grid_map_cv/lib:/home/williamfbx/SLAM/slam_ws/install/grid_map_msgs/lib:/home/williamfbx/SLAM/slam_ws/install/elevation_mapping/lib:/home/williamfbx/SLAM/slam_ws/install/kindr_msgs/lib:/home/williamfbx/SLAM/slam_ws/install/kindr/lib:/home/williamfbx/SLAM/slam_ws/install/grid_map_demos/lib:/home/williamfbx/SLAM/slam_ws/install/grid_map_visualization/lib:/home/williamfbx/SLAM/slam_ws/install/grid_map_sdf/lib:/home/williamfbx/SLAM/slam_ws/install/grid_map_rviz_plugin/lib:/home/williamfbx/SLAM/slam_ws/install/grid_map_pcl/lib:/home/williamfbx/SLAM/slam_ws/install/grid_map_loader/lib:/home/williamfbx/SLAM/slam_ws/install/grid_map_filters/lib:/home/williamfbx/SLAM/slam_ws/install/grid_map_octomap/lib:/home/williamfbx/SLAM/slam_ws/install/grid_map_costmap_2d/lib:/home/williamfbx/SLAM/slam_ws/install/grid_map_core/lib:/home/williamfbx/SLAM/slam_ws/install/realsense2_camera/lib:/home/williamfbx/SLAM/slam_ws/install/realsense2_camera_msgs/lib:/usr/lib/x86_64-linux-gnu/gazebo-11/plugins:/opt/ros/humble/opt/rviz_ogre_vendor/lib:/opt/ros/humble/lib/x86_64-linux-gnu:/opt/ros/humble/lib /usr/bin/cmake --build /home/williamfbx/SLAM/slam_ws/build/visualization -- -j12 -l12
[0.053s] -- Found ament_cmake: 1.3.11 (/opt/ros/humble/share/ament_cmake/cmake)
[0.195s] -- Found rclcpp: 16.0.11 (/opt/ros/humble/share/rclcpp/cmake)
[0.216s] -- Found rosidl_generator_c: 3.1.6 (/opt/ros/humble/share/rosidl_generator_c/cmake)
[0.217s] -- Found rosidl_adapter: 3.1.6 (/opt/ros/humble/share/rosidl_adapter/cmake)
[0.221s] -- Found rosidl_generator_cpp: 3.1.6 (/opt/ros/humble/share/rosidl_generator_cpp/cmake)
[0.228s] -- Using all available rosidl_typesupport_c: rosidl_typesupport_fastrtps_c;rosidl_typesupport_introspection_c
[0.237s] -- Using all available rosidl_typesupport_cpp: rosidl_typesupport_fastrtps_cpp;rosidl_typesupport_introspection_cpp
[0.259s] -- Found rmw_implementation_cmake: 6.1.2 (/opt/ros/humble/share/rmw_implementation_cmake/cmake)
[0.260s] -- Found rmw_fastrtps_cpp: 6.2.7 (/opt/ros/humble/share/rmw_fastrtps_cpp/cmake)
[0.364s] -- Using RMW implementation 'rmw_fastrtps_cpp' as default
[0.398s] -- Found nav_msgs: 4.2.4 (/opt/ros/humble/share/nav_msgs/cmake)
[0.419s] -- Found grid_map_ros: 2.0.1 (/home/williamfbx/SLAM/slam_ws/install/grid_map_ros/share/grid_map_ros/cmake)
[0.586s] -- Found ament_lint_auto: 0.12.11 (/opt/ros/humble/share/ament_lint_auto/cmake)
[0.630s] -- Configuring done
[0.650s] -- Generating done
[0.653s] -- Build files have been written to: /home/williamfbx/SLAM/slam_ws/build/visualization
[0.678s] [35m[1mConsolidate compiler generated dependencies of target visualization_node[0m
[0.697s] [ 33%] [32mBuilding CXX object CMakeFiles/visualization_node.dir/src/visualization.cpp.o[0m
[0.697s] [ 66%] [32mBuilding CXX object CMakeFiles/visualization_node.dir/src/visualization_node.cpp.o[0m
[3.309s] [01m[K/home/williamfbx/SLAM/slam_ws/src/visualization/src/visualization.cpp:[m[K In member function ‘[01m[Kvoid ElevationGridMapNode::occupancyCallback(nav_msgs::msg::OccupancyGrid_<std::allocator<void> >::SharedPtr)[m[K’:
[3.309s] [01m[K/home/williamfbx/SLAM/slam_ws/src/visualization/src/visualization.cpp:46:43:[m[K [01;31m[Kerror: [m[Kno matching function for call to ‘[01m[Kgrid_map::GridMapRosConverter::toMessage(grid_map::GridMap&, grid_map_msgs::msg::GridMap&)[m[K’
[3.309s]    46 |   [01;31m[Kgrid_map::GridMapRosConverter::toMessage(map, message)[m[K;
[3.309s]       |   [01;31m[K~~~~~~~~~~~~~~~~~~~~~~~~~~~~~~~~~~~~~~~~^~~~~~~~~~~~~~[m[K
[3.309s] In file included from [01m[K/home/williamfbx/SLAM/slam_ws/install/grid_map_ros/include/grid_map_ros/grid_map_ros.hpp:14[m[K,
[3.309s]                  from [01m[K/home/williamfbx/SLAM/slam_ws/src/visualization/include/visualization/visualization.hpp:6[m[K,
[3.309s]                  from [01m[K/home/williamfbx/SLAM/slam_ws/src/visualization/src/visualization.cpp:1[m[K:
[3.309s] [01m[K/home/williamfbx/SLAM/slam_ws/install/grid_map_ros/include/grid_map_ros/GridMapRosConverter.hpp:80:55:[m[K [01;36m[Knote: [m[Kcandidate: ‘[01m[Kstatic std::unique_ptr<grid_map_msgs::msg::GridMap_<std::allocator<void> >, std::default_delete<grid_map_msgs::msg::GridMap_<std::allocator<void> > > > grid_map::GridMapRosConverter::toMessage(const grid_map::GridMap&)[m[K’
[3.309s]    80 |   static std::unique_ptr<grid_map_msgs::msg::GridMap> [01;36m[KtoMessage[m[K(
[3.309s]       |                                                       [01;36m[K^~~~~~~~~[m[K
[3.309s] [01m[K/home/williamfbx/SLAM/slam_ws/install/grid_map_ros/include/grid_map_ros/GridMapRosConverter.hpp:80:55:[m[K [01;36m[Knote: [m[K  candidate expects 1 argument, 2 provided
[3.309s] [01m[K/home/williamfbx/SLAM/slam_ws/install/grid_map_ros/include/grid_map_ros/GridMapRosConverter.hpp:89:55:[m[K [01;36m[Knote: [m[Kcandidate: ‘[01m[Kstatic std::unique_ptr<grid_map_msgs::msg::GridMap_<std::allocator<void> >, std::default_delete<grid_map_msgs::msg::GridMap_<std::allocator<void> > > > grid_map::GridMapRosConverter::toMessage(const grid_map::GridMap&, const std::vector<std::__cxx11::basic_string<char> >&)[m[K’
[3.309s]    89 |   static std::unique_ptr<grid_map_msgs::msg::GridMap> [01;36m[KtoMessage[m[K(
[3.309s]       |                                                       [01;36m[K^~~~~~~~~[m[K
[3.309s] [01m[K/home/williamfbx/SLAM/slam_ws/install/grid_map_ros/include/grid_map_ros/GridMapRosConverter.hpp:90:73:[m[K [01;36m[Knote: [m[K  no known conversion for argument 2 from ‘[01m[Kgrid_map_msgs::msg::GridMap[m[K’ {aka ‘[01m[Kgrid_map_msgs::msg::GridMap_<std::allocator<void> >[m[K’} to ‘[01m[Kconst std::vector<std::__cxx11::basic_string<char> >&[m[K’
[3.309s]    90 |  grid_map::GridMap & gridMap, [01;36m[Kconst std::vector<std::string> & layers[m[K);
[3.309s]       |                               [01;36m[K~~~~~~~~~~~~~~~~~~~~~~~~~~~~~~~~~^~~~~~[m[K
[3.309s] 
[5.267s] gmake[2]: *** [CMakeFiles/visualization_node.dir/build.make:76: CMakeFiles/visualization_node.dir/src/visualization.cpp.o] Error 1
[5.267s] gmake[1]: *** [CMakeFiles/Makefile2:137: CMakeFiles/visualization_node.dir/all] Error 2
[5.267s] gmake: *** [Makefile:146: all] Error 2
[5.269s] Invoked command in '/home/williamfbx/SLAM/slam_ws/build/visualization' returned '2': CMAKE_PREFIX_PATH=/home/williamfbx/SLAM/slam_ws/install/grid_map_ros:/home/williamfbx/SLAM/slam_ws/install/grid_map_cv:/home/williamfbx/SLAM/slam_ws/install/grid_map_msgs:/home/williamfbx/SLAM/slam_ws/install/grid_map_core:/home/williamfbx/SLAM/slam_ws/install/grid_map_cmake_helpers:/home/williamfbx/SLAM/slam_ws/install/elevation_mapping:/home/williamfbx/SLAM/slam_ws/install/kindr_ros:/home/williamfbx/SLAM/slam_ws/install/kindr_msgs:/home/williamfbx/SLAM/slam_ws/install/kindr:/home/williamfbx/SLAM/slam_ws/install/grid_map:/home/williamfbx/SLAM/slam_ws/install/grid_map_demos:/home/williamfbx/SLAM/slam_ws/install/grid_map_visualization:/home/williamfbx/SLAM/slam_ws/install/grid_map_sdf:/home/williamfbx/SLAM/slam_ws/install/grid_map_rviz_plugin:/home/williamfbx/SLAM/slam_ws/install/grid_map_pcl:/home/williamfbx/SLAM/slam_ws/install/grid_map_loader:/home/williamfbx/SLAM/slam_ws/install/grid_map_filters:/home/williamfbx/SLAM/slam_ws/install/grid_map_octomap:/home/williamfbx/SLAM/slam_ws/install/grid_map_costmap_2d:/home/williamfbx/SLAM/slam_ws/install/visualization:/home/williamfbx/SLAM/slam_ws/install/launcher:/home/williamfbx/SLAM/slam_ws/install/sensing:/home/williamfbx/SLAM/slam_ws/install/realsense2_description:/home/williamfbx/SLAM/slam_ws/install/realsense2_camera:/home/williamfbx/SLAM/slam_ws/install/realsense2_camera_msgs:/home/williamfbx/SLAM/slam_ws/install/realsense:/home/williamfbx/SLAM/slam_ws/install/mapping:/home/williamfbx/SLAM/slam_ws/install/localization:/opt/ros/humble LD_LIBRARY_PATH=/home/williamfbx/SLAM/slam_ws/install/grid_map_ros/lib:/home/williamfbx/SLAM/slam_ws/install/grid_map_cv/lib:/home/williamfbx/SLAM/slam_ws/install/grid_map_msgs/lib:/home/williamfbx/SLAM/slam_ws/install/elevation_mapping/lib:/home/williamfbx/SLAM/slam_ws/install/kindr_msgs/lib:/home/williamfbx/SLAM/slam_ws/install/kindr/lib:/home/williamfbx/SLAM/slam_ws/install/grid_map_demos/lib:/home/williamfbx/SLAM/slam_ws/install/grid_map_visualization/lib:/home/williamfbx/SLAM/slam_ws/install/grid_map_sdf/lib:/home/williamfbx/SLAM/slam_ws/install/grid_map_rviz_plugin/lib:/home/williamfbx/SLAM/slam_ws/install/grid_map_pcl/lib:/home/williamfbx/SLAM/slam_ws/install/grid_map_loader/lib:/home/williamfbx/SLAM/slam_ws/install/grid_map_filters/lib:/home/williamfbx/SLAM/slam_ws/install/grid_map_octomap/lib:/home/williamfbx/SLAM/slam_ws/install/grid_map_costmap_2d/lib:/home/williamfbx/SLAM/slam_ws/install/grid_map_core/lib:/home/williamfbx/SLAM/slam_ws/install/realsense2_camera/lib:/home/williamfbx/SLAM/slam_ws/install/realsense2_camera_msgs/lib:/usr/lib/x86_64-linux-gnu/gazebo-11/plugins:/opt/ros/humble/opt/rviz_ogre_vendor/lib:/opt/ros/humble/lib/x86_64-linux-gnu:/opt/ros/humble/lib /usr/bin/cmake --build /home/williamfbx/SLAM/slam_ws/build/visualization -- -j12 -l12
