-- Found ament_cmake: 1.3.11 (/opt/ros/humble/share/ament_cmake/cmake)
-- Found grid_map_cmake_helpers: 2.0.1 (/home/williamfbx/SLAM/slam_ws/install/grid_map_cmake_helpers/share/grid_map_cmake_helpers/cmake)
-- Found ament_lint_auto: 0.12.11 (/opt/ros/humble/share/ament_lint_auto/cmake)
-- Found gtest sources under '/opt/ros/humble/src/gtest_vendor': C++ tests using 'Google Test' will be built
-- Added test 'cppcheck' to perform static code analysis on C / C++ code
-- Configured cppcheck include dirs: $<BUILD_INTERFACE:/home/williamfbx/SLAM/slam_ws/src/drivers/grid_map/grid_map_core/include>
-- Configured cppcheck exclude dirs and/or files: 
-- Added test 'lint_cmake' to check CMake code style
-- Added test 'uncrustify' to check C / C++ code style
-- Configured uncrustify additional arguments: 
-- Added test 'xmllint' to check XML markup files
-- Configuring done
-- Generating done
-- Build files have been written to: /home/williamfbx/SLAM/slam_ws/build/grid_map_core
[35m[1mConsolidate compiler generated dependencies of target gtest[0m
[35m[1mConsolidate compiler generated dependencies of target gtest_main[0m
[  5%] Built target gtest
[ 11%] Built target gtest_main
[35m[1mConsolidate compiler generated dependencies of target grid_map_core[0m
[ 14%] [32mBuilding CXX object CMakeFiles/grid_map_core.dir/src/GridMap.cpp.o[0m
[ 17%] [32mBuilding CXX object CMakeFiles/grid_map_core.dir/src/BufferRegion.cpp.o[0m
[ 20%] [32mBuilding CXX object CMakeFiles/grid_map_core.dir/src/GridMapMath.cpp.o[0m
[ 22%] [32mBuilding CXX object CMakeFiles/grid_map_core.dir/src/Polygon.cpp.o[0m
[ 25%] [32mBuilding CXX object CMakeFiles/grid_map_core.dir/src/iterators/GridMapIterator.cpp.o[0m
[ 28%] [32mBuilding CXX object CMakeFiles/grid_map_core.dir/src/SubmapGeometry.cpp.o[0m
[ 31%] [32mBuilding CXX object CMakeFiles/grid_map_core.dir/src/CubicInterpolation.cpp.o[0m
[ 34%] [32mBuilding CXX object CMakeFiles/grid_map_core.dir/src/iterators/SubmapIterator.cpp.o[0m
[ 37%] [32mBuilding CXX object CMakeFiles/grid_map_core.dir/src/iterators/CircleIterator.cpp.o[0m
[ 40%] [32mBuilding CXX object CMakeFiles/grid_map_core.dir/src/iterators/EllipseIterator.cpp.o[0m
[ 42%] [32mBuilding CXX object CMakeFiles/grid_map_core.dir/src/iterators/SpiralIterator.cpp.o[0m
[ 45%] [32mBuilding CXX object CMakeFiles/grid_map_core.dir/src/iterators/PolygonIterator.cpp.o[0m
[ 48%] [32mBuilding CXX object CMakeFiles/grid_map_core.dir/src/iterators/LineIterator.cpp.o[0m
[ 51%] [32mBuilding CXX object CMakeFiles/grid_map_core.dir/src/iterators/SlidingWindowIterator.cpp.o[0m
[ 54%] [32m[1mLinking CXX static library libgrid_map_core.a[0m
[ 54%] Built target grid_map_core
[35m[1mConsolidate compiler generated dependencies of target grid_map_core-test[0m
[ 57%] [32mBuilding CXX object CMakeFiles/grid_map_core-test.dir/test/test_helpers.cpp.o[0m
[ 60%] [32mBuilding CXX object CMakeFiles/grid_map_core-test.dir/test/EigenPluginsTest.cpp.o[0m
[ 62%] [32mBuilding CXX object CMakeFiles/grid_map_core-test.dir/test/SpiralIteratorTest.cpp.o[0m
[ 65%] [32mBuilding CXX object CMakeFiles/grid_map_core-test.dir/test/SlidingWindowIteratorTest.cpp.o[0m
[ 68%] [32mBuilding CXX object CMakeFiles/grid_map_core-test.dir/test/PolygonTest.cpp.o[0m
[ 71%] [32mBuilding CXX object CMakeFiles/grid_map_core-test.dir/test/EllipseIteratorTest.cpp.o[0m
[ 74%] [32mBuilding CXX object CMakeFiles/grid_map_core-test.dir/test/LineIteratorTest.cpp.o[0m
[ 80%] [32mBuilding CXX object CMakeFiles/grid_map_core-test.dir/test/SubmapIteratorTest.cpp.o[0m
[ 80%] [32mBuilding CXX object CMakeFiles/grid_map_core-test.dir/test/PolygonIteratorTest.cpp.o[0m
[ 85%] [32mBuilding CXX object CMakeFiles/grid_map_core-test.dir/test/GridMapIteratorTest.cpp.o[0m
[ 85%] [32mBuilding CXX object CMakeFiles/grid_map_core-test.dir/test/GridMapMathTest.cpp.o[0m
[ 88%] [32mBuilding CXX object CMakeFiles/grid_map_core-test.dir/test/GridMapTest.cpp.o[0m
[ 91%] [32mBuilding CXX object CMakeFiles/grid_map_core-test.dir/test/CubicInterpolationTest.cpp.o[0m
[ 94%] [32mBuilding CXX object CMakeFiles/grid_map_core-test.dir/test/CubicConvolutionInterpolationTest.cpp.o[0m
[ 97%] [32m[1mLinking CXX executable grid_map_core-test[0m
[100%] Built target grid_map_core-test
-- Install configuration: "Release"
-- Installing: /home/williamfbx/SLAM/slam_ws/install/grid_map_core/lib/libgrid_map_core.a
-- Up-to-date: /home/williamfbx/SLAM/slam_ws/install/grid_map_core/include/grid_map_core
-- Up-to-date: /home/williamfbx/SLAM/slam_ws/install/grid_map_core/include/grid_map_core/grid_map_core
-- Up-to-date: /home/williamfbx/SLAM/slam_ws/install/grid_map_core/include/grid_map_core/grid_map_core/grid_map_core.hpp
-- Up-to-date: /home/williamfbx/SLAM/slam_ws/install/grid_map_core/include/grid_map_core/grid_map_core/GridMapMath.hpp
-- Up-to-date: /home/williamfbx/SLAM/slam_ws/install/grid_map_core/include/grid_map_core/grid_map_core/Polygon.hpp
-- Up-to-date: /home/williamfbx/SLAM/slam_ws/install/grid_map_core/include/grid_map_core/grid_map_core/iterators
-- Up-to-date: /home/williamfbx/SLAM/slam_ws/install/grid_map_core/include/grid_map_core/grid_map_core/iterators/EllipseIterator.hpp
-- Up-to-date: /home/williamfbx/SLAM/slam_ws/install/grid_map_core/include/grid_map_core/grid_map_core/iterators/SubmapIterator.hpp
-- Up-to-date: /home/williamfbx/SLAM/slam_ws/install/grid_map_core/include/grid_map_core/grid_map_core/iterators/SlidingWindowIterator.hpp
-- Up-to-date: /home/williamfbx/SLAM/slam_ws/install/grid_map_core/include/grid_map_core/grid_map_core/iterators/LineIterator.hpp
-- Up-to-date: /home/williamfbx/SLAM/slam_ws/install/grid_map_core/include/grid_map_core/grid_map_core/iterators/iterators.hpp
-- Up-to-date: /home/williamfbx/SLAM/slam_ws/install/grid_map_core/include/grid_map_core/grid_map_core/iterators/CircleIterator.hpp
-- Up-to-date: /home/williamfbx/SLAM/slam_ws/install/grid_map_core/include/grid_map_core/grid_map_core/iterators/PolygonIterator.hpp
-- Up-to-date: /home/williamfbx/SLAM/slam_ws/install/grid_map_core/include/grid_map_core/grid_map_core/iterators/GridMapIterator.hpp
-- Up-to-date: /home/williamfbx/SLAM/slam_ws/install/grid_map_core/include/grid_map_core/grid_map_core/iterators/SpiralIterator.hpp
-- Up-to-date: /home/williamfbx/SLAM/slam_ws/install/grid_map_core/include/grid_map_core/grid_map_core/GridMap.hpp
-- Up-to-date: /home/williamfbx/SLAM/slam_ws/install/grid_map_core/include/grid_map_core/grid_map_core/TypeDefs.hpp
-- Up-to-date: /home/williamfbx/SLAM/slam_ws/install/grid_map_core/include/grid_map_core/grid_map_core/CubicInterpolation.hpp
-- Up-to-date: /home/williamfbx/SLAM/slam_ws/install/grid_map_core/include/grid_map_core/grid_map_core/eigen_plugins
-- Up-to-date: /home/williamfbx/SLAM/slam_ws/install/grid_map_core/include/grid_map_core/grid_map_core/eigen_plugins/DenseBasePlugin.hpp
-- Up-to-date: /home/williamfbx/SLAM/slam_ws/install/grid_map_core/include/grid_map_core/grid_map_core/eigen_plugins/FunctorsPlugin.hpp
-- Up-to-date: /home/williamfbx/SLAM/slam_ws/install/grid_map_core/include/grid_map_core/grid_map_core/eigen_plugins/Functors.hpp
-- Up-to-date: /home/williamfbx/SLAM/slam_ws/install/grid_map_core/include/grid_map_core/grid_map_core/BufferRegion.hpp
-- Up-to-date: /home/williamfbx/SLAM/slam_ws/install/grid_map_core/include/grid_map_core/grid_map_core/gtest_eigen.hpp
-- Up-to-date: /home/williamfbx/SLAM/slam_ws/install/grid_map_core/include/grid_map_core/grid_map_core/SubmapGeometry.hpp
-- Up-to-date: /home/williamfbx/SLAM/slam_ws/install/grid_map_core/share/grid_map_core/doc
-- Up-to-date: /home/williamfbx/SLAM/slam_ws/install/grid_map_core/share/grid_map_core/doc/move_method.gif
-- Up-to-date: /home/williamfbx/SLAM/slam_ws/install/grid_map_core/share/grid_map_core/doc/interpolationSineWorld.gif
-- Up-to-date: /home/williamfbx/SLAM/slam_ws/install/grid_map_core/share/grid_map_core/doc/iterators
-- Up-to-date: /home/williamfbx/SLAM/slam_ws/install/grid_map_core/share/grid_map_core/doc/iterators/spiral_iterator_preview.gif
-- Up-to-date: /home/williamfbx/SLAM/slam_ws/install/grid_map_core/share/grid_map_core/doc/iterators/ellipse_iterator_preview.gif
-- Up-to-date: /home/williamfbx/SLAM/slam_ws/install/grid_map_core/share/grid_map_core/doc/iterators/grid_map_iterator_preview.gif
-- Up-to-date: /home/williamfbx/SLAM/slam_ws/install/grid_map_core/share/grid_map_core/doc/iterators/line_iterator_preview.gif
-- Up-to-date: /home/williamfbx/SLAM/slam_ws/install/grid_map_core/share/grid_map_core/doc/iterators/submap_iterator_preview.gif
-- Up-to-date: /home/williamfbx/SLAM/slam_ws/install/grid_map_core/share/grid_map_core/doc/iterators/polygon_iterator.gif
-- Up-to-date: /home/williamfbx/SLAM/slam_ws/install/grid_map_core/share/grid_map_core/doc/iterators/submap_iterator.gif
-- Up-to-date: /home/williamfbx/SLAM/slam_ws/install/grid_map_core/share/grid_map_core/doc/iterators/spiral_iterator.gif
-- Up-to-date: /home/williamfbx/SLAM/slam_ws/install/grid_map_core/share/grid_map_core/doc/iterators/ellipse_iterator.gif
-- Up-to-date: /home/williamfbx/SLAM/slam_ws/install/grid_map_core/share/grid_map_core/doc/iterators/line_iterator.gif
-- Up-to-date: /home/williamfbx/SLAM/slam_ws/install/grid_map_core/share/grid_map_core/doc/iterators/circle_iterator_preview.gif
-- Up-to-date: /home/williamfbx/SLAM/slam_ws/install/grid_map_core/share/grid_map_core/doc/iterators/grid_map_iterator.gif
-- Up-to-date: /home/williamfbx/SLAM/slam_ws/install/grid_map_core/share/grid_map_core/doc/iterators/polygon_iterator_preview.gif
-- Up-to-date: /home/williamfbx/SLAM/slam_ws/install/grid_map_core/share/grid_map_core/doc/iterators/circle_iterator.gif
-- Up-to-date: /home/williamfbx/SLAM/slam_ws/install/grid_map_core/share/grid_map_core/doc/grid_map_layers.pdf
-- Up-to-date: /home/williamfbx/SLAM/slam_ws/install/grid_map_core/share/grid_map_core/doc/grid_map_conventions.pdf
-- Up-to-date: /home/williamfbx/SLAM/slam_ws/install/grid_map_core/share/grid_map_core/doc/grid_map_layers.png
-- Up-to-date: /home/williamfbx/SLAM/slam_ws/install/grid_map_core/share/grid_map_core/doc/setposition_method.gif
-- Up-to-date: /home/williamfbx/SLAM/slam_ws/install/grid_map_core/share/grid_map_core/doc/grid_map_conventions.png
-- Up-to-date: /home/williamfbx/SLAM/slam_ws/install/grid_map_core/share/grid_map_core/doc/interpolationGaussWorld.gif
-- Up-to-date: /home/williamfbx/SLAM/slam_ws/install/grid_map_core/share/grid_map_core/environment/library_path.sh
-- Installing: /home/williamfbx/SLAM/slam_ws/install/grid_map_core/share/grid_map_core/environment/library_path.dsv
-- Up-to-date: /home/williamfbx/SLAM/slam_ws/install/grid_map_core/share/ament_index/resource_index/package_run_dependencies/grid_map_core
-- Installing: /home/williamfbx/SLAM/slam_ws/install/grid_map_core/share/ament_index/resource_index/parent_prefix_path/grid_map_core
-- Up-to-date: /home/williamfbx/SLAM/slam_ws/install/grid_map_core/share/grid_map_core/environment/ament_prefix_path.sh
-- Installing: /home/williamfbx/SLAM/slam_ws/install/grid_map_core/share/grid_map_core/environment/ament_prefix_path.dsv
-- Up-to-date: /home/williamfbx/SLAM/slam_ws/install/grid_map_core/share/grid_map_core/environment/path.sh
-- Installing: /home/williamfbx/SLAM/slam_ws/install/grid_map_core/share/grid_map_core/environment/path.dsv
-- Up-to-date: /home/williamfbx/SLAM/slam_ws/install/grid_map_core/share/grid_map_core/local_setup.bash
-- Up-to-date: /home/williamfbx/SLAM/slam_ws/install/grid_map_core/share/grid_map_core/local_setup.sh
-- Up-to-date: /home/williamfbx/SLAM/slam_ws/install/grid_map_core/share/grid_map_core/local_setup.zsh
-- Installing: /home/williamfbx/SLAM/slam_ws/install/grid_map_core/share/grid_map_core/local_setup.dsv
-- Installing: /home/williamfbx/SLAM/slam_ws/install/grid_map_core/share/grid_map_core/package.dsv
-- Up-to-date: /home/williamfbx/SLAM/slam_ws/install/grid_map_core/share/ament_index/resource_index/packages/grid_map_core
-- Up-to-date: /home/williamfbx/SLAM/slam_ws/install/grid_map_core/share/grid_map_core/cmake/export_grid_map_coreExport.cmake
-- Up-to-date: /home/williamfbx/SLAM/slam_ws/install/grid_map_core/share/grid_map_core/cmake/export_grid_map_coreExport-release.cmake
-- Up-to-date: /home/williamfbx/SLAM/slam_ws/install/grid_map_core/share/grid_map_core/cmake/grid_map_core-extras.cmake
-- Up-to-date: /home/williamfbx/SLAM/slam_ws/install/grid_map_core/share/grid_map_core/cmake/ament_cmake_export_targets-extras.cmake
-- Up-to-date: /home/williamfbx/SLAM/slam_ws/install/grid_map_core/share/grid_map_core/cmake/ament_cmake_export_dependencies-extras.cmake
-- Up-to-date: /home/williamfbx/SLAM/slam_ws/install/grid_map_core/share/grid_map_core/cmake/grid_map_coreConfig.cmake
-- Up-to-date: /home/williamfbx/SLAM/slam_ws/install/grid_map_core/share/grid_map_core/cmake/grid_map_coreConfig-version.cmake
-- Up-to-date: /home/williamfbx/SLAM/slam_ws/install/grid_map_core/share/grid_map_core/package.xml
