[0.017s] Invoking command in '/home/williamfbx/SLAM/slam_ws/build/grid_map_costmap_2d': AMENT_PREFIX_PATH=/home/williamfbx/SLAM/slam_ws/install/grid_map_core:/home/williamfbx/SLAM/slam_ws/install/grid_map_cmake_helpers:${AMENT_PREFIX_PATH} CMAKE_PREFIX_PATH=/home/williamfbx/SLAM/slam_ws/install/grid_map_core:/home/williamfbx/SLAM/slam_ws/install/grid_map_cmake_helpers:/opt/ros/humble LD_LIBRARY_PATH=/home/williamfbx/SLAM/slam_ws/install/grid_map_core/lib:${LD_LIBRARY_PATH} /usr/bin/cmake --build /home/williamfbx/SLAM/slam_ws/build/grid_map_costmap_2d -- -j12 -l12
[0.044s] -- Found ament_cmake: 1.3.11 (/opt/ros/humble/share/ament_cmake/cmake)
[0.177s] -- Found grid_map_cmake_helpers: 2.0.1 (/home/williamfbx/SLAM/slam_ws/install/grid_map_cmake_helpers/share/grid_map_cmake_helpers/cmake)
[0.177s] -- Found grid_map_core: 2.0.1 (/home/williamfbx/SLAM/slam_ws/install/grid_map_core/share/grid_map_core/cmake)
[0.179s] -- Found geometry_msgs: 4.2.4 (/opt/ros/humble/share/geometry_msgs/cmake)
[0.203s] -- Found rosidl_generator_c: 3.1.6 (/opt/ros/humble/share/rosidl_generator_c/cmake)
[0.206s] -- Found rosidl_adapter: 3.1.6 (/opt/ros/humble/share/rosidl_adapter/cmake)
[0.211s] -- Found rosidl_generator_cpp: 3.1.6 (/opt/ros/humble/share/rosidl_generator_cpp/cmake)
[0.221s] -- Using all available rosidl_typesupport_c: rosidl_typesupport_fastrtps_c;rosidl_typesupport_introspection_c
[0.233s] -- Using all available rosidl_typesupport_cpp: rosidl_typesupport_fastrtps_cpp;rosidl_typesupport_introspection_cpp
[0.265s] -- Found nav2_costmap_2d: 1.1.18 (/opt/ros/humble/share/nav2_costmap_2d/cmake)
[0.297s] -- Found rmw_implementation_cmake: 6.1.2 (/opt/ros/humble/share/rmw_implementation_cmake/cmake)
[0.298s] -- Found rmw_fastrtps_cpp: 6.2.7 (/opt/ros/humble/share/rmw_fastrtps_cpp/cmake)
[0.400s] -- Using RMW implementation 'rmw_fastrtps_cpp' as default
[0.603s] -- Ensuring Eigen3 include directory is part of orocos-kdl CMake target
[0.773s] -- Found ament_lint_auto: 0.12.11 (/opt/ros/humble/share/ament_lint_auto/cmake)
[0.891s] -- Found gtest sources under '/opt/ros/humble/src/gtest_vendor': C++ tests using 'Google Test' will be built
[0.908s] -- Added test 'cppcheck' to perform static code analysis on C / C++ code
[0.908s] -- Configured cppcheck include dirs: $<BUILD_INTERFACE:/home/williamfbx/SLAM/slam_ws/src/drivers/grid_map/grid_map_costmap_2d/include>
[0.908s] -- Configured cppcheck exclude dirs and/or files: 
[0.909s] -- Added test 'lint_cmake' to check CMake code style
[0.910s] -- Added test 'uncrustify' to check C / C++ code style
[0.911s] -- Configured uncrustify additional arguments: 
[0.911s] -- Added test 'xmllint' to check XML markup files
[0.914s] -- Configuring done
[1.019s] -- Generating done
[1.038s] -- Build files have been written to: /home/williamfbx/SLAM/slam_ws/build/grid_map_costmap_2d
[1.077s] [35m[1mConsolidate compiler generated dependencies of target gtest_main[0m
[1.082s] [35m[1mConsolidate compiler generated dependencies of target gtest[0m
[1.092s] [ 22%] Built target gtest_main
[1.095s] [ 22%] Built target grid_map_costmap_2d
[1.098s] [ 44%] Built target gtest
[1.111s] [35m[1mConsolidate compiler generated dependencies of target grid_map_costmap_2d-test[0m
[1.117s] [35m[1mConsolidate compiler generated dependencies of target costmap-2d-ros-test[0m
[1.141s] [ 66%] [32mBuilding CXX object test/CMakeFiles/costmap-2d-ros-test.dir/test_costmap_2d_ros.cpp.o[0m
[1.141s] [ 66%] [32mBuilding CXX object test/CMakeFiles/grid_map_costmap_2d-test.dir/test_costmap_2d_converter.cpp.o[0m
[11.855s] [ 77%] [32m[1mLinking CXX executable costmap-2d-ros-test[0m
[12.097s] [ 77%] Built target costmap-2d-ros-test
[13.026s] [ 88%] [32m[1mLinking CXX executable grid_map_costmap_2d-test[0m
[13.242s] [100%] Built target grid_map_costmap_2d-test
[13.256s] Invoked command in '/home/williamfbx/SLAM/slam_ws/build/grid_map_costmap_2d' returned '0': AMENT_PREFIX_PATH=/home/williamfbx/SLAM/slam_ws/install/grid_map_core:/home/williamfbx/SLAM/slam_ws/install/grid_map_cmake_helpers:${AMENT_PREFIX_PATH} CMAKE_PREFIX_PATH=/home/williamfbx/SLAM/slam_ws/install/grid_map_core:/home/williamfbx/SLAM/slam_ws/install/grid_map_cmake_helpers:/opt/ros/humble LD_LIBRARY_PATH=/home/williamfbx/SLAM/slam_ws/install/grid_map_core/lib:${LD_LIBRARY_PATH} /usr/bin/cmake --build /home/williamfbx/SLAM/slam_ws/build/grid_map_costmap_2d -- -j12 -l12
[13.258s] Invoking command in '/home/williamfbx/SLAM/slam_ws/build/grid_map_costmap_2d': AMENT_PREFIX_PATH=/home/williamfbx/SLAM/slam_ws/install/grid_map_core:/home/williamfbx/SLAM/slam_ws/install/grid_map_cmake_helpers:${AMENT_PREFIX_PATH} CMAKE_PREFIX_PATH=/home/williamfbx/SLAM/slam_ws/install/grid_map_core:/home/williamfbx/SLAM/slam_ws/install/grid_map_cmake_helpers:/opt/ros/humble LD_LIBRARY_PATH=/home/williamfbx/SLAM/slam_ws/install/grid_map_core/lib:${LD_LIBRARY_PATH} /usr/bin/cmake --install /home/williamfbx/SLAM/slam_ws/build/grid_map_costmap_2d
[13.267s] -- Install configuration: "Release"
[13.267s] -- Up-to-date: /home/williamfbx/SLAM/slam_ws/install/grid_map_costmap_2d/include/grid_map_costmap_2d
[13.267s] -- Up-to-date: /home/williamfbx/SLAM/slam_ws/install/grid_map_costmap_2d/include/grid_map_costmap_2d/grid_map_costmap_2d
[13.267s] -- Up-to-date: /home/williamfbx/SLAM/slam_ws/install/grid_map_costmap_2d/include/grid_map_costmap_2d/grid_map_costmap_2d/costmap_2d_converter.hpp
[13.268s] -- Up-to-date: /home/williamfbx/SLAM/slam_ws/install/grid_map_costmap_2d/include/grid_map_costmap_2d/grid_map_costmap_2d/grid_map_costmap_2d.hpp
[13.268s] -- Up-to-date: /home/williamfbx/SLAM/slam_ws/install/grid_map_costmap_2d/share/grid_map_costmap_2d/environment/library_path.sh
[13.268s] -- Installing: /home/williamfbx/SLAM/slam_ws/install/grid_map_costmap_2d/share/grid_map_costmap_2d/environment/library_path.dsv
[13.268s] -- Up-to-date: /home/williamfbx/SLAM/slam_ws/install/grid_map_costmap_2d/share/ament_index/resource_index/package_run_dependencies/grid_map_costmap_2d
[13.268s] -- Installing: /home/williamfbx/SLAM/slam_ws/install/grid_map_costmap_2d/share/ament_index/resource_index/parent_prefix_path/grid_map_costmap_2d
[13.268s] -- Up-to-date: /home/williamfbx/SLAM/slam_ws/install/grid_map_costmap_2d/share/grid_map_costmap_2d/environment/ament_prefix_path.sh
[13.268s] -- Installing: /home/williamfbx/SLAM/slam_ws/install/grid_map_costmap_2d/share/grid_map_costmap_2d/environment/ament_prefix_path.dsv
[13.268s] -- Up-to-date: /home/williamfbx/SLAM/slam_ws/install/grid_map_costmap_2d/share/grid_map_costmap_2d/environment/path.sh
[13.268s] -- Installing: /home/williamfbx/SLAM/slam_ws/install/grid_map_costmap_2d/share/grid_map_costmap_2d/environment/path.dsv
[13.268s] -- Up-to-date: /home/williamfbx/SLAM/slam_ws/install/grid_map_costmap_2d/share/grid_map_costmap_2d/local_setup.bash
[13.269s] -- Up-to-date: /home/williamfbx/SLAM/slam_ws/install/grid_map_costmap_2d/share/grid_map_costmap_2d/local_setup.sh
[13.269s] -- Up-to-date: /home/williamfbx/SLAM/slam_ws/install/grid_map_costmap_2d/share/grid_map_costmap_2d/local_setup.zsh
[13.269s] -- Installing: /home/williamfbx/SLAM/slam_ws/install/grid_map_costmap_2d/share/grid_map_costmap_2d/local_setup.dsv
[13.269s] -- Installing: /home/williamfbx/SLAM/slam_ws/install/grid_map_costmap_2d/share/grid_map_costmap_2d/package.dsv
[13.269s] -- Up-to-date: /home/williamfbx/SLAM/slam_ws/install/grid_map_costmap_2d/share/ament_index/resource_index/packages/grid_map_costmap_2d
[13.269s] -- Up-to-date: /home/williamfbx/SLAM/slam_ws/install/grid_map_costmap_2d/share/grid_map_costmap_2d/cmake/export_grid_map_costmap_2dExport.cmake
[13.269s] -- Up-to-date: /home/williamfbx/SLAM/slam_ws/install/grid_map_costmap_2d/share/grid_map_costmap_2d/cmake/ament_cmake_export_targets-extras.cmake
[13.269s] -- Up-to-date: /home/williamfbx/SLAM/slam_ws/install/grid_map_costmap_2d/share/grid_map_costmap_2d/cmake/ament_cmake_export_dependencies-extras.cmake
[13.269s] -- Up-to-date: /home/williamfbx/SLAM/slam_ws/install/grid_map_costmap_2d/share/grid_map_costmap_2d/cmake/grid_map_costmap_2dConfig.cmake
[13.269s] -- Up-to-date: /home/williamfbx/SLAM/slam_ws/install/grid_map_costmap_2d/share/grid_map_costmap_2d/cmake/grid_map_costmap_2dConfig-version.cmake
[13.269s] -- Up-to-date: /home/williamfbx/SLAM/slam_ws/install/grid_map_costmap_2d/share/grid_map_costmap_2d/package.xml
[13.271s] Invoked command in '/home/williamfbx/SLAM/slam_ws/build/grid_map_costmap_2d' returned '0': AMENT_PREFIX_PATH=/home/williamfbx/SLAM/slam_ws/install/grid_map_core:/home/williamfbx/SLAM/slam_ws/install/grid_map_cmake_helpers:${AMENT_PREFIX_PATH} CMAKE_PREFIX_PATH=/home/williamfbx/SLAM/slam_ws/install/grid_map_core:/home/williamfbx/SLAM/slam_ws/install/grid_map_cmake_helpers:/opt/ros/humble LD_LIBRARY_PATH=/home/williamfbx/SLAM/slam_ws/install/grid_map_core/lib:${LD_LIBRARY_PATH} /usr/bin/cmake --install /home/williamfbx/SLAM/slam_ws/build/grid_map_costmap_2d
