-- Found ament_cmake: 1.3.11 (/opt/ros/humble/share/ament_cmake/cmake)
-- Found ament_lint_auto: 0.12.11 (/opt/ros/humble/share/ament_lint_auto/cmake)
-- Configuring done
-- Generating done
-- Build files have been written to: /home/williamfbx/SLAM/slam_ws/build/localization
-- Install configuration: ""
-- Installing: /home/williamfbx/SLAM/slam_ws/install/localization/share/ament_index/resource_index/package_run_dependencies/localization
-- Installing: /home/williamfbx/SLAM/slam_ws/install/localization/share/ament_index/resource_index/parent_prefix_path/localization
-- Installing: /home/williamfbx/SLAM/slam_ws/install/localization/share/localization/environment/ament_prefix_path.sh
-- Installing: /home/williamfbx/SLAM/slam_ws/install/localization/share/localization/environment/ament_prefix_path.dsv
-- Installing: /home/williamfbx/SLAM/slam_ws/install/localization/share/localization/environment/path.sh
-- Installing: /home/williamfbx/SLAM/slam_ws/install/localization/share/localization/environment/path.dsv
-- Installing: /home/williamfbx/SLAM/slam_ws/install/localization/share/localization/local_setup.bash
-- Installing: /home/williamfbx/SLAM/slam_ws/install/localization/share/localization/local_setup.sh
-- Installing: /home/williamfbx/SLAM/slam_ws/install/localization/share/localization/local_setup.zsh
-- Installing: /home/williamfbx/SLAM/slam_ws/install/localization/share/localization/local_setup.dsv
-- Installing: /home/williamfbx/SLAM/slam_ws/install/localization/share/localization/package.dsv
-- Installing: /home/williamfbx/SLAM/slam_ws/install/localization/share/ament_index/resource_index/packages/localization
-- Installing: /home/williamfbx/SLAM/slam_ws/install/localization/share/localization/cmake/localizationConfig.cmake
-- Installing: /home/williamfbx/SLAM/slam_ws/install/localization/share/localization/cmake/localizationConfig-version.cmake
-- Installing: /home/williamfbx/SLAM/slam_ws/install/localization/share/localization/package.xml
