[0.012s] Invoking command in '/home/williamfbx/SLAM/slam_ws/build/localization': CMAKE_PREFIX_PATH=/opt/ros/humble /usr/bin/cmake --build /home/williamfbx/SLAM/slam_ws/build/localization -- -j12 -l12
[0.029s] -- Found ament_cmake: 1.3.11 (/opt/ros/humble/share/ament_cmake/cmake)
[0.153s] -- Found ament_lint_auto: 0.12.11 (/opt/ros/humble/share/ament_lint_auto/cmake)
[0.216s] -- Configuring done
[0.217s] -- Generating done
[0.219s] -- Build files have been written to: /home/williamfbx/SLAM/slam_ws/build/localization
[0.240s] Invoked command in '/home/williamfbx/SLAM/slam_ws/build/localization' returned '0': CMAKE_PREFIX_PATH=/opt/ros/humble /usr/bin/cmake --build /home/williamfbx/SLAM/slam_ws/build/localization -- -j12 -l12
[0.240s] Invoking command in '/home/williamfbx/SLAM/slam_ws/build/localization': CMAKE_PREFIX_PATH=/opt/ros/humble /usr/bin/cmake --install /home/williamfbx/SLAM/slam_ws/build/localization
[0.246s] -- Install configuration: ""
[0.246s] -- Installing: /home/williamfbx/SLAM/slam_ws/install/localization/share/ament_index/resource_index/package_run_dependencies/localization
[0.246s] -- Installing: /home/williamfbx/SLAM/slam_ws/install/localization/share/ament_index/resource_index/parent_prefix_path/localization
[0.246s] -- Installing: /home/williamfbx/SLAM/slam_ws/install/localization/share/localization/environment/ament_prefix_path.sh
[0.247s] -- Installing: /home/williamfbx/SLAM/slam_ws/install/localization/share/localization/environment/ament_prefix_path.dsv
[0.247s] -- Installing: /home/williamfbx/SLAM/slam_ws/install/localization/share/localization/environment/path.sh
[0.247s] -- Installing: /home/williamfbx/SLAM/slam_ws/install/localization/share/localization/environment/path.dsv
[0.247s] -- Installing: /home/williamfbx/SLAM/slam_ws/install/localization/share/localization/local_setup.bash
[0.247s] -- Installing: /home/williamfbx/SLAM/slam_ws/install/localization/share/localization/local_setup.sh
[0.247s] -- Installing: /home/williamfbx/SLAM/slam_ws/install/localization/share/localization/local_setup.zsh
[0.247s] -- Installing: /home/williamfbx/SLAM/slam_ws/install/localization/share/localization/local_setup.dsv
[0.247s] -- Installing: /home/williamfbx/SLAM/slam_ws/install/localization/share/localization/package.dsv
[0.247s] -- Installing: /home/williamfbx/SLAM/slam_ws/install/localization/share/ament_index/resource_index/packages/localization
[0.247s] -- Installing: /home/williamfbx/SLAM/slam_ws/install/localization/share/localization/cmake/localizationConfig.cmake
[0.247s] -- Installing: /home/williamfbx/SLAM/slam_ws/install/localization/share/localization/cmake/localizationConfig-version.cmake
[0.247s] -- Installing: /home/williamfbx/SLAM/slam_ws/install/localization/share/localization/package.xml
[0.250s] Invoked command in '/home/williamfbx/SLAM/slam_ws/build/localization' returned '0': CMAKE_PREFIX_PATH=/opt/ros/humble /usr/bin/cmake --install /home/williamfbx/SLAM/slam_ws/build/localization
