[0.015s] Invoking command in '/home/williamfbx/SLAM/slam_ws/build/grid_map_ros': AMENT_PREFIX_PATH=/home/williamfbx/SLAM/slam_ws/install/grid_map_cv:/home/williamfbx/SLAM/slam_ws/install/grid_map_msgs:/home/williamfbx/SLAM/slam_ws/install/grid_map_core:/home/williamfbx/SLAM/slam_ws/install/grid_map_cmake_helpers:${AMENT_PREFIX_PATH} CMAKE_PREFIX_PATH=/home/williamfbx/SLAM/slam_ws/install/grid_map_cv:/home/williamfbx/SLAM/slam_ws/install/grid_map_msgs:/home/williamfbx/SLAM/slam_ws/install/grid_map_core:/home/williamfbx/SLAM/slam_ws/install/grid_map_cmake_helpers:/opt/ros/humble LD_LIBRARY_PATH=/home/williamfbx/SLAM/slam_ws/install/grid_map_cv/lib:/home/williamfbx/SLAM/slam_ws/install/grid_map_msgs/lib:/home/williamfbx/SLAM/slam_ws/install/grid_map_core/lib:${LD_LIBRARY_PATH} PYTHONPATH=/home/williamfbx/SLAM/slam_ws/install/grid_map_msgs/local/lib/python3.10/dist-packages:${PYTHONPATH} /usr/bin/cmake --build /home/williamfbx/SLAM/slam_ws/build/grid_map_ros -- -j12 -l12
[0.038s] -- Found ament_cmake: 1.3.11 (/opt/ros/humble/share/ament_cmake/cmake)
[0.137s] -- Found cv_bridge: 3.2.1 (/opt/ros/humble/share/cv_bridge/cmake)
[0.158s] -- Found rosidl_generator_c: 3.1.6 (/opt/ros/humble/share/rosidl_generator_c/cmake)
[0.159s] -- Found rosidl_adapter: 3.1.6 (/opt/ros/humble/share/rosidl_adapter/cmake)
[0.163s] -- Found rosidl_generator_cpp: 3.1.6 (/opt/ros/humble/share/rosidl_generator_cpp/cmake)
[0.169s] -- Using all available rosidl_typesupport_c: rosidl_typesupport_fastrtps_c;rosidl_typesupport_introspection_c
[0.177s] -- Using all available rosidl_typesupport_cpp: rosidl_typesupport_fastrtps_cpp;rosidl_typesupport_introspection_cpp
[0.212s] -- Found grid_map_cmake_helpers: 2.0.1 (/home/williamfbx/SLAM/slam_ws/install/grid_map_cmake_helpers/share/grid_map_cmake_helpers/cmake)
[0.212s] -- Found grid_map_core: 2.0.1 (/home/williamfbx/SLAM/slam_ws/install/grid_map_core/share/grid_map_core/cmake)
[0.214s] -- Found grid_map_cv: 2.0.1 (/home/williamfbx/SLAM/slam_ws/install/grid_map_cv/share/grid_map_cv/cmake)
[0.243s] -- Found rmw_implementation_cmake: 6.1.2 (/opt/ros/humble/share/rmw_implementation_cmake/cmake)
[0.244s] -- Found rmw_fastrtps_cpp: 6.2.7 (/opt/ros/humble/share/rmw_fastrtps_cpp/cmake)
[0.257s] -- Found TinyXML2 via Config file: TinyXML2_DIR-NOTFOUND
[0.266s] -- Found TinyXML2 via Config file: TinyXML2_DIR-NOTFOUND
[0.280s] -- Found TinyXML2 via Config file: TinyXML2_DIR-NOTFOUND
[0.288s] -- Found TinyXML2 via Config file: TinyXML2_DIR-NOTFOUND
[0.297s] -- Using RMW implementation 'rmw_fastrtps_cpp' as default
[0.326s] -- Found grid_map_msgs: 2.0.1 (/home/williamfbx/SLAM/slam_ws/install/grid_map_msgs/share/grid_map_msgs/cmake)
[0.347s] -- Found nav2_msgs: 1.1.18 (/opt/ros/humble/share/nav2_msgs/cmake)
[0.391s] -- Found rosbag2_cpp: 0.15.13 (/opt/ros/humble/share/rosbag2_cpp/cmake)
[0.400s] -- Found tf2: 0.25.12 (/opt/ros/humble/share/tf2/cmake)
[0.403s] -- Found visualization_msgs: 4.2.4 (/opt/ros/humble/share/visualization_msgs/cmake)
[0.420s] -- Found ament_lint_auto: 0.12.11 (/opt/ros/humble/share/ament_lint_auto/cmake)
[0.485s] -- Found gtest sources under '/opt/ros/humble/src/gtest_vendor': C++ tests using 'Google Test' will be built
[0.491s] -- Added test 'cppcheck' to perform static code analysis on C / C++ code
[0.491s] -- Configured cppcheck include dirs: /home/williamfbx/SLAM/slam_ws/src/drivers/grid_map/grid_map_ros/include
[0.491s] -- Configured cppcheck exclude dirs and/or files: 
[0.491s] -- Added test 'lint_cmake' to check CMake code style
[0.492s] -- Added test 'uncrustify' to check C / C++ code style
[0.492s] -- Configured uncrustify additional arguments: 
[0.492s] -- Added test 'xmllint' to check XML markup files
[0.494s] -- Configuring done
[0.521s] -- Generating done
[0.527s] -- Build files have been written to: /home/williamfbx/SLAM/slam_ws/build/grid_map_ros
[0.549s] [35m[1mConsolidate compiler generated dependencies of target gtest_main[0m
[0.550s] [35m[1mConsolidate compiler generated dependencies of target gtest[0m
[0.552s] [35m[1mConsolidate compiler generated dependencies of target grid_map_ros[0m
[0.559s] [ 18%] Built target gtest_main
[0.562s] [ 36%] Built target gtest
[0.574s] [ 45%] [32mBuilding CXX object CMakeFiles/grid_map_ros.dir/src/GridMapRosConverter.cpp.o[0m
[0.576s] [ 54%] [32mBuilding CXX object CMakeFiles/grid_map_ros.dir/src/PolygonRosConverter.cpp.o[0m
[0.577s] [ 63%] [32mBuilding CXX object CMakeFiles/grid_map_ros.dir/src/GridMapMsgHelpers.cpp.o[0m
[5.565s] [ 72%] [32m[1mLinking CXX shared library libgrid_map_ros.so[0m
[5.712s] [ 72%] Built target grid_map_ros
[5.722s] [35m[1mConsolidate compiler generated dependencies of target grid_map_ros-test[0m
[5.737s] [ 81%] [32mBuilding CXX object CMakeFiles/grid_map_ros-test.dir/test/GridMapRosTest.cpp.o[0m
[10.535s] [ 90%] [32m[1mLinking CXX executable grid_map_ros-test[0m
[10.871s] [100%] Built target grid_map_ros-test
[10.885s] Invoked command in '/home/williamfbx/SLAM/slam_ws/build/grid_map_ros' returned '0': AMENT_PREFIX_PATH=/home/williamfbx/SLAM/slam_ws/install/grid_map_cv:/home/williamfbx/SLAM/slam_ws/install/grid_map_msgs:/home/williamfbx/SLAM/slam_ws/install/grid_map_core:/home/williamfbx/SLAM/slam_ws/install/grid_map_cmake_helpers:${AMENT_PREFIX_PATH} CMAKE_PREFIX_PATH=/home/williamfbx/SLAM/slam_ws/install/grid_map_cv:/home/williamfbx/SLAM/slam_ws/install/grid_map_msgs:/home/williamfbx/SLAM/slam_ws/install/grid_map_core:/home/williamfbx/SLAM/slam_ws/install/grid_map_cmake_helpers:/opt/ros/humble LD_LIBRARY_PATH=/home/williamfbx/SLAM/slam_ws/install/grid_map_cv/lib:/home/williamfbx/SLAM/slam_ws/install/grid_map_msgs/lib:/home/williamfbx/SLAM/slam_ws/install/grid_map_core/lib:${LD_LIBRARY_PATH} PYTHONPATH=/home/williamfbx/SLAM/slam_ws/install/grid_map_msgs/local/lib/python3.10/dist-packages:${PYTHONPATH} /usr/bin/cmake --build /home/williamfbx/SLAM/slam_ws/build/grid_map_ros -- -j12 -l12
[10.888s] Invoking command in '/home/williamfbx/SLAM/slam_ws/build/grid_map_ros': AMENT_PREFIX_PATH=/home/williamfbx/SLAM/slam_ws/install/grid_map_cv:/home/williamfbx/SLAM/slam_ws/install/grid_map_msgs:/home/williamfbx/SLAM/slam_ws/install/grid_map_core:/home/williamfbx/SLAM/slam_ws/install/grid_map_cmake_helpers:${AMENT_PREFIX_PATH} CMAKE_PREFIX_PATH=/home/williamfbx/SLAM/slam_ws/install/grid_map_cv:/home/williamfbx/SLAM/slam_ws/install/grid_map_msgs:/home/williamfbx/SLAM/slam_ws/install/grid_map_core:/home/williamfbx/SLAM/slam_ws/install/grid_map_cmake_helpers:/opt/ros/humble LD_LIBRARY_PATH=/home/williamfbx/SLAM/slam_ws/install/grid_map_cv/lib:/home/williamfbx/SLAM/slam_ws/install/grid_map_msgs/lib:/home/williamfbx/SLAM/slam_ws/install/grid_map_core/lib:${LD_LIBRARY_PATH} PYTHONPATH=/home/williamfbx/SLAM/slam_ws/install/grid_map_msgs/local/lib/python3.10/dist-packages:${PYTHONPATH} /usr/bin/cmake --install /home/williamfbx/SLAM/slam_ws/build/grid_map_ros
[10.895s] -- Install configuration: "Release"
[10.896s] -- Installing: /home/williamfbx/SLAM/slam_ws/install/grid_map_ros/lib/libgrid_map_ros.so
[10.896s] -- Set runtime path of "/home/williamfbx/SLAM/slam_ws/install/grid_map_ros/lib/libgrid_map_ros.so" to ""
[10.896s] -- Up-to-date: /home/williamfbx/SLAM/slam_ws/install/grid_map_ros/include/grid_map_ros
[10.896s] -- Up-to-date: /home/williamfbx/SLAM/slam_ws/install/grid_map_ros/include/grid_map_ros/GridMapRosConverter.hpp
[10.896s] -- Up-to-date: /home/williamfbx/SLAM/slam_ws/install/grid_map_ros/include/grid_map_ros/GridMapMsgHelpers.hpp
[10.896s] -- Up-to-date: /home/williamfbx/SLAM/slam_ws/install/grid_map_ros/include/grid_map_ros/PolygonRosConverter.hpp
[10.896s] -- Up-to-date: /home/williamfbx/SLAM/slam_ws/install/grid_map_ros/include/grid_map_ros/message_traits.hpp
[10.896s] -- Up-to-date: /home/williamfbx/SLAM/slam_ws/install/grid_map_ros/include/grid_map_ros/grid_map_ros.hpp
[10.896s] -- Up-to-date: /home/williamfbx/SLAM/slam_ws/install/grid_map_ros/share/grid_map_ros/environment/library_path.sh
[10.897s] -- Installing: /home/williamfbx/SLAM/slam_ws/install/grid_map_ros/share/grid_map_ros/environment/library_path.dsv
[10.897s] -- Up-to-date: /home/williamfbx/SLAM/slam_ws/install/grid_map_ros/share/ament_index/resource_index/package_run_dependencies/grid_map_ros
[10.897s] -- Installing: /home/williamfbx/SLAM/slam_ws/install/grid_map_ros/share/ament_index/resource_index/parent_prefix_path/grid_map_ros
[10.897s] -- Up-to-date: /home/williamfbx/SLAM/slam_ws/install/grid_map_ros/share/grid_map_ros/environment/ament_prefix_path.sh
[10.897s] -- Installing: /home/williamfbx/SLAM/slam_ws/install/grid_map_ros/share/grid_map_ros/environment/ament_prefix_path.dsv
[10.897s] -- Up-to-date: /home/williamfbx/SLAM/slam_ws/install/grid_map_ros/share/grid_map_ros/environment/path.sh
[10.897s] -- Installing: /home/williamfbx/SLAM/slam_ws/install/grid_map_ros/share/grid_map_ros/environment/path.dsv
[10.897s] -- Up-to-date: /home/williamfbx/SLAM/slam_ws/install/grid_map_ros/share/grid_map_ros/local_setup.bash
[10.897s] -- Up-to-date: /home/williamfbx/SLAM/slam_ws/install/grid_map_ros/share/grid_map_ros/local_setup.sh
[10.897s] -- Up-to-date: /home/williamfbx/SLAM/slam_ws/install/grid_map_ros/share/grid_map_ros/local_setup.zsh
[10.897s] -- Installing: /home/williamfbx/SLAM/slam_ws/install/grid_map_ros/share/grid_map_ros/local_setup.dsv
[10.897s] -- Installing: /home/williamfbx/SLAM/slam_ws/install/grid_map_ros/share/grid_map_ros/package.dsv
[10.897s] -- Up-to-date: /home/williamfbx/SLAM/slam_ws/install/grid_map_ros/share/ament_index/resource_index/packages/grid_map_ros
[10.897s] -- Up-to-date: /home/williamfbx/SLAM/slam_ws/install/grid_map_ros/share/grid_map_ros/cmake/ament_cmake_export_include_directories-extras.cmake
[10.897s] -- Up-to-date: /home/williamfbx/SLAM/slam_ws/install/grid_map_ros/share/grid_map_ros/cmake/ament_cmake_export_dependencies-extras.cmake
[10.897s] -- Up-to-date: /home/williamfbx/SLAM/slam_ws/install/grid_map_ros/share/grid_map_ros/cmake/ament_cmake_export_libraries-extras.cmake
[10.897s] -- Up-to-date: /home/williamfbx/SLAM/slam_ws/install/grid_map_ros/share/grid_map_ros/cmake/grid_map_rosConfig.cmake
[10.897s] -- Up-to-date: /home/williamfbx/SLAM/slam_ws/install/grid_map_ros/share/grid_map_ros/cmake/grid_map_rosConfig-version.cmake
[10.897s] -- Up-to-date: /home/williamfbx/SLAM/slam_ws/install/grid_map_ros/share/grid_map_ros/package.xml
[10.899s] Invoked command in '/home/williamfbx/SLAM/slam_ws/build/grid_map_ros' returned '0': AMENT_PREFIX_PATH=/home/williamfbx/SLAM/slam_ws/install/grid_map_cv:/home/williamfbx/SLAM/slam_ws/install/grid_map_msgs:/home/williamfbx/SLAM/slam_ws/install/grid_map_core:/home/williamfbx/SLAM/slam_ws/install/grid_map_cmake_helpers:${AMENT_PREFIX_PATH} CMAKE_PREFIX_PATH=/home/williamfbx/SLAM/slam_ws/install/grid_map_cv:/home/williamfbx/SLAM/slam_ws/install/grid_map_msgs:/home/williamfbx/SLAM/slam_ws/install/grid_map_core:/home/williamfbx/SLAM/slam_ws/install/grid_map_cmake_helpers:/opt/ros/humble LD_LIBRARY_PATH=/home/williamfbx/SLAM/slam_ws/install/grid_map_cv/lib:/home/williamfbx/SLAM/slam_ws/install/grid_map_msgs/lib:/home/williamfbx/SLAM/slam_ws/install/grid_map_core/lib:${LD_LIBRARY_PATH} PYTHONPATH=/home/williamfbx/SLAM/slam_ws/install/grid_map_msgs/local/lib/python3.10/dist-packages:${PYTHONPATH} /usr/bin/cmake --install /home/williamfbx/SLAM/slam_ws/build/grid_map_ros
