[ 33%] [32mBuilding CXX object CMakeFiles/visualization_node.dir/src/visualization.cpp.o[0m
[ 66%] [32mBuilding CXX object CMakeFiles/visualization_node.dir/src/visualization_node.cpp.o[0m
[100%] [32m[1mLinking CXX executable visualization_node[0m
[100%] Built target visualization_node
-- Install configuration: ""
-- Installing: /home/williamfbx/SLAM/slam_ws/install/visualization/lib/visualization/visualization_node
-- Set runtime path of "/home/williamfbx/SLAM/slam_ws/install/visualization/lib/visualization/visualization_node" to ""
-- Installing: /home/williamfbx/SLAM/slam_ws/install/visualization/include/visualization
-- Installing: /home/williamfbx/SLAM/slam_ws/install/visualization/include/visualization/visualization.hpp
-- Installing: /home/williamfbx/SLAM/slam_ws/install/visualization/share/visualization/launch
-- Installing: /home/williamfbx/SLAM/slam_ws/install/visualization/share/visualization/launch/visualization.launch.py
-- Installing: /home/williamfbx/SLAM/slam_ws/install/visualization/share/ament_index/resource_index/package_run_dependencies/visualization
-- Installing: /home/williamfbx/SLAM/slam_ws/install/visualization/share/ament_index/resource_index/parent_prefix_path/visualization
-- Installing: /home/williamfbx/SLAM/slam_ws/install/visualization/share/visualization/environment/ament_prefix_path.sh
-- Installing: /home/williamfbx/SLAM/slam_ws/install/visualization/share/visualization/environment/ament_prefix_path.dsv
-- Installing: /home/williamfbx/SLAM/slam_ws/install/visualization/share/visualization/environment/path.sh
-- Installing: /home/williamfbx/SLAM/slam_ws/install/visualization/share/visualization/environment/path.dsv
-- Installing: /home/williamfbx/SLAM/slam_ws/install/visualization/share/visualization/local_setup.bash
-- Installing: /home/williamfbx/SLAM/slam_ws/install/visualization/share/visualization/local_setup.sh
-- Installing: /home/williamfbx/SLAM/slam_ws/install/visualization/share/visualization/local_setup.zsh
-- Installing: /home/williamfbx/SLAM/slam_ws/install/visualization/share/visualization/local_setup.dsv
-- Up-to-date: /home/williamfbx/SLAM/slam_ws/install/visualization/share/visualization/package.dsv
-- Installing: /home/williamfbx/SLAM/slam_ws/install/visualization/share/ament_index/resource_index/packages/visualization
-- Installing: /home/williamfbx/SLAM/slam_ws/install/visualization/share/visualization/cmake/visualizationConfig.cmake
-- Installing: /home/williamfbx/SLAM/slam_ws/install/visualization/share/visualization/cmake/visualizationConfig-version.cmake
-- Installing: /home/williamfbx/SLAM/slam_ws/install/visualization/share/visualization/package.xml
