[0.031s] Invoking command in '/home/williamfbx/SLAM/slam_ws/build/visualization': CMAKE_PREFIX_PATH=${CMAKE_PREFIX_PATH}:/opt/ros/humble /usr/bin/cmake --build /home/williamfbx/SLAM/slam_ws/build/visualization -- -j12 -l12
[0.081s] [ 33%] [32mBuilding CXX object CMakeFiles/visualization_node.dir/src/visualization.cpp.o[0m
[0.082s] [ 66%] [32mBuilding CXX object CMakeFiles/visualization_node.dir/src/visualization_node.cpp.o[0m
[2.160s] [100%] [32m[1mLinking CXX executable visualization_node[0m
[2.251s] [100%] Built target visualization_node
[2.262s] Invoked command in '/home/williamfbx/SLAM/slam_ws/build/visualization' returned '0': CMAKE_PREFIX_PATH=${CMAKE_PREFIX_PATH}:/opt/ros/humble /usr/bin/cmake --build /home/williamfbx/SLAM/slam_ws/build/visualization -- -j12 -l12
[2.263s] Invoking command in '/home/williamfbx/SLAM/slam_ws/build/visualization': CMAKE_PREFIX_PATH=${CMAKE_PREFIX_PATH}:/opt/ros/humble /usr/bin/cmake --install /home/williamfbx/SLAM/slam_ws/build/visualization
[2.272s] -- Install configuration: ""
[2.272s] -- Installing: /home/williamfbx/SLAM/slam_ws/install/visualization/lib/visualization/visualization_node
[2.272s] -- Set runtime path of "/home/williamfbx/SLAM/slam_ws/install/visualization/lib/visualization/visualization_node" to ""
[2.272s] -- Installing: /home/williamfbx/SLAM/slam_ws/install/visualization/include/visualization
[2.273s] -- Installing: /home/williamfbx/SLAM/slam_ws/install/visualization/include/visualization/visualization.hpp
[2.273s] -- Installing: /home/williamfbx/SLAM/slam_ws/install/visualization/share/visualization/launch
[2.273s] -- Installing: /home/williamfbx/SLAM/slam_ws/install/visualization/share/visualization/launch/visualization.launch.py
[2.273s] -- Installing: /home/williamfbx/SLAM/slam_ws/install/visualization/share/ament_index/resource_index/package_run_dependencies/visualization
[2.273s] -- Installing: /home/williamfbx/SLAM/slam_ws/install/visualization/share/ament_index/resource_index/parent_prefix_path/visualization
[2.273s] -- Installing: /home/williamfbx/SLAM/slam_ws/install/visualization/share/visualization/environment/ament_prefix_path.sh
[2.273s] -- Installing: /home/williamfbx/SLAM/slam_ws/install/visualization/share/visualization/environment/ament_prefix_path.dsv
[2.273s] -- Installing: /home/williamfbx/SLAM/slam_ws/install/visualization/share/visualization/environment/path.sh
[2.273s] -- Installing: /home/williamfbx/SLAM/slam_ws/install/visualization/share/visualization/environment/path.dsv
[2.273s] -- Installing: /home/williamfbx/SLAM/slam_ws/install/visualization/share/visualization/local_setup.bash
[2.274s] -- Installing: /home/williamfbx/SLAM/slam_ws/install/visualization/share/visualization/local_setup.sh
[2.274s] -- Installing: /home/williamfbx/SLAM/slam_ws/install/visualization/share/visualization/local_setup.zsh
[2.274s] -- Installing: /home/williamfbx/SLAM/slam_ws/install/visualization/share/visualization/local_setup.dsv
[2.274s] -- Up-to-date: /home/williamfbx/SLAM/slam_ws/install/visualization/share/visualization/package.dsv
[2.274s] -- Installing: /home/williamfbx/SLAM/slam_ws/install/visualization/share/ament_index/resource_index/packages/visualization
[2.274s] -- Installing: /home/williamfbx/SLAM/slam_ws/install/visualization/share/visualization/cmake/visualizationConfig.cmake
[2.274s] -- Installing: /home/williamfbx/SLAM/slam_ws/install/visualization/share/visualization/cmake/visualizationConfig-version.cmake
[2.274s] -- Installing: /home/williamfbx/SLAM/slam_ws/install/visualization/share/visualization/package.xml
[2.278s] Invoked command in '/home/williamfbx/SLAM/slam_ws/build/visualization' returned '0': CMAKE_PREFIX_PATH=${CMAKE_PREFIX_PATH}:/opt/ros/humble /usr/bin/cmake --install /home/williamfbx/SLAM/slam_ws/build/visualization
