[0.028s] Invoking command in '/home/williamfbx/SLAM/slam_ws/build/grid_map_pcl': CMAKE_PREFIX_PATH=/home/williamfbx/SLAM/slam_ws/install/grid_map_ros:/home/williamfbx/SLAM/slam_ws/install/grid_map_cv:/home/williamfbx/SLAM/slam_ws/install/grid_map_msgs:/home/williamfbx/SLAM/slam_ws/install/grid_map_core:/home/williamfbx/SLAM/slam_ws/install/grid_map_cmake_helpers:/home/williamfbx/SLAM/slam_ws/install/grid_map:/home/williamfbx/SLAM/slam_ws/install/grid_map_demos:/home/williamfbx/SLAM/slam_ws/install/grid_map_visualization:/home/williamfbx/SLAM/slam_ws/install/grid_map_sdf:/home/williamfbx/SLAM/slam_ws/install/grid_map_rviz_plugin:/home/williamfbx/SLAM/slam_ws/install/grid_map_pcl:/home/williamfbx/SLAM/slam_ws/install/grid_map_loader:/home/williamfbx/SLAM/slam_ws/install/grid_map_filters:/home/williamfbx/SLAM/slam_ws/install/grid_map_octomap:/home/williamfbx/SLAM/slam_ws/install/grid_map_costmap_2d:/home/williamfbx/SLAM/slam_ws/install/visualization:/home/williamfbx/SLAM/slam_ws/install/launcher:/home/williamfbx/SLAM/slam_ws/install/sensing:/home/williamfbx/SLAM/slam_ws/install/realsense2_description:/home/williamfbx/SLAM/slam_ws/install/realsense2_camera:/home/williamfbx/SLAM/slam_ws/install/realsense2_camera_msgs:/home/williamfbx/SLAM/slam_ws/install/realsense:/home/williamfbx/SLAM/slam_ws/install/mapping:/home/williamfbx/SLAM/slam_ws/install/localization:/opt/ros/humble LD_LIBRARY_PATH=/home/williamfbx/SLAM/slam_ws/install/grid_map_ros/lib:/home/williamfbx/SLAM/slam_ws/install/grid_map_cv/lib:/home/williamfbx/SLAM/slam_ws/install/grid_map_msgs/lib:/home/williamfbx/SLAM/slam_ws/install/grid_map_demos/lib:/home/williamfbx/SLAM/slam_ws/install/grid_map_visualization/lib:/home/williamfbx/SLAM/slam_ws/install/grid_map_sdf/lib:/home/williamfbx/SLAM/slam_ws/install/grid_map_rviz_plugin/lib:/home/williamfbx/SLAM/slam_ws/install/grid_map_pcl/lib:/home/williamfbx/SLAM/slam_ws/install/grid_map_loader/lib:/home/williamfbx/SLAM/slam_ws/install/grid_map_filters/lib:/home/williamfbx/SLAM/slam_ws/install/grid_map_octomap/lib:/home/williamfbx/SLAM/slam_ws/install/grid_map_costmap_2d/lib:/home/williamfbx/SLAM/slam_ws/install/grid_map_core/lib:/home/williamfbx/SLAM/slam_ws/install/realsense2_camera/lib:/home/williamfbx/SLAM/slam_ws/install/realsense2_camera_msgs/lib:/usr/lib/x86_64-linux-gnu/gazebo-11/plugins:/opt/ros/humble/opt/rviz_ogre_vendor/lib:/opt/ros/humble/lib/x86_64-linux-gnu:/opt/ros/humble/lib /usr/bin/cmake --build /home/williamfbx/SLAM/slam_ws/build/grid_map_pcl -- -j12 -l12
[0.083s] [35m[1mConsolidate compiler generated dependencies of target gtest_main[0m
[0.085s] [35m[1mConsolidate compiler generated dependencies of target gtest[0m
[0.092s] [35m[1mConsolidate compiler generated dependencies of target grid_map_pcl[0m
[0.098s] [ 10%] Built target gtest_main
[0.106s] [ 21%] Built target gtest
[0.143s] [ 52%] Built target grid_map_pcl
[0.160s] [35m[1mConsolidate compiler generated dependencies of target grid_map_pcl_loader_node[0m
[0.161s] [35m[1mConsolidate compiler generated dependencies of target grid_map_pcl-test[0m
[0.185s] [ 63%] Built target grid_map_pcl_loader_node
[0.198s] [100%] Built target grid_map_pcl-test
[0.218s] Invoked command in '/home/williamfbx/SLAM/slam_ws/build/grid_map_pcl' returned '0': CMAKE_PREFIX_PATH=/home/williamfbx/SLAM/slam_ws/install/grid_map_ros:/home/williamfbx/SLAM/slam_ws/install/grid_map_cv:/home/williamfbx/SLAM/slam_ws/install/grid_map_msgs:/home/williamfbx/SLAM/slam_ws/install/grid_map_core:/home/williamfbx/SLAM/slam_ws/install/grid_map_cmake_helpers:/home/williamfbx/SLAM/slam_ws/install/grid_map:/home/williamfbx/SLAM/slam_ws/install/grid_map_demos:/home/williamfbx/SLAM/slam_ws/install/grid_map_visualization:/home/williamfbx/SLAM/slam_ws/install/grid_map_sdf:/home/williamfbx/SLAM/slam_ws/install/grid_map_rviz_plugin:/home/williamfbx/SLAM/slam_ws/install/grid_map_pcl:/home/williamfbx/SLAM/slam_ws/install/grid_map_loader:/home/williamfbx/SLAM/slam_ws/install/grid_map_filters:/home/williamfbx/SLAM/slam_ws/install/grid_map_octomap:/home/williamfbx/SLAM/slam_ws/install/grid_map_costmap_2d:/home/williamfbx/SLAM/slam_ws/install/visualization:/home/williamfbx/SLAM/slam_ws/install/launcher:/home/williamfbx/SLAM/slam_ws/install/sensing:/home/williamfbx/SLAM/slam_ws/install/realsense2_description:/home/williamfbx/SLAM/slam_ws/install/realsense2_camera:/home/williamfbx/SLAM/slam_ws/install/realsense2_camera_msgs:/home/williamfbx/SLAM/slam_ws/install/realsense:/home/williamfbx/SLAM/slam_ws/install/mapping:/home/williamfbx/SLAM/slam_ws/install/localization:/opt/ros/humble LD_LIBRARY_PATH=/home/williamfbx/SLAM/slam_ws/install/grid_map_ros/lib:/home/williamfbx/SLAM/slam_ws/install/grid_map_cv/lib:/home/williamfbx/SLAM/slam_ws/install/grid_map_msgs/lib:/home/williamfbx/SLAM/slam_ws/install/grid_map_demos/lib:/home/williamfbx/SLAM/slam_ws/install/grid_map_visualization/lib:/home/williamfbx/SLAM/slam_ws/install/grid_map_sdf/lib:/home/williamfbx/SLAM/slam_ws/install/grid_map_rviz_plugin/lib:/home/williamfbx/SLAM/slam_ws/install/grid_map_pcl/lib:/home/williamfbx/SLAM/slam_ws/install/grid_map_loader/lib:/home/williamfbx/SLAM/slam_ws/install/grid_map_filters/lib:/home/williamfbx/SLAM/slam_ws/install/grid_map_octomap/lib:/home/williamfbx/SLAM/slam_ws/install/grid_map_costmap_2d/lib:/home/williamfbx/SLAM/slam_ws/install/grid_map_core/lib:/home/williamfbx/SLAM/slam_ws/install/realsense2_camera/lib:/home/williamfbx/SLAM/slam_ws/install/realsense2_camera_msgs/lib:/usr/lib/x86_64-linux-gnu/gazebo-11/plugins:/opt/ros/humble/opt/rviz_ogre_vendor/lib:/opt/ros/humble/lib/x86_64-linux-gnu:/opt/ros/humble/lib /usr/bin/cmake --build /home/williamfbx/SLAM/slam_ws/build/grid_map_pcl -- -j12 -l12
[0.221s] Invoking command in '/home/williamfbx/SLAM/slam_ws/build/grid_map_pcl': CMAKE_PREFIX_PATH=/home/williamfbx/SLAM/slam_ws/install/grid_map_ros:/home/williamfbx/SLAM/slam_ws/install/grid_map_cv:/home/williamfbx/SLAM/slam_ws/install/grid_map_msgs:/home/williamfbx/SLAM/slam_ws/install/grid_map_core:/home/williamfbx/SLAM/slam_ws/install/grid_map_cmake_helpers:/home/williamfbx/SLAM/slam_ws/install/grid_map:/home/williamfbx/SLAM/slam_ws/install/grid_map_demos:/home/williamfbx/SLAM/slam_ws/install/grid_map_visualization:/home/williamfbx/SLAM/slam_ws/install/grid_map_sdf:/home/williamfbx/SLAM/slam_ws/install/grid_map_rviz_plugin:/home/williamfbx/SLAM/slam_ws/install/grid_map_pcl:/home/williamfbx/SLAM/slam_ws/install/grid_map_loader:/home/williamfbx/SLAM/slam_ws/install/grid_map_filters:/home/williamfbx/SLAM/slam_ws/install/grid_map_octomap:/home/williamfbx/SLAM/slam_ws/install/grid_map_costmap_2d:/home/williamfbx/SLAM/slam_ws/install/visualization:/home/williamfbx/SLAM/slam_ws/install/launcher:/home/williamfbx/SLAM/slam_ws/install/sensing:/home/williamfbx/SLAM/slam_ws/install/realsense2_description:/home/williamfbx/SLAM/slam_ws/install/realsense2_camera:/home/williamfbx/SLAM/slam_ws/install/realsense2_camera_msgs:/home/williamfbx/SLAM/slam_ws/install/realsense:/home/williamfbx/SLAM/slam_ws/install/mapping:/home/williamfbx/SLAM/slam_ws/install/localization:/opt/ros/humble LD_LIBRARY_PATH=/home/williamfbx/SLAM/slam_ws/install/grid_map_ros/lib:/home/williamfbx/SLAM/slam_ws/install/grid_map_cv/lib:/home/williamfbx/SLAM/slam_ws/install/grid_map_msgs/lib:/home/williamfbx/SLAM/slam_ws/install/grid_map_demos/lib:/home/williamfbx/SLAM/slam_ws/install/grid_map_visualization/lib:/home/williamfbx/SLAM/slam_ws/install/grid_map_sdf/lib:/home/williamfbx/SLAM/slam_ws/install/grid_map_rviz_plugin/lib:/home/williamfbx/SLAM/slam_ws/install/grid_map_pcl/lib:/home/williamfbx/SLAM/slam_ws/install/grid_map_loader/lib:/home/williamfbx/SLAM/slam_ws/install/grid_map_filters/lib:/home/williamfbx/SLAM/slam_ws/install/grid_map_octomap/lib:/home/williamfbx/SLAM/slam_ws/install/grid_map_costmap_2d/lib:/home/williamfbx/SLAM/slam_ws/install/grid_map_core/lib:/home/williamfbx/SLAM/slam_ws/install/realsense2_camera/lib:/home/williamfbx/SLAM/slam_ws/install/realsense2_camera_msgs/lib:/usr/lib/x86_64-linux-gnu/gazebo-11/plugins:/opt/ros/humble/opt/rviz_ogre_vendor/lib:/opt/ros/humble/lib/x86_64-linux-gnu:/opt/ros/humble/lib /usr/bin/cmake --install /home/williamfbx/SLAM/slam_ws/build/grid_map_pcl
[0.226s] -- Install configuration: "Release"
[0.226s] -- Up-to-date: /home/williamfbx/SLAM/slam_ws/install/grid_map_pcl/lib/libgrid_map_pcl.so
[0.226s] -- Up-to-date: /home/williamfbx/SLAM/slam_ws/install/grid_map_pcl/lib/grid_map_pcl/grid_map_pcl_loader_node
[0.226s] -- Up-to-date: /home/williamfbx/SLAM/slam_ws/install/grid_map_pcl/include/grid_map_pcl
[0.227s] -- Up-to-date: /home/williamfbx/SLAM/slam_ws/install/grid_map_pcl/include/grid_map_pcl/GridMapPclConverter.hpp
[0.227s] -- Up-to-date: /home/williamfbx/SLAM/slam_ws/install/grid_map_pcl/include/grid_map_pcl/PclLoaderParameters.hpp
[0.227s] -- Up-to-date: /home/williamfbx/SLAM/slam_ws/install/grid_map_pcl/include/grid_map_pcl/grid_map_pcl.hpp
[0.227s] -- Up-to-date: /home/williamfbx/SLAM/slam_ws/install/grid_map_pcl/include/grid_map_pcl/helpers.hpp
[0.227s] -- Up-to-date: /home/williamfbx/SLAM/slam_ws/install/grid_map_pcl/include/grid_map_pcl/PointcloudProcessor.hpp
[0.227s] -- Up-to-date: /home/williamfbx/SLAM/slam_ws/install/grid_map_pcl/include/grid_map_pcl/GridMapPclLoader.hpp
[0.227s] -- Up-to-date: /home/williamfbx/SLAM/slam_ws/install/grid_map_pcl/share/grid_map_pcl/config
[0.227s] -- Up-to-date: /home/williamfbx/SLAM/slam_ws/install/grid_map_pcl/share/grid_map_pcl/config/parameters.yaml
[0.227s] -- Up-to-date: /home/williamfbx/SLAM/slam_ws/install/grid_map_pcl/share/grid_map_pcl/launch
[0.227s] -- Up-to-date: /home/williamfbx/SLAM/slam_ws/install/grid_map_pcl/share/grid_map_pcl/launch/grid_map_pcl_loader_launch.py
[0.227s] -- Up-to-date: /home/williamfbx/SLAM/slam_ws/install/grid_map_pcl/share/grid_map_pcl/test_data/
[0.227s] -- Up-to-date: /home/williamfbx/SLAM/slam_ws/install/grid_map_pcl/share/grid_map_pcl/test_data//parameters.yaml
[0.227s] -- Up-to-date: /home/williamfbx/SLAM/slam_ws/install/grid_map_pcl/share/grid_map_pcl/test_data//plane_noisy.pcd
[0.227s] -- Up-to-date: /home/williamfbx/SLAM/slam_ws/install/grid_map_pcl/share/grid_map_pcl/environment/library_path.sh
[0.227s] -- Up-to-date: /home/williamfbx/SLAM/slam_ws/install/grid_map_pcl/share/grid_map_pcl/environment/library_path.dsv
[0.227s] -- Up-to-date: /home/williamfbx/SLAM/slam_ws/install/grid_map_pcl/share/ament_index/resource_index/package_run_dependencies/grid_map_pcl
[0.227s] -- Up-to-date: /home/williamfbx/SLAM/slam_ws/install/grid_map_pcl/share/ament_index/resource_index/parent_prefix_path/grid_map_pcl
[0.227s] -- Up-to-date: /home/williamfbx/SLAM/slam_ws/install/grid_map_pcl/share/grid_map_pcl/environment/ament_prefix_path.sh
[0.227s] -- Up-to-date: /home/williamfbx/SLAM/slam_ws/install/grid_map_pcl/share/grid_map_pcl/environment/ament_prefix_path.dsv
[0.227s] -- Up-to-date: /home/williamfbx/SLAM/slam_ws/install/grid_map_pcl/share/grid_map_pcl/environment/path.sh
[0.227s] -- Up-to-date: /home/williamfbx/SLAM/slam_ws/install/grid_map_pcl/share/grid_map_pcl/environment/path.dsv
[0.227s] -- Up-to-date: /home/williamfbx/SLAM/slam_ws/install/grid_map_pcl/share/grid_map_pcl/local_setup.bash
[0.227s] -- Up-to-date: /home/williamfbx/SLAM/slam_ws/install/grid_map_pcl/share/grid_map_pcl/local_setup.sh
[0.227s] -- Up-to-date: /home/williamfbx/SLAM/slam_ws/install/grid_map_pcl/share/grid_map_pcl/local_setup.zsh
[0.227s] -- Up-to-date: /home/williamfbx/SLAM/slam_ws/install/grid_map_pcl/share/grid_map_pcl/local_setup.dsv
[0.227s] -- Installing: /home/williamfbx/SLAM/slam_ws/install/grid_map_pcl/share/grid_map_pcl/package.dsv
[0.227s] -- Up-to-date: /home/williamfbx/SLAM/slam_ws/install/grid_map_pcl/share/ament_index/resource_index/packages/grid_map_pcl
[0.228s] -- Up-to-date: /home/williamfbx/SLAM/slam_ws/install/grid_map_pcl/share/grid_map_pcl/cmake/ament_cmake_export_include_directories-extras.cmake
[0.228s] -- Up-to-date: /home/williamfbx/SLAM/slam_ws/install/grid_map_pcl/share/grid_map_pcl/cmake/ament_cmake_export_libraries-extras.cmake
[0.228s] -- Up-to-date: /home/williamfbx/SLAM/slam_ws/install/grid_map_pcl/share/grid_map_pcl/cmake/grid_map_pclConfig.cmake
[0.228s] -- Up-to-date: /home/williamfbx/SLAM/slam_ws/install/grid_map_pcl/share/grid_map_pcl/cmake/grid_map_pclConfig-version.cmake
[0.228s] -- Up-to-date: /home/williamfbx/SLAM/slam_ws/install/grid_map_pcl/share/grid_map_pcl/package.xml
[0.229s] Invoked command in '/home/williamfbx/SLAM/slam_ws/build/grid_map_pcl' returned '0': CMAKE_PREFIX_PATH=/home/williamfbx/SLAM/slam_ws/install/grid_map_ros:/home/williamfbx/SLAM/slam_ws/install/grid_map_cv:/home/williamfbx/SLAM/slam_ws/install/grid_map_msgs:/home/williamfbx/SLAM/slam_ws/install/grid_map_core:/home/williamfbx/SLAM/slam_ws/install/grid_map_cmake_helpers:/home/williamfbx/SLAM/slam_ws/install/grid_map:/home/williamfbx/SLAM/slam_ws/install/grid_map_demos:/home/williamfbx/SLAM/slam_ws/install/grid_map_visualization:/home/williamfbx/SLAM/slam_ws/install/grid_map_sdf:/home/williamfbx/SLAM/slam_ws/install/grid_map_rviz_plugin:/home/williamfbx/SLAM/slam_ws/install/grid_map_pcl:/home/williamfbx/SLAM/slam_ws/install/grid_map_loader:/home/williamfbx/SLAM/slam_ws/install/grid_map_filters:/home/williamfbx/SLAM/slam_ws/install/grid_map_octomap:/home/williamfbx/SLAM/slam_ws/install/grid_map_costmap_2d:/home/williamfbx/SLAM/slam_ws/install/visualization:/home/williamfbx/SLAM/slam_ws/install/launcher:/home/williamfbx/SLAM/slam_ws/install/sensing:/home/williamfbx/SLAM/slam_ws/install/realsense2_description:/home/williamfbx/SLAM/slam_ws/install/realsense2_camera:/home/williamfbx/SLAM/slam_ws/install/realsense2_camera_msgs:/home/williamfbx/SLAM/slam_ws/install/realsense:/home/williamfbx/SLAM/slam_ws/install/mapping:/home/williamfbx/SLAM/slam_ws/install/localization:/opt/ros/humble LD_LIBRARY_PATH=/home/williamfbx/SLAM/slam_ws/install/grid_map_ros/lib:/home/williamfbx/SLAM/slam_ws/install/grid_map_cv/lib:/home/williamfbx/SLAM/slam_ws/install/grid_map_msgs/lib:/home/williamfbx/SLAM/slam_ws/install/grid_map_demos/lib:/home/williamfbx/SLAM/slam_ws/install/grid_map_visualization/lib:/home/williamfbx/SLAM/slam_ws/install/grid_map_sdf/lib:/home/williamfbx/SLAM/slam_ws/install/grid_map_rviz_plugin/lib:/home/williamfbx/SLAM/slam_ws/install/grid_map_pcl/lib:/home/williamfbx/SLAM/slam_ws/install/grid_map_loader/lib:/home/williamfbx/SLAM/slam_ws/install/grid_map_filters/lib:/home/williamfbx/SLAM/slam_ws/install/grid_map_octomap/lib:/home/williamfbx/SLAM/slam_ws/install/grid_map_costmap_2d/lib:/home/williamfbx/SLAM/slam_ws/install/grid_map_core/lib:/home/williamfbx/SLAM/slam_ws/install/realsense2_camera/lib:/home/williamfbx/SLAM/slam_ws/install/realsense2_camera_msgs/lib:/usr/lib/x86_64-linux-gnu/gazebo-11/plugins:/opt/ros/humble/opt/rviz_ogre_vendor/lib:/opt/ros/humble/lib/x86_64-linux-gnu:/opt/ros/humble/lib /usr/bin/cmake --install /home/williamfbx/SLAM/slam_ws/build/grid_map_pcl
