-- Found ament_cmake: 1.3.11 (/opt/ros/humble/share/ament_cmake/cmake)
-- Found grid_map_cmake_helpers: 2.0.1 (/home/williamfbx/SLAM/slam_ws/install/grid_map_cmake_helpers/share/grid_map_cmake_helpers/cmake)
-- Found grid_map_msgs: 2.0.1 (/home/williamfbx/SLAM/slam_ws/install/grid_map_msgs/share/grid_map_msgs/cmake)
-- Found rosidl_generator_c: 3.1.6 (/opt/ros/humble/share/rosidl_generator_c/cmake)
-- Found rosidl_adapter: 3.1.6 (/opt/ros/humble/share/rosidl_adapter/cmake)
-- Found rosidl_generator_cpp: 3.1.6 (/opt/ros/humble/share/rosidl_generator_cpp/cmake)
-- Using all available rosidl_typesupport_c: rosidl_typesupport_fastrtps_c;rosidl_typesupport_introspection_c
-- Using all available rosidl_typesupport_cpp: rosidl_typesupport_fastrtps_cpp;rosidl_typesupport_introspection_cpp
-- Found grid_map_ros: 2.0.1 (/home/williamfbx/SLAM/slam_ws/install/grid_map_ros/share/grid_map_ros/cmake)
-- Found rmw_implementation_cmake: 6.1.2 (/opt/ros/humble/share/rmw_implementation_cmake/cmake)
-- Found rmw_fastrtps_cpp: 6.2.7 (/opt/ros/humble/share/rmw_fastrtps_cpp/cmake)
-- Found TinyXML2 via Config file: TinyXML2_DIR-NOTFOUND
-- Found TinyXML2 via Config file: TinyXML2_DIR-NOTFOUND
-- Found TinyXML2 via Config file: TinyXML2_DIR-NOTFOUND
-- Found TinyXML2 via Config file: TinyXML2_DIR-NOTFOUND
-- Using RMW implementation 'rmw_fastrtps_cpp' as default
-- Found rviz_common: 11.2.16 (/opt/ros/humble/share/rviz_common/cmake)
-- Setting assimp_DIR to: '/opt/ros/humble/share/rviz_assimp_vendor/cmake/../../../opt/rviz_assimp_vendor/lib/cmake/assimp-4.1'
-- Setting OGRE_DIR to: '/opt/ros/humble/share/rviz_ogre_vendor/cmake/../../../opt/rviz_ogre_vendor/lib/OGRE/cmake'
-- Found OGRE
--   static     : OFF
--   components : HLMS;MeshLodGenerator;Overlay;Paging;Property;RTShaderSystem;Terrain;Volume
--   plugins    : Plugin_BSPSceneManager;Plugin_OctreeSceneManager;Plugin_PCZSceneManager;Plugin_ParticleFX;RenderSystem_GL;RenderSystem_GL3Plus;Codec_STBI
--   media      : /opt/ros/humble/opt/rviz_ogre_vendor/share/OGRE/Media
-- OGRE_LIBRARIES: OgreHLMS;OgreMeshLodGenerator;OgreOverlay;OgrePaging;OgreProperty;OgreRTShaderSystem;OgreTerrain;OgreVolume;OgreMain
-- OGRE_LIBRARY_DIRS: /opt/ros/humble/opt/rviz_ogre_vendor/lib
-- OGRE_PLUGINS: Plugin_BSPSceneManager;Plugin_OctreeSceneManager;Plugin_PCZSceneManager;Plugin_ParticleFX;RenderSystem_GL;RenderSystem_GL3Plus;Codec_STBI
-- OGRE_PLUGIN_DIR: /opt/ros/humble/opt/rviz_ogre_vendor/lib/OGRE
-- rviz_ogre_vendor::OgreOverlay for IMPORTED_LOCATION_RELEASE: /opt/ros/humble/opt/rviz_ogre_vendor/lib/libOgreOverlay.so
-- rviz_ogre_vendor::OgreOverlay for IMPORTED_LOCATION_DEBUG: /opt/ros/humble/opt/rviz_ogre_vendor/lib/libOgreOverlay.so
-- rviz_ogre_vendor::OgreMain for IMPORTED_LOCATION_RELEASE: /opt/ros/humble/opt/rviz_ogre_vendor/lib/libOgreMain.so
-- rviz_ogre_vendor::OgreMain for IMPORTED_LOCATION_DEBUG: /opt/ros/humble/opt/rviz_ogre_vendor/lib/libOgreMain.so
-- library: /usr/lib/x86_64-linux-gnu/libcurl.so
-- Ensuring Eigen3 include directory is part of orocos-kdl CMake target
-- Found ament_lint_auto: 0.12.11 (/opt/ros/humble/share/ament_lint_auto/cmake)
-- Added test 'cppcheck' to perform static code analysis on C / C++ code
-- Configured cppcheck include dirs: /home/williamfbx/SLAM/slam_ws/src/drivers/grid_map/grid_map_rviz_plugin/include
-- Configured cppcheck exclude dirs and/or files: 
-- Added test 'lint_cmake' to check CMake code style
-- Added test 'uncrustify' to check C / C++ code style
-- Configured uncrustify additional arguments: 
-- Added test 'xmllint' to check XML markup files
-- Configuring done
-- Generating done
-- Build files have been written to: /home/williamfbx/SLAM/slam_ws/build/grid_map_rviz_plugin
[ 14%] [34m[1mAutomatic MOC for target grid_map_rviz_plugin[0m
[ 14%] Built target grid_map_rviz_plugin_autogen
[35m[1mConsolidate compiler generated dependencies of target grid_map_rviz_plugin[0m
[ 28%] [32m[1mLinking CXX shared library libgrid_map_rviz_plugin.so[0m
[100%] Built target grid_map_rviz_plugin
-- Install configuration: "Release"
-- Up-to-date: /home/williamfbx/SLAM/slam_ws/install/grid_map_rviz_plugin/share/grid_map_rviz_plugin/plugin_description.xml
-- Up-to-date: /home/williamfbx/SLAM/slam_ws/install/grid_map_rviz_plugin/include
-- Up-to-date: /home/williamfbx/SLAM/slam_ws/install/grid_map_rviz_plugin/include/grid_map_rviz_plugin
-- Up-to-date: /home/williamfbx/SLAM/slam_ws/install/grid_map_rviz_plugin/include/grid_map_rviz_plugin/GridMapVisual.hpp
-- Up-to-date: /home/williamfbx/SLAM/slam_ws/install/grid_map_rviz_plugin/include/grid_map_rviz_plugin/GridMapDisplay.hpp
-- Installing: /home/williamfbx/SLAM/slam_ws/install/grid_map_rviz_plugin/lib/libgrid_map_rviz_plugin.so
-- Set runtime path of "/home/williamfbx/SLAM/slam_ws/install/grid_map_rviz_plugin/lib/libgrid_map_rviz_plugin.so" to ""
-- Up-to-date: /home/williamfbx/SLAM/slam_ws/install/grid_map_rviz_plugin/share/grid_map_rviz_plugin/plugin_description.xml
-- Up-to-date: /home/williamfbx/SLAM/slam_ws/install/grid_map_rviz_plugin/share/grid_map_rviz_plugin/icons/icons
-- Up-to-date: /home/williamfbx/SLAM/slam_ws/install/grid_map_rviz_plugin/share/grid_map_rviz_plugin/icons/icons/classes
-- Up-to-date: /home/williamfbx/SLAM/slam_ws/install/grid_map_rviz_plugin/share/grid_map_rviz_plugin/icons/icons/classes/GridMap.png
-- Up-to-date: /home/williamfbx/SLAM/slam_ws/install/grid_map_rviz_plugin/share/grid_map_rviz_plugin/doc
-- Up-to-date: /home/williamfbx/SLAM/slam_ws/install/grid_map_rviz_plugin/share/grid_map_rviz_plugin/doc/grid_map_rviz_plugin.png
-- Up-to-date: /home/williamfbx/SLAM/slam_ws/install/grid_map_rviz_plugin/share/grid_map_rviz_plugin/doc/grid_map_rviz_plugin_example.png
-- Up-to-date: /home/williamfbx/SLAM/slam_ws/install/grid_map_rviz_plugin/share/grid_map_rviz_plugin/environment/library_path.sh
-- Installing: /home/williamfbx/SLAM/slam_ws/install/grid_map_rviz_plugin/share/grid_map_rviz_plugin/environment/library_path.dsv
-- Up-to-date: /home/williamfbx/SLAM/slam_ws/install/grid_map_rviz_plugin/share/ament_index/resource_index/package_run_dependencies/grid_map_rviz_plugin
-- Installing: /home/williamfbx/SLAM/slam_ws/install/grid_map_rviz_plugin/share/ament_index/resource_index/parent_prefix_path/grid_map_rviz_plugin
-- Up-to-date: /home/williamfbx/SLAM/slam_ws/install/grid_map_rviz_plugin/share/grid_map_rviz_plugin/environment/ament_prefix_path.sh
-- Installing: /home/williamfbx/SLAM/slam_ws/install/grid_map_rviz_plugin/share/grid_map_rviz_plugin/environment/ament_prefix_path.dsv
-- Up-to-date: /home/williamfbx/SLAM/slam_ws/install/grid_map_rviz_plugin/share/grid_map_rviz_plugin/environment/path.sh
-- Installing: /home/williamfbx/SLAM/slam_ws/install/grid_map_rviz_plugin/share/grid_map_rviz_plugin/environment/path.dsv
-- Up-to-date: /home/williamfbx/SLAM/slam_ws/install/grid_map_rviz_plugin/share/grid_map_rviz_plugin/local_setup.bash
-- Up-to-date: /home/williamfbx/SLAM/slam_ws/install/grid_map_rviz_plugin/share/grid_map_rviz_plugin/local_setup.sh
-- Up-to-date: /home/williamfbx/SLAM/slam_ws/install/grid_map_rviz_plugin/share/grid_map_rviz_plugin/local_setup.zsh
-- Installing: /home/williamfbx/SLAM/slam_ws/install/grid_map_rviz_plugin/share/grid_map_rviz_plugin/local_setup.dsv
-- Installing: /home/williamfbx/SLAM/slam_ws/install/grid_map_rviz_plugin/share/grid_map_rviz_plugin/package.dsv
-- Up-to-date: /home/williamfbx/SLAM/slam_ws/install/grid_map_rviz_plugin/share/ament_index/resource_index/packages/grid_map_rviz_plugin
-- Up-to-date: /home/williamfbx/SLAM/slam_ws/install/grid_map_rviz_plugin/share/ament_index/resource_index/rviz_common__pluginlib__plugin/grid_map_rviz_plugin
-- Up-to-date: /home/williamfbx/SLAM/slam_ws/install/grid_map_rviz_plugin/share/grid_map_rviz_plugin/cmake/grid_map_rviz_pluginExport.cmake
-- Up-to-date: /home/williamfbx/SLAM/slam_ws/install/grid_map_rviz_plugin/share/grid_map_rviz_plugin/cmake/grid_map_rviz_pluginExport-release.cmake
-- Up-to-date: /home/williamfbx/SLAM/slam_ws/install/grid_map_rviz_plugin/share/grid_map_rviz_plugin/cmake/ament_cmake_export_include_directories-extras.cmake
-- Up-to-date: /home/williamfbx/SLAM/slam_ws/install/grid_map_rviz_plugin/share/grid_map_rviz_plugin/cmake/ament_cmake_export_targets-extras.cmake
-- Up-to-date: /home/williamfbx/SLAM/slam_ws/install/grid_map_rviz_plugin/share/grid_map_rviz_plugin/cmake/ament_cmake_export_dependencies-extras.cmake
-- Up-to-date: /home/williamfbx/SLAM/slam_ws/install/grid_map_rviz_plugin/share/grid_map_rviz_plugin/cmake/grid_map_rviz_pluginConfig.cmake
-- Up-to-date: /home/williamfbx/SLAM/slam_ws/install/grid_map_rviz_plugin/share/grid_map_rviz_plugin/cmake/grid_map_rviz_pluginConfig-version.cmake
-- Up-to-date: /home/williamfbx/SLAM/slam_ws/install/grid_map_rviz_plugin/share/grid_map_rviz_plugin/package.xml
