[0.033s] Invoking command in '/home/williamfbx/SLAM/slam_ws/build/grid_map_rviz_plugin': AMENT_PREFIX_PATH=/home/williamfbx/SLAM/slam_ws/install/grid_map_ros:/home/williamfbx/SLAM/slam_ws/install/grid_map_cv:/home/williamfbx/SLAM/slam_ws/install/grid_map_msgs:/home/williamfbx/SLAM/slam_ws/install/grid_map_core:/home/williamfbx/SLAM/slam_ws/install/grid_map_cmake_helpers:${AMENT_PREFIX_PATH} CMAKE_PREFIX_PATH=/home/williamfbx/SLAM/slam_ws/install/grid_map_ros:/home/williamfbx/SLAM/slam_ws/install/grid_map_cv:/home/williamfbx/SLAM/slam_ws/install/grid_map_msgs:/home/williamfbx/SLAM/slam_ws/install/grid_map_core:/home/williamfbx/SLAM/slam_ws/install/grid_map_cmake_helpers:/opt/ros/humble LD_LIBRARY_PATH=/home/williamfbx/SLAM/slam_ws/install/grid_map_ros/lib:/home/williamfbx/SLAM/slam_ws/install/grid_map_cv/lib:/home/williamfbx/SLAM/slam_ws/install/grid_map_msgs/lib:/home/williamfbx/SLAM/slam_ws/install/grid_map_core/lib:${LD_LIBRARY_PATH} PYTHONPATH=/home/williamfbx/SLAM/slam_ws/install/grid_map_msgs/local/lib/python3.10/dist-packages:${PYTHONPATH} /usr/bin/cmake --build /home/williamfbx/SLAM/slam_ws/build/grid_map_rviz_plugin -- -j12 -l12
[0.095s] -- Found ament_cmake: 1.3.11 (/opt/ros/humble/share/ament_cmake/cmake)
[0.256s] -- Found grid_map_cmake_helpers: 2.0.1 (/home/williamfbx/SLAM/slam_ws/install/grid_map_cmake_helpers/share/grid_map_cmake_helpers/cmake)
[0.257s] -- Found grid_map_msgs: 2.0.1 (/home/williamfbx/SLAM/slam_ws/install/grid_map_msgs/share/grid_map_msgs/cmake)
[0.281s] -- Found rosidl_generator_c: 3.1.6 (/opt/ros/humble/share/rosidl_generator_c/cmake)
[0.283s] -- Found rosidl_adapter: 3.1.6 (/opt/ros/humble/share/rosidl_adapter/cmake)
[0.288s] -- Found rosidl_generator_cpp: 3.1.6 (/opt/ros/humble/share/rosidl_generator_cpp/cmake)
[0.297s] -- Using all available rosidl_typesupport_c: rosidl_typesupport_fastrtps_c;rosidl_typesupport_introspection_c
[0.309s] -- Using all available rosidl_typesupport_cpp: rosidl_typesupport_fastrtps_cpp;rosidl_typesupport_introspection_cpp
[0.358s] -- Found grid_map_ros: 2.0.1 (/home/williamfbx/SLAM/slam_ws/install/grid_map_ros/share/grid_map_ros/cmake)
[0.430s] -- Found rmw_implementation_cmake: 6.1.2 (/opt/ros/humble/share/rmw_implementation_cmake/cmake)
[0.431s] -- Found rmw_fastrtps_cpp: 6.2.7 (/opt/ros/humble/share/rmw_fastrtps_cpp/cmake)
[0.450s] -- Found TinyXML2 via Config file: TinyXML2_DIR-NOTFOUND
[0.459s] -- Found TinyXML2 via Config file: TinyXML2_DIR-NOTFOUND
[0.475s] -- Found TinyXML2 via Config file: TinyXML2_DIR-NOTFOUND
[0.483s] -- Found TinyXML2 via Config file: TinyXML2_DIR-NOTFOUND
[0.494s] -- Using RMW implementation 'rmw_fastrtps_cpp' as default
[0.642s] -- Found rviz_common: 11.2.16 (/opt/ros/humble/share/rviz_common/cmake)
[0.648s] -- Setting assimp_DIR to: '/opt/ros/humble/share/rviz_assimp_vendor/cmake/../../../opt/rviz_assimp_vendor/lib/cmake/assimp-4.1'
[0.660s] -- Setting OGRE_DIR to: '/opt/ros/humble/share/rviz_ogre_vendor/cmake/../../../opt/rviz_ogre_vendor/lib/OGRE/cmake'
[0.664s] -- Found OGRE
[0.664s] --   static     : OFF
[0.665s] --   components : HLMS;MeshLodGenerator;Overlay;Paging;Property;RTShaderSystem;Terrain;Volume
[0.665s] --   plugins    : Plugin_BSPSceneManager;Plugin_OctreeSceneManager;Plugin_PCZSceneManager;Plugin_ParticleFX;RenderSystem_GL;RenderSystem_GL3Plus;Codec_STBI
[0.665s] --   media      : /opt/ros/humble/opt/rviz_ogre_vendor/share/OGRE/Media
[0.665s] -- OGRE_LIBRARIES: OgreHLMS;OgreMeshLodGenerator;OgreOverlay;OgrePaging;OgreProperty;OgreRTShaderSystem;OgreTerrain;OgreVolume;OgreMain
[0.665s] -- OGRE_LIBRARY_DIRS: /opt/ros/humble/opt/rviz_ogre_vendor/lib
[0.665s] -- OGRE_PLUGINS: Plugin_BSPSceneManager;Plugin_OctreeSceneManager;Plugin_PCZSceneManager;Plugin_ParticleFX;RenderSystem_GL;RenderSystem_GL3Plus;Codec_STBI
[0.665s] -- OGRE_PLUGIN_DIR: /opt/ros/humble/opt/rviz_ogre_vendor/lib/OGRE
[0.665s] -- rviz_ogre_vendor::OgreOverlay for IMPORTED_LOCATION_RELEASE: /opt/ros/humble/opt/rviz_ogre_vendor/lib/libOgreOverlay.so
[0.665s] -- rviz_ogre_vendor::OgreOverlay for IMPORTED_LOCATION_DEBUG: /opt/ros/humble/opt/rviz_ogre_vendor/lib/libOgreOverlay.so
[0.666s] -- rviz_ogre_vendor::OgreMain for IMPORTED_LOCATION_RELEASE: /opt/ros/humble/opt/rviz_ogre_vendor/lib/libOgreMain.so
[0.666s] -- rviz_ogre_vendor::OgreMain for IMPORTED_LOCATION_DEBUG: /opt/ros/humble/opt/rviz_ogre_vendor/lib/libOgreMain.so
[0.775s] -- library: /usr/lib/x86_64-linux-gnu/libcurl.so
[0.797s] -- Ensuring Eigen3 include directory is part of orocos-kdl CMake target
[0.970s] -- Found ament_lint_auto: 0.12.11 (/opt/ros/humble/share/ament_lint_auto/cmake)
[1.314s] -- Added test 'cppcheck' to perform static code analysis on C / C++ code
[1.323s] -- Configured cppcheck include dirs: /home/williamfbx/SLAM/slam_ws/src/drivers/grid_map/grid_map_rviz_plugin/include
[1.324s] -- Configured cppcheck exclude dirs and/or files: 
[1.325s] -- Added test 'lint_cmake' to check CMake code style
[1.332s] -- Added test 'uncrustify' to check C / C++ code style
[1.333s] -- Configured uncrustify additional arguments: 
[1.333s] -- Added test 'xmllint' to check XML markup files
[1.345s] -- Configuring done
[1.554s] -- Generating done
[1.589s] -- Build files have been written to: /home/williamfbx/SLAM/slam_ws/build/grid_map_rviz_plugin
[1.732s] [ 14%] [34m[1mAutomatic MOC for target grid_map_rviz_plugin[0m
[1.804s] [ 14%] Built target grid_map_rviz_plugin_autogen
[1.858s] [35m[1mConsolidate compiler generated dependencies of target grid_map_rviz_plugin[0m
[1.968s] [ 28%] [32m[1mLinking CXX shared library libgrid_map_rviz_plugin.so[0m
[6.383s] [100%] Built target grid_map_rviz_plugin
[6.439s] Invoked command in '/home/williamfbx/SLAM/slam_ws/build/grid_map_rviz_plugin' returned '0': AMENT_PREFIX_PATH=/home/williamfbx/SLAM/slam_ws/install/grid_map_ros:/home/williamfbx/SLAM/slam_ws/install/grid_map_cv:/home/williamfbx/SLAM/slam_ws/install/grid_map_msgs:/home/williamfbx/SLAM/slam_ws/install/grid_map_core:/home/williamfbx/SLAM/slam_ws/install/grid_map_cmake_helpers:${AMENT_PREFIX_PATH} CMAKE_PREFIX_PATH=/home/williamfbx/SLAM/slam_ws/install/grid_map_ros:/home/williamfbx/SLAM/slam_ws/install/grid_map_cv:/home/williamfbx/SLAM/slam_ws/install/grid_map_msgs:/home/williamfbx/SLAM/slam_ws/install/grid_map_core:/home/williamfbx/SLAM/slam_ws/install/grid_map_cmake_helpers:/opt/ros/humble LD_LIBRARY_PATH=/home/williamfbx/SLAM/slam_ws/install/grid_map_ros/lib:/home/williamfbx/SLAM/slam_ws/install/grid_map_cv/lib:/home/williamfbx/SLAM/slam_ws/install/grid_map_msgs/lib:/home/williamfbx/SLAM/slam_ws/install/grid_map_core/lib:${LD_LIBRARY_PATH} PYTHONPATH=/home/williamfbx/SLAM/slam_ws/install/grid_map_msgs/local/lib/python3.10/dist-packages:${PYTHONPATH} /usr/bin/cmake --build /home/williamfbx/SLAM/slam_ws/build/grid_map_rviz_plugin -- -j12 -l12
[6.445s] Invoking command in '/home/williamfbx/SLAM/slam_ws/build/grid_map_rviz_plugin': AMENT_PREFIX_PATH=/home/williamfbx/SLAM/slam_ws/install/grid_map_ros:/home/williamfbx/SLAM/slam_ws/install/grid_map_cv:/home/williamfbx/SLAM/slam_ws/install/grid_map_msgs:/home/williamfbx/SLAM/slam_ws/install/grid_map_core:/home/williamfbx/SLAM/slam_ws/install/grid_map_cmake_helpers:${AMENT_PREFIX_PATH} CMAKE_PREFIX_PATH=/home/williamfbx/SLAM/slam_ws/install/grid_map_ros:/home/williamfbx/SLAM/slam_ws/install/grid_map_cv:/home/williamfbx/SLAM/slam_ws/install/grid_map_msgs:/home/williamfbx/SLAM/slam_ws/install/grid_map_core:/home/williamfbx/SLAM/slam_ws/install/grid_map_cmake_helpers:/opt/ros/humble LD_LIBRARY_PATH=/home/williamfbx/SLAM/slam_ws/install/grid_map_ros/lib:/home/williamfbx/SLAM/slam_ws/install/grid_map_cv/lib:/home/williamfbx/SLAM/slam_ws/install/grid_map_msgs/lib:/home/williamfbx/SLAM/slam_ws/install/grid_map_core/lib:${LD_LIBRARY_PATH} PYTHONPATH=/home/williamfbx/SLAM/slam_ws/install/grid_map_msgs/local/lib/python3.10/dist-packages:${PYTHONPATH} /usr/bin/cmake --install /home/williamfbx/SLAM/slam_ws/build/grid_map_rviz_plugin
[6.483s] -- Install configuration: "Release"
[6.485s] -- Up-to-date: /home/williamfbx/SLAM/slam_ws/install/grid_map_rviz_plugin/share/grid_map_rviz_plugin/plugin_description.xml
[6.485s] -- Up-to-date: /home/williamfbx/SLAM/slam_ws/install/grid_map_rviz_plugin/include
[6.485s] -- Up-to-date: /home/williamfbx/SLAM/slam_ws/install/grid_map_rviz_plugin/include/grid_map_rviz_plugin
[6.486s] -- Up-to-date: /home/williamfbx/SLAM/slam_ws/install/grid_map_rviz_plugin/include/grid_map_rviz_plugin/GridMapVisual.hpp
[6.486s] -- Up-to-date: /home/williamfbx/SLAM/slam_ws/install/grid_map_rviz_plugin/include/grid_map_rviz_plugin/GridMapDisplay.hpp
[6.494s] -- Installing: /home/williamfbx/SLAM/slam_ws/install/grid_map_rviz_plugin/lib/libgrid_map_rviz_plugin.so
[6.496s] -- Set runtime path of "/home/williamfbx/SLAM/slam_ws/install/grid_map_rviz_plugin/lib/libgrid_map_rviz_plugin.so" to ""
[6.496s] -- Up-to-date: /home/williamfbx/SLAM/slam_ws/install/grid_map_rviz_plugin/share/grid_map_rviz_plugin/plugin_description.xml
[6.496s] -- Up-to-date: /home/williamfbx/SLAM/slam_ws/install/grid_map_rviz_plugin/share/grid_map_rviz_plugin/icons/icons
[6.496s] -- Up-to-date: /home/williamfbx/SLAM/slam_ws/install/grid_map_rviz_plugin/share/grid_map_rviz_plugin/icons/icons/classes
[6.496s] -- Up-to-date: /home/williamfbx/SLAM/slam_ws/install/grid_map_rviz_plugin/share/grid_map_rviz_plugin/icons/icons/classes/GridMap.png
[6.497s] -- Up-to-date: /home/williamfbx/SLAM/slam_ws/install/grid_map_rviz_plugin/share/grid_map_rviz_plugin/doc
[6.497s] -- Up-to-date: /home/williamfbx/SLAM/slam_ws/install/grid_map_rviz_plugin/share/grid_map_rviz_plugin/doc/grid_map_rviz_plugin.png
[6.497s] -- Up-to-date: /home/williamfbx/SLAM/slam_ws/install/grid_map_rviz_plugin/share/grid_map_rviz_plugin/doc/grid_map_rviz_plugin_example.png
[6.497s] -- Up-to-date: /home/williamfbx/SLAM/slam_ws/install/grid_map_rviz_plugin/share/grid_map_rviz_plugin/environment/library_path.sh
[6.497s] -- Installing: /home/williamfbx/SLAM/slam_ws/install/grid_map_rviz_plugin/share/grid_map_rviz_plugin/environment/library_path.dsv
[6.497s] -- Up-to-date: /home/williamfbx/SLAM/slam_ws/install/grid_map_rviz_plugin/share/ament_index/resource_index/package_run_dependencies/grid_map_rviz_plugin
[6.497s] -- Installing: /home/williamfbx/SLAM/slam_ws/install/grid_map_rviz_plugin/share/ament_index/resource_index/parent_prefix_path/grid_map_rviz_plugin
[6.500s] -- Up-to-date: /home/williamfbx/SLAM/slam_ws/install/grid_map_rviz_plugin/share/grid_map_rviz_plugin/environment/ament_prefix_path.sh
[6.500s] -- Installing: /home/williamfbx/SLAM/slam_ws/install/grid_map_rviz_plugin/share/grid_map_rviz_plugin/environment/ament_prefix_path.dsv
[6.500s] -- Up-to-date: /home/williamfbx/SLAM/slam_ws/install/grid_map_rviz_plugin/share/grid_map_rviz_plugin/environment/path.sh
[6.500s] -- Installing: /home/williamfbx/SLAM/slam_ws/install/grid_map_rviz_plugin/share/grid_map_rviz_plugin/environment/path.dsv
[6.500s] -- Up-to-date: /home/williamfbx/SLAM/slam_ws/install/grid_map_rviz_plugin/share/grid_map_rviz_plugin/local_setup.bash
[6.500s] -- Up-to-date: /home/williamfbx/SLAM/slam_ws/install/grid_map_rviz_plugin/share/grid_map_rviz_plugin/local_setup.sh
[6.501s] -- Up-to-date: /home/williamfbx/SLAM/slam_ws/install/grid_map_rviz_plugin/share/grid_map_rviz_plugin/local_setup.zsh
[6.501s] -- Installing: /home/williamfbx/SLAM/slam_ws/install/grid_map_rviz_plugin/share/grid_map_rviz_plugin/local_setup.dsv
[6.501s] -- Installing: /home/williamfbx/SLAM/slam_ws/install/grid_map_rviz_plugin/share/grid_map_rviz_plugin/package.dsv
[6.501s] -- Up-to-date: /home/williamfbx/SLAM/slam_ws/install/grid_map_rviz_plugin/share/ament_index/resource_index/packages/grid_map_rviz_plugin
[6.501s] -- Up-to-date: /home/williamfbx/SLAM/slam_ws/install/grid_map_rviz_plugin/share/ament_index/resource_index/rviz_common__pluginlib__plugin/grid_map_rviz_plugin
[6.509s] -- Up-to-date: /home/williamfbx/SLAM/slam_ws/install/grid_map_rviz_plugin/share/grid_map_rviz_plugin/cmake/grid_map_rviz_pluginExport.cmake
[6.510s] -- Up-to-date: /home/williamfbx/SLAM/slam_ws/install/grid_map_rviz_plugin/share/grid_map_rviz_plugin/cmake/grid_map_rviz_pluginExport-release.cmake
[6.510s] -- Up-to-date: /home/williamfbx/SLAM/slam_ws/install/grid_map_rviz_plugin/share/grid_map_rviz_plugin/cmake/ament_cmake_export_include_directories-extras.cmake
[6.510s] -- Up-to-date: /home/williamfbx/SLAM/slam_ws/install/grid_map_rviz_plugin/share/grid_map_rviz_plugin/cmake/ament_cmake_export_targets-extras.cmake
[6.510s] -- Up-to-date: /home/williamfbx/SLAM/slam_ws/install/grid_map_rviz_plugin/share/grid_map_rviz_plugin/cmake/ament_cmake_export_dependencies-extras.cmake
[6.510s] -- Up-to-date: /home/williamfbx/SLAM/slam_ws/install/grid_map_rviz_plugin/share/grid_map_rviz_plugin/cmake/grid_map_rviz_pluginConfig.cmake
[6.510s] -- Up-to-date: /home/williamfbx/SLAM/slam_ws/install/grid_map_rviz_plugin/share/grid_map_rviz_plugin/cmake/grid_map_rviz_pluginConfig-version.cmake
[6.510s] -- Up-to-date: /home/williamfbx/SLAM/slam_ws/install/grid_map_rviz_plugin/share/grid_map_rviz_plugin/package.xml
[6.510s] Invoked command in '/home/williamfbx/SLAM/slam_ws/build/grid_map_rviz_plugin' returned '0': AMENT_PREFIX_PATH=/home/williamfbx/SLAM/slam_ws/install/grid_map_ros:/home/williamfbx/SLAM/slam_ws/install/grid_map_cv:/home/williamfbx/SLAM/slam_ws/install/grid_map_msgs:/home/williamfbx/SLAM/slam_ws/install/grid_map_core:/home/williamfbx/SLAM/slam_ws/install/grid_map_cmake_helpers:${AMENT_PREFIX_PATH} CMAKE_PREFIX_PATH=/home/williamfbx/SLAM/slam_ws/install/grid_map_ros:/home/williamfbx/SLAM/slam_ws/install/grid_map_cv:/home/williamfbx/SLAM/slam_ws/install/grid_map_msgs:/home/williamfbx/SLAM/slam_ws/install/grid_map_core:/home/williamfbx/SLAM/slam_ws/install/grid_map_cmake_helpers:/opt/ros/humble LD_LIBRARY_PATH=/home/williamfbx/SLAM/slam_ws/install/grid_map_ros/lib:/home/williamfbx/SLAM/slam_ws/install/grid_map_cv/lib:/home/williamfbx/SLAM/slam_ws/install/grid_map_msgs/lib:/home/williamfbx/SLAM/slam_ws/install/grid_map_core/lib:${LD_LIBRARY_PATH} PYTHONPATH=/home/williamfbx/SLAM/slam_ws/install/grid_map_msgs/local/lib/python3.10/dist-packages:${PYTHONPATH} /usr/bin/cmake --install /home/williamfbx/SLAM/slam_ws/build/grid_map_rviz_plugin
