[0.013s] Invoking command in '/home/williamfbx/SLAM/slam_ws/build/localization': CMAKE_PREFIX_PATH=/opt/ros/humble /usr/bin/cmake --build /home/williamfbx/SLAM/slam_ws/build/localization -- -j12 -l12
[0.028s] -- Found ament_cmake: 1.3.11 (/opt/ros/humble/share/ament_cmake/cmake)
[0.130s] -- Found rclcpp: 16.0.11 (/opt/ros/humble/share/rclcpp/cmake)
[0.149s] -- Found rosidl_generator_c: 3.1.6 (/opt/ros/humble/share/rosidl_generator_c/cmake)
[0.151s] -- Found rosidl_adapter: 3.1.6 (/opt/ros/humble/share/rosidl_adapter/cmake)
[0.155s] -- Found rosidl_generator_cpp: 3.1.6 (/opt/ros/humble/share/rosidl_generator_cpp/cmake)
[0.161s] -- Using all available rosidl_typesupport_c: rosidl_typesupport_fastrtps_c;rosidl_typesupport_introspection_c
[0.169s] -- Using all available rosidl_typesupport_cpp: rosidl_typesupport_fastrtps_cpp;rosidl_typesupport_introspection_cpp
[0.189s] -- Found rmw_implementation_cmake: 6.1.2 (/opt/ros/humble/share/rmw_implementation_cmake/cmake)
[0.190s] -- Found rmw_fastrtps_cpp: 6.2.7 (/opt/ros/humble/share/rmw_fastrtps_cpp/cmake)
[0.265s] -- Using RMW implementation 'rmw_fastrtps_cpp' as default
[0.297s] -- Found ament_lint_auto: 0.12.11 (/opt/ros/humble/share/ament_lint_auto/cmake)
[0.339s] -- Configuring done
[0.344s] -- Generating done
[0.346s] -- Build files have been written to: /home/williamfbx/SLAM/slam_ws/build/localization
[0.369s] [ 33%] [32mBuilding CXX object CMakeFiles/localization_node.dir/src/localization.cpp.o[0m
[0.369s] [ 66%] [32mBuilding CXX object CMakeFiles/localization_node.dir/src/localization_node.cpp.o[0m
[0.376s] [01m[K/home/williamfbx/SLAM/slam_ws/src/localization/src/localization.cpp:1:10:[m[K [01;31m[Kfatal error: [m[Klocalization/localization.hpp: No such file or directory
[0.376s]     1 | #include [01;31m[K"localization/localization.hpp"[m[K
[0.376s]       |          [01;31m[K^~~~~~~~~~~~~~~~~~~~~~~~~~~~~~~[m[K
[0.376s] compilation terminated.
[0.376s] [01m[K/home/williamfbx/SLAM/slam_ws/src/localization/src/localization_node.cpp:1:10:[m[K [01;31m[Kfatal error: [m[Klocalization/localization.hpp: No such file or directory
[0.376s]     1 | #include [01;31m[K"localization/localization.hpp"[m[K
[0.376s]       |          [01;31m[K^~~~~~~~~~~~~~~~~~~~~~~~~~~~~~~[m[K
[0.376s] compilation terminated.
[0.376s] gmake[2]: *** [CMakeFiles/localization_node.dir/build.make:76: CMakeFiles/localization_node.dir/src/localization.cpp.o] Error 1
[0.376s] gmake[2]: *** Waiting for unfinished jobs....
[0.377s] gmake[2]: *** [CMakeFiles/localization_node.dir/build.make:90: CMakeFiles/localization_node.dir/src/localization_node.cpp.o] Error 1
[0.377s] gmake[1]: *** [CMakeFiles/Makefile2:137: CMakeFiles/localization_node.dir/all] Error 2
[0.377s] gmake: *** [Makefile:146: all] Error 2
[0.379s] Invoked command in '/home/williamfbx/SLAM/slam_ws/build/localization' returned '2': CMAKE_PREFIX_PATH=/opt/ros/humble /usr/bin/cmake --build /home/williamfbx/SLAM/slam_ws/build/localization -- -j12 -l12
