[0.024s] Invoking command in '/home/williamfbx/SLAM/slam_ws/build/mapping': CMAKE_PREFIX_PATH=${CMAKE_PREFIX_PATH}:/opt/ros/humble /usr/bin/cmake --build /home/williamfbx/SLAM/slam_ws/build/mapping -- -j12 -l12
[0.060s] -- Found ament_cmake: 1.3.11 (/opt/ros/humble/share/ament_cmake/cmake)
[0.181s] -- Found rclcpp: 16.0.11 (/opt/ros/humble/share/rclcpp/cmake)
[0.200s] -- Found rosidl_generator_c: 3.1.6 (/opt/ros/humble/share/rosidl_generator_c/cmake)
[0.202s] -- Found rosidl_adapter: 3.1.6 (/opt/ros/humble/share/rosidl_adapter/cmake)
[0.206s] -- Found rosidl_generator_cpp: 3.1.6 (/opt/ros/humble/share/rosidl_generator_cpp/cmake)
[0.213s] -- Using all available rosidl_typesupport_c: rosidl_typesupport_fastrtps_c;rosidl_typesupport_introspection_c
[0.221s] -- Using all available rosidl_typesupport_cpp: rosidl_typesupport_fastrtps_cpp;rosidl_typesupport_introspection_cpp
[0.242s] -- Found rmw_implementation_cmake: 6.1.2 (/opt/ros/humble/share/rmw_implementation_cmake/cmake)
[0.243s] -- Found rmw_fastrtps_cpp: 6.2.7 (/opt/ros/humble/share/rmw_fastrtps_cpp/cmake)
[0.330s] -- Using RMW implementation 'rmw_fastrtps_cpp' as default
[0.361s] -- Found sensor_msgs: 4.2.4 (/opt/ros/humble/share/sensor_msgs/cmake)
[0.381s] -- Found nav_msgs: 4.2.4 (/opt/ros/humble/share/nav_msgs/cmake)
[0.395s] -- Found tf2_ros: 0.25.12 (/opt/ros/humble/share/tf2_ros/cmake)
[0.458s] -- Found tf2_eigen: 0.25.12 (/opt/ros/humble/share/tf2_eigen/cmake)
[0.460s] -- Found tf2_sensor_msgs: 0.25.12 (/opt/ros/humble/share/tf2_sensor_msgs/cmake)
[0.462s] -- Found pcl_ros: 2.4.5 (/opt/ros/humble/share/pcl_ros/cmake)
[0.488s] -- Eigen found (include: /usr/include/eigen3, version: 3.4.0)
[0.512s] -- FLANN found (include: /usr/include, lib: /usr/lib/x86_64-linux-gnu/libflann_cpp.so)
[0.741s] -- OpenNI found (version: 1.5.4.0, include: /usr/include/ni, lib: /usr/lib/libOpenNI.so;libusb::libusb)
[0.747s] -- OpenNI2 found (version: 2.2.0.33, include: /usr/include/openni2, lib: /usr/lib/x86_64-linux-gnu/libOpenNI2.so;libusb::libusb)
[0.864s] -- Eigen found (include: /usr/include/eigen3, version: 3.4.0)
[0.869s] -- OpenNI found (version: 1.5.4.0, include: /usr/include/ni, lib: /usr/lib/libOpenNI.so;libusb::libusb)
[0.874s] -- OpenNI2 found (version: 2.2.0.33, include: /usr/include/openni2, lib: /usr/lib/x86_64-linux-gnu/libOpenNI2.so;libusb::libusb)
[0.981s] -- Found Qhull version 8.0.2
[1.097s] -- OpenNI found (version: 1.5.4.0, include: /usr/include/ni, lib: /usr/lib/libOpenNI.so;libusb::libusb)
[1.222s] -- Ensuring Eigen3 include directory is part of orocos-kdl CMake target
[1.224s] -- Found visualization_msgs: 4.2.4 (/opt/ros/humble/share/visualization_msgs/cmake)
[1.309s] -- Configuring done
[1.368s] -- Generating done
[1.384s] -- Build files have been written to: /home/williamfbx/SLAM/slam_ws/build/mapping
[1.412s] [35m[1mConsolidate compiler generated dependencies of target pc_handler_node[0m
[1.416s] [35m[1mConsolidate compiler generated dependencies of target global_mapping_node[0m
[1.417s] [35m[1mConsolidate compiler generated dependencies of target local_mapping_node[0m
[1.438s] [ 27%] Built target pc_handler_node
[1.438s] [100%] Built target local_mapping_node
[1.438s] [100%] Built target global_mapping_node
[1.448s] Invoked command in '/home/williamfbx/SLAM/slam_ws/build/mapping' returned '0': CMAKE_PREFIX_PATH=${CMAKE_PREFIX_PATH}:/opt/ros/humble /usr/bin/cmake --build /home/williamfbx/SLAM/slam_ws/build/mapping -- -j12 -l12
[1.449s] Invoking command in '/home/williamfbx/SLAM/slam_ws/build/mapping': CMAKE_PREFIX_PATH=${CMAKE_PREFIX_PATH}:/opt/ros/humble /usr/bin/cmake --install /home/williamfbx/SLAM/slam_ws/build/mapping
[1.455s] -- Install configuration: ""
[1.455s] -- Up-to-date: /home/williamfbx/SLAM/slam_ws/install/mapping/lib/mapping/global_mapping_node
[1.455s] -- Up-to-date: /home/williamfbx/SLAM/slam_ws/install/mapping/lib/mapping/local_mapping_node
[1.455s] -- Up-to-date: /home/williamfbx/SLAM/slam_ws/install/mapping/lib/mapping/pc_handler_node
[1.455s] -- Up-to-date: /home/williamfbx/SLAM/slam_ws/install/mapping/share/mapping/launch
[1.455s] -- Up-to-date: /home/williamfbx/SLAM/slam_ws/install/mapping/share/mapping/launch/mapping.launch.py
[1.455s] -- Up-to-date: /home/williamfbx/SLAM/slam_ws/install/mapping/share/ament_index/resource_index/package_run_dependencies/mapping
[1.456s] -- Installing: /home/williamfbx/SLAM/slam_ws/install/mapping/share/ament_index/resource_index/parent_prefix_path/mapping
[1.456s] -- Up-to-date: /home/williamfbx/SLAM/slam_ws/install/mapping/share/mapping/environment/ament_prefix_path.sh
[1.456s] -- Installing: /home/williamfbx/SLAM/slam_ws/install/mapping/share/mapping/environment/ament_prefix_path.dsv
[1.456s] -- Up-to-date: /home/williamfbx/SLAM/slam_ws/install/mapping/share/mapping/environment/path.sh
[1.456s] -- Installing: /home/williamfbx/SLAM/slam_ws/install/mapping/share/mapping/environment/path.dsv
[1.456s] -- Up-to-date: /home/williamfbx/SLAM/slam_ws/install/mapping/share/mapping/local_setup.bash
[1.456s] -- Up-to-date: /home/williamfbx/SLAM/slam_ws/install/mapping/share/mapping/local_setup.sh
[1.456s] -- Up-to-date: /home/williamfbx/SLAM/slam_ws/install/mapping/share/mapping/local_setup.zsh
[1.456s] -- Installing: /home/williamfbx/SLAM/slam_ws/install/mapping/share/mapping/local_setup.dsv
[1.456s] -- Installing: /home/williamfbx/SLAM/slam_ws/install/mapping/share/mapping/package.dsv
[1.456s] -- Up-to-date: /home/williamfbx/SLAM/slam_ws/install/mapping/share/ament_index/resource_index/packages/mapping
[1.456s] -- Up-to-date: /home/williamfbx/SLAM/slam_ws/install/mapping/share/mapping/cmake/mappingConfig.cmake
[1.456s] -- Up-to-date: /home/williamfbx/SLAM/slam_ws/install/mapping/share/mapping/cmake/mappingConfig-version.cmake
[1.456s] -- Up-to-date: /home/williamfbx/SLAM/slam_ws/install/mapping/share/mapping/package.xml
[1.457s] Invoked command in '/home/williamfbx/SLAM/slam_ws/build/mapping' returned '0': CMAKE_PREFIX_PATH=${CMAKE_PREFIX_PATH}:/opt/ros/humble /usr/bin/cmake --install /home/williamfbx/SLAM/slam_ws/build/mapping
