[0.042s] Invoking command in '/home/williamfbx/SLAM/slam_ws/build/grid_map_sdf': CMAKE_PREFIX_PATH=/home/williamfbx/SLAM/slam_ws/install/grid_map_core:/home/williamfbx/SLAM/slam_ws/install/grid_map_cmake_helpers:/home/williamfbx/SLAM/slam_ws/install/visualization:/home/williamfbx/SLAM/slam_ws/install/sensing:/home/williamfbx/SLAM/slam_ws/install/realsense2_description:/home/williamfbx/SLAM/slam_ws/install/realsense2_camera:/home/williamfbx/SLAM/slam_ws/install/realsense2_camera_msgs:/home/williamfbx/SLAM/slam_ws/install/realsense:/home/williamfbx/SLAM/slam_ws/install/mapping:/home/williamfbx/SLAM/slam_ws/install/localization:/home/williamfbx/SLAM/slam_ws/install/launcher:/home/williamfbx/SLAM/slam_ws/install/elevation_mapping:/home/williamfbx/SLAM/slam_ws/install/kindr_ros:/home/williamfbx/SLAM/slam_ws/install/kindr_msgs:/home/williamfbx/SLAM/slam_ws/install/kindr:/home/williamfbx/SLAM/slam_ws/install/grid_map:/home/williamfbx/SLAM/slam_ws/install/grid_map_demos:/home/williamfbx/SLAM/slam_ws/install/grid_map_visualization:/home/williamfbx/SLAM/slam_ws/install/grid_map_sdf:/home/williamfbx/SLAM/slam_ws/install/grid_map_rviz_plugin:/home/williamfbx/SLAM/slam_ws/install/grid_map_pcl:/home/williamfbx/SLAM/slam_ws/install/grid_map_loader:/home/williamfbx/SLAM/slam_ws/install/grid_map_filters:/home/williamfbx/SLAM/slam_ws/install/grid_map_ros:/home/williamfbx/SLAM/slam_ws/install/grid_map_octomap:/home/williamfbx/SLAM/slam_ws/install/grid_map_msgs:/home/williamfbx/SLAM/slam_ws/install/grid_map_cv:/home/williamfbx/SLAM/slam_ws/install/grid_map_costmap_2d:/opt/ros/humble /usr/bin/cmake --build /home/williamfbx/SLAM/slam_ws/build/grid_map_sdf -- -j12 -l12
[0.091s] [ 22%] Built target gtest
[0.091s] [ 44%] Built target gtest_main
[0.100s] [ 66%] Built target grid_map_sdf
[0.125s] [100%] Built target grid_map_sdf-test
[0.138s] Invoked command in '/home/williamfbx/SLAM/slam_ws/build/grid_map_sdf' returned '0': CMAKE_PREFIX_PATH=/home/williamfbx/SLAM/slam_ws/install/grid_map_core:/home/williamfbx/SLAM/slam_ws/install/grid_map_cmake_helpers:/home/williamfbx/SLAM/slam_ws/install/visualization:/home/williamfbx/SLAM/slam_ws/install/sensing:/home/williamfbx/SLAM/slam_ws/install/realsense2_description:/home/williamfbx/SLAM/slam_ws/install/realsense2_camera:/home/williamfbx/SLAM/slam_ws/install/realsense2_camera_msgs:/home/williamfbx/SLAM/slam_ws/install/realsense:/home/williamfbx/SLAM/slam_ws/install/mapping:/home/williamfbx/SLAM/slam_ws/install/localization:/home/williamfbx/SLAM/slam_ws/install/launcher:/home/williamfbx/SLAM/slam_ws/install/elevation_mapping:/home/williamfbx/SLAM/slam_ws/install/kindr_ros:/home/williamfbx/SLAM/slam_ws/install/kindr_msgs:/home/williamfbx/SLAM/slam_ws/install/kindr:/home/williamfbx/SLAM/slam_ws/install/grid_map:/home/williamfbx/SLAM/slam_ws/install/grid_map_demos:/home/williamfbx/SLAM/slam_ws/install/grid_map_visualization:/home/williamfbx/SLAM/slam_ws/install/grid_map_sdf:/home/williamfbx/SLAM/slam_ws/install/grid_map_rviz_plugin:/home/williamfbx/SLAM/slam_ws/install/grid_map_pcl:/home/williamfbx/SLAM/slam_ws/install/grid_map_loader:/home/williamfbx/SLAM/slam_ws/install/grid_map_filters:/home/williamfbx/SLAM/slam_ws/install/grid_map_ros:/home/williamfbx/SLAM/slam_ws/install/grid_map_octomap:/home/williamfbx/SLAM/slam_ws/install/grid_map_msgs:/home/williamfbx/SLAM/slam_ws/install/grid_map_cv:/home/williamfbx/SLAM/slam_ws/install/grid_map_costmap_2d:/opt/ros/humble /usr/bin/cmake --build /home/williamfbx/SLAM/slam_ws/build/grid_map_sdf -- -j12 -l12
[0.139s] Invoking command in '/home/williamfbx/SLAM/slam_ws/build/grid_map_sdf': CMAKE_PREFIX_PATH=/home/williamfbx/SLAM/slam_ws/install/grid_map_core:/home/williamfbx/SLAM/slam_ws/install/grid_map_cmake_helpers:/home/williamfbx/SLAM/slam_ws/install/visualization:/home/williamfbx/SLAM/slam_ws/install/sensing:/home/williamfbx/SLAM/slam_ws/install/realsense2_description:/home/williamfbx/SLAM/slam_ws/install/realsense2_camera:/home/williamfbx/SLAM/slam_ws/install/realsense2_camera_msgs:/home/williamfbx/SLAM/slam_ws/install/realsense:/home/williamfbx/SLAM/slam_ws/install/mapping:/home/williamfbx/SLAM/slam_ws/install/localization:/home/williamfbx/SLAM/slam_ws/install/launcher:/home/williamfbx/SLAM/slam_ws/install/elevation_mapping:/home/williamfbx/SLAM/slam_ws/install/kindr_ros:/home/williamfbx/SLAM/slam_ws/install/kindr_msgs:/home/williamfbx/SLAM/slam_ws/install/kindr:/home/williamfbx/SLAM/slam_ws/install/grid_map:/home/williamfbx/SLAM/slam_ws/install/grid_map_demos:/home/williamfbx/SLAM/slam_ws/install/grid_map_visualization:/home/williamfbx/SLAM/slam_ws/install/grid_map_sdf:/home/williamfbx/SLAM/slam_ws/install/grid_map_rviz_plugin:/home/williamfbx/SLAM/slam_ws/install/grid_map_pcl:/home/williamfbx/SLAM/slam_ws/install/grid_map_loader:/home/williamfbx/SLAM/slam_ws/install/grid_map_filters:/home/williamfbx/SLAM/slam_ws/install/grid_map_ros:/home/williamfbx/SLAM/slam_ws/install/grid_map_octomap:/home/williamfbx/SLAM/slam_ws/install/grid_map_msgs:/home/williamfbx/SLAM/slam_ws/install/grid_map_cv:/home/williamfbx/SLAM/slam_ws/install/grid_map_costmap_2d:/opt/ros/humble /usr/bin/cmake --install /home/williamfbx/SLAM/slam_ws/build/grid_map_sdf
[0.158s] -- Install configuration: "Release"
[0.158s] -- Up-to-date: /home/williamfbx/SLAM/slam_ws/install/grid_map_sdf/lib/libgrid_map_sdf.a
[0.158s] -- Up-to-date: /home/williamfbx/SLAM/slam_ws/install/grid_map_sdf/include/grid_map_sdf
[0.158s] -- Up-to-date: /home/williamfbx/SLAM/slam_ws/install/grid_map_sdf/include/grid_map_sdf/distance_transform
[0.158s] -- Up-to-date: /home/williamfbx/SLAM/slam_ws/install/grid_map_sdf/include/grid_map_sdf/distance_transform/image.hpp
[0.158s] -- Up-to-date: /home/williamfbx/SLAM/slam_ws/install/grid_map_sdf/include/grid_map_sdf/distance_transform/pnmfile.hpp
[0.158s] -- Up-to-date: /home/williamfbx/SLAM/slam_ws/install/grid_map_sdf/include/grid_map_sdf/distance_transform/dt.hpp
[0.159s] -- Up-to-date: /home/williamfbx/SLAM/slam_ws/install/grid_map_sdf/include/grid_map_sdf/distance_transform/misc.hpp
[0.159s] -- Up-to-date: /home/williamfbx/SLAM/slam_ws/install/grid_map_sdf/include/grid_map_sdf/distance_transform/imconv.hpp
[0.159s] -- Up-to-date: /home/williamfbx/SLAM/slam_ws/install/grid_map_sdf/include/grid_map_sdf/distance_transform/imutil.hpp
[0.159s] -- Up-to-date: /home/williamfbx/SLAM/slam_ws/install/grid_map_sdf/include/grid_map_sdf/SignedDistanceField.hpp
[0.159s] -- Up-to-date: /home/williamfbx/SLAM/slam_ws/install/grid_map_sdf/share/grid_map_sdf/environment/library_path.sh
[0.159s] -- Up-to-date: /home/williamfbx/SLAM/slam_ws/install/grid_map_sdf/share/grid_map_sdf/environment/library_path.dsv
[0.159s] -- Up-to-date: /home/williamfbx/SLAM/slam_ws/install/grid_map_sdf/share/ament_index/resource_index/package_run_dependencies/grid_map_sdf
[0.159s] -- Up-to-date: /home/williamfbx/SLAM/slam_ws/install/grid_map_sdf/share/ament_index/resource_index/parent_prefix_path/grid_map_sdf
[0.159s] -- Up-to-date: /home/williamfbx/SLAM/slam_ws/install/grid_map_sdf/share/grid_map_sdf/environment/ament_prefix_path.sh
[0.159s] -- Up-to-date: /home/williamfbx/SLAM/slam_ws/install/grid_map_sdf/share/grid_map_sdf/environment/ament_prefix_path.dsv
[0.159s] -- Up-to-date: /home/williamfbx/SLAM/slam_ws/install/grid_map_sdf/share/grid_map_sdf/environment/path.sh
[0.159s] -- Up-to-date: /home/williamfbx/SLAM/slam_ws/install/grid_map_sdf/share/grid_map_sdf/environment/path.dsv
[0.159s] -- Up-to-date: /home/williamfbx/SLAM/slam_ws/install/grid_map_sdf/share/grid_map_sdf/local_setup.bash
[0.159s] -- Up-to-date: /home/williamfbx/SLAM/slam_ws/install/grid_map_sdf/share/grid_map_sdf/local_setup.sh
[0.159s] -- Up-to-date: /home/williamfbx/SLAM/slam_ws/install/grid_map_sdf/share/grid_map_sdf/local_setup.zsh
[0.159s] -- Up-to-date: /home/williamfbx/SLAM/slam_ws/install/grid_map_sdf/share/grid_map_sdf/local_setup.dsv
[0.159s] -- Installing: /home/williamfbx/SLAM/slam_ws/install/grid_map_sdf/share/grid_map_sdf/package.dsv
[0.159s] -- Up-to-date: /home/williamfbx/SLAM/slam_ws/install/grid_map_sdf/share/ament_index/resource_index/packages/grid_map_sdf
[0.159s] -- Up-to-date: /home/williamfbx/SLAM/slam_ws/install/grid_map_sdf/share/grid_map_sdf/cmake/ament_cmake_export_include_directories-extras.cmake
[0.159s] -- Up-to-date: /home/williamfbx/SLAM/slam_ws/install/grid_map_sdf/share/grid_map_sdf/cmake/ament_cmake_export_libraries-extras.cmake
[0.159s] -- Up-to-date: /home/williamfbx/SLAM/slam_ws/install/grid_map_sdf/share/grid_map_sdf/cmake/grid_map_sdfConfig.cmake
[0.159s] -- Up-to-date: /home/williamfbx/SLAM/slam_ws/install/grid_map_sdf/share/grid_map_sdf/cmake/grid_map_sdfConfig-version.cmake
[0.159s] -- Up-to-date: /home/williamfbx/SLAM/slam_ws/install/grid_map_sdf/share/grid_map_sdf/package.xml
[0.181s] Invoked command in '/home/williamfbx/SLAM/slam_ws/build/grid_map_sdf' returned '0': CMAKE_PREFIX_PATH=/home/williamfbx/SLAM/slam_ws/install/grid_map_core:/home/williamfbx/SLAM/slam_ws/install/grid_map_cmake_helpers:/home/williamfbx/SLAM/slam_ws/install/visualization:/home/williamfbx/SLAM/slam_ws/install/sensing:/home/williamfbx/SLAM/slam_ws/install/realsense2_description:/home/williamfbx/SLAM/slam_ws/install/realsense2_camera:/home/williamfbx/SLAM/slam_ws/install/realsense2_camera_msgs:/home/williamfbx/SLAM/slam_ws/install/realsense:/home/williamfbx/SLAM/slam_ws/install/mapping:/home/williamfbx/SLAM/slam_ws/install/localization:/home/williamfbx/SLAM/slam_ws/install/launcher:/home/williamfbx/SLAM/slam_ws/install/elevation_mapping:/home/williamfbx/SLAM/slam_ws/install/kindr_ros:/home/williamfbx/SLAM/slam_ws/install/kindr_msgs:/home/williamfbx/SLAM/slam_ws/install/kindr:/home/williamfbx/SLAM/slam_ws/install/grid_map:/home/williamfbx/SLAM/slam_ws/install/grid_map_demos:/home/williamfbx/SLAM/slam_ws/install/grid_map_visualization:/home/williamfbx/SLAM/slam_ws/install/grid_map_sdf:/home/williamfbx/SLAM/slam_ws/install/grid_map_rviz_plugin:/home/williamfbx/SLAM/slam_ws/install/grid_map_pcl:/home/williamfbx/SLAM/slam_ws/install/grid_map_loader:/home/williamfbx/SLAM/slam_ws/install/grid_map_filters:/home/williamfbx/SLAM/slam_ws/install/grid_map_ros:/home/williamfbx/SLAM/slam_ws/install/grid_map_octomap:/home/williamfbx/SLAM/slam_ws/install/grid_map_msgs:/home/williamfbx/SLAM/slam_ws/install/grid_map_cv:/home/williamfbx/SLAM/slam_ws/install/grid_map_costmap_2d:/opt/ros/humble /usr/bin/cmake --install /home/williamfbx/SLAM/slam_ws/build/grid_map_sdf
