[0.028s] Invoking command in '/home/williamfbx/SLAM/slam_ws/build/localization': CMAKE_PREFIX_PATH=/opt/ros/humble /usr/bin/cmake --build /home/williamfbx/SLAM/slam_ws/build/localization -- -j12 -l12
[0.048s] -- Found ament_cmake: 1.3.11 (/opt/ros/humble/share/ament_cmake/cmake)
[0.157s] -- Found rclcpp: 16.0.11 (/opt/ros/humble/share/rclcpp/cmake)
[0.184s] -- Found rosidl_generator_c: 3.1.6 (/opt/ros/humble/share/rosidl_generator_c/cmake)
[0.187s] -- Found rosidl_adapter: 3.1.6 (/opt/ros/humble/share/rosidl_adapter/cmake)
[0.193s] -- Found rosidl_generator_cpp: 3.1.6 (/opt/ros/humble/share/rosidl_generator_cpp/cmake)
[0.200s] -- Using all available rosidl_typesupport_c: rosidl_typesupport_fastrtps_c;rosidl_typesupport_introspection_c
[0.211s] -- Using all available rosidl_typesupport_cpp: rosidl_typesupport_fastrtps_cpp;rosidl_typesupport_introspection_cpp
[0.239s] -- Found rmw_implementation_cmake: 6.1.2 (/opt/ros/humble/share/rmw_implementation_cmake/cmake)
[0.240s] -- Found rmw_fastrtps_cpp: 6.2.7 (/opt/ros/humble/share/rmw_fastrtps_cpp/cmake)
[0.311s] -- Found OpenSSL: /usr/lib/x86_64-linux-gnu/libcrypto.so (found version "3.0.2")  
[0.332s] -- Found FastRTPS: /opt/ros/humble/include  
[0.365s] -- Using RMW implementation 'rmw_fastrtps_cpp' as default
[0.371s] -- Looking for pthread.h
[0.435s] -- Looking for pthread.h - found
[0.435s] -- Performing Test CMAKE_HAVE_LIBC_PTHREAD
[0.488s] -- Performing Test CMAKE_HAVE_LIBC_PTHREAD - Success
[0.489s] -- Found Threads: TRUE  
[0.522s] -- Found ament_lint_auto: 0.12.11 (/opt/ros/humble/share/ament_lint_auto/cmake)
[0.565s] -- Configuring done
[0.569s] -- Generating done
[0.571s] -- Build files have been written to: /home/williamfbx/SLAM/slam_ws/build/localization
[0.627s] [ 33%] [32mBuilding CXX object CMakeFiles/localization_node.dir/src/localization.cpp.o[0m
[0.627s] [ 66%] [32mBuilding CXX object CMakeFiles/localization_node.dir/src/localization_node.cpp.o[0m
[0.637s] [01m[K/home/williamfbx/SLAM/slam_ws/src/localization/src/localization.cpp:1:10:[m[K [01;31m[Kfatal error: [m[Klocalization/localization.hpp: No such file or directory
[0.637s]     1 | #include [01;31m[K"localization/localization.hpp"[m[K
[0.638s]       |          [01;31m[K^~~~~~~~~~~~~~~~~~~~~~~~~~~~~~~[m[K
[0.638s] [01m[K/home/williamfbx/SLAM/slam_ws/src/localization/src/localization_node.cpp:1:10:[m[K [01;31m[Kfatal error: [m[Klocalization/localization.hpp: No such file or directory
[0.638s]     1 | #include [01;31m[K"localization/localization.hpp"[m[K
[0.638s]       |          [01;31m[K^~~~~~~~~~~~~~~~~~~~~~~~~~~~~~~[m[K
[0.638s] compilation terminated.
[0.638s] compilation terminated.
[0.638s] gmake[2]: *** [CMakeFiles/localization_node.dir/build.make:90: CMakeFiles/localization_node.dir/src/localization_node.cpp.o] Error 1
[0.638s] gmake[2]: *** Waiting for unfinished jobs....
[0.638s] gmake[2]: *** [CMakeFiles/localization_node.dir/build.make:76: CMakeFiles/localization_node.dir/src/localization.cpp.o] Error 1
[0.638s] gmake[1]: *** [CMakeFiles/Makefile2:137: CMakeFiles/localization_node.dir/all] Error 2
[0.638s] gmake: *** [Makefile:146: all] Error 2
[0.641s] Invoked command in '/home/williamfbx/SLAM/slam_ws/build/localization' returned '2': CMAKE_PREFIX_PATH=/opt/ros/humble /usr/bin/cmake --build /home/williamfbx/SLAM/slam_ws/build/localization -- -j12 -l12
