[0.063s] DEBUG:colcon:Command line arguments: ['/usr/bin/colcon', 'build']
[0.063s] DEBUG:colcon:Parsed command line arguments: Namespace(log_base=None, log_level=None, verb_name='build', build_base='build', install_base='install', merge_install=False, symlink_install=False, test_result_base=None, continue_on_error=False, executor='parallel', parallel_workers=12, event_handlers=None, ignore_user_meta=False, metas=['./colcon.meta'], base_paths=['.'], packages_ignore=None, packages_ignore_regex=None, paths=None, packages_up_to=None, packages_up_to_regex=None, packages_above=None, packages_above_and_dependencies=None, packages_above_depth=None, packages_select_by_dep=None, packages_skip_by_dep=None, packages_skip_up_to=None, packages_select_build_failed=False, packages_skip_build_finished=False, packages_select_test_failures=False, packages_skip_test_passed=False, packages_select=None, packages_skip=None, packages_select_regex=None, packages_skip_regex=None, packages_start=None, packages_end=None, allow_overriding=[], cmake_args=None, cmake_target=None, cmake_target_skip_unavailable=False, cmake_clean_cache=False, cmake_clean_first=False, cmake_force_configure=False, ament_cmake_args=None, catkin_cmake_args=None, catkin_skip_building_tests=False, verb_parser=<colcon_defaults.argument_parser.defaults.DefaultArgumentsDecorator object at 0x7d36601643a0>, verb_extension=<colcon_core.verb.build.BuildVerb object at 0x7d366012be50>, main=<bound method BuildVerb.main of <colcon_core.verb.build.BuildVerb object at 0x7d366012be50>>)
[0.165s] Level 1:colcon.colcon_core.package_discovery:discover_packages(colcon_meta) check parameters
[0.165s] Level 1:colcon.colcon_core.package_discovery:discover_packages(recursive) check parameters
[0.165s] Level 1:colcon.colcon_core.package_discovery:discover_packages(ignore) check parameters
[0.166s] Level 1:colcon.colcon_core.package_discovery:discover_packages(path) check parameters
[0.166s] Level 1:colcon.colcon_core.package_discovery:discover_packages(colcon_meta) discover
[0.166s] Level 1:colcon.colcon_core.package_discovery:discover_packages(recursive) discover
[0.166s] INFO:colcon.colcon_core.package_discovery:Crawling recursively for packages in '/home/williamfbx/SLAM/slam_ws'
[0.166s] Level 1:colcon.colcon_core.package_identification:_identify(.) by extensions ['ignore', 'ignore_ament_install']
[0.166s] Level 1:colcon.colcon_core.package_identification:_identify(.) by extension 'ignore'
[0.166s] Level 1:colcon.colcon_core.package_identification:_identify(.) by extension 'ignore_ament_install'
[0.166s] Level 1:colcon.colcon_core.package_identification:_identify(.) by extensions ['colcon_pkg']
[0.166s] Level 1:colcon.colcon_core.package_identification:_identify(.) by extension 'colcon_pkg'
[0.166s] Level 1:colcon.colcon_core.package_identification:_identify(.) by extensions ['colcon_meta']
[0.166s] Level 1:colcon.colcon_core.package_identification:_identify(.) by extension 'colcon_meta'
[0.166s] Level 1:colcon.colcon_core.package_identification:_identify(.) by extensions ['ros']
[0.166s] Level 1:colcon.colcon_core.package_identification:_identify(.) by extension 'ros'
[0.173s] Level 1:colcon.colcon_core.package_identification:_identify(.) by extensions ['cmake', 'python']
[0.173s] Level 1:colcon.colcon_core.package_identification:_identify(.) by extension 'cmake'
[0.173s] Level 1:colcon.colcon_core.package_identification:_identify(.) by extension 'python'
[0.173s] Level 1:colcon.colcon_core.package_identification:_identify(.) by extensions ['python_setup_py']
[0.173s] Level 1:colcon.colcon_core.package_identification:_identify(.) by extension 'python_setup_py'
[0.173s] Level 1:colcon.colcon_core.package_identification:_identify(build) by extensions ['ignore', 'ignore_ament_install']
[0.173s] Level 1:colcon.colcon_core.package_identification:_identify(build) by extension 'ignore'
[0.173s] Level 1:colcon.colcon_core.package_identification:_identify(build) ignored
[0.173s] Level 1:colcon.colcon_core.package_identification:_identify(install) by extensions ['ignore', 'ignore_ament_install']
[0.173s] Level 1:colcon.colcon_core.package_identification:_identify(install) by extension 'ignore'
[0.173s] Level 1:colcon.colcon_core.package_identification:_identify(install) ignored
[0.173s] Level 1:colcon.colcon_core.package_identification:_identify(log) by extensions ['ignore', 'ignore_ament_install']
[0.173s] Level 1:colcon.colcon_core.package_identification:_identify(log) by extension 'ignore'
[0.173s] Level 1:colcon.colcon_core.package_identification:_identify(log) ignored
[0.173s] Level 1:colcon.colcon_core.package_identification:_identify(src) by extensions ['ignore', 'ignore_ament_install']
[0.173s] Level 1:colcon.colcon_core.package_identification:_identify(src) by extension 'ignore'
[0.173s] Level 1:colcon.colcon_core.package_identification:_identify(src) by extension 'ignore_ament_install'
[0.173s] Level 1:colcon.colcon_core.package_identification:_identify(src) by extensions ['colcon_pkg']
[0.173s] Level 1:colcon.colcon_core.package_identification:_identify(src) by extension 'colcon_pkg'
[0.173s] Level 1:colcon.colcon_core.package_identification:_identify(src) by extensions ['colcon_meta']
[0.173s] Level 1:colcon.colcon_core.package_identification:_identify(src) by extension 'colcon_meta'
[0.173s] Level 1:colcon.colcon_core.package_identification:_identify(src) by extensions ['ros']
[0.173s] Level 1:colcon.colcon_core.package_identification:_identify(src) by extension 'ros'
[0.174s] Level 1:colcon.colcon_core.package_identification:_identify(src) by extensions ['cmake', 'python']
[0.174s] Level 1:colcon.colcon_core.package_identification:_identify(src) by extension 'cmake'
[0.174s] Level 1:colcon.colcon_core.package_identification:_identify(src) by extension 'python'
[0.174s] Level 1:colcon.colcon_core.package_identification:_identify(src) by extensions ['python_setup_py']
[0.174s] Level 1:colcon.colcon_core.package_identification:_identify(src) by extension 'python_setup_py'
[0.174s] Level 1:colcon.colcon_core.package_identification:_identify(src/drivers) by extensions ['ignore', 'ignore_ament_install']
[0.174s] Level 1:colcon.colcon_core.package_identification:_identify(src/drivers) by extension 'ignore'
[0.174s] Level 1:colcon.colcon_core.package_identification:_identify(src/drivers) by extension 'ignore_ament_install'
[0.174s] Level 1:colcon.colcon_core.package_identification:_identify(src/drivers) by extensions ['colcon_pkg']
[0.174s] Level 1:colcon.colcon_core.package_identification:_identify(src/drivers) by extension 'colcon_pkg'
[0.174s] Level 1:colcon.colcon_core.package_identification:_identify(src/drivers) by extensions ['colcon_meta']
[0.174s] Level 1:colcon.colcon_core.package_identification:_identify(src/drivers) by extension 'colcon_meta'
[0.174s] Level 1:colcon.colcon_core.package_identification:_identify(src/drivers) by extensions ['ros']
[0.174s] Level 1:colcon.colcon_core.package_identification:_identify(src/drivers) by extension 'ros'
[0.174s] Level 1:colcon.colcon_core.package_identification:_identify(src/drivers) by extensions ['cmake', 'python']
[0.174s] Level 1:colcon.colcon_core.package_identification:_identify(src/drivers) by extension 'cmake'
[0.174s] Level 1:colcon.colcon_core.package_identification:_identify(src/drivers) by extension 'python'
[0.174s] Level 1:colcon.colcon_core.package_identification:_identify(src/drivers) by extensions ['python_setup_py']
[0.174s] Level 1:colcon.colcon_core.package_identification:_identify(src/drivers) by extension 'python_setup_py'
[0.174s] Level 1:colcon.colcon_core.package_identification:_identify(src/drivers/realsense) by extensions ['ignore', 'ignore_ament_install']
[0.174s] Level 1:colcon.colcon_core.package_identification:_identify(src/drivers/realsense) by extension 'ignore'
[0.174s] Level 1:colcon.colcon_core.package_identification:_identify(src/drivers/realsense) by extension 'ignore_ament_install'
[0.174s] Level 1:colcon.colcon_core.package_identification:_identify(src/drivers/realsense) by extensions ['colcon_pkg']
[0.174s] Level 1:colcon.colcon_core.package_identification:_identify(src/drivers/realsense) by extension 'colcon_pkg'
[0.174s] Level 1:colcon.colcon_core.package_identification:_identify(src/drivers/realsense) by extensions ['colcon_meta']
[0.174s] Level 1:colcon.colcon_core.package_identification:_identify(src/drivers/realsense) by extension 'colcon_meta'
[0.174s] Level 1:colcon.colcon_core.package_identification:_identify(src/drivers/realsense) by extensions ['ros']
[0.174s] Level 1:colcon.colcon_core.package_identification:_identify(src/drivers/realsense) by extension 'ros'
[0.176s] DEBUG:colcon.colcon_core.package_identification:Package 'src/drivers/realsense' with type 'ros.ament_cmake' and name 'realsense'
[0.176s] Level 1:colcon.colcon_core.package_identification:_identify(src/drivers/realsense-ros) by extensions ['ignore', 'ignore_ament_install']
[0.176s] Level 1:colcon.colcon_core.package_identification:_identify(src/drivers/realsense-ros) by extension 'ignore'
[0.176s] Level 1:colcon.colcon_core.package_identification:_identify(src/drivers/realsense-ros) by extension 'ignore_ament_install'
[0.176s] Level 1:colcon.colcon_core.package_identification:_identify(src/drivers/realsense-ros) by extensions ['colcon_pkg']
[0.176s] Level 1:colcon.colcon_core.package_identification:_identify(src/drivers/realsense-ros) by extension 'colcon_pkg'
[0.176s] Level 1:colcon.colcon_core.package_identification:_identify(src/drivers/realsense-ros) by extensions ['colcon_meta']
[0.176s] Level 1:colcon.colcon_core.package_identification:_identify(src/drivers/realsense-ros) by extension 'colcon_meta'
[0.176s] Level 1:colcon.colcon_core.package_identification:_identify(src/drivers/realsense-ros) by extensions ['ros']
[0.176s] Level 1:colcon.colcon_core.package_identification:_identify(src/drivers/realsense-ros) by extension 'ros'
[0.176s] Level 1:colcon.colcon_core.package_identification:_identify(src/drivers/realsense-ros) by extensions ['cmake', 'python']
[0.176s] Level 1:colcon.colcon_core.package_identification:_identify(src/drivers/realsense-ros) by extension 'cmake'
[0.176s] Level 1:colcon.colcon_core.package_identification:_identify(src/drivers/realsense-ros) by extension 'python'
[0.176s] Level 1:colcon.colcon_core.package_identification:_identify(src/drivers/realsense-ros) by extensions ['python_setup_py']
[0.176s] Level 1:colcon.colcon_core.package_identification:_identify(src/drivers/realsense-ros) by extension 'python_setup_py'
[0.176s] Level 1:colcon.colcon_core.package_identification:_identify(src/drivers/realsense-ros/realsense2_camera) by extensions ['ignore', 'ignore_ament_install']
[0.176s] Level 1:colcon.colcon_core.package_identification:_identify(src/drivers/realsense-ros/realsense2_camera) by extension 'ignore'
[0.176s] Level 1:colcon.colcon_core.package_identification:_identify(src/drivers/realsense-ros/realsense2_camera) by extension 'ignore_ament_install'
[0.176s] Level 1:colcon.colcon_core.package_identification:_identify(src/drivers/realsense-ros/realsense2_camera) by extensions ['colcon_pkg']
[0.176s] Level 1:colcon.colcon_core.package_identification:_identify(src/drivers/realsense-ros/realsense2_camera) by extension 'colcon_pkg'
[0.176s] Level 1:colcon.colcon_core.package_identification:_identify(src/drivers/realsense-ros/realsense2_camera) by extensions ['colcon_meta']
[0.176s] Level 1:colcon.colcon_core.package_identification:_identify(src/drivers/realsense-ros/realsense2_camera) by extension 'colcon_meta'
[0.176s] Level 1:colcon.colcon_core.package_identification:_identify(src/drivers/realsense-ros/realsense2_camera) by extensions ['ros']
[0.176s] Level 1:colcon.colcon_core.package_identification:_identify(src/drivers/realsense-ros/realsense2_camera) by extension 'ros'
[0.186s] DEBUG:colcon.colcon_core.package_identification:Package 'src/drivers/realsense-ros/realsense2_camera' with type 'ros.ament_cmake' and name 'realsense2_camera'
[0.186s] Level 1:colcon.colcon_core.package_identification:_identify(src/drivers/realsense-ros/realsense2_camera_msgs) by extensions ['ignore', 'ignore_ament_install']
[0.186s] Level 1:colcon.colcon_core.package_identification:_identify(src/drivers/realsense-ros/realsense2_camera_msgs) by extension 'ignore'
[0.186s] Level 1:colcon.colcon_core.package_identification:_identify(src/drivers/realsense-ros/realsense2_camera_msgs) by extension 'ignore_ament_install'
[0.186s] Level 1:colcon.colcon_core.package_identification:_identify(src/drivers/realsense-ros/realsense2_camera_msgs) by extensions ['colcon_pkg']
[0.186s] Level 1:colcon.colcon_core.package_identification:_identify(src/drivers/realsense-ros/realsense2_camera_msgs) by extension 'colcon_pkg'
[0.186s] Level 1:colcon.colcon_core.package_identification:_identify(src/drivers/realsense-ros/realsense2_camera_msgs) by extensions ['colcon_meta']
[0.186s] Level 1:colcon.colcon_core.package_identification:_identify(src/drivers/realsense-ros/realsense2_camera_msgs) by extension 'colcon_meta'
[0.186s] Level 1:colcon.colcon_core.package_identification:_identify(src/drivers/realsense-ros/realsense2_camera_msgs) by extensions ['ros']
[0.186s] Level 1:colcon.colcon_core.package_identification:_identify(src/drivers/realsense-ros/realsense2_camera_msgs) by extension 'ros'
[0.187s] DEBUG:colcon.colcon_core.package_identification:Package 'src/drivers/realsense-ros/realsense2_camera_msgs' with type 'ros.ament_cmake' and name 'realsense2_camera_msgs'
[0.187s] Level 1:colcon.colcon_core.package_identification:_identify(src/drivers/realsense-ros/realsense2_description) by extensions ['ignore', 'ignore_ament_install']
[0.187s] Level 1:colcon.colcon_core.package_identification:_identify(src/drivers/realsense-ros/realsense2_description) by extension 'ignore'
[0.187s] Level 1:colcon.colcon_core.package_identification:_identify(src/drivers/realsense-ros/realsense2_description) by extension 'ignore_ament_install'
[0.187s] Level 1:colcon.colcon_core.package_identification:_identify(src/drivers/realsense-ros/realsense2_description) by extensions ['colcon_pkg']
[0.187s] Level 1:colcon.colcon_core.package_identification:_identify(src/drivers/realsense-ros/realsense2_description) by extension 'colcon_pkg'
[0.187s] Level 1:colcon.colcon_core.package_identification:_identify(src/drivers/realsense-ros/realsense2_description) by extensions ['colcon_meta']
[0.187s] Level 1:colcon.colcon_core.package_identification:_identify(src/drivers/realsense-ros/realsense2_description) by extension 'colcon_meta'
[0.187s] Level 1:colcon.colcon_core.package_identification:_identify(src/drivers/realsense-ros/realsense2_description) by extensions ['ros']
[0.187s] Level 1:colcon.colcon_core.package_identification:_identify(src/drivers/realsense-ros/realsense2_description) by extension 'ros'
[0.188s] DEBUG:colcon.colcon_core.package_identification:Package 'src/drivers/realsense-ros/realsense2_description' with type 'ros.ament_cmake' and name 'realsense2_description'
[0.188s] Level 1:colcon.colcon_core.package_identification:_identify(src/drivers/realsense-ros/scripts) by extensions ['ignore', 'ignore_ament_install']
[0.188s] Level 1:colcon.colcon_core.package_identification:_identify(src/drivers/realsense-ros/scripts) by extension 'ignore'
[0.188s] Level 1:colcon.colcon_core.package_identification:_identify(src/drivers/realsense-ros/scripts) by extension 'ignore_ament_install'
[0.188s] Level 1:colcon.colcon_core.package_identification:_identify(src/drivers/realsense-ros/scripts) by extensions ['colcon_pkg']
[0.188s] Level 1:colcon.colcon_core.package_identification:_identify(src/drivers/realsense-ros/scripts) by extension 'colcon_pkg'
[0.188s] Level 1:colcon.colcon_core.package_identification:_identify(src/drivers/realsense-ros/scripts) by extensions ['colcon_meta']
[0.188s] Level 1:colcon.colcon_core.package_identification:_identify(src/drivers/realsense-ros/scripts) by extension 'colcon_meta'
[0.188s] Level 1:colcon.colcon_core.package_identification:_identify(src/drivers/realsense-ros/scripts) by extensions ['ros']
[0.188s] Level 1:colcon.colcon_core.package_identification:_identify(src/drivers/realsense-ros/scripts) by extension 'ros'
[0.188s] Level 1:colcon.colcon_core.package_identification:_identify(src/drivers/realsense-ros/scripts) by extensions ['cmake', 'python']
[0.188s] Level 1:colcon.colcon_core.package_identification:_identify(src/drivers/realsense-ros/scripts) by extension 'cmake'
[0.188s] Level 1:colcon.colcon_core.package_identification:_identify(src/drivers/realsense-ros/scripts) by extension 'python'
[0.188s] Level 1:colcon.colcon_core.package_identification:_identify(src/drivers/realsense-ros/scripts) by extensions ['python_setup_py']
[0.188s] Level 1:colcon.colcon_core.package_identification:_identify(src/drivers/realsense-ros/scripts) by extension 'python_setup_py'
[0.188s] Level 1:colcon.colcon_core.package_identification:_identify(src/localization) by extensions ['ignore', 'ignore_ament_install']
[0.188s] Level 1:colcon.colcon_core.package_identification:_identify(src/localization) by extension 'ignore'
[0.188s] Level 1:colcon.colcon_core.package_identification:_identify(src/localization) by extension 'ignore_ament_install'
[0.188s] Level 1:colcon.colcon_core.package_identification:_identify(src/localization) by extensions ['colcon_pkg']
[0.188s] Level 1:colcon.colcon_core.package_identification:_identify(src/localization) by extension 'colcon_pkg'
[0.188s] Level 1:colcon.colcon_core.package_identification:_identify(src/localization) by extensions ['colcon_meta']
[0.188s] Level 1:colcon.colcon_core.package_identification:_identify(src/localization) by extension 'colcon_meta'
[0.188s] Level 1:colcon.colcon_core.package_identification:_identify(src/localization) by extensions ['ros']
[0.188s] Level 1:colcon.colcon_core.package_identification:_identify(src/localization) by extension 'ros'
[0.189s] DEBUG:colcon.colcon_core.package_identification:Package 'src/localization' with type 'ros.ament_cmake' and name 'localization'
[0.189s] Level 1:colcon.colcon_core.package_identification:_identify(src/mapping) by extensions ['ignore', 'ignore_ament_install']
[0.189s] Level 1:colcon.colcon_core.package_identification:_identify(src/mapping) by extension 'ignore'
[0.189s] Level 1:colcon.colcon_core.package_identification:_identify(src/mapping) by extension 'ignore_ament_install'
[0.189s] Level 1:colcon.colcon_core.package_identification:_identify(src/mapping) by extensions ['colcon_pkg']
[0.189s] Level 1:colcon.colcon_core.package_identification:_identify(src/mapping) by extension 'colcon_pkg'
[0.189s] Level 1:colcon.colcon_core.package_identification:_identify(src/mapping) by extensions ['colcon_meta']
[0.189s] Level 1:colcon.colcon_core.package_identification:_identify(src/mapping) by extension 'colcon_meta'
[0.189s] Level 1:colcon.colcon_core.package_identification:_identify(src/mapping) by extensions ['ros']
[0.189s] Level 1:colcon.colcon_core.package_identification:_identify(src/mapping) by extension 'ros'
[0.190s] DEBUG:colcon.colcon_core.package_identification:Package 'src/mapping' with type 'ros.ament_cmake' and name 'mapping'
[0.190s] Level 1:colcon.colcon_core.package_identification:_identify(src/sensing) by extensions ['ignore', 'ignore_ament_install']
[0.190s] Level 1:colcon.colcon_core.package_identification:_identify(src/sensing) by extension 'ignore'
[0.190s] Level 1:colcon.colcon_core.package_identification:_identify(src/sensing) by extension 'ignore_ament_install'
[0.190s] Level 1:colcon.colcon_core.package_identification:_identify(src/sensing) by extensions ['colcon_pkg']
[0.190s] Level 1:colcon.colcon_core.package_identification:_identify(src/sensing) by extension 'colcon_pkg'
[0.190s] Level 1:colcon.colcon_core.package_identification:_identify(src/sensing) by extensions ['colcon_meta']
[0.190s] Level 1:colcon.colcon_core.package_identification:_identify(src/sensing) by extension 'colcon_meta'
[0.190s] Level 1:colcon.colcon_core.package_identification:_identify(src/sensing) by extensions ['ros']
[0.190s] Level 1:colcon.colcon_core.package_identification:_identify(src/sensing) by extension 'ros'
[0.190s] DEBUG:colcon.colcon_core.package_identification:Package 'src/sensing' with type 'ros.ament_cmake' and name 'sensing'
[0.190s] Level 1:colcon.colcon_core.package_discovery:discover_packages(recursive) using defaults
[0.190s] Level 1:colcon.colcon_core.package_discovery:discover_packages(ignore) discover
[0.190s] Level 1:colcon.colcon_core.package_discovery:discover_packages(ignore) using defaults
[0.190s] Level 1:colcon.colcon_core.package_discovery:discover_packages(path) discover
[0.190s] Level 1:colcon.colcon_core.package_discovery:discover_packages(path) using defaults
[0.203s] Level 1:colcon.colcon_core.package_discovery:discover_packages(prefix_path) check parameters
[0.204s] Level 1:colcon.colcon_core.package_discovery:discover_packages(prefix_path) discover
[0.205s] DEBUG:colcon.colcon_installed_package_information.package_discovery:Found 422 installed packages in /opt/ros/humble
[0.207s] Level 1:colcon.colcon_core.package_discovery:discover_packages(prefix_path) using defaults
[0.234s] Level 5:colcon.colcon_core.verb:set package 'localization' build argument 'cmake_args' from command line to 'None'
[0.235s] Level 5:colcon.colcon_core.verb:set package 'localization' build argument 'cmake_target' from command line to 'None'
[0.235s] Level 5:colcon.colcon_core.verb:set package 'localization' build argument 'cmake_target_skip_unavailable' from command line to 'False'
[0.235s] Level 5:colcon.colcon_core.verb:set package 'localization' build argument 'cmake_clean_cache' from command line to 'False'
[0.235s] Level 5:colcon.colcon_core.verb:set package 'localization' build argument 'cmake_clean_first' from command line to 'False'
[0.235s] Level 5:colcon.colcon_core.verb:set package 'localization' build argument 'cmake_force_configure' from command line to 'False'
[0.235s] Level 5:colcon.colcon_core.verb:set package 'localization' build argument 'ament_cmake_args' from command line to 'None'
[0.235s] Level 5:colcon.colcon_core.verb:set package 'localization' build argument 'catkin_cmake_args' from command line to 'None'
[0.235s] Level 5:colcon.colcon_core.verb:set package 'localization' build argument 'catkin_skip_building_tests' from command line to 'False'
[0.235s] DEBUG:colcon.colcon_core.verb:Building package 'localization' with the following arguments: {'ament_cmake_args': None, 'build_base': '/home/williamfbx/SLAM/slam_ws/build/localization', 'catkin_cmake_args': None, 'catkin_skip_building_tests': False, 'cmake_args': None, 'cmake_clean_cache': False, 'cmake_clean_first': False, 'cmake_force_configure': False, 'cmake_target': None, 'cmake_target_skip_unavailable': False, 'install_base': '/home/williamfbx/SLAM/slam_ws/install/localization', 'merge_install': False, 'path': '/home/williamfbx/SLAM/slam_ws/src/localization', 'symlink_install': False, 'test_result_base': None}
[0.235s] Level 5:colcon.colcon_core.verb:set package 'mapping' build argument 'cmake_args' from command line to 'None'
[0.235s] Level 5:colcon.colcon_core.verb:set package 'mapping' build argument 'cmake_target' from command line to 'None'
[0.235s] Level 5:colcon.colcon_core.verb:set package 'mapping' build argument 'cmake_target_skip_unavailable' from command line to 'False'
[0.235s] Level 5:colcon.colcon_core.verb:set package 'mapping' build argument 'cmake_clean_cache' from command line to 'False'
[0.235s] Level 5:colcon.colcon_core.verb:set package 'mapping' build argument 'cmake_clean_first' from command line to 'False'
[0.235s] Level 5:colcon.colcon_core.verb:set package 'mapping' build argument 'cmake_force_configure' from command line to 'False'
[0.235s] Level 5:colcon.colcon_core.verb:set package 'mapping' build argument 'ament_cmake_args' from command line to 'None'
[0.235s] Level 5:colcon.colcon_core.verb:set package 'mapping' build argument 'catkin_cmake_args' from command line to 'None'
[0.235s] Level 5:colcon.colcon_core.verb:set package 'mapping' build argument 'catkin_skip_building_tests' from command line to 'False'
[0.235s] DEBUG:colcon.colcon_core.verb:Building package 'mapping' with the following arguments: {'ament_cmake_args': None, 'build_base': '/home/williamfbx/SLAM/slam_ws/build/mapping', 'catkin_cmake_args': None, 'catkin_skip_building_tests': False, 'cmake_args': None, 'cmake_clean_cache': False, 'cmake_clean_first': False, 'cmake_force_configure': False, 'cmake_target': None, 'cmake_target_skip_unavailable': False, 'install_base': '/home/williamfbx/SLAM/slam_ws/install/mapping', 'merge_install': False, 'path': '/home/williamfbx/SLAM/slam_ws/src/mapping', 'symlink_install': False, 'test_result_base': None}
[0.235s] Level 5:colcon.colcon_core.verb:set package 'realsense' build argument 'cmake_args' from command line to 'None'
[0.235s] Level 5:colcon.colcon_core.verb:set package 'realsense' build argument 'cmake_target' from command line to 'None'
[0.235s] Level 5:colcon.colcon_core.verb:set package 'realsense' build argument 'cmake_target_skip_unavailable' from command line to 'False'
[0.235s] Level 5:colcon.colcon_core.verb:set package 'realsense' build argument 'cmake_clean_cache' from command line to 'False'
[0.235s] Level 5:colcon.colcon_core.verb:set package 'realsense' build argument 'cmake_clean_first' from command line to 'False'
[0.235s] Level 5:colcon.colcon_core.verb:set package 'realsense' build argument 'cmake_force_configure' from command line to 'False'
[0.235s] Level 5:colcon.colcon_core.verb:set package 'realsense' build argument 'ament_cmake_args' from command line to 'None'
[0.235s] Level 5:colcon.colcon_core.verb:set package 'realsense' build argument 'catkin_cmake_args' from command line to 'None'
[0.235s] Level 5:colcon.colcon_core.verb:set package 'realsense' build argument 'catkin_skip_building_tests' from command line to 'False'
[0.235s] DEBUG:colcon.colcon_core.verb:Building package 'realsense' with the following arguments: {'ament_cmake_args': None, 'build_base': '/home/williamfbx/SLAM/slam_ws/build/realsense', 'catkin_cmake_args': None, 'catkin_skip_building_tests': False, 'cmake_args': None, 'cmake_clean_cache': False, 'cmake_clean_first': False, 'cmake_force_configure': False, 'cmake_target': None, 'cmake_target_skip_unavailable': False, 'install_base': '/home/williamfbx/SLAM/slam_ws/install/realsense', 'merge_install': False, 'path': '/home/williamfbx/SLAM/slam_ws/src/drivers/realsense', 'symlink_install': False, 'test_result_base': None}
[0.235s] Level 5:colcon.colcon_core.verb:set package 'realsense2_camera_msgs' build argument 'cmake_args' from command line to 'None'
[0.235s] Level 5:colcon.colcon_core.verb:set package 'realsense2_camera_msgs' build argument 'cmake_target' from command line to 'None'
[0.236s] Level 5:colcon.colcon_core.verb:set package 'realsense2_camera_msgs' build argument 'cmake_target_skip_unavailable' from command line to 'False'
[0.236s] Level 5:colcon.colcon_core.verb:set package 'realsense2_camera_msgs' build argument 'cmake_clean_cache' from command line to 'False'
[0.236s] Level 5:colcon.colcon_core.verb:set package 'realsense2_camera_msgs' build argument 'cmake_clean_first' from command line to 'False'
[0.236s] Level 5:colcon.colcon_core.verb:set package 'realsense2_camera_msgs' build argument 'cmake_force_configure' from command line to 'False'
[0.236s] Level 5:colcon.colcon_core.verb:set package 'realsense2_camera_msgs' build argument 'ament_cmake_args' from command line to 'None'
[0.236s] Level 5:colcon.colcon_core.verb:set package 'realsense2_camera_msgs' build argument 'catkin_cmake_args' from command line to 'None'
[0.236s] Level 5:colcon.colcon_core.verb:set package 'realsense2_camera_msgs' build argument 'catkin_skip_building_tests' from command line to 'False'
[0.236s] DEBUG:colcon.colcon_core.verb:Building package 'realsense2_camera_msgs' with the following arguments: {'ament_cmake_args': None, 'build_base': '/home/williamfbx/SLAM/slam_ws/build/realsense2_camera_msgs', 'catkin_cmake_args': None, 'catkin_skip_building_tests': False, 'cmake_args': None, 'cmake_clean_cache': False, 'cmake_clean_first': False, 'cmake_force_configure': False, 'cmake_target': None, 'cmake_target_skip_unavailable': False, 'install_base': '/home/williamfbx/SLAM/slam_ws/install/realsense2_camera_msgs', 'merge_install': False, 'path': '/home/williamfbx/SLAM/slam_ws/src/drivers/realsense-ros/realsense2_camera_msgs', 'symlink_install': False, 'test_result_base': None}
[0.236s] Level 5:colcon.colcon_core.verb:set package 'sensing' build argument 'cmake_args' from command line to 'None'
[0.236s] Level 5:colcon.colcon_core.verb:set package 'sensing' build argument 'cmake_target' from command line to 'None'
[0.236s] Level 5:colcon.colcon_core.verb:set package 'sensing' build argument 'cmake_target_skip_unavailable' from command line to 'False'
[0.236s] Level 5:colcon.colcon_core.verb:set package 'sensing' build argument 'cmake_clean_cache' from command line to 'False'
[0.236s] Level 5:colcon.colcon_core.verb:set package 'sensing' build argument 'cmake_clean_first' from command line to 'False'
[0.236s] Level 5:colcon.colcon_core.verb:set package 'sensing' build argument 'cmake_force_configure' from command line to 'False'
[0.236s] Level 5:colcon.colcon_core.verb:set package 'sensing' build argument 'ament_cmake_args' from command line to 'None'
[0.236s] Level 5:colcon.colcon_core.verb:set package 'sensing' build argument 'catkin_cmake_args' from command line to 'None'
[0.236s] Level 5:colcon.colcon_core.verb:set package 'sensing' build argument 'catkin_skip_building_tests' from command line to 'False'
[0.236s] DEBUG:colcon.colcon_core.verb:Building package 'sensing' with the following arguments: {'ament_cmake_args': None, 'build_base': '/home/williamfbx/SLAM/slam_ws/build/sensing', 'catkin_cmake_args': None, 'catkin_skip_building_tests': False, 'cmake_args': None, 'cmake_clean_cache': False, 'cmake_clean_first': False, 'cmake_force_configure': False, 'cmake_target': None, 'cmake_target_skip_unavailable': False, 'install_base': '/home/williamfbx/SLAM/slam_ws/install/sensing', 'merge_install': False, 'path': '/home/williamfbx/SLAM/slam_ws/src/sensing', 'symlink_install': False, 'test_result_base': None}
[0.236s] Level 5:colcon.colcon_core.verb:set package 'realsense2_camera' build argument 'cmake_args' from command line to 'None'
[0.236s] Level 5:colcon.colcon_core.verb:set package 'realsense2_camera' build argument 'cmake_target' from command line to 'None'
[0.236s] Level 5:colcon.colcon_core.verb:set package 'realsense2_camera' build argument 'cmake_target_skip_unavailable' from command line to 'False'
[0.236s] Level 5:colcon.colcon_core.verb:set package 'realsense2_camera' build argument 'cmake_clean_cache' from command line to 'False'
[0.236s] Level 5:colcon.colcon_core.verb:set package 'realsense2_camera' build argument 'cmake_clean_first' from command line to 'False'
[0.236s] Level 5:colcon.colcon_core.verb:set package 'realsense2_camera' build argument 'cmake_force_configure' from command line to 'False'
[0.236s] Level 5:colcon.colcon_core.verb:set package 'realsense2_camera' build argument 'ament_cmake_args' from command line to 'None'
[0.236s] Level 5:colcon.colcon_core.verb:set package 'realsense2_camera' build argument 'catkin_cmake_args' from command line to 'None'
[0.236s] Level 5:colcon.colcon_core.verb:set package 'realsense2_camera' build argument 'catkin_skip_building_tests' from command line to 'False'
[0.236s] DEBUG:colcon.colcon_core.verb:Building package 'realsense2_camera' with the following arguments: {'ament_cmake_args': None, 'build_base': '/home/williamfbx/SLAM/slam_ws/build/realsense2_camera', 'catkin_cmake_args': None, 'catkin_skip_building_tests': False, 'cmake_args': None, 'cmake_clean_cache': False, 'cmake_clean_first': False, 'cmake_force_configure': False, 'cmake_target': None, 'cmake_target_skip_unavailable': False, 'install_base': '/home/williamfbx/SLAM/slam_ws/install/realsense2_camera', 'merge_install': False, 'path': '/home/williamfbx/SLAM/slam_ws/src/drivers/realsense-ros/realsense2_camera', 'symlink_install': False, 'test_result_base': None}
[0.236s] Level 5:colcon.colcon_core.verb:set package 'realsense2_description' build argument 'cmake_args' from command line to 'None'
[0.236s] Level 5:colcon.colcon_core.verb:set package 'realsense2_description' build argument 'cmake_target' from command line to 'None'
[0.236s] Level 5:colcon.colcon_core.verb:set package 'realsense2_description' build argument 'cmake_target_skip_unavailable' from command line to 'False'
[0.236s] Level 5:colcon.colcon_core.verb:set package 'realsense2_description' build argument 'cmake_clean_cache' from command line to 'False'
[0.236s] Level 5:colcon.colcon_core.verb:set package 'realsense2_description' build argument 'cmake_clean_first' from command line to 'False'
[0.236s] Level 5:colcon.colcon_core.verb:set package 'realsense2_description' build argument 'cmake_force_configure' from command line to 'False'
[0.236s] Level 5:colcon.colcon_core.verb:set package 'realsense2_description' build argument 'ament_cmake_args' from command line to 'None'
[0.236s] Level 5:colcon.colcon_core.verb:set package 'realsense2_description' build argument 'catkin_cmake_args' from command line to 'None'
[0.236s] Level 5:colcon.colcon_core.verb:set package 'realsense2_description' build argument 'catkin_skip_building_tests' from command line to 'False'
[0.236s] DEBUG:colcon.colcon_core.verb:Building package 'realsense2_description' with the following arguments: {'ament_cmake_args': None, 'build_base': '/home/williamfbx/SLAM/slam_ws/build/realsense2_description', 'catkin_cmake_args': None, 'catkin_skip_building_tests': False, 'cmake_args': None, 'cmake_clean_cache': False, 'cmake_clean_first': False, 'cmake_force_configure': False, 'cmake_target': None, 'cmake_target_skip_unavailable': False, 'install_base': '/home/williamfbx/SLAM/slam_ws/install/realsense2_description', 'merge_install': False, 'path': '/home/williamfbx/SLAM/slam_ws/src/drivers/realsense-ros/realsense2_description', 'symlink_install': False, 'test_result_base': None}
[0.237s] INFO:colcon.colcon_core.executor:Executing jobs using 'parallel' executor
[0.237s] DEBUG:colcon.colcon_parallel_executor.executor.parallel:run_until_complete
[0.238s] INFO:colcon.colcon_ros.task.ament_cmake.build:Building ROS package in '/home/williamfbx/SLAM/slam_ws/src/drivers/realsense-ros/realsense2_camera_msgs' with build type 'ament_cmake'
[0.238s] INFO:colcon.colcon_cmake.task.cmake.build:Building CMake package in '/home/williamfbx/SLAM/slam_ws/src/drivers/realsense-ros/realsense2_camera_msgs'
[0.239s] INFO:colcon.colcon_core.plugin_system:Skipping extension 'colcon_core.shell.bat': Not used on non-Windows systems
[0.239s] INFO:colcon.colcon_core.shell:Skip shell extension 'powershell' for command environment: Not usable outside of PowerShell
[0.239s] DEBUG:colcon.colcon_core.shell:Skip shell extension 'dsv' for command environment
[0.241s] INFO:colcon.colcon_ros.task.ament_cmake.build:Building ROS package in '/home/williamfbx/SLAM/slam_ws/src/localization' with build type 'ament_cmake'
[0.241s] INFO:colcon.colcon_cmake.task.cmake.build:Building CMake package in '/home/williamfbx/SLAM/slam_ws/src/localization'
[0.241s] INFO:colcon.colcon_core.shell:Skip shell extension 'powershell' for command environment: Not usable outside of PowerShell
[0.242s] DEBUG:colcon.colcon_core.shell:Skip shell extension 'dsv' for command environment
[0.243s] INFO:colcon.colcon_ros.task.ament_cmake.build:Building ROS package in '/home/williamfbx/SLAM/slam_ws/src/mapping' with build type 'ament_cmake'
[0.243s] INFO:colcon.colcon_cmake.task.cmake.build:Building CMake package in '/home/williamfbx/SLAM/slam_ws/src/mapping'
[0.244s] INFO:colcon.colcon_core.shell:Skip shell extension 'powershell' for command environment: Not usable outside of PowerShell
[0.244s] DEBUG:colcon.colcon_core.shell:Skip shell extension 'dsv' for command environment
[0.245s] INFO:colcon.colcon_ros.task.ament_cmake.build:Building ROS package in '/home/williamfbx/SLAM/slam_ws/src/drivers/realsense' with build type 'ament_cmake'
[0.245s] INFO:colcon.colcon_cmake.task.cmake.build:Building CMake package in '/home/williamfbx/SLAM/slam_ws/src/drivers/realsense'
[0.245s] INFO:colcon.colcon_core.shell:Skip shell extension 'powershell' for command environment: Not usable outside of PowerShell
[0.245s] DEBUG:colcon.colcon_core.shell:Skip shell extension 'dsv' for command environment
[0.247s] INFO:colcon.colcon_ros.task.ament_cmake.build:Building ROS package in '/home/williamfbx/SLAM/slam_ws/src/sensing' with build type 'ament_cmake'
[0.247s] INFO:colcon.colcon_cmake.task.cmake.build:Building CMake package in '/home/williamfbx/SLAM/slam_ws/src/sensing'
[0.247s] INFO:colcon.colcon_core.shell:Skip shell extension 'powershell' for command environment: Not usable outside of PowerShell
[0.247s] DEBUG:colcon.colcon_core.shell:Skip shell extension 'dsv' for command environment
[0.253s] DEBUG:colcon.colcon_core.event_handler.log_command:Invoking command in '/home/williamfbx/SLAM/slam_ws/build/realsense2_camera_msgs': CMAKE_PREFIX_PATH=/opt/ros/humble /usr/bin/cmake --build /home/williamfbx/SLAM/slam_ws/build/realsense2_camera_msgs -- -j12 -l12
[0.270s] DEBUG:colcon.colcon_core.event_handler.log_command:Invoking command in '/home/williamfbx/SLAM/slam_ws/build/localization': CMAKE_PREFIX_PATH=/opt/ros/humble /usr/bin/cmake --build /home/williamfbx/SLAM/slam_ws/build/localization -- -j12 -l12
[0.275s] DEBUG:colcon.colcon_core.event_handler.log_command:Invoking command in '/home/williamfbx/SLAM/slam_ws/build/mapping': CMAKE_PREFIX_PATH=/opt/ros/humble /usr/bin/cmake --build /home/williamfbx/SLAM/slam_ws/build/mapping -- -j12 -l12
[0.277s] DEBUG:colcon.colcon_core.event_handler.log_command:Invoking command in '/home/williamfbx/SLAM/slam_ws/build/realsense': CMAKE_PREFIX_PATH=/opt/ros/humble /usr/bin/cmake --build /home/williamfbx/SLAM/slam_ws/build/realsense -- -j12 -l12
[0.278s] DEBUG:colcon.colcon_core.event_handler.log_command:Invoking command in '/home/williamfbx/SLAM/slam_ws/build/sensing': CMAKE_PREFIX_PATH=/opt/ros/humble /usr/bin/cmake --build /home/williamfbx/SLAM/slam_ws/build/sensing -- -j12 -l12
[0.295s] DEBUG:colcon.colcon_core.event_handler.log_command:Invoked command in '/home/williamfbx/SLAM/slam_ws/build/realsense' returned '0': CMAKE_PREFIX_PATH=/opt/ros/humble /usr/bin/cmake --build /home/williamfbx/SLAM/slam_ws/build/realsense -- -j12 -l12
[0.307s] DEBUG:colcon.colcon_core.event_handler.log_command:Invoking command in '/home/williamfbx/SLAM/slam_ws/build/realsense': CMAKE_PREFIX_PATH=/opt/ros/humble /usr/bin/cmake --install /home/williamfbx/SLAM/slam_ws/build/realsense
[0.308s] DEBUG:colcon.colcon_core.event_handler.log_command:Invoked command in '/home/williamfbx/SLAM/slam_ws/build/sensing' returned '0': CMAKE_PREFIX_PATH=/opt/ros/humble /usr/bin/cmake --build /home/williamfbx/SLAM/slam_ws/build/sensing -- -j12 -l12
[0.308s] DEBUG:colcon.colcon_core.event_handler.log_command:Invoking command in '/home/williamfbx/SLAM/slam_ws/build/sensing': CMAKE_PREFIX_PATH=/opt/ros/humble /usr/bin/cmake --install /home/williamfbx/SLAM/slam_ws/build/sensing
[0.318s] Level 1:colcon.colcon_core.environment:create_environment_scripts_only(realsense)
[0.320s] DEBUG:colcon.colcon_core.event_handler.log_command:Invoked command in '/home/williamfbx/SLAM/slam_ws/build/realsense' returned '0': CMAKE_PREFIX_PATH=/opt/ros/humble /usr/bin/cmake --install /home/williamfbx/SLAM/slam_ws/build/realsense
[0.321s] Level 1:colcon.colcon_core.environment:checking '/home/williamfbx/SLAM/slam_ws/install/realsense' for CMake module files
[0.322s] Level 1:colcon.colcon_core.environment:checking '/home/williamfbx/SLAM/slam_ws/install/realsense' for CMake config files
[0.322s] Level 1:colcon.colcon_core.shell:create_environment_hook('realsense', 'cmake_prefix_path')
[0.322s] INFO:colcon.colcon_core.shell:Creating environment hook '/home/williamfbx/SLAM/slam_ws/install/realsense/share/realsense/hook/cmake_prefix_path.ps1'
[0.323s] INFO:colcon.colcon_core.shell:Creating environment descriptor '/home/williamfbx/SLAM/slam_ws/install/realsense/share/realsense/hook/cmake_prefix_path.dsv'
[0.323s] INFO:colcon.colcon_core.shell:Creating environment hook '/home/williamfbx/SLAM/slam_ws/install/realsense/share/realsense/hook/cmake_prefix_path.sh'
[0.323s] Level 1:colcon.colcon_core.environment:checking '/home/williamfbx/SLAM/slam_ws/install/realsense/bin'
[0.324s] Level 1:colcon.colcon_core.environment:checking '/home/williamfbx/SLAM/slam_ws/install/realsense/lib/pkgconfig/realsense.pc'
[0.324s] Level 1:colcon.colcon_core.environment:checking '/home/williamfbx/SLAM/slam_ws/install/realsense/lib/python3.10/site-packages'
[0.324s] Level 1:colcon.colcon_core.environment:checking '/home/williamfbx/SLAM/slam_ws/install/realsense/bin'
[0.324s] INFO:colcon.colcon_core.shell:Creating package script '/home/williamfbx/SLAM/slam_ws/install/realsense/share/realsense/package.ps1'
[0.325s] INFO:colcon.colcon_core.shell:Creating package descriptor '/home/williamfbx/SLAM/slam_ws/install/realsense/share/realsense/package.dsv'
[0.325s] INFO:colcon.colcon_core.shell:Creating package script '/home/williamfbx/SLAM/slam_ws/install/realsense/share/realsense/package.sh'
[0.325s] INFO:colcon.colcon_core.shell:Creating package script '/home/williamfbx/SLAM/slam_ws/install/realsense/share/realsense/package.bash'
[0.326s] INFO:colcon.colcon_core.shell:Creating package script '/home/williamfbx/SLAM/slam_ws/install/realsense/share/realsense/package.zsh'
[0.326s] Level 1:colcon.colcon_core.environment:create_file_with_runtime_dependencies(/home/williamfbx/SLAM/slam_ws/install/realsense/share/colcon-core/packages/realsense)
[0.327s] Level 1:colcon.colcon_core.environment:create_environment_scripts_only(realsense)
[0.327s] Level 1:colcon.colcon_core.environment:checking '/home/williamfbx/SLAM/slam_ws/install/realsense' for CMake module files
[0.327s] Level 1:colcon.colcon_core.environment:checking '/home/williamfbx/SLAM/slam_ws/install/realsense' for CMake config files
[0.327s] Level 1:colcon.colcon_core.shell:create_environment_hook('realsense', 'cmake_prefix_path')
[0.327s] INFO:colcon.colcon_core.shell:Creating environment hook '/home/williamfbx/SLAM/slam_ws/install/realsense/share/realsense/hook/cmake_prefix_path.ps1'
[0.328s] INFO:colcon.colcon_core.shell:Creating environment descriptor '/home/williamfbx/SLAM/slam_ws/install/realsense/share/realsense/hook/cmake_prefix_path.dsv'
[0.328s] INFO:colcon.colcon_core.shell:Creating environment hook '/home/williamfbx/SLAM/slam_ws/install/realsense/share/realsense/hook/cmake_prefix_path.sh'
[0.328s] Level 1:colcon.colcon_core.environment:checking '/home/williamfbx/SLAM/slam_ws/install/realsense/bin'
[0.328s] Level 1:colcon.colcon_core.environment:checking '/home/williamfbx/SLAM/slam_ws/install/realsense/lib/pkgconfig/realsense.pc'
[0.328s] Level 1:colcon.colcon_core.environment:checking '/home/williamfbx/SLAM/slam_ws/install/realsense/lib/python3.10/site-packages'
[0.328s] Level 1:colcon.colcon_core.environment:checking '/home/williamfbx/SLAM/slam_ws/install/realsense/bin'
[0.329s] INFO:colcon.colcon_core.shell:Creating package script '/home/williamfbx/SLAM/slam_ws/install/realsense/share/realsense/package.ps1'
[0.329s] INFO:colcon.colcon_core.shell:Creating package descriptor '/home/williamfbx/SLAM/slam_ws/install/realsense/share/realsense/package.dsv'
[0.329s] INFO:colcon.colcon_core.shell:Creating package script '/home/williamfbx/SLAM/slam_ws/install/realsense/share/realsense/package.sh'
[0.329s] INFO:colcon.colcon_core.shell:Creating package script '/home/williamfbx/SLAM/slam_ws/install/realsense/share/realsense/package.bash'
[0.330s] INFO:colcon.colcon_core.shell:Creating package script '/home/williamfbx/SLAM/slam_ws/install/realsense/share/realsense/package.zsh'
[0.330s] Level 1:colcon.colcon_core.environment:create_file_with_runtime_dependencies(/home/williamfbx/SLAM/slam_ws/install/realsense/share/colcon-core/packages/realsense)
[0.330s] Level 1:colcon.colcon_core.environment:create_environment_scripts_only(sensing)
[0.331s] Level 1:colcon.colcon_core.environment:checking '/home/williamfbx/SLAM/slam_ws/install/sensing' for CMake module files
[0.331s] Level 1:colcon.colcon_core.environment:checking '/home/williamfbx/SLAM/slam_ws/install/sensing' for CMake config files
[0.331s] DEBUG:colcon.colcon_core.event_handler.log_command:Invoked command in '/home/williamfbx/SLAM/slam_ws/build/sensing' returned '0': CMAKE_PREFIX_PATH=/opt/ros/humble /usr/bin/cmake --install /home/williamfbx/SLAM/slam_ws/build/sensing
[0.332s] Level 1:colcon.colcon_core.shell:create_environment_hook('sensing', 'cmake_prefix_path')
[0.332s] INFO:colcon.colcon_core.shell:Creating environment hook '/home/williamfbx/SLAM/slam_ws/install/sensing/share/sensing/hook/cmake_prefix_path.ps1'
[0.332s] INFO:colcon.colcon_core.shell:Creating environment descriptor '/home/williamfbx/SLAM/slam_ws/install/sensing/share/sensing/hook/cmake_prefix_path.dsv'
[0.333s] INFO:colcon.colcon_core.shell:Creating environment hook '/home/williamfbx/SLAM/slam_ws/install/sensing/share/sensing/hook/cmake_prefix_path.sh'
[0.333s] Level 1:colcon.colcon_core.environment:checking '/home/williamfbx/SLAM/slam_ws/install/sensing/bin'
[0.333s] Level 1:colcon.colcon_core.environment:checking '/home/williamfbx/SLAM/slam_ws/install/sensing/lib/pkgconfig/sensing.pc'
[0.333s] Level 1:colcon.colcon_core.environment:checking '/home/williamfbx/SLAM/slam_ws/install/sensing/lib/python3.10/site-packages'
[0.333s] Level 1:colcon.colcon_core.environment:checking '/home/williamfbx/SLAM/slam_ws/install/sensing/bin'
[0.334s] INFO:colcon.colcon_core.shell:Creating package script '/home/williamfbx/SLAM/slam_ws/install/sensing/share/sensing/package.ps1'
[0.334s] INFO:colcon.colcon_core.shell:Creating package descriptor '/home/williamfbx/SLAM/slam_ws/install/sensing/share/sensing/package.dsv'
[0.334s] INFO:colcon.colcon_core.shell:Creating package script '/home/williamfbx/SLAM/slam_ws/install/sensing/share/sensing/package.sh'
[0.334s] INFO:colcon.colcon_core.shell:Creating package script '/home/williamfbx/SLAM/slam_ws/install/sensing/share/sensing/package.bash'
[0.335s] INFO:colcon.colcon_core.shell:Creating package script '/home/williamfbx/SLAM/slam_ws/install/sensing/share/sensing/package.zsh'
[0.335s] Level 1:colcon.colcon_core.environment:create_file_with_runtime_dependencies(/home/williamfbx/SLAM/slam_ws/install/sensing/share/colcon-core/packages/sensing)
[0.336s] Level 1:colcon.colcon_core.environment:create_environment_scripts_only(sensing)
[0.336s] Level 1:colcon.colcon_core.environment:checking '/home/williamfbx/SLAM/slam_ws/install/sensing' for CMake module files
[0.336s] Level 1:colcon.colcon_core.environment:checking '/home/williamfbx/SLAM/slam_ws/install/sensing' for CMake config files
[0.336s] Level 1:colcon.colcon_core.shell:create_environment_hook('sensing', 'cmake_prefix_path')
[0.336s] INFO:colcon.colcon_core.shell:Creating environment hook '/home/williamfbx/SLAM/slam_ws/install/sensing/share/sensing/hook/cmake_prefix_path.ps1'
[0.337s] INFO:colcon.colcon_core.shell:Creating environment descriptor '/home/williamfbx/SLAM/slam_ws/install/sensing/share/sensing/hook/cmake_prefix_path.dsv'
[0.337s] INFO:colcon.colcon_core.shell:Creating environment hook '/home/williamfbx/SLAM/slam_ws/install/sensing/share/sensing/hook/cmake_prefix_path.sh'
[0.337s] Level 1:colcon.colcon_core.environment:checking '/home/williamfbx/SLAM/slam_ws/install/sensing/bin'
[0.337s] Level 1:colcon.colcon_core.environment:checking '/home/williamfbx/SLAM/slam_ws/install/sensing/lib/pkgconfig/sensing.pc'
[0.337s] Level 1:colcon.colcon_core.environment:checking '/home/williamfbx/SLAM/slam_ws/install/sensing/lib/python3.10/site-packages'
[0.338s] Level 1:colcon.colcon_core.environment:checking '/home/williamfbx/SLAM/slam_ws/install/sensing/bin'
[0.338s] INFO:colcon.colcon_core.shell:Creating package script '/home/williamfbx/SLAM/slam_ws/install/sensing/share/sensing/package.ps1'
[0.338s] INFO:colcon.colcon_core.shell:Creating package descriptor '/home/williamfbx/SLAM/slam_ws/install/sensing/share/sensing/package.dsv'
[0.339s] INFO:colcon.colcon_core.shell:Creating package script '/home/williamfbx/SLAM/slam_ws/install/sensing/share/sensing/package.sh'
[0.339s] INFO:colcon.colcon_core.shell:Creating package script '/home/williamfbx/SLAM/slam_ws/install/sensing/share/sensing/package.bash'
[0.339s] INFO:colcon.colcon_core.shell:Creating package script '/home/williamfbx/SLAM/slam_ws/install/sensing/share/sensing/package.zsh'
[0.339s] Level 1:colcon.colcon_core.environment:create_file_with_runtime_dependencies(/home/williamfbx/SLAM/slam_ws/install/sensing/share/colcon-core/packages/sensing)
[0.354s] DEBUG:colcon.colcon_core.event_handler.log_command:Invoked command in '/home/williamfbx/SLAM/slam_ws/build/mapping' returned '0': CMAKE_PREFIX_PATH=/opt/ros/humble /usr/bin/cmake --build /home/williamfbx/SLAM/slam_ws/build/mapping -- -j12 -l12
[0.355s] DEBUG:colcon.colcon_core.event_handler.log_command:Invoking command in '/home/williamfbx/SLAM/slam_ws/build/mapping': CMAKE_PREFIX_PATH=/opt/ros/humble /usr/bin/cmake --install /home/williamfbx/SLAM/slam_ws/build/mapping
[0.365s] Level 1:colcon.colcon_core.environment:create_environment_scripts_only(mapping)
[0.366s] Level 1:colcon.colcon_core.environment:checking '/home/williamfbx/SLAM/slam_ws/install/mapping' for CMake module files
[0.366s] DEBUG:colcon.colcon_core.event_handler.log_command:Invoked command in '/home/williamfbx/SLAM/slam_ws/build/mapping' returned '0': CMAKE_PREFIX_PATH=/opt/ros/humble /usr/bin/cmake --install /home/williamfbx/SLAM/slam_ws/build/mapping
[0.366s] Level 1:colcon.colcon_core.environment:checking '/home/williamfbx/SLAM/slam_ws/install/mapping' for CMake config files
[0.366s] Level 1:colcon.colcon_core.shell:create_environment_hook('mapping', 'cmake_prefix_path')
[0.367s] INFO:colcon.colcon_core.shell:Creating environment hook '/home/williamfbx/SLAM/slam_ws/install/mapping/share/mapping/hook/cmake_prefix_path.ps1'
[0.367s] INFO:colcon.colcon_core.shell:Creating environment descriptor '/home/williamfbx/SLAM/slam_ws/install/mapping/share/mapping/hook/cmake_prefix_path.dsv'
[0.367s] INFO:colcon.colcon_core.shell:Creating environment hook '/home/williamfbx/SLAM/slam_ws/install/mapping/share/mapping/hook/cmake_prefix_path.sh'
[0.368s] Level 1:colcon.colcon_core.environment:checking '/home/williamfbx/SLAM/slam_ws/install/mapping/lib'
[0.368s] Level 1:colcon.colcon_core.environment:checking '/home/williamfbx/SLAM/slam_ws/install/mapping/bin'
[0.368s] Level 1:colcon.colcon_core.environment:checking '/home/williamfbx/SLAM/slam_ws/install/mapping/lib/pkgconfig/mapping.pc'
[0.368s] Level 1:colcon.colcon_core.environment:checking '/home/williamfbx/SLAM/slam_ws/install/mapping/lib/python3.10/site-packages'
[0.368s] Level 1:colcon.colcon_core.environment:checking '/home/williamfbx/SLAM/slam_ws/install/mapping/bin'
[0.368s] INFO:colcon.colcon_core.shell:Creating package script '/home/williamfbx/SLAM/slam_ws/install/mapping/share/mapping/package.ps1'
[0.369s] INFO:colcon.colcon_core.shell:Creating package descriptor '/home/williamfbx/SLAM/slam_ws/install/mapping/share/mapping/package.dsv'
[0.369s] INFO:colcon.colcon_core.shell:Creating package script '/home/williamfbx/SLAM/slam_ws/install/mapping/share/mapping/package.sh'
[0.369s] INFO:colcon.colcon_core.shell:Creating package script '/home/williamfbx/SLAM/slam_ws/install/mapping/share/mapping/package.bash'
[0.369s] INFO:colcon.colcon_core.shell:Creating package script '/home/williamfbx/SLAM/slam_ws/install/mapping/share/mapping/package.zsh'
[0.369s] Level 1:colcon.colcon_core.environment:create_file_with_runtime_dependencies(/home/williamfbx/SLAM/slam_ws/install/mapping/share/colcon-core/packages/mapping)
[0.370s] Level 1:colcon.colcon_core.environment:create_environment_scripts_only(mapping)
[0.370s] Level 1:colcon.colcon_core.environment:checking '/home/williamfbx/SLAM/slam_ws/install/mapping' for CMake module files
[0.370s] Level 1:colcon.colcon_core.environment:checking '/home/williamfbx/SLAM/slam_ws/install/mapping' for CMake config files
[0.370s] Level 1:colcon.colcon_core.shell:create_environment_hook('mapping', 'cmake_prefix_path')
[0.370s] INFO:colcon.colcon_core.shell:Creating environment hook '/home/williamfbx/SLAM/slam_ws/install/mapping/share/mapping/hook/cmake_prefix_path.ps1'
[0.371s] INFO:colcon.colcon_core.shell:Creating environment descriptor '/home/williamfbx/SLAM/slam_ws/install/mapping/share/mapping/hook/cmake_prefix_path.dsv'
[0.371s] INFO:colcon.colcon_core.shell:Creating environment hook '/home/williamfbx/SLAM/slam_ws/install/mapping/share/mapping/hook/cmake_prefix_path.sh'
[0.372s] Level 1:colcon.colcon_core.environment:checking '/home/williamfbx/SLAM/slam_ws/install/mapping/lib'
[0.372s] Level 1:colcon.colcon_core.environment:checking '/home/williamfbx/SLAM/slam_ws/install/mapping/bin'
[0.372s] Level 1:colcon.colcon_core.environment:checking '/home/williamfbx/SLAM/slam_ws/install/mapping/lib/pkgconfig/mapping.pc'
[0.372s] Level 1:colcon.colcon_core.environment:checking '/home/williamfbx/SLAM/slam_ws/install/mapping/lib/python3.10/site-packages'
[0.372s] Level 1:colcon.colcon_core.environment:checking '/home/williamfbx/SLAM/slam_ws/install/mapping/bin'
[0.373s] INFO:colcon.colcon_core.shell:Creating package script '/home/williamfbx/SLAM/slam_ws/install/mapping/share/mapping/package.ps1'
[0.373s] INFO:colcon.colcon_core.shell:Creating package descriptor '/home/williamfbx/SLAM/slam_ws/install/mapping/share/mapping/package.dsv'
[0.373s] INFO:colcon.colcon_core.shell:Creating package script '/home/williamfbx/SLAM/slam_ws/install/mapping/share/mapping/package.sh'
[0.374s] INFO:colcon.colcon_core.shell:Creating package script '/home/williamfbx/SLAM/slam_ws/install/mapping/share/mapping/package.bash'
[0.374s] INFO:colcon.colcon_core.shell:Creating package script '/home/williamfbx/SLAM/slam_ws/install/mapping/share/mapping/package.zsh'
[0.374s] Level 1:colcon.colcon_core.environment:create_file_with_runtime_dependencies(/home/williamfbx/SLAM/slam_ws/install/mapping/share/colcon-core/packages/mapping)
[0.512s] DEBUG:colcon.colcon_core.event_handler.log_command:Invoked command in '/home/williamfbx/SLAM/slam_ws/build/realsense2_camera_msgs' returned '0': CMAKE_PREFIX_PATH=/opt/ros/humble /usr/bin/cmake --build /home/williamfbx/SLAM/slam_ws/build/realsense2_camera_msgs -- -j12 -l12
[0.513s] DEBUG:colcon.colcon_core.event_handler.log_command:Invoking command in '/home/williamfbx/SLAM/slam_ws/build/realsense2_camera_msgs': CMAKE_PREFIX_PATH=/opt/ros/humble /usr/bin/cmake --install /home/williamfbx/SLAM/slam_ws/build/realsense2_camera_msgs
[0.573s] Level 1:colcon.colcon_core.environment:create_environment_scripts_only(realsense2_camera_msgs)
[0.574s] Level 1:colcon.colcon_core.environment:checking '/home/williamfbx/SLAM/slam_ws/install/realsense2_camera_msgs' for CMake module files
[0.574s] DEBUG:colcon.colcon_core.event_handler.log_command:Invoked command in '/home/williamfbx/SLAM/slam_ws/build/realsense2_camera_msgs' returned '0': CMAKE_PREFIX_PATH=/opt/ros/humble /usr/bin/cmake --install /home/williamfbx/SLAM/slam_ws/build/realsense2_camera_msgs
[0.574s] Level 1:colcon.colcon_core.environment:checking '/home/williamfbx/SLAM/slam_ws/install/realsense2_camera_msgs' for CMake config files
[0.575s] Level 1:colcon.colcon_core.shell:create_environment_hook('realsense2_camera_msgs', 'cmake_prefix_path')
[0.575s] INFO:colcon.colcon_core.shell:Creating environment hook '/home/williamfbx/SLAM/slam_ws/install/realsense2_camera_msgs/share/realsense2_camera_msgs/hook/cmake_prefix_path.ps1'
[0.575s] INFO:colcon.colcon_core.shell:Creating environment descriptor '/home/williamfbx/SLAM/slam_ws/install/realsense2_camera_msgs/share/realsense2_camera_msgs/hook/cmake_prefix_path.dsv'
[0.575s] INFO:colcon.colcon_core.shell:Creating environment hook '/home/williamfbx/SLAM/slam_ws/install/realsense2_camera_msgs/share/realsense2_camera_msgs/hook/cmake_prefix_path.sh'
[0.576s] Level 1:colcon.colcon_core.environment:checking '/home/williamfbx/SLAM/slam_ws/install/realsense2_camera_msgs/lib'
[0.576s] Level 1:colcon.colcon_core.shell:create_environment_hook('realsense2_camera_msgs', 'ld_library_path_lib')
[0.576s] INFO:colcon.colcon_core.shell:Creating environment hook '/home/williamfbx/SLAM/slam_ws/install/realsense2_camera_msgs/share/realsense2_camera_msgs/hook/ld_library_path_lib.ps1'
[0.576s] INFO:colcon.colcon_core.shell:Creating environment descriptor '/home/williamfbx/SLAM/slam_ws/install/realsense2_camera_msgs/share/realsense2_camera_msgs/hook/ld_library_path_lib.dsv'
[0.576s] INFO:colcon.colcon_core.shell:Creating environment hook '/home/williamfbx/SLAM/slam_ws/install/realsense2_camera_msgs/share/realsense2_camera_msgs/hook/ld_library_path_lib.sh'
[0.577s] Level 1:colcon.colcon_core.environment:checking '/home/williamfbx/SLAM/slam_ws/install/realsense2_camera_msgs/bin'
[0.577s] Level 1:colcon.colcon_core.environment:checking '/home/williamfbx/SLAM/slam_ws/install/realsense2_camera_msgs/lib/pkgconfig/realsense2_camera_msgs.pc'
[0.577s] Level 1:colcon.colcon_core.environment:checking '/home/williamfbx/SLAM/slam_ws/install/realsense2_camera_msgs/lib/python3.10/site-packages'
[0.577s] Level 1:colcon.colcon_core.environment:checking '/home/williamfbx/SLAM/slam_ws/install/realsense2_camera_msgs/bin'
[0.577s] INFO:colcon.colcon_core.shell:Creating package script '/home/williamfbx/SLAM/slam_ws/install/realsense2_camera_msgs/share/realsense2_camera_msgs/package.ps1'
[0.577s] INFO:colcon.colcon_core.shell:Creating package descriptor '/home/williamfbx/SLAM/slam_ws/install/realsense2_camera_msgs/share/realsense2_camera_msgs/package.dsv'
[0.578s] INFO:colcon.colcon_core.shell:Creating package script '/home/williamfbx/SLAM/slam_ws/install/realsense2_camera_msgs/share/realsense2_camera_msgs/package.sh'
[0.578s] INFO:colcon.colcon_core.shell:Creating package script '/home/williamfbx/SLAM/slam_ws/install/realsense2_camera_msgs/share/realsense2_camera_msgs/package.bash'
[0.578s] INFO:colcon.colcon_core.shell:Creating package script '/home/williamfbx/SLAM/slam_ws/install/realsense2_camera_msgs/share/realsense2_camera_msgs/package.zsh'
[0.578s] Level 1:colcon.colcon_core.environment:create_file_with_runtime_dependencies(/home/williamfbx/SLAM/slam_ws/install/realsense2_camera_msgs/share/colcon-core/packages/realsense2_camera_msgs)
[0.578s] Level 1:colcon.colcon_core.environment:create_environment_scripts_only(realsense2_camera_msgs)
[0.579s] Level 1:colcon.colcon_core.environment:checking '/home/williamfbx/SLAM/slam_ws/install/realsense2_camera_msgs' for CMake module files
[0.579s] Level 1:colcon.colcon_core.environment:checking '/home/williamfbx/SLAM/slam_ws/install/realsense2_camera_msgs' for CMake config files
[0.579s] Level 1:colcon.colcon_core.shell:create_environment_hook('realsense2_camera_msgs', 'cmake_prefix_path')
[0.579s] INFO:colcon.colcon_core.shell:Creating environment hook '/home/williamfbx/SLAM/slam_ws/install/realsense2_camera_msgs/share/realsense2_camera_msgs/hook/cmake_prefix_path.ps1'
[0.580s] INFO:colcon.colcon_core.shell:Creating environment descriptor '/home/williamfbx/SLAM/slam_ws/install/realsense2_camera_msgs/share/realsense2_camera_msgs/hook/cmake_prefix_path.dsv'
[0.580s] INFO:colcon.colcon_core.shell:Creating environment hook '/home/williamfbx/SLAM/slam_ws/install/realsense2_camera_msgs/share/realsense2_camera_msgs/hook/cmake_prefix_path.sh'
[0.580s] Level 1:colcon.colcon_core.environment:checking '/home/williamfbx/SLAM/slam_ws/install/realsense2_camera_msgs/lib'
[0.580s] Level 1:colcon.colcon_core.shell:create_environment_hook('realsense2_camera_msgs', 'ld_library_path_lib')
[0.580s] INFO:colcon.colcon_core.shell:Creating environment hook '/home/williamfbx/SLAM/slam_ws/install/realsense2_camera_msgs/share/realsense2_camera_msgs/hook/ld_library_path_lib.ps1'
[0.581s] INFO:colcon.colcon_core.shell:Creating environment descriptor '/home/williamfbx/SLAM/slam_ws/install/realsense2_camera_msgs/share/realsense2_camera_msgs/hook/ld_library_path_lib.dsv'
[0.581s] INFO:colcon.colcon_core.shell:Creating environment hook '/home/williamfbx/SLAM/slam_ws/install/realsense2_camera_msgs/share/realsense2_camera_msgs/hook/ld_library_path_lib.sh'
[0.581s] Level 1:colcon.colcon_core.environment:checking '/home/williamfbx/SLAM/slam_ws/install/realsense2_camera_msgs/bin'
[0.581s] Level 1:colcon.colcon_core.environment:checking '/home/williamfbx/SLAM/slam_ws/install/realsense2_camera_msgs/lib/pkgconfig/realsense2_camera_msgs.pc'
[0.581s] Level 1:colcon.colcon_core.environment:checking '/home/williamfbx/SLAM/slam_ws/install/realsense2_camera_msgs/lib/python3.10/site-packages'
[0.581s] Level 1:colcon.colcon_core.environment:checking '/home/williamfbx/SLAM/slam_ws/install/realsense2_camera_msgs/bin'
[0.581s] INFO:colcon.colcon_core.shell:Creating package script '/home/williamfbx/SLAM/slam_ws/install/realsense2_camera_msgs/share/realsense2_camera_msgs/package.ps1'
[0.582s] INFO:colcon.colcon_core.shell:Creating package descriptor '/home/williamfbx/SLAM/slam_ws/install/realsense2_camera_msgs/share/realsense2_camera_msgs/package.dsv'
[0.582s] INFO:colcon.colcon_core.shell:Creating package script '/home/williamfbx/SLAM/slam_ws/install/realsense2_camera_msgs/share/realsense2_camera_msgs/package.sh'
[0.582s] INFO:colcon.colcon_core.shell:Creating package script '/home/williamfbx/SLAM/slam_ws/install/realsense2_camera_msgs/share/realsense2_camera_msgs/package.bash'
[0.582s] INFO:colcon.colcon_core.shell:Creating package script '/home/williamfbx/SLAM/slam_ws/install/realsense2_camera_msgs/share/realsense2_camera_msgs/package.zsh'
[0.582s] Level 1:colcon.colcon_core.environment:create_file_with_runtime_dependencies(/home/williamfbx/SLAM/slam_ws/install/realsense2_camera_msgs/share/colcon-core/packages/realsense2_camera_msgs)
[0.583s] INFO:colcon.colcon_ros.task.ament_cmake.build:Building ROS package in '/home/williamfbx/SLAM/slam_ws/src/drivers/realsense-ros/realsense2_camera' with build type 'ament_cmake'
[0.583s] INFO:colcon.colcon_cmake.task.cmake.build:Building CMake package in '/home/williamfbx/SLAM/slam_ws/src/drivers/realsense-ros/realsense2_camera'
[0.583s] INFO:colcon.colcon_core.shell:Skip shell extension 'powershell' for command environment: Not usable outside of PowerShell
[0.583s] DEBUG:colcon.colcon_core.shell:Skip shell extension 'dsv' for command environment
[0.585s] INFO:colcon.colcon_ros.task.ament_cmake.build:Building ROS package in '/home/williamfbx/SLAM/slam_ws/src/drivers/realsense-ros/realsense2_description' with build type 'ament_cmake'
[0.585s] INFO:colcon.colcon_cmake.task.cmake.build:Building CMake package in '/home/williamfbx/SLAM/slam_ws/src/drivers/realsense-ros/realsense2_description'
[0.585s] INFO:colcon.colcon_core.shell:Skip shell extension 'powershell' for command environment: Not usable outside of PowerShell
[0.585s] DEBUG:colcon.colcon_core.shell:Skip shell extension 'dsv' for command environment
[0.591s] DEBUG:colcon.colcon_core.event_handler.log_command:Invoking command in '/home/williamfbx/SLAM/slam_ws/build/realsense2_camera': AMENT_PREFIX_PATH=/home/williamfbx/SLAM/slam_ws/install/realsense2_camera_msgs:${AMENT_PREFIX_PATH} CMAKE_PREFIX_PATH=/home/williamfbx/SLAM/slam_ws/install/realsense2_camera_msgs:/opt/ros/humble LD_LIBRARY_PATH=/home/williamfbx/SLAM/slam_ws/install/realsense2_camera_msgs/lib:${LD_LIBRARY_PATH} PYTHONPATH=/home/williamfbx/SLAM/slam_ws/install/realsense2_camera_msgs/local/lib/python3.10/dist-packages:${PYTHONPATH} /usr/bin/cmake --build /home/williamfbx/SLAM/slam_ws/build/realsense2_camera -- -j12 -l12
[0.592s] DEBUG:colcon.colcon_core.event_handler.log_command:Invoking command in '/home/williamfbx/SLAM/slam_ws/build/realsense2_description': AMENT_PREFIX_PATH=/home/williamfbx/SLAM/slam_ws/install/realsense2_camera_msgs:${AMENT_PREFIX_PATH} CMAKE_PREFIX_PATH=/home/williamfbx/SLAM/slam_ws/install/realsense2_camera_msgs:/opt/ros/humble LD_LIBRARY_PATH=/home/williamfbx/SLAM/slam_ws/install/realsense2_camera_msgs/lib:${LD_LIBRARY_PATH} PYTHONPATH=/home/williamfbx/SLAM/slam_ws/install/realsense2_camera_msgs/local/lib/python3.10/dist-packages:${PYTHONPATH} /usr/bin/cmake --build /home/williamfbx/SLAM/slam_ws/build/realsense2_description -- -j12 -l12
[0.622s] DEBUG:colcon.colcon_core.event_handler.log_command:Invoked command in '/home/williamfbx/SLAM/slam_ws/build/realsense2_description' returned '0': AMENT_PREFIX_PATH=/home/williamfbx/SLAM/slam_ws/install/realsense2_camera_msgs:${AMENT_PREFIX_PATH} CMAKE_PREFIX_PATH=/home/williamfbx/SLAM/slam_ws/install/realsense2_camera_msgs:/opt/ros/humble LD_LIBRARY_PATH=/home/williamfbx/SLAM/slam_ws/install/realsense2_camera_msgs/lib:${LD_LIBRARY_PATH} PYTHONPATH=/home/williamfbx/SLAM/slam_ws/install/realsense2_camera_msgs/local/lib/python3.10/dist-packages:${PYTHONPATH} /usr/bin/cmake --build /home/williamfbx/SLAM/slam_ws/build/realsense2_description -- -j12 -l12
[0.625s] DEBUG:colcon.colcon_core.event_handler.log_command:Invoking command in '/home/williamfbx/SLAM/slam_ws/build/realsense2_description': AMENT_PREFIX_PATH=/home/williamfbx/SLAM/slam_ws/install/realsense2_camera_msgs:${AMENT_PREFIX_PATH} CMAKE_PREFIX_PATH=/home/williamfbx/SLAM/slam_ws/install/realsense2_camera_msgs:/opt/ros/humble LD_LIBRARY_PATH=/home/williamfbx/SLAM/slam_ws/install/realsense2_camera_msgs/lib:${LD_LIBRARY_PATH} PYTHONPATH=/home/williamfbx/SLAM/slam_ws/install/realsense2_camera_msgs/local/lib/python3.10/dist-packages:${PYTHONPATH} /usr/bin/cmake --install /home/williamfbx/SLAM/slam_ws/build/realsense2_description
[0.639s] Level 1:colcon.colcon_core.environment:create_environment_scripts_only(realsense2_description)
[0.640s] Level 1:colcon.colcon_core.environment:checking '/home/williamfbx/SLAM/slam_ws/install/realsense2_description' for CMake module files
[0.643s] Level 1:colcon.colcon_core.environment:checking '/home/williamfbx/SLAM/slam_ws/install/realsense2_description' for CMake config files
[0.648s] DEBUG:colcon.colcon_core.event_handler.log_command:Invoked command in '/home/williamfbx/SLAM/slam_ws/build/realsense2_description' returned '0': AMENT_PREFIX_PATH=/home/williamfbx/SLAM/slam_ws/install/realsense2_camera_msgs:${AMENT_PREFIX_PATH} CMAKE_PREFIX_PATH=/home/williamfbx/SLAM/slam_ws/install/realsense2_camera_msgs:/opt/ros/humble LD_LIBRARY_PATH=/home/williamfbx/SLAM/slam_ws/install/realsense2_camera_msgs/lib:${LD_LIBRARY_PATH} PYTHONPATH=/home/williamfbx/SLAM/slam_ws/install/realsense2_camera_msgs/local/lib/python3.10/dist-packages:${PYTHONPATH} /usr/bin/cmake --install /home/williamfbx/SLAM/slam_ws/build/realsense2_description
[0.649s] Level 1:colcon.colcon_core.shell:create_environment_hook('realsense2_description', 'cmake_prefix_path')
[0.649s] INFO:colcon.colcon_core.shell:Creating environment hook '/home/williamfbx/SLAM/slam_ws/install/realsense2_description/share/realsense2_description/hook/cmake_prefix_path.ps1'
[0.650s] INFO:colcon.colcon_core.shell:Creating environment descriptor '/home/williamfbx/SLAM/slam_ws/install/realsense2_description/share/realsense2_description/hook/cmake_prefix_path.dsv'
[0.651s] INFO:colcon.colcon_core.shell:Creating environment hook '/home/williamfbx/SLAM/slam_ws/install/realsense2_description/share/realsense2_description/hook/cmake_prefix_path.sh'
[0.652s] Level 1:colcon.colcon_core.environment:checking '/home/williamfbx/SLAM/slam_ws/install/realsense2_description/bin'
[0.652s] Level 1:colcon.colcon_core.environment:checking '/home/williamfbx/SLAM/slam_ws/install/realsense2_description/lib/pkgconfig/realsense2_description.pc'
[0.653s] Level 1:colcon.colcon_core.environment:checking '/home/williamfbx/SLAM/slam_ws/install/realsense2_description/lib/python3.10/site-packages'
[0.653s] Level 1:colcon.colcon_core.environment:checking '/home/williamfbx/SLAM/slam_ws/install/realsense2_description/bin'
[0.654s] INFO:colcon.colcon_core.shell:Creating package script '/home/williamfbx/SLAM/slam_ws/install/realsense2_description/share/realsense2_description/package.ps1'
[0.655s] INFO:colcon.colcon_core.shell:Creating package descriptor '/home/williamfbx/SLAM/slam_ws/install/realsense2_description/share/realsense2_description/package.dsv'
[0.655s] INFO:colcon.colcon_core.shell:Creating package script '/home/williamfbx/SLAM/slam_ws/install/realsense2_description/share/realsense2_description/package.sh'
[0.655s] INFO:colcon.colcon_core.shell:Creating package script '/home/williamfbx/SLAM/slam_ws/install/realsense2_description/share/realsense2_description/package.bash'
[0.656s] INFO:colcon.colcon_core.shell:Creating package script '/home/williamfbx/SLAM/slam_ws/install/realsense2_description/share/realsense2_description/package.zsh'
[0.656s] Level 1:colcon.colcon_core.environment:create_file_with_runtime_dependencies(/home/williamfbx/SLAM/slam_ws/install/realsense2_description/share/colcon-core/packages/realsense2_description)
[0.656s] Level 1:colcon.colcon_core.environment:create_environment_scripts_only(realsense2_description)
[0.656s] Level 1:colcon.colcon_core.environment:checking '/home/williamfbx/SLAM/slam_ws/install/realsense2_description' for CMake module files
[0.657s] Level 1:colcon.colcon_core.environment:checking '/home/williamfbx/SLAM/slam_ws/install/realsense2_description' for CMake config files
[0.657s] Level 1:colcon.colcon_core.shell:create_environment_hook('realsense2_description', 'cmake_prefix_path')
[0.657s] INFO:colcon.colcon_core.shell:Creating environment hook '/home/williamfbx/SLAM/slam_ws/install/realsense2_description/share/realsense2_description/hook/cmake_prefix_path.ps1'
[0.657s] INFO:colcon.colcon_core.shell:Creating environment descriptor '/home/williamfbx/SLAM/slam_ws/install/realsense2_description/share/realsense2_description/hook/cmake_prefix_path.dsv'
[0.657s] INFO:colcon.colcon_core.shell:Creating environment hook '/home/williamfbx/SLAM/slam_ws/install/realsense2_description/share/realsense2_description/hook/cmake_prefix_path.sh'
[0.658s] Level 1:colcon.colcon_core.environment:checking '/home/williamfbx/SLAM/slam_ws/install/realsense2_description/bin'
[0.658s] Level 1:colcon.colcon_core.environment:checking '/home/williamfbx/SLAM/slam_ws/install/realsense2_description/lib/pkgconfig/realsense2_description.pc'
[0.658s] Level 1:colcon.colcon_core.environment:checking '/home/williamfbx/SLAM/slam_ws/install/realsense2_description/lib/python3.10/site-packages'
[0.658s] Level 1:colcon.colcon_core.environment:checking '/home/williamfbx/SLAM/slam_ws/install/realsense2_description/bin'
[0.658s] INFO:colcon.colcon_core.shell:Creating package script '/home/williamfbx/SLAM/slam_ws/install/realsense2_description/share/realsense2_description/package.ps1'
[0.659s] INFO:colcon.colcon_core.shell:Creating package descriptor '/home/williamfbx/SLAM/slam_ws/install/realsense2_description/share/realsense2_description/package.dsv'
[0.659s] INFO:colcon.colcon_core.shell:Creating package script '/home/williamfbx/SLAM/slam_ws/install/realsense2_description/share/realsense2_description/package.sh'
[0.659s] INFO:colcon.colcon_core.shell:Creating package script '/home/williamfbx/SLAM/slam_ws/install/realsense2_description/share/realsense2_description/package.bash'
[0.659s] INFO:colcon.colcon_core.shell:Creating package script '/home/williamfbx/SLAM/slam_ws/install/realsense2_description/share/realsense2_description/package.zsh'
[0.660s] Level 1:colcon.colcon_core.environment:create_file_with_runtime_dependencies(/home/williamfbx/SLAM/slam_ws/install/realsense2_description/share/colcon-core/packages/realsense2_description)
[0.694s] DEBUG:colcon.colcon_core.event_handler.log_command:Invoked command in '/home/williamfbx/SLAM/slam_ws/build/realsense2_camera' returned '0': AMENT_PREFIX_PATH=/home/williamfbx/SLAM/slam_ws/install/realsense2_camera_msgs:${AMENT_PREFIX_PATH} CMAKE_PREFIX_PATH=/home/williamfbx/SLAM/slam_ws/install/realsense2_camera_msgs:/opt/ros/humble LD_LIBRARY_PATH=/home/williamfbx/SLAM/slam_ws/install/realsense2_camera_msgs/lib:${LD_LIBRARY_PATH} PYTHONPATH=/home/williamfbx/SLAM/slam_ws/install/realsense2_camera_msgs/local/lib/python3.10/dist-packages:${PYTHONPATH} /usr/bin/cmake --build /home/williamfbx/SLAM/slam_ws/build/realsense2_camera -- -j12 -l12
[0.695s] DEBUG:colcon.colcon_core.event_handler.log_command:Invoking command in '/home/williamfbx/SLAM/slam_ws/build/realsense2_camera': AMENT_PREFIX_PATH=/home/williamfbx/SLAM/slam_ws/install/realsense2_camera_msgs:${AMENT_PREFIX_PATH} CMAKE_PREFIX_PATH=/home/williamfbx/SLAM/slam_ws/install/realsense2_camera_msgs:/opt/ros/humble LD_LIBRARY_PATH=/home/williamfbx/SLAM/slam_ws/install/realsense2_camera_msgs/lib:${LD_LIBRARY_PATH} PYTHONPATH=/home/williamfbx/SLAM/slam_ws/install/realsense2_camera_msgs/local/lib/python3.10/dist-packages:${PYTHONPATH} /usr/bin/cmake --install /home/williamfbx/SLAM/slam_ws/build/realsense2_camera
[0.707s] Level 1:colcon.colcon_core.environment:create_environment_scripts_only(realsense2_camera)
[0.707s] Level 1:colcon.colcon_core.environment:checking '/home/williamfbx/SLAM/slam_ws/install/realsense2_camera' for CMake module files
[0.707s] DEBUG:colcon.colcon_core.event_handler.log_command:Invoked command in '/home/williamfbx/SLAM/slam_ws/build/realsense2_camera' returned '0': AMENT_PREFIX_PATH=/home/williamfbx/SLAM/slam_ws/install/realsense2_camera_msgs:${AMENT_PREFIX_PATH} CMAKE_PREFIX_PATH=/home/williamfbx/SLAM/slam_ws/install/realsense2_camera_msgs:/opt/ros/humble LD_LIBRARY_PATH=/home/williamfbx/SLAM/slam_ws/install/realsense2_camera_msgs/lib:${LD_LIBRARY_PATH} PYTHONPATH=/home/williamfbx/SLAM/slam_ws/install/realsense2_camera_msgs/local/lib/python3.10/dist-packages:${PYTHONPATH} /usr/bin/cmake --install /home/williamfbx/SLAM/slam_ws/build/realsense2_camera
[0.707s] Level 1:colcon.colcon_core.environment:checking '/home/williamfbx/SLAM/slam_ws/install/realsense2_camera' for CMake config files
[0.708s] Level 1:colcon.colcon_core.shell:create_environment_hook('realsense2_camera', 'cmake_prefix_path')
[0.708s] INFO:colcon.colcon_core.shell:Creating environment hook '/home/williamfbx/SLAM/slam_ws/install/realsense2_camera/share/realsense2_camera/hook/cmake_prefix_path.ps1'
[0.708s] INFO:colcon.colcon_core.shell:Creating environment descriptor '/home/williamfbx/SLAM/slam_ws/install/realsense2_camera/share/realsense2_camera/hook/cmake_prefix_path.dsv'
[0.708s] INFO:colcon.colcon_core.shell:Creating environment hook '/home/williamfbx/SLAM/slam_ws/install/realsense2_camera/share/realsense2_camera/hook/cmake_prefix_path.sh'
[0.709s] Level 1:colcon.colcon_core.environment:checking '/home/williamfbx/SLAM/slam_ws/install/realsense2_camera/lib'
[0.709s] Level 1:colcon.colcon_core.shell:create_environment_hook('realsense2_camera', 'ld_library_path_lib')
[0.709s] INFO:colcon.colcon_core.shell:Creating environment hook '/home/williamfbx/SLAM/slam_ws/install/realsense2_camera/share/realsense2_camera/hook/ld_library_path_lib.ps1'
[0.709s] INFO:colcon.colcon_core.shell:Creating environment descriptor '/home/williamfbx/SLAM/slam_ws/install/realsense2_camera/share/realsense2_camera/hook/ld_library_path_lib.dsv'
[0.709s] INFO:colcon.colcon_core.shell:Creating environment hook '/home/williamfbx/SLAM/slam_ws/install/realsense2_camera/share/realsense2_camera/hook/ld_library_path_lib.sh'
[0.710s] Level 1:colcon.colcon_core.environment:checking '/home/williamfbx/SLAM/slam_ws/install/realsense2_camera/bin'
[0.710s] Level 1:colcon.colcon_core.environment:checking '/home/williamfbx/SLAM/slam_ws/install/realsense2_camera/lib/pkgconfig/realsense2_camera.pc'
[0.710s] Level 1:colcon.colcon_core.environment:checking '/home/williamfbx/SLAM/slam_ws/install/realsense2_camera/lib/python3.10/site-packages'
[0.710s] Level 1:colcon.colcon_core.environment:checking '/home/williamfbx/SLAM/slam_ws/install/realsense2_camera/bin'
[0.710s] INFO:colcon.colcon_core.shell:Creating package script '/home/williamfbx/SLAM/slam_ws/install/realsense2_camera/share/realsense2_camera/package.ps1'
[0.711s] INFO:colcon.colcon_core.shell:Creating package descriptor '/home/williamfbx/SLAM/slam_ws/install/realsense2_camera/share/realsense2_camera/package.dsv'
[0.711s] INFO:colcon.colcon_core.shell:Creating package script '/home/williamfbx/SLAM/slam_ws/install/realsense2_camera/share/realsense2_camera/package.sh'
[0.711s] INFO:colcon.colcon_core.shell:Creating package script '/home/williamfbx/SLAM/slam_ws/install/realsense2_camera/share/realsense2_camera/package.bash'
[0.711s] INFO:colcon.colcon_core.shell:Creating package script '/home/williamfbx/SLAM/slam_ws/install/realsense2_camera/share/realsense2_camera/package.zsh'
[0.711s] Level 1:colcon.colcon_core.environment:create_file_with_runtime_dependencies(/home/williamfbx/SLAM/slam_ws/install/realsense2_camera/share/colcon-core/packages/realsense2_camera)
[0.712s] Level 1:colcon.colcon_core.environment:create_environment_scripts_only(realsense2_camera)
[0.712s] Level 1:colcon.colcon_core.environment:checking '/home/williamfbx/SLAM/slam_ws/install/realsense2_camera' for CMake module files
[0.712s] Level 1:colcon.colcon_core.environment:checking '/home/williamfbx/SLAM/slam_ws/install/realsense2_camera' for CMake config files
[0.712s] Level 1:colcon.colcon_core.shell:create_environment_hook('realsense2_camera', 'cmake_prefix_path')
[0.712s] INFO:colcon.colcon_core.shell:Creating environment hook '/home/williamfbx/SLAM/slam_ws/install/realsense2_camera/share/realsense2_camera/hook/cmake_prefix_path.ps1'
[0.713s] INFO:colcon.colcon_core.shell:Creating environment descriptor '/home/williamfbx/SLAM/slam_ws/install/realsense2_camera/share/realsense2_camera/hook/cmake_prefix_path.dsv'
[0.713s] INFO:colcon.colcon_core.shell:Creating environment hook '/home/williamfbx/SLAM/slam_ws/install/realsense2_camera/share/realsense2_camera/hook/cmake_prefix_path.sh'
[0.713s] Level 1:colcon.colcon_core.environment:checking '/home/williamfbx/SLAM/slam_ws/install/realsense2_camera/lib'
[0.713s] Level 1:colcon.colcon_core.shell:create_environment_hook('realsense2_camera', 'ld_library_path_lib')
[0.713s] INFO:colcon.colcon_core.shell:Creating environment hook '/home/williamfbx/SLAM/slam_ws/install/realsense2_camera/share/realsense2_camera/hook/ld_library_path_lib.ps1'
[0.714s] INFO:colcon.colcon_core.shell:Creating environment descriptor '/home/williamfbx/SLAM/slam_ws/install/realsense2_camera/share/realsense2_camera/hook/ld_library_path_lib.dsv'
[0.714s] INFO:colcon.colcon_core.shell:Creating environment hook '/home/williamfbx/SLAM/slam_ws/install/realsense2_camera/share/realsense2_camera/hook/ld_library_path_lib.sh'
[0.714s] Level 1:colcon.colcon_core.environment:checking '/home/williamfbx/SLAM/slam_ws/install/realsense2_camera/bin'
[0.714s] Level 1:colcon.colcon_core.environment:checking '/home/williamfbx/SLAM/slam_ws/install/realsense2_camera/lib/pkgconfig/realsense2_camera.pc'
[0.714s] Level 1:colcon.colcon_core.environment:checking '/home/williamfbx/SLAM/slam_ws/install/realsense2_camera/lib/python3.10/site-packages'
[0.714s] Level 1:colcon.colcon_core.environment:checking '/home/williamfbx/SLAM/slam_ws/install/realsense2_camera/bin'
[0.714s] INFO:colcon.colcon_core.shell:Creating package script '/home/williamfbx/SLAM/slam_ws/install/realsense2_camera/share/realsense2_camera/package.ps1'
[0.715s] INFO:colcon.colcon_core.shell:Creating package descriptor '/home/williamfbx/SLAM/slam_ws/install/realsense2_camera/share/realsense2_camera/package.dsv'
[0.715s] INFO:colcon.colcon_core.shell:Creating package script '/home/williamfbx/SLAM/slam_ws/install/realsense2_camera/share/realsense2_camera/package.sh'
[0.715s] INFO:colcon.colcon_core.shell:Creating package script '/home/williamfbx/SLAM/slam_ws/install/realsense2_camera/share/realsense2_camera/package.bash'
[0.715s] INFO:colcon.colcon_core.shell:Creating package script '/home/williamfbx/SLAM/slam_ws/install/realsense2_camera/share/realsense2_camera/package.zsh'
[0.716s] Level 1:colcon.colcon_core.environment:create_file_with_runtime_dependencies(/home/williamfbx/SLAM/slam_ws/install/realsense2_camera/share/colcon-core/packages/realsense2_camera)
[0.883s] DEBUG:colcon.colcon_core.event_handler.log_command:Invoked command in '/home/williamfbx/SLAM/slam_ws/build/localization' returned '2': CMAKE_PREFIX_PATH=/opt/ros/humble /usr/bin/cmake --build /home/williamfbx/SLAM/slam_ws/build/localization -- -j12 -l12
[0.883s] Level 1:colcon.colcon_core.environment:create_environment_scripts_only(localization)
[0.883s] Level 1:colcon.colcon_core.environment:checking '/home/williamfbx/SLAM/slam_ws/install/localization' for CMake module files
[0.884s] Level 1:colcon.colcon_core.environment:checking '/home/williamfbx/SLAM/slam_ws/install/localization' for CMake config files
[0.884s] Level 1:colcon.colcon_core.shell:create_environment_hook('localization', 'cmake_prefix_path')
[0.884s] INFO:colcon.colcon_core.shell:Creating environment hook '/home/williamfbx/SLAM/slam_ws/install/localization/share/localization/hook/cmake_prefix_path.ps1'
[0.885s] INFO:colcon.colcon_core.shell:Creating environment descriptor '/home/williamfbx/SLAM/slam_ws/install/localization/share/localization/hook/cmake_prefix_path.dsv'
[0.885s] INFO:colcon.colcon_core.shell:Creating environment hook '/home/williamfbx/SLAM/slam_ws/install/localization/share/localization/hook/cmake_prefix_path.sh'
[0.886s] Level 1:colcon.colcon_core.environment:checking '/home/williamfbx/SLAM/slam_ws/install/localization/bin'
[0.886s] Level 1:colcon.colcon_core.environment:checking '/home/williamfbx/SLAM/slam_ws/install/localization/lib/pkgconfig/localization.pc'
[0.886s] Level 1:colcon.colcon_core.environment:checking '/home/williamfbx/SLAM/slam_ws/install/localization/lib/python3.10/site-packages'
[0.886s] Level 1:colcon.colcon_core.environment:checking '/home/williamfbx/SLAM/slam_ws/install/localization/bin'
[0.887s] INFO:colcon.colcon_core.shell:Creating package script '/home/williamfbx/SLAM/slam_ws/install/localization/share/localization/package.ps1'
[0.888s] INFO:colcon.colcon_core.shell:Creating package descriptor '/home/williamfbx/SLAM/slam_ws/install/localization/share/localization/package.dsv'
[0.888s] INFO:colcon.colcon_core.shell:Creating package script '/home/williamfbx/SLAM/slam_ws/install/localization/share/localization/package.sh'
[0.889s] INFO:colcon.colcon_core.shell:Creating package script '/home/williamfbx/SLAM/slam_ws/install/localization/share/localization/package.bash'
[0.889s] INFO:colcon.colcon_core.shell:Creating package script '/home/williamfbx/SLAM/slam_ws/install/localization/share/localization/package.zsh'
[0.890s] Level 1:colcon.colcon_core.environment:create_file_with_runtime_dependencies(/home/williamfbx/SLAM/slam_ws/install/localization/share/colcon-core/packages/localization)
[0.901s] DEBUG:colcon.colcon_parallel_executor.executor.parallel:closing loop
[0.901s] DEBUG:colcon.colcon_parallel_executor.executor.parallel:loop closed
[0.901s] DEBUG:colcon.colcon_parallel_executor.executor.parallel:run_until_complete finished with '2'
[0.901s] DEBUG:colcon.colcon_core.event_reactor:joining thread
[0.914s] INFO:colcon.colcon_core.plugin_system:Skipping extension 'colcon_notification.desktop_notification.terminal_notifier': Not used on non-Darwin systems
[0.914s] INFO:colcon.colcon_core.plugin_system:Skipping extension 'colcon_notification.desktop_notification.win32': Not used on non-Windows systems
[0.914s] INFO:colcon.colcon_notification.desktop_notification:Sending desktop notification using 'notify2'
[0.932s] DEBUG:colcon.colcon_core.event_reactor:joined thread
[0.932s] INFO:colcon.colcon_core.shell:Creating prefix script '/home/williamfbx/SLAM/slam_ws/install/local_setup.ps1'
[0.933s] INFO:colcon.colcon_core.shell:Creating prefix util module '/home/williamfbx/SLAM/slam_ws/install/_local_setup_util_ps1.py'
[0.935s] INFO:colcon.colcon_core.shell:Creating prefix chain script '/home/williamfbx/SLAM/slam_ws/install/setup.ps1'
[0.935s] INFO:colcon.colcon_core.shell:Creating prefix script '/home/williamfbx/SLAM/slam_ws/install/local_setup.sh'
[0.936s] INFO:colcon.colcon_core.shell:Creating prefix util module '/home/williamfbx/SLAM/slam_ws/install/_local_setup_util_sh.py'
[0.936s] INFO:colcon.colcon_core.shell:Creating prefix chain script '/home/williamfbx/SLAM/slam_ws/install/setup.sh'
[0.937s] INFO:colcon.colcon_core.shell:Creating prefix script '/home/williamfbx/SLAM/slam_ws/install/local_setup.bash'
[0.937s] INFO:colcon.colcon_core.shell:Creating prefix chain script '/home/williamfbx/SLAM/slam_ws/install/setup.bash'
[0.938s] INFO:colcon.colcon_core.shell:Creating prefix script '/home/williamfbx/SLAM/slam_ws/install/local_setup.zsh'
[0.939s] INFO:colcon.colcon_core.shell:Creating prefix chain script '/home/williamfbx/SLAM/slam_ws/install/setup.zsh'
