-- Found ament_cmake: 1.3.11 (/opt/ros/humble/share/ament_cmake/cmake)
-- Found rclcpp: 16.0.11 (/opt/ros/humble/share/rclcpp/cmake)
-- Found rosidl_generator_c: 3.1.6 (/opt/ros/humble/share/rosidl_generator_c/cmake)
-- Found rosidl_adapter: 3.1.6 (/opt/ros/humble/share/rosidl_adapter/cmake)
-- Found rosidl_generator_cpp: 3.1.6 (/opt/ros/humble/share/rosidl_generator_cpp/cmake)
-- Using all available rosidl_typesupport_c: rosidl_typesupport_fastrtps_c;rosidl_typesupport_introspection_c
-- Using all available rosidl_typesupport_cpp: rosidl_typesupport_fastrtps_cpp;rosidl_typesupport_introspection_cpp
-- Found rmw_implementation_cmake: 6.1.2 (/opt/ros/humble/share/rmw_implementation_cmake/cmake)
-- Found rmw_fastrtps_cpp: 6.2.7 (/opt/ros/humble/share/rmw_fastrtps_cpp/cmake)
-- Using RMW implementation 'rmw_fastrtps_cpp' as default
-- Found sensor_msgs: 4.2.4 (/opt/ros/humble/share/sensor_msgs/cmake)
-- Found cv_bridge: 3.2.1 (/opt/ros/humble/share/cv_bridge/cmake)
-- Found tf2_ros: 0.25.12 (/opt/ros/humble/share/tf2_ros/cmake)
-- Found ament_lint_auto: 0.12.11 (/opt/ros/humble/share/ament_lint_auto/cmake)
-- Configuring done
-- Generating done
-- Build files have been written to: /home/williamfbx/SLAM/slam_ws/build/localization
[35m[1mConsolidate compiler generated dependencies of target localization_node[0m
[ 33%] [32mBuilding CXX object CMakeFiles/localization_node.dir/src/localization.cpp.o[0m
[ 66%] [32mBuilding CXX object CMakeFiles/localization_node.dir/src/localization_node.cpp.o[0m
[100%] [32m[1mLinking CXX executable localization_node[0m
[100%] Built target localization_node
-- Install configuration: ""
-- Installing: /home/williamfbx/SLAM/slam_ws/install/localization/lib/localization/localization_node
-- Set runtime path of "/home/williamfbx/SLAM/slam_ws/install/localization/lib/localization/localization_node" to ""
-- Up-to-date: /home/williamfbx/SLAM/slam_ws/install/localization/include/localization
-- Up-to-date: /home/williamfbx/SLAM/slam_ws/install/localization/include/localization/localization.hpp
-- Up-to-date: /home/williamfbx/SLAM/slam_ws/install/localization/share/localization/launch
-- Up-to-date: /home/williamfbx/SLAM/slam_ws/install/localization/share/localization/launch/localization.launch.py
-- Up-to-date: /home/williamfbx/SLAM/slam_ws/install/localization/share/ament_index/resource_index/package_run_dependencies/localization
-- Installing: /home/williamfbx/SLAM/slam_ws/install/localization/share/ament_index/resource_index/parent_prefix_path/localization
-- Up-to-date: /home/williamfbx/SLAM/slam_ws/install/localization/share/localization/environment/ament_prefix_path.sh
-- Installing: /home/williamfbx/SLAM/slam_ws/install/localization/share/localization/environment/ament_prefix_path.dsv
-- Up-to-date: /home/williamfbx/SLAM/slam_ws/install/localization/share/localization/environment/path.sh
-- Installing: /home/williamfbx/SLAM/slam_ws/install/localization/share/localization/environment/path.dsv
-- Up-to-date: /home/williamfbx/SLAM/slam_ws/install/localization/share/localization/local_setup.bash
-- Up-to-date: /home/williamfbx/SLAM/slam_ws/install/localization/share/localization/local_setup.sh
-- Up-to-date: /home/williamfbx/SLAM/slam_ws/install/localization/share/localization/local_setup.zsh
-- Installing: /home/williamfbx/SLAM/slam_ws/install/localization/share/localization/local_setup.dsv
-- Installing: /home/williamfbx/SLAM/slam_ws/install/localization/share/localization/package.dsv
-- Up-to-date: /home/williamfbx/SLAM/slam_ws/install/localization/share/ament_index/resource_index/packages/localization
-- Up-to-date: /home/williamfbx/SLAM/slam_ws/install/localization/share/localization/cmake/localizationConfig.cmake
-- Up-to-date: /home/williamfbx/SLAM/slam_ws/install/localization/share/localization/cmake/localizationConfig-version.cmake
-- Up-to-date: /home/williamfbx/SLAM/slam_ws/install/localization/share/localization/package.xml
