[0.026s] Invoking command in '/home/williamfbx/SLAM/slam_ws/build/localization': CMAKE_PREFIX_PATH=/opt/ros/humble /usr/bin/cmake --build /home/williamfbx/SLAM/slam_ws/build/localization -- -j12 -l12
[0.066s] -- Found ament_cmake: 1.3.11 (/opt/ros/humble/share/ament_cmake/cmake)
[0.268s] -- Found rclcpp: 16.0.11 (/opt/ros/humble/share/rclcpp/cmake)
[0.312s] -- Found rosidl_generator_c: 3.1.6 (/opt/ros/humble/share/rosidl_generator_c/cmake)
[0.320s] -- Found rosidl_adapter: 3.1.6 (/opt/ros/humble/share/rosidl_adapter/cmake)
[0.328s] -- Found rosidl_generator_cpp: 3.1.6 (/opt/ros/humble/share/rosidl_generator_cpp/cmake)
[0.345s] -- Using all available rosidl_typesupport_c: rosidl_typesupport_fastrtps_c;rosidl_typesupport_introspection_c
[0.367s] -- Using all available rosidl_typesupport_cpp: rosidl_typesupport_fastrtps_cpp;rosidl_typesupport_introspection_cpp
[0.433s] -- Found rmw_implementation_cmake: 6.1.2 (/opt/ros/humble/share/rmw_implementation_cmake/cmake)
[0.436s] -- Found rmw_fastrtps_cpp: 6.2.7 (/opt/ros/humble/share/rmw_fastrtps_cpp/cmake)
[0.625s] -- Using RMW implementation 'rmw_fastrtps_cpp' as default
[0.852s] -- Found sensor_msgs: 4.2.4 (/opt/ros/humble/share/sensor_msgs/cmake)
[1.068s] -- Found cv_bridge: 3.2.1 (/opt/ros/humble/share/cv_bridge/cmake)
[1.161s] -- Found tf2_ros: 0.25.12 (/opt/ros/humble/share/tf2_ros/cmake)
[1.714s] -- Found ament_lint_auto: 0.12.11 (/opt/ros/humble/share/ament_lint_auto/cmake)
[1.882s] -- Configuring done
[1.955s] -- Generating done
[1.986s] -- Build files have been written to: /home/williamfbx/SLAM/slam_ws/build/localization
[2.111s] [35m[1mConsolidate compiler generated dependencies of target localization_node[0m
[2.214s] [ 33%] [32mBuilding CXX object CMakeFiles/localization_node.dir/src/localization.cpp.o[0m
[2.218s] [ 66%] [32mBuilding CXX object CMakeFiles/localization_node.dir/src/localization_node.cpp.o[0m
[44.652s] [100%] [32m[1mLinking CXX executable localization_node[0m
[46.175s] [100%] Built target localization_node
[46.197s] Invoked command in '/home/williamfbx/SLAM/slam_ws/build/localization' returned '0': CMAKE_PREFIX_PATH=/opt/ros/humble /usr/bin/cmake --build /home/williamfbx/SLAM/slam_ws/build/localization -- -j12 -l12
[46.200s] Invoking command in '/home/williamfbx/SLAM/slam_ws/build/localization': CMAKE_PREFIX_PATH=/opt/ros/humble /usr/bin/cmake --install /home/williamfbx/SLAM/slam_ws/build/localization
[46.216s] -- Install configuration: ""
[46.222s] -- Installing: /home/williamfbx/SLAM/slam_ws/install/localization/lib/localization/localization_node
[46.232s] -- Set runtime path of "/home/williamfbx/SLAM/slam_ws/install/localization/lib/localization/localization_node" to ""
[46.234s] -- Up-to-date: /home/williamfbx/SLAM/slam_ws/install/localization/include/localization
[46.234s] -- Up-to-date: /home/williamfbx/SLAM/slam_ws/install/localization/include/localization/localization.hpp
[46.234s] -- Up-to-date: /home/williamfbx/SLAM/slam_ws/install/localization/share/localization/launch
[46.234s] -- Up-to-date: /home/williamfbx/SLAM/slam_ws/install/localization/share/localization/launch/localization.launch.py
[46.234s] -- Up-to-date: /home/williamfbx/SLAM/slam_ws/install/localization/share/ament_index/resource_index/package_run_dependencies/localization
[46.235s] -- Installing: /home/williamfbx/SLAM/slam_ws/install/localization/share/ament_index/resource_index/parent_prefix_path/localization
[46.235s] -- Up-to-date: /home/williamfbx/SLAM/slam_ws/install/localization/share/localization/environment/ament_prefix_path.sh
[46.237s] -- Installing: /home/williamfbx/SLAM/slam_ws/install/localization/share/localization/environment/ament_prefix_path.dsv
[46.238s] -- Up-to-date: /home/williamfbx/SLAM/slam_ws/install/localization/share/localization/environment/path.sh
[46.238s] -- Installing: /home/williamfbx/SLAM/slam_ws/install/localization/share/localization/environment/path.dsv
[46.238s] -- Up-to-date: /home/williamfbx/SLAM/slam_ws/install/localization/share/localization/local_setup.bash
[46.238s] -- Up-to-date: /home/williamfbx/SLAM/slam_ws/install/localization/share/localization/local_setup.sh
[46.238s] -- Up-to-date: /home/williamfbx/SLAM/slam_ws/install/localization/share/localization/local_setup.zsh
[46.238s] -- Installing: /home/williamfbx/SLAM/slam_ws/install/localization/share/localization/local_setup.dsv
[46.238s] -- Installing: /home/williamfbx/SLAM/slam_ws/install/localization/share/localization/package.dsv
[46.239s] -- Up-to-date: /home/williamfbx/SLAM/slam_ws/install/localization/share/ament_index/resource_index/packages/localization
[46.239s] -- Up-to-date: /home/williamfbx/SLAM/slam_ws/install/localization/share/localization/cmake/localizationConfig.cmake
[46.239s] -- Up-to-date: /home/williamfbx/SLAM/slam_ws/install/localization/share/localization/cmake/localizationConfig-version.cmake
[46.239s] -- Up-to-date: /home/williamfbx/SLAM/slam_ws/install/localization/share/localization/package.xml
[46.247s] Invoked command in '/home/williamfbx/SLAM/slam_ws/build/localization' returned '0': CMAKE_PREFIX_PATH=/opt/ros/humble /usr/bin/cmake --install /home/williamfbx/SLAM/slam_ws/build/localization
