[0.031s] Invoking command in '/home/williamfbx/SLAM/slam_ws/build/kindr_msgs': CMAKE_PREFIX_PATH=${CMAKE_PREFIX_PATH}:/opt/ros/humble /usr/bin/cmake --build /home/williamfbx/SLAM/slam_ws/build/kindr_msgs -- -j12 -l12
[0.051s] -- Found ament_cmake_auto: 1.3.11 (/opt/ros/humble/share/ament_cmake_auto/cmake)
[0.237s] -- Using all available rosidl_typesupport_c: rosidl_typesupport_fastrtps_c;rosidl_typesupport_introspection_c
[0.238s] -- Found rosidl_adapter: 3.1.6 (/opt/ros/humble/share/rosidl_adapter/cmake)
[0.282s] -- Using all available rosidl_typesupport_cpp: rosidl_typesupport_fastrtps_cpp;rosidl_typesupport_introspection_cpp
[0.584s] -- Found ament_cmake_cppcheck: 0.12.11 (/opt/ros/humble/share/ament_cmake_cppcheck/cmake)
[0.586s] -- Found ament_cmake_cpplint: 0.12.11 (/opt/ros/humble/share/ament_cmake_cpplint/cmake)
[0.586s] -- Found ament_cmake_uncrustify: 0.12.11 (/opt/ros/humble/share/ament_cmake_uncrustify/cmake)
[0.589s] -- Found ament_cmake_ros: 0.10.0 (/opt/ros/humble/share/ament_cmake_ros/cmake)
[0.759s] -- Using all available rosidl_typesupport_c: rosidl_typesupport_fastrtps_c;rosidl_typesupport_introspection_c
[1.066s] -- Using all available rosidl_typesupport_cpp: rosidl_typesupport_fastrtps_cpp;rosidl_typesupport_introspection_cpp
[1.101s] -- Found python_cmake_module: 0.10.0 (/opt/ros/humble/share/python_cmake_module/cmake)
[1.120s] -- Using PYTHON_EXECUTABLE: /usr/bin/python3
[1.120s] -- Using PYTHON_INCLUDE_DIRS: /usr/include/python3.10
[1.120s] -- Using PYTHON_LIBRARIES: /usr/lib/x86_64-linux-gnu/libpython3.10.so
[1.158s] -- Found ament_cmake_flake8: 0.12.11 (/opt/ros/humble/share/ament_cmake_flake8/cmake)
[1.159s] -- Found ament_cmake_pep257: 0.12.11 (/opt/ros/humble/share/ament_cmake_pep257/cmake)
[1.159s] -- Found ament_lint_auto: 0.12.11 (/opt/ros/humble/share/ament_lint_auto/cmake)
[1.163s] -- Configuring done
[1.183s] -- Generating done
[1.192s] -- Build files have been written to: /home/williamfbx/SLAM/slam_ws/build/kindr_msgs
[1.223s] [  3%] Built target kindr_msgs__cpp
[1.229s] [  3%] Built target ament_cmake_python_copy_kindr_msgs
[1.231s] [  6%] [32mBuilding C object CMakeFiles/kindr_msgs__rosidl_generator_c.dir/rosidl_generator_c/kindr_msgs/msg/detail/vector_at_position__functions.c.o[0m
[1.238s] [  9%] [32mBuilding CXX object CMakeFiles/kindr_msgs__rosidl_typesupport_introspection_cpp.dir/rosidl_typesupport_introspection_cpp/kindr_msgs/msg/detail/vector_at_position__type_support.cpp.o[0m
[1.243s] [ 12%] [32mBuilding CXX object CMakeFiles/kindr_msgs__rosidl_typesupport_fastrtps_cpp.dir/rosidl_typesupport_fastrtps_cpp/kindr_msgs/msg/detail/dds_fastrtps/vector_at_position__type_support.cpp.o[0m
[1.252s] [ 16%] [32mBuilding CXX object CMakeFiles/kindr_msgs__rosidl_typesupport_cpp.dir/rosidl_typesupport_cpp/kindr_msgs/msg/vector_at_position__type_support.cpp.o[0m
[1.296s] [ 19%] [32m[1mLinking C shared library libkindr_msgs__rosidl_generator_c.so[0m
[1.344s] [ 22%] Built target kindr_msgs__rosidl_generator_c
[1.357s] [ 25%] [34m[1mGenerating C type support for eProsima Fast-RTPS[0m
[1.357s] [ 32%] [34m[1mGenerating C introspection for ROS interfaces[0m
[1.357s] [ 32%] [34m[1mGenerating C type support dispatch for ROS interfaces[0m
[1.427s] running egg_info
[1.428s] writing kindr_msgs.egg-info/PKG-INFO
[1.428s] writing dependency_links to kindr_msgs.egg-info/dependency_links.txt
[1.428s] writing top-level names to kindr_msgs.egg-info/top_level.txt
[1.431s] reading manifest file 'kindr_msgs.egg-info/SOURCES.txt'
[1.432s] writing manifest file 'kindr_msgs.egg-info/SOURCES.txt'
[1.467s] [ 32%] Built target ament_cmake_python_build_kindr_msgs_egg
[1.492s] [ 35%] [32m[1mLinking CXX shared library libkindr_msgs__rosidl_typesupport_introspection_cpp.so[0m
[1.506s] [ 38%] [32m[1mLinking CXX shared library libkindr_msgs__rosidl_typesupport_fastrtps_cpp.so[0m
[1.542s] [ 41%] Built target kindr_msgs__rosidl_typesupport_introspection_cpp
[1.566s] [ 45%] Built target kindr_msgs__rosidl_typesupport_fastrtps_cpp
[1.591s] [ 48%] [32m[1mLinking CXX shared library libkindr_msgs__rosidl_typesupport_cpp.so[0m
[1.610s] [ 51%] [32mBuilding CXX object CMakeFiles/kindr_msgs__rosidl_typesupport_c.dir/rosidl_typesupport_c/kindr_msgs/msg/vector_at_position__type_support.cpp.o[0m
[1.625s] [ 54%] Built target kindr_msgs__rosidl_typesupport_cpp
[1.638s] [ 58%] [32m[1mLinking CXX shared library libkindr_msgs__rosidl_typesupport_c.so[0m
[1.673s] [ 61%] [32mBuilding C object CMakeFiles/kindr_msgs__rosidl_typesupport_introspection_c.dir/rosidl_typesupport_introspection_c/kindr_msgs/msg/detail/vector_at_position__type_support.c.o[0m
[1.681s] [ 61%] Built target kindr_msgs__rosidl_typesupport_c
[1.684s] [ 64%] [32mBuilding CXX object CMakeFiles/kindr_msgs__rosidl_typesupport_fastrtps_c.dir/rosidl_typesupport_fastrtps_c/kindr_msgs/msg/detail/vector_at_position__type_support_c.cpp.o[0m
[1.701s] [ 67%] [32m[1mLinking C shared library libkindr_msgs__rosidl_typesupport_introspection_c.so[0m
[1.732s] [ 67%] Built target kindr_msgs__rosidl_typesupport_introspection_c
[1.891s] [ 70%] [32m[1mLinking CXX shared library libkindr_msgs__rosidl_typesupport_fastrtps_c.so[0m
[1.949s] [ 70%] Built target kindr_msgs__rosidl_typesupport_fastrtps_c
[1.969s] [ 70%] Built target kindr_msgs
[1.990s] [ 74%] [34m[1mGenerating Python code for ROS interfaces[0m
[2.293s] [ 74%] Built target kindr_msgs__py
[2.317s] [ 77%] [32mBuilding C object CMakeFiles/kindr_msgs__rosidl_generator_py.dir/rosidl_generator_py/kindr_msgs/msg/_vector_at_position_s.c.o[0m
[2.387s] [ 80%] [32m[1mLinking C shared library rosidl_generator_py/kindr_msgs/libkindr_msgs__rosidl_generator_py.so[0m
[2.428s] [ 80%] Built target kindr_msgs__rosidl_generator_py
[2.446s] [ 83%] [32mBuilding C object CMakeFiles/kindr_msgs__rosidl_typesupport_c__pyext.dir/rosidl_generator_py/kindr_msgs/_kindr_msgs_s.ep.rosidl_typesupport_c.c.o[0m
[2.449s] [ 87%] [32mBuilding C object CMakeFiles/kindr_msgs__rosidl_typesupport_fastrtps_c__pyext.dir/rosidl_generator_py/kindr_msgs/_kindr_msgs_s.ep.rosidl_typesupport_fastrtps_c.c.o[0m
[2.450s] [ 90%] [32mBuilding C object CMakeFiles/kindr_msgs__rosidl_typesupport_introspection_c__pyext.dir/rosidl_generator_py/kindr_msgs/_kindr_msgs_s.ep.rosidl_typesupport_introspection_c.c.o[0m
[2.512s] [ 93%] [32m[1mLinking C shared library rosidl_generator_py/kindr_msgs/kindr_msgs_s__rosidl_typesupport_c.cpython-310-x86_64-linux-gnu.so[0m
[2.513s] [ 96%] [32m[1mLinking C shared library rosidl_generator_py/kindr_msgs/kindr_msgs_s__rosidl_typesupport_fastrtps_c.cpython-310-x86_64-linux-gnu.so[0m
[2.529s] [100%] [32m[1mLinking C shared library rosidl_generator_py/kindr_msgs/kindr_msgs_s__rosidl_typesupport_introspection_c.cpython-310-x86_64-linux-gnu.so[0m
[2.552s] [100%] Built target kindr_msgs__rosidl_typesupport_c__pyext
[2.556s] [100%] Built target kindr_msgs__rosidl_typesupport_fastrtps_c__pyext
[2.563s] [100%] Built target kindr_msgs__rosidl_typesupport_introspection_c__pyext
[2.571s] Invoked command in '/home/williamfbx/SLAM/slam_ws/build/kindr_msgs' returned '0': CMAKE_PREFIX_PATH=${CMAKE_PREFIX_PATH}:/opt/ros/humble /usr/bin/cmake --build /home/williamfbx/SLAM/slam_ws/build/kindr_msgs -- -j12 -l12
[2.572s] Invoking command in '/home/williamfbx/SLAM/slam_ws/build/kindr_msgs': CMAKE_PREFIX_PATH=${CMAKE_PREFIX_PATH}:/opt/ros/humble /usr/bin/cmake --install /home/williamfbx/SLAM/slam_ws/build/kindr_msgs
[2.580s] -- Install configuration: ""
[2.580s] -- Installing: /home/williamfbx/SLAM/slam_ws/install/kindr_msgs/share/ament_index/resource_index/rosidl_interfaces/kindr_msgs
[2.580s] -- Installing: /home/williamfbx/SLAM/slam_ws/install/kindr_msgs/include/kindr_msgs/kindr_msgs
[2.580s] -- Installing: /home/williamfbx/SLAM/slam_ws/install/kindr_msgs/include/kindr_msgs/kindr_msgs/msg
[2.580s] -- Installing: /home/williamfbx/SLAM/slam_ws/install/kindr_msgs/include/kindr_msgs/kindr_msgs/msg/vector_at_position.h
[2.580s] -- Installing: /home/williamfbx/SLAM/slam_ws/install/kindr_msgs/include/kindr_msgs/kindr_msgs/msg/detail
[2.580s] -- Installing: /home/williamfbx/SLAM/slam_ws/install/kindr_msgs/include/kindr_msgs/kindr_msgs/msg/detail/vector_at_position__functions.h
[2.580s] -- Installing: /home/williamfbx/SLAM/slam_ws/install/kindr_msgs/include/kindr_msgs/kindr_msgs/msg/detail/vector_at_position__type_support.h
[2.580s] -- Installing: /home/williamfbx/SLAM/slam_ws/install/kindr_msgs/include/kindr_msgs/kindr_msgs/msg/detail/vector_at_position__struct.h
[2.580s] -- Installing: /home/williamfbx/SLAM/slam_ws/install/kindr_msgs/include/kindr_msgs/kindr_msgs/msg/detail/vector_at_position__functions.c
[2.580s] -- Installing: /home/williamfbx/SLAM/slam_ws/install/kindr_msgs/include/kindr_msgs/kindr_msgs/msg/rosidl_generator_c__visibility_control.h
[2.580s] -- Installing: /home/williamfbx/SLAM/slam_ws/install/kindr_msgs/share/kindr_msgs/environment/library_path.sh
[2.580s] -- Installing: /home/williamfbx/SLAM/slam_ws/install/kindr_msgs/share/kindr_msgs/environment/library_path.dsv
[2.581s] -- Installing: /home/williamfbx/SLAM/slam_ws/install/kindr_msgs/lib/libkindr_msgs__rosidl_generator_c.so
[2.581s] -- Set runtime path of "/home/williamfbx/SLAM/slam_ws/install/kindr_msgs/lib/libkindr_msgs__rosidl_generator_c.so" to ""
[2.581s] -- Up-to-date: /home/williamfbx/SLAM/slam_ws/install/kindr_msgs/include/kindr_msgs/kindr_msgs
[2.581s] -- Up-to-date: /home/williamfbx/SLAM/slam_ws/install/kindr_msgs/include/kindr_msgs/kindr_msgs/msg
[2.581s] -- Up-to-date: /home/williamfbx/SLAM/slam_ws/install/kindr_msgs/include/kindr_msgs/kindr_msgs/msg/detail
[2.581s] -- Installing: /home/williamfbx/SLAM/slam_ws/install/kindr_msgs/include/kindr_msgs/kindr_msgs/msg/detail/vector_at_position__rosidl_typesupport_fastrtps_c.h
[2.581s] -- Installing: /home/williamfbx/SLAM/slam_ws/install/kindr_msgs/include/kindr_msgs/kindr_msgs/msg/rosidl_typesupport_fastrtps_c__visibility_control.h
[2.581s] -- Installing: /home/williamfbx/SLAM/slam_ws/install/kindr_msgs/lib/libkindr_msgs__rosidl_typesupport_fastrtps_c.so
[2.581s] -- Set runtime path of "/home/williamfbx/SLAM/slam_ws/install/kindr_msgs/lib/libkindr_msgs__rosidl_typesupport_fastrtps_c.so" to ""
[2.581s] -- Up-to-date: /home/williamfbx/SLAM/slam_ws/install/kindr_msgs/include/kindr_msgs/kindr_msgs
[2.581s] -- Up-to-date: /home/williamfbx/SLAM/slam_ws/install/kindr_msgs/include/kindr_msgs/kindr_msgs/msg
[2.581s] -- Up-to-date: /home/williamfbx/SLAM/slam_ws/install/kindr_msgs/include/kindr_msgs/kindr_msgs/msg/detail
[2.581s] -- Installing: /home/williamfbx/SLAM/slam_ws/install/kindr_msgs/include/kindr_msgs/kindr_msgs/msg/detail/vector_at_position__rosidl_typesupport_introspection_c.h
[2.581s] -- Installing: /home/williamfbx/SLAM/slam_ws/install/kindr_msgs/include/kindr_msgs/kindr_msgs/msg/detail/vector_at_position__type_support.c
[2.581s] -- Installing: /home/williamfbx/SLAM/slam_ws/install/kindr_msgs/include/kindr_msgs/kindr_msgs/msg/rosidl_typesupport_introspection_c__visibility_control.h
[2.581s] -- Installing: /home/williamfbx/SLAM/slam_ws/install/kindr_msgs/lib/libkindr_msgs__rosidl_typesupport_introspection_c.so
[2.581s] -- Set runtime path of "/home/williamfbx/SLAM/slam_ws/install/kindr_msgs/lib/libkindr_msgs__rosidl_typesupport_introspection_c.so" to ""
[2.582s] -- Installing: /home/williamfbx/SLAM/slam_ws/install/kindr_msgs/lib/libkindr_msgs__rosidl_typesupport_c.so
[2.582s] -- Set runtime path of "/home/williamfbx/SLAM/slam_ws/install/kindr_msgs/lib/libkindr_msgs__rosidl_typesupport_c.so" to ""
[2.582s] -- Up-to-date: /home/williamfbx/SLAM/slam_ws/install/kindr_msgs/include/kindr_msgs/kindr_msgs
[2.582s] -- Up-to-date: /home/williamfbx/SLAM/slam_ws/install/kindr_msgs/include/kindr_msgs/kindr_msgs/msg
[2.582s] -- Installing: /home/williamfbx/SLAM/slam_ws/install/kindr_msgs/include/kindr_msgs/kindr_msgs/msg/rosidl_generator_cpp__visibility_control.hpp
[2.582s] -- Up-to-date: /home/williamfbx/SLAM/slam_ws/install/kindr_msgs/include/kindr_msgs/kindr_msgs/msg/detail
[2.582s] -- Installing: /home/williamfbx/SLAM/slam_ws/install/kindr_msgs/include/kindr_msgs/kindr_msgs/msg/detail/vector_at_position__builder.hpp
[2.582s] -- Installing: /home/williamfbx/SLAM/slam_ws/install/kindr_msgs/include/kindr_msgs/kindr_msgs/msg/detail/vector_at_position__type_support.hpp
[2.582s] -- Installing: /home/williamfbx/SLAM/slam_ws/install/kindr_msgs/include/kindr_msgs/kindr_msgs/msg/detail/vector_at_position__traits.hpp
[2.582s] -- Installing: /home/williamfbx/SLAM/slam_ws/install/kindr_msgs/include/kindr_msgs/kindr_msgs/msg/detail/vector_at_position__struct.hpp
[2.582s] -- Installing: /home/williamfbx/SLAM/slam_ws/install/kindr_msgs/include/kindr_msgs/kindr_msgs/msg/vector_at_position.hpp
[2.582s] -- Up-to-date: /home/williamfbx/SLAM/slam_ws/install/kindr_msgs/include/kindr_msgs/kindr_msgs
[2.582s] -- Up-to-date: /home/williamfbx/SLAM/slam_ws/install/kindr_msgs/include/kindr_msgs/kindr_msgs/msg
[2.582s] -- Installing: /home/williamfbx/SLAM/slam_ws/install/kindr_msgs/include/kindr_msgs/kindr_msgs/msg/rosidl_typesupport_fastrtps_cpp__visibility_control.h
[2.582s] -- Up-to-date: /home/williamfbx/SLAM/slam_ws/install/kindr_msgs/include/kindr_msgs/kindr_msgs/msg/detail
[2.582s] -- Installing: /home/williamfbx/SLAM/slam_ws/install/kindr_msgs/include/kindr_msgs/kindr_msgs/msg/detail/dds_fastrtps
[2.582s] -- Installing: /home/williamfbx/SLAM/slam_ws/install/kindr_msgs/include/kindr_msgs/kindr_msgs/msg/detail/vector_at_position__rosidl_typesupport_fastrtps_cpp.hpp
[2.582s] -- Installing: /home/williamfbx/SLAM/slam_ws/install/kindr_msgs/lib/libkindr_msgs__rosidl_typesupport_fastrtps_cpp.so
[2.582s] -- Set runtime path of "/home/williamfbx/SLAM/slam_ws/install/kindr_msgs/lib/libkindr_msgs__rosidl_typesupport_fastrtps_cpp.so" to ""
[2.582s] -- Up-to-date: /home/williamfbx/SLAM/slam_ws/install/kindr_msgs/include/kindr_msgs/kindr_msgs
[2.582s] -- Up-to-date: /home/williamfbx/SLAM/slam_ws/install/kindr_msgs/include/kindr_msgs/kindr_msgs/msg
[2.582s] -- Up-to-date: /home/williamfbx/SLAM/slam_ws/install/kindr_msgs/include/kindr_msgs/kindr_msgs/msg/detail
[2.583s] -- Installing: /home/williamfbx/SLAM/slam_ws/install/kindr_msgs/include/kindr_msgs/kindr_msgs/msg/detail/vector_at_position__rosidl_typesupport_introspection_cpp.hpp
[2.583s] -- Installing: /home/williamfbx/SLAM/slam_ws/install/kindr_msgs/include/kindr_msgs/kindr_msgs/msg/detail/vector_at_position__type_support.cpp
[2.583s] -- Installing: /home/williamfbx/SLAM/slam_ws/install/kindr_msgs/lib/libkindr_msgs__rosidl_typesupport_introspection_cpp.so
[2.583s] -- Set runtime path of "/home/williamfbx/SLAM/slam_ws/install/kindr_msgs/lib/libkindr_msgs__rosidl_typesupport_introspection_cpp.so" to ""
[2.583s] -- Installing: /home/williamfbx/SLAM/slam_ws/install/kindr_msgs/lib/libkindr_msgs__rosidl_typesupport_cpp.so
[2.583s] -- Set runtime path of "/home/williamfbx/SLAM/slam_ws/install/kindr_msgs/lib/libkindr_msgs__rosidl_typesupport_cpp.so" to ""
[2.583s] -- Installing: /home/williamfbx/SLAM/slam_ws/install/kindr_msgs/share/kindr_msgs/environment/pythonpath.sh
[2.583s] -- Installing: /home/williamfbx/SLAM/slam_ws/install/kindr_msgs/share/kindr_msgs/environment/pythonpath.dsv
[2.583s] -- Installing: /home/williamfbx/SLAM/slam_ws/install/kindr_msgs/local/lib/python3.10/dist-packages/kindr_msgs-0.3.4-py3.10.egg-info
[2.583s] -- Installing: /home/williamfbx/SLAM/slam_ws/install/kindr_msgs/local/lib/python3.10/dist-packages/kindr_msgs-0.3.4-py3.10.egg-info/dependency_links.txt
[2.583s] -- Installing: /home/williamfbx/SLAM/slam_ws/install/kindr_msgs/local/lib/python3.10/dist-packages/kindr_msgs-0.3.4-py3.10.egg-info/SOURCES.txt
[2.583s] -- Installing: /home/williamfbx/SLAM/slam_ws/install/kindr_msgs/local/lib/python3.10/dist-packages/kindr_msgs-0.3.4-py3.10.egg-info/PKG-INFO
[2.583s] -- Installing: /home/williamfbx/SLAM/slam_ws/install/kindr_msgs/local/lib/python3.10/dist-packages/kindr_msgs-0.3.4-py3.10.egg-info/top_level.txt
[2.583s] -- Installing: /home/williamfbx/SLAM/slam_ws/install/kindr_msgs/local/lib/python3.10/dist-packages/kindr_msgs
[2.583s] -- Installing: /home/williamfbx/SLAM/slam_ws/install/kindr_msgs/local/lib/python3.10/dist-packages/kindr_msgs/_kindr_msgs_s.ep.rosidl_typesupport_fastrtps_c.c
[2.583s] -- Installing: /home/williamfbx/SLAM/slam_ws/install/kindr_msgs/local/lib/python3.10/dist-packages/kindr_msgs/_kindr_msgs_s.ep.rosidl_typesupport_c.c
[2.583s] -- Installing: /home/williamfbx/SLAM/slam_ws/install/kindr_msgs/local/lib/python3.10/dist-packages/kindr_msgs/_kindr_msgs_s.ep.rosidl_typesupport_introspection_c.c
[2.583s] -- Installing: /home/williamfbx/SLAM/slam_ws/install/kindr_msgs/local/lib/python3.10/dist-packages/kindr_msgs/kindr_msgs_s__rosidl_typesupport_introspection_c.cpython-310-x86_64-linux-gnu.so
[2.583s] -- Installing: /home/williamfbx/SLAM/slam_ws/install/kindr_msgs/local/lib/python3.10/dist-packages/kindr_msgs/libkindr_msgs__rosidl_generator_py.so
[2.583s] -- Installing: /home/williamfbx/SLAM/slam_ws/install/kindr_msgs/local/lib/python3.10/dist-packages/kindr_msgs/kindr_msgs_s__rosidl_typesupport_fastrtps_c.cpython-310-x86_64-linux-gnu.so
[2.583s] -- Installing: /home/williamfbx/SLAM/slam_ws/install/kindr_msgs/local/lib/python3.10/dist-packages/kindr_msgs/__init__.py
[2.583s] -- Installing: /home/williamfbx/SLAM/slam_ws/install/kindr_msgs/local/lib/python3.10/dist-packages/kindr_msgs/msg
[2.583s] -- Installing: /home/williamfbx/SLAM/slam_ws/install/kindr_msgs/local/lib/python3.10/dist-packages/kindr_msgs/msg/_vector_at_position.py
[2.584s] -- Installing: /home/williamfbx/SLAM/slam_ws/install/kindr_msgs/local/lib/python3.10/dist-packages/kindr_msgs/msg/_vector_at_position_s.c
[2.584s] -- Installing: /home/williamfbx/SLAM/slam_ws/install/kindr_msgs/local/lib/python3.10/dist-packages/kindr_msgs/msg/__init__.py
[2.584s] -- Installing: /home/williamfbx/SLAM/slam_ws/install/kindr_msgs/local/lib/python3.10/dist-packages/kindr_msgs/kindr_msgs_s__rosidl_typesupport_c.cpython-310-x86_64-linux-gnu.so
[2.608s] Listing '/home/williamfbx/SLAM/slam_ws/install/kindr_msgs/local/lib/python3.10/dist-packages/kindr_msgs'...
[2.609s] Compiling '/home/williamfbx/SLAM/slam_ws/install/kindr_msgs/local/lib/python3.10/dist-packages/kindr_msgs/__init__.py'...
[2.609s] Listing '/home/williamfbx/SLAM/slam_ws/install/kindr_msgs/local/lib/python3.10/dist-packages/kindr_msgs/msg'...
[2.609s] Compiling '/home/williamfbx/SLAM/slam_ws/install/kindr_msgs/local/lib/python3.10/dist-packages/kindr_msgs/msg/__init__.py'...
[2.609s] Compiling '/home/williamfbx/SLAM/slam_ws/install/kindr_msgs/local/lib/python3.10/dist-packages/kindr_msgs/msg/_vector_at_position.py'...
[2.612s] -- Installing: /home/williamfbx/SLAM/slam_ws/install/kindr_msgs/local/lib/python3.10/dist-packages/kindr_msgs/kindr_msgs_s__rosidl_typesupport_fastrtps_c.cpython-310-x86_64-linux-gnu.so
[2.612s] -- Set runtime path of "/home/williamfbx/SLAM/slam_ws/install/kindr_msgs/local/lib/python3.10/dist-packages/kindr_msgs/kindr_msgs_s__rosidl_typesupport_fastrtps_c.cpython-310-x86_64-linux-gnu.so" to ""
[2.612s] -- Installing: /home/williamfbx/SLAM/slam_ws/install/kindr_msgs/local/lib/python3.10/dist-packages/kindr_msgs/kindr_msgs_s__rosidl_typesupport_introspection_c.cpython-310-x86_64-linux-gnu.so
[2.612s] -- Set runtime path of "/home/williamfbx/SLAM/slam_ws/install/kindr_msgs/local/lib/python3.10/dist-packages/kindr_msgs/kindr_msgs_s__rosidl_typesupport_introspection_c.cpython-310-x86_64-linux-gnu.so" to ""
[2.612s] -- Installing: /home/williamfbx/SLAM/slam_ws/install/kindr_msgs/local/lib/python3.10/dist-packages/kindr_msgs/kindr_msgs_s__rosidl_typesupport_c.cpython-310-x86_64-linux-gnu.so
[2.612s] -- Set runtime path of "/home/williamfbx/SLAM/slam_ws/install/kindr_msgs/local/lib/python3.10/dist-packages/kindr_msgs/kindr_msgs_s__rosidl_typesupport_c.cpython-310-x86_64-linux-gnu.so" to ""
[2.613s] -- Installing: /home/williamfbx/SLAM/slam_ws/install/kindr_msgs/lib/libkindr_msgs__rosidl_generator_py.so
[2.613s] -- Set runtime path of "/home/williamfbx/SLAM/slam_ws/install/kindr_msgs/lib/libkindr_msgs__rosidl_generator_py.so" to ""
[2.613s] -- Installing: /home/williamfbx/SLAM/slam_ws/install/kindr_msgs/share/kindr_msgs/msg/VectorAtPosition.idl
[2.613s] -- Installing: /home/williamfbx/SLAM/slam_ws/install/kindr_msgs/share/kindr_msgs/msg/VectorAtPosition.msg
[2.613s] -- Installing: /home/williamfbx/SLAM/slam_ws/install/kindr_msgs/share/ament_index/resource_index/package_run_dependencies/kindr_msgs
[2.613s] -- Installing: /home/williamfbx/SLAM/slam_ws/install/kindr_msgs/share/ament_index/resource_index/parent_prefix_path/kindr_msgs
[2.613s] -- Installing: /home/williamfbx/SLAM/slam_ws/install/kindr_msgs/share/kindr_msgs/environment/ament_prefix_path.sh
[2.613s] -- Installing: /home/williamfbx/SLAM/slam_ws/install/kindr_msgs/share/kindr_msgs/environment/ament_prefix_path.dsv
[2.613s] -- Installing: /home/williamfbx/SLAM/slam_ws/install/kindr_msgs/share/kindr_msgs/environment/path.sh
[2.613s] -- Installing: /home/williamfbx/SLAM/slam_ws/install/kindr_msgs/share/kindr_msgs/environment/path.dsv
[2.613s] -- Installing: /home/williamfbx/SLAM/slam_ws/install/kindr_msgs/share/kindr_msgs/local_setup.bash
[2.613s] -- Installing: /home/williamfbx/SLAM/slam_ws/install/kindr_msgs/share/kindr_msgs/local_setup.sh
[2.613s] -- Installing: /home/williamfbx/SLAM/slam_ws/install/kindr_msgs/share/kindr_msgs/local_setup.zsh
[2.613s] -- Installing: /home/williamfbx/SLAM/slam_ws/install/kindr_msgs/share/kindr_msgs/local_setup.dsv
[2.613s] -- Installing: /home/williamfbx/SLAM/slam_ws/install/kindr_msgs/share/kindr_msgs/package.dsv
[2.613s] -- Installing: /home/williamfbx/SLAM/slam_ws/install/kindr_msgs/share/ament_index/resource_index/packages/kindr_msgs
[2.613s] -- Installing: /home/williamfbx/SLAM/slam_ws/install/kindr_msgs/share/kindr_msgs/cmake/export_kindr_msgs__rosidl_generator_cExport.cmake
[2.613s] -- Installing: /home/williamfbx/SLAM/slam_ws/install/kindr_msgs/share/kindr_msgs/cmake/export_kindr_msgs__rosidl_generator_cExport-noconfig.cmake
[2.614s] -- Installing: /home/williamfbx/SLAM/slam_ws/install/kindr_msgs/share/kindr_msgs/cmake/export_kindr_msgs__rosidl_typesupport_fastrtps_cExport.cmake
[2.614s] -- Installing: /home/williamfbx/SLAM/slam_ws/install/kindr_msgs/share/kindr_msgs/cmake/export_kindr_msgs__rosidl_typesupport_fastrtps_cExport-noconfig.cmake
[2.614s] -- Installing: /home/williamfbx/SLAM/slam_ws/install/kindr_msgs/share/kindr_msgs/cmake/kindr_msgs__rosidl_typesupport_introspection_cExport.cmake
[2.614s] -- Installing: /home/williamfbx/SLAM/slam_ws/install/kindr_msgs/share/kindr_msgs/cmake/kindr_msgs__rosidl_typesupport_introspection_cExport-noconfig.cmake
[2.614s] -- Installing: /home/williamfbx/SLAM/slam_ws/install/kindr_msgs/share/kindr_msgs/cmake/kindr_msgs__rosidl_typesupport_cExport.cmake
[2.614s] -- Installing: /home/williamfbx/SLAM/slam_ws/install/kindr_msgs/share/kindr_msgs/cmake/kindr_msgs__rosidl_typesupport_cExport-noconfig.cmake
[2.614s] -- Installing: /home/williamfbx/SLAM/slam_ws/install/kindr_msgs/share/kindr_msgs/cmake/export_kindr_msgs__rosidl_generator_cppExport.cmake
[2.614s] -- Installing: /home/williamfbx/SLAM/slam_ws/install/kindr_msgs/share/kindr_msgs/cmake/export_kindr_msgs__rosidl_typesupport_fastrtps_cppExport.cmake
[2.614s] -- Installing: /home/williamfbx/SLAM/slam_ws/install/kindr_msgs/share/kindr_msgs/cmake/export_kindr_msgs__rosidl_typesupport_fastrtps_cppExport-noconfig.cmake
[2.614s] -- Installing: /home/williamfbx/SLAM/slam_ws/install/kindr_msgs/share/kindr_msgs/cmake/kindr_msgs__rosidl_typesupport_introspection_cppExport.cmake
[2.614s] -- Installing: /home/williamfbx/SLAM/slam_ws/install/kindr_msgs/share/kindr_msgs/cmake/kindr_msgs__rosidl_typesupport_introspection_cppExport-noconfig.cmake
[2.614s] -- Installing: /home/williamfbx/SLAM/slam_ws/install/kindr_msgs/share/kindr_msgs/cmake/kindr_msgs__rosidl_typesupport_cppExport.cmake
[2.614s] -- Installing: /home/williamfbx/SLAM/slam_ws/install/kindr_msgs/share/kindr_msgs/cmake/kindr_msgs__rosidl_typesupport_cppExport-noconfig.cmake
[2.614s] -- Installing: /home/williamfbx/SLAM/slam_ws/install/kindr_msgs/share/kindr_msgs/cmake/export_kindr_msgs__rosidl_generator_pyExport.cmake
[2.614s] -- Installing: /home/williamfbx/SLAM/slam_ws/install/kindr_msgs/share/kindr_msgs/cmake/export_kindr_msgs__rosidl_generator_pyExport-noconfig.cmake
[2.614s] -- Installing: /home/williamfbx/SLAM/slam_ws/install/kindr_msgs/share/kindr_msgs/cmake/rosidl_cmake-extras.cmake
[2.614s] -- Installing: /home/williamfbx/SLAM/slam_ws/install/kindr_msgs/share/kindr_msgs/cmake/ament_cmake_export_dependencies-extras.cmake
[2.614s] -- Installing: /home/williamfbx/SLAM/slam_ws/install/kindr_msgs/share/kindr_msgs/cmake/ament_cmake_export_include_directories-extras.cmake
[2.614s] -- Installing: /home/williamfbx/SLAM/slam_ws/install/kindr_msgs/share/kindr_msgs/cmake/ament_cmake_export_libraries-extras.cmake
[2.614s] -- Installing: /home/williamfbx/SLAM/slam_ws/install/kindr_msgs/share/kindr_msgs/cmake/ament_cmake_export_targets-extras.cmake
[2.615s] -- Installing: /home/williamfbx/SLAM/slam_ws/install/kindr_msgs/share/kindr_msgs/cmake/rosidl_cmake_export_typesupport_targets-extras.cmake
[2.615s] -- Installing: /home/williamfbx/SLAM/slam_ws/install/kindr_msgs/share/kindr_msgs/cmake/rosidl_cmake_export_typesupport_libraries-extras.cmake
[2.615s] -- Installing: /home/williamfbx/SLAM/slam_ws/install/kindr_msgs/share/kindr_msgs/cmake/kindr_msgsConfig.cmake
[2.615s] -- Installing: /home/williamfbx/SLAM/slam_ws/install/kindr_msgs/share/kindr_msgs/cmake/kindr_msgsConfig-version.cmake
[2.615s] -- Installing: /home/williamfbx/SLAM/slam_ws/install/kindr_msgs/share/kindr_msgs/package.xml
[2.616s] Invoked command in '/home/williamfbx/SLAM/slam_ws/build/kindr_msgs' returned '0': CMAKE_PREFIX_PATH=${CMAKE_PREFIX_PATH}:/opt/ros/humble /usr/bin/cmake --install /home/williamfbx/SLAM/slam_ws/build/kindr_msgs
