[0.057s] Invoking command in '/home/williamfbx/SLAM/slam_ws/build/grid_map_cv': CMAKE_PREFIX_PATH=/home/williamfbx/SLAM/slam_ws/install/grid_map_core:/home/williamfbx/SLAM/slam_ws/install/grid_map_cmake_helpers:/home/williamfbx/SLAM/slam_ws/install/visualization:/home/williamfbx/SLAM/slam_ws/install/sensing:/home/williamfbx/SLAM/slam_ws/install/realsense2_description:/home/williamfbx/SLAM/slam_ws/install/realsense2_camera:/home/williamfbx/SLAM/slam_ws/install/realsense2_camera_msgs:/home/williamfbx/SLAM/slam_ws/install/realsense:/home/williamfbx/SLAM/slam_ws/install/mapping:/home/williamfbx/SLAM/slam_ws/install/localization:/home/williamfbx/SLAM/slam_ws/install/launcher:/home/williamfbx/SLAM/slam_ws/install/elevation_mapping:/home/williamfbx/SLAM/slam_ws/install/kindr_ros:/home/williamfbx/SLAM/slam_ws/install/kindr_msgs:/home/williamfbx/SLAM/slam_ws/install/kindr:/home/williamfbx/SLAM/slam_ws/install/grid_map:/home/williamfbx/SLAM/slam_ws/install/grid_map_demos:/home/williamfbx/SLAM/slam_ws/install/grid_map_visualization:/home/williamfbx/SLAM/slam_ws/install/grid_map_sdf:/home/williamfbx/SLAM/slam_ws/install/grid_map_rviz_plugin:/home/williamfbx/SLAM/slam_ws/install/grid_map_pcl:/home/williamfbx/SLAM/slam_ws/install/grid_map_loader:/home/williamfbx/SLAM/slam_ws/install/grid_map_filters:/home/williamfbx/SLAM/slam_ws/install/grid_map_ros:/home/williamfbx/SLAM/slam_ws/install/grid_map_octomap:/home/williamfbx/SLAM/slam_ws/install/grid_map_msgs:/home/williamfbx/SLAM/slam_ws/install/grid_map_cv:/home/williamfbx/SLAM/slam_ws/install/grid_map_costmap_2d:/opt/ros/humble /usr/bin/cmake --build /home/williamfbx/SLAM/slam_ws/build/grid_map_cv -- -j12 -l12
[0.160s] [ 18%] Built target gtest_main
[0.168s] [ 36%] Built target gtest
[0.171s] [ 63%] Built target grid_map_cv
[0.223s] [100%] Built target grid_map_cv-test
[0.277s] Invoked command in '/home/williamfbx/SLAM/slam_ws/build/grid_map_cv' returned '0': CMAKE_PREFIX_PATH=/home/williamfbx/SLAM/slam_ws/install/grid_map_core:/home/williamfbx/SLAM/slam_ws/install/grid_map_cmake_helpers:/home/williamfbx/SLAM/slam_ws/install/visualization:/home/williamfbx/SLAM/slam_ws/install/sensing:/home/williamfbx/SLAM/slam_ws/install/realsense2_description:/home/williamfbx/SLAM/slam_ws/install/realsense2_camera:/home/williamfbx/SLAM/slam_ws/install/realsense2_camera_msgs:/home/williamfbx/SLAM/slam_ws/install/realsense:/home/williamfbx/SLAM/slam_ws/install/mapping:/home/williamfbx/SLAM/slam_ws/install/localization:/home/williamfbx/SLAM/slam_ws/install/launcher:/home/williamfbx/SLAM/slam_ws/install/elevation_mapping:/home/williamfbx/SLAM/slam_ws/install/kindr_ros:/home/williamfbx/SLAM/slam_ws/install/kindr_msgs:/home/williamfbx/SLAM/slam_ws/install/kindr:/home/williamfbx/SLAM/slam_ws/install/grid_map:/home/williamfbx/SLAM/slam_ws/install/grid_map_demos:/home/williamfbx/SLAM/slam_ws/install/grid_map_visualization:/home/williamfbx/SLAM/slam_ws/install/grid_map_sdf:/home/williamfbx/SLAM/slam_ws/install/grid_map_rviz_plugin:/home/williamfbx/SLAM/slam_ws/install/grid_map_pcl:/home/williamfbx/SLAM/slam_ws/install/grid_map_loader:/home/williamfbx/SLAM/slam_ws/install/grid_map_filters:/home/williamfbx/SLAM/slam_ws/install/grid_map_ros:/home/williamfbx/SLAM/slam_ws/install/grid_map_octomap:/home/williamfbx/SLAM/slam_ws/install/grid_map_msgs:/home/williamfbx/SLAM/slam_ws/install/grid_map_cv:/home/williamfbx/SLAM/slam_ws/install/grid_map_costmap_2d:/opt/ros/humble /usr/bin/cmake --build /home/williamfbx/SLAM/slam_ws/build/grid_map_cv -- -j12 -l12
[0.279s] Invoking command in '/home/williamfbx/SLAM/slam_ws/build/grid_map_cv': CMAKE_PREFIX_PATH=/home/williamfbx/SLAM/slam_ws/install/grid_map_core:/home/williamfbx/SLAM/slam_ws/install/grid_map_cmake_helpers:/home/williamfbx/SLAM/slam_ws/install/visualization:/home/williamfbx/SLAM/slam_ws/install/sensing:/home/williamfbx/SLAM/slam_ws/install/realsense2_description:/home/williamfbx/SLAM/slam_ws/install/realsense2_camera:/home/williamfbx/SLAM/slam_ws/install/realsense2_camera_msgs:/home/williamfbx/SLAM/slam_ws/install/realsense:/home/williamfbx/SLAM/slam_ws/install/mapping:/home/williamfbx/SLAM/slam_ws/install/localization:/home/williamfbx/SLAM/slam_ws/install/launcher:/home/williamfbx/SLAM/slam_ws/install/elevation_mapping:/home/williamfbx/SLAM/slam_ws/install/kindr_ros:/home/williamfbx/SLAM/slam_ws/install/kindr_msgs:/home/williamfbx/SLAM/slam_ws/install/kindr:/home/williamfbx/SLAM/slam_ws/install/grid_map:/home/williamfbx/SLAM/slam_ws/install/grid_map_demos:/home/williamfbx/SLAM/slam_ws/install/grid_map_visualization:/home/williamfbx/SLAM/slam_ws/install/grid_map_sdf:/home/williamfbx/SLAM/slam_ws/install/grid_map_rviz_plugin:/home/williamfbx/SLAM/slam_ws/install/grid_map_pcl:/home/williamfbx/SLAM/slam_ws/install/grid_map_loader:/home/williamfbx/SLAM/slam_ws/install/grid_map_filters:/home/williamfbx/SLAM/slam_ws/install/grid_map_ros:/home/williamfbx/SLAM/slam_ws/install/grid_map_octomap:/home/williamfbx/SLAM/slam_ws/install/grid_map_msgs:/home/williamfbx/SLAM/slam_ws/install/grid_map_cv:/home/williamfbx/SLAM/slam_ws/install/grid_map_costmap_2d:/opt/ros/humble /usr/bin/cmake --install /home/williamfbx/SLAM/slam_ws/build/grid_map_cv
[0.290s] -- Install configuration: "Release"
[0.292s] -- Up-to-date: /home/williamfbx/SLAM/slam_ws/install/grid_map_cv/lib/libgrid_map_cv.so
[0.292s] -- Up-to-date: /home/williamfbx/SLAM/slam_ws/install/grid_map_cv/include/grid_map_cv
[0.292s] -- Up-to-date: /home/williamfbx/SLAM/slam_ws/install/grid_map_cv/include/grid_map_cv/GridMapCvProcessing.hpp
[0.292s] -- Up-to-date: /home/williamfbx/SLAM/slam_ws/install/grid_map_cv/include/grid_map_cv/grid_map_cv.hpp
[0.293s] -- Up-to-date: /home/williamfbx/SLAM/slam_ws/install/grid_map_cv/include/grid_map_cv/GridMapCvConverter.hpp
[0.293s] -- Up-to-date: /home/williamfbx/SLAM/slam_ws/install/grid_map_cv/include/grid_map_cv/InpaintFilter.hpp
[0.293s] -- Up-to-date: /home/williamfbx/SLAM/slam_ws/install/grid_map_cv/include/grid_map_cv/utilities.hpp
[0.295s] -- Up-to-date: /home/williamfbx/SLAM/slam_ws/install/grid_map_cv/share/grid_map_cv/filter_plugins.xml
[0.297s] -- Up-to-date: /home/williamfbx/SLAM/slam_ws/install/grid_map_cv/share/grid_map_cv/environment/library_path.sh
[0.298s] -- Up-to-date: /home/williamfbx/SLAM/slam_ws/install/grid_map_cv/share/grid_map_cv/environment/library_path.dsv
[0.298s] -- Up-to-date: /home/williamfbx/SLAM/slam_ws/install/grid_map_cv/share/grid_map_cv/filter_plugins.xml
[0.299s] -- Up-to-date: /home/williamfbx/SLAM/slam_ws/install/grid_map_cv/share/ament_index/resource_index/package_run_dependencies/grid_map_cv
[0.299s] -- Up-to-date: /home/williamfbx/SLAM/slam_ws/install/grid_map_cv/share/ament_index/resource_index/parent_prefix_path/grid_map_cv
[0.299s] -- Up-to-date: /home/williamfbx/SLAM/slam_ws/install/grid_map_cv/share/grid_map_cv/environment/ament_prefix_path.sh
[0.300s] -- Up-to-date: /home/williamfbx/SLAM/slam_ws/install/grid_map_cv/share/grid_map_cv/environment/ament_prefix_path.dsv
[0.300s] -- Up-to-date: /home/williamfbx/SLAM/slam_ws/install/grid_map_cv/share/grid_map_cv/environment/path.sh
[0.300s] -- Up-to-date: /home/williamfbx/SLAM/slam_ws/install/grid_map_cv/share/grid_map_cv/environment/path.dsv
[0.300s] -- Up-to-date: /home/williamfbx/SLAM/slam_ws/install/grid_map_cv/share/grid_map_cv/local_setup.bash
[0.300s] -- Up-to-date: /home/williamfbx/SLAM/slam_ws/install/grid_map_cv/share/grid_map_cv/local_setup.sh
[0.300s] -- Up-to-date: /home/williamfbx/SLAM/slam_ws/install/grid_map_cv/share/grid_map_cv/local_setup.zsh
[0.300s] -- Up-to-date: /home/williamfbx/SLAM/slam_ws/install/grid_map_cv/share/grid_map_cv/local_setup.dsv
[0.300s] -- Installing: /home/williamfbx/SLAM/slam_ws/install/grid_map_cv/share/grid_map_cv/package.dsv
[0.300s] -- Up-to-date: /home/williamfbx/SLAM/slam_ws/install/grid_map_cv/share/ament_index/resource_index/packages/grid_map_cv
[0.300s] -- Up-to-date: /home/williamfbx/SLAM/slam_ws/install/grid_map_cv/share/ament_index/resource_index/filters__pluginlib__plugin/grid_map_cv
[0.300s] -- Up-to-date: /home/williamfbx/SLAM/slam_ws/install/grid_map_cv/share/grid_map_cv/cmake/ament_cmake_export_include_directories-extras.cmake
[0.300s] -- Up-to-date: /home/williamfbx/SLAM/slam_ws/install/grid_map_cv/share/grid_map_cv/cmake/ament_cmake_export_libraries-extras.cmake
[0.300s] -- Up-to-date: /home/williamfbx/SLAM/slam_ws/install/grid_map_cv/share/grid_map_cv/cmake/ament_cmake_export_dependencies-extras.cmake
[0.300s] -- Up-to-date: /home/williamfbx/SLAM/slam_ws/install/grid_map_cv/share/grid_map_cv/cmake/grid_map_cvConfig.cmake
[0.300s] -- Up-to-date: /home/williamfbx/SLAM/slam_ws/install/grid_map_cv/share/grid_map_cv/cmake/grid_map_cvConfig-version.cmake
[0.300s] -- Up-to-date: /home/williamfbx/SLAM/slam_ws/install/grid_map_cv/share/grid_map_cv/package.xml
[0.370s] Invoked command in '/home/williamfbx/SLAM/slam_ws/build/grid_map_cv' returned '0': CMAKE_PREFIX_PATH=/home/williamfbx/SLAM/slam_ws/install/grid_map_core:/home/williamfbx/SLAM/slam_ws/install/grid_map_cmake_helpers:/home/williamfbx/SLAM/slam_ws/install/visualization:/home/williamfbx/SLAM/slam_ws/install/sensing:/home/williamfbx/SLAM/slam_ws/install/realsense2_description:/home/williamfbx/SLAM/slam_ws/install/realsense2_camera:/home/williamfbx/SLAM/slam_ws/install/realsense2_camera_msgs:/home/williamfbx/SLAM/slam_ws/install/realsense:/home/williamfbx/SLAM/slam_ws/install/mapping:/home/williamfbx/SLAM/slam_ws/install/localization:/home/williamfbx/SLAM/slam_ws/install/launcher:/home/williamfbx/SLAM/slam_ws/install/elevation_mapping:/home/williamfbx/SLAM/slam_ws/install/kindr_ros:/home/williamfbx/SLAM/slam_ws/install/kindr_msgs:/home/williamfbx/SLAM/slam_ws/install/kindr:/home/williamfbx/SLAM/slam_ws/install/grid_map:/home/williamfbx/SLAM/slam_ws/install/grid_map_demos:/home/williamfbx/SLAM/slam_ws/install/grid_map_visualization:/home/williamfbx/SLAM/slam_ws/install/grid_map_sdf:/home/williamfbx/SLAM/slam_ws/install/grid_map_rviz_plugin:/home/williamfbx/SLAM/slam_ws/install/grid_map_pcl:/home/williamfbx/SLAM/slam_ws/install/grid_map_loader:/home/williamfbx/SLAM/slam_ws/install/grid_map_filters:/home/williamfbx/SLAM/slam_ws/install/grid_map_ros:/home/williamfbx/SLAM/slam_ws/install/grid_map_octomap:/home/williamfbx/SLAM/slam_ws/install/grid_map_msgs:/home/williamfbx/SLAM/slam_ws/install/grid_map_cv:/home/williamfbx/SLAM/slam_ws/install/grid_map_costmap_2d:/opt/ros/humble /usr/bin/cmake --install /home/williamfbx/SLAM/slam_ws/build/grid_map_cv
