[0.023s] Invoking command in '/home/williamfbx/SLAM/slam_ws/build/grid_map_octomap': CMAKE_PREFIX_PATH=/home/williamfbx/SLAM/slam_ws/install/grid_map_core:/home/williamfbx/SLAM/slam_ws/install/grid_map_cmake_helpers:/home/williamfbx/SLAM/slam_ws/install/grid_map:/home/williamfbx/SLAM/slam_ws/install/grid_map_demos:/home/williamfbx/SLAM/slam_ws/install/grid_map_visualization:/home/williamfbx/SLAM/slam_ws/install/grid_map_sdf:/home/williamfbx/SLAM/slam_ws/install/grid_map_rviz_plugin:/home/williamfbx/SLAM/slam_ws/install/grid_map_pcl:/home/williamfbx/SLAM/slam_ws/install/grid_map_loader:/home/williamfbx/SLAM/slam_ws/install/grid_map_filters:/home/williamfbx/SLAM/slam_ws/install/grid_map_ros:/home/williamfbx/SLAM/slam_ws/install/grid_map_octomap:/home/williamfbx/SLAM/slam_ws/install/grid_map_msgs:/home/williamfbx/SLAM/slam_ws/install/grid_map_cv:/home/williamfbx/SLAM/slam_ws/install/grid_map_costmap_2d:/home/williamfbx/SLAM/slam_ws/install/visualization:/home/williamfbx/SLAM/slam_ws/install/launcher:/home/williamfbx/SLAM/slam_ws/install/sensing:/home/williamfbx/SLAM/slam_ws/install/realsense2_description:/home/williamfbx/SLAM/slam_ws/install/realsense2_camera:/home/williamfbx/SLAM/slam_ws/install/realsense2_camera_msgs:/home/williamfbx/SLAM/slam_ws/install/realsense:/home/williamfbx/SLAM/slam_ws/install/mapping:/home/williamfbx/SLAM/slam_ws/install/localization:/opt/ros/humble /usr/bin/cmake --build /home/williamfbx/SLAM/slam_ws/build/grid_map_octomap -- -j12 -l12
[0.055s] [35m[1mConsolidate compiler generated dependencies of target gtest_main[0m
[0.055s] [35m[1mConsolidate compiler generated dependencies of target gtest[0m
[0.058s] [35m[1mConsolidate compiler generated dependencies of target grid_map_octomap[0m
[0.071s] [ 22%] Built target gtest_main
[0.079s] [ 44%] Built target gtest
[0.083s] [ 66%] Built target grid_map_octomap
[0.101s] [35m[1mConsolidate compiler generated dependencies of target grid_map_octomap-test[0m
[0.122s] [100%] Built target grid_map_octomap-test
[0.138s] Invoked command in '/home/williamfbx/SLAM/slam_ws/build/grid_map_octomap' returned '0': CMAKE_PREFIX_PATH=/home/williamfbx/SLAM/slam_ws/install/grid_map_core:/home/williamfbx/SLAM/slam_ws/install/grid_map_cmake_helpers:/home/williamfbx/SLAM/slam_ws/install/grid_map:/home/williamfbx/SLAM/slam_ws/install/grid_map_demos:/home/williamfbx/SLAM/slam_ws/install/grid_map_visualization:/home/williamfbx/SLAM/slam_ws/install/grid_map_sdf:/home/williamfbx/SLAM/slam_ws/install/grid_map_rviz_plugin:/home/williamfbx/SLAM/slam_ws/install/grid_map_pcl:/home/williamfbx/SLAM/slam_ws/install/grid_map_loader:/home/williamfbx/SLAM/slam_ws/install/grid_map_filters:/home/williamfbx/SLAM/slam_ws/install/grid_map_ros:/home/williamfbx/SLAM/slam_ws/install/grid_map_octomap:/home/williamfbx/SLAM/slam_ws/install/grid_map_msgs:/home/williamfbx/SLAM/slam_ws/install/grid_map_cv:/home/williamfbx/SLAM/slam_ws/install/grid_map_costmap_2d:/home/williamfbx/SLAM/slam_ws/install/visualization:/home/williamfbx/SLAM/slam_ws/install/launcher:/home/williamfbx/SLAM/slam_ws/install/sensing:/home/williamfbx/SLAM/slam_ws/install/realsense2_description:/home/williamfbx/SLAM/slam_ws/install/realsense2_camera:/home/williamfbx/SLAM/slam_ws/install/realsense2_camera_msgs:/home/williamfbx/SLAM/slam_ws/install/realsense:/home/williamfbx/SLAM/slam_ws/install/mapping:/home/williamfbx/SLAM/slam_ws/install/localization:/opt/ros/humble /usr/bin/cmake --build /home/williamfbx/SLAM/slam_ws/build/grid_map_octomap -- -j12 -l12
[0.140s] Invoking command in '/home/williamfbx/SLAM/slam_ws/build/grid_map_octomap': CMAKE_PREFIX_PATH=/home/williamfbx/SLAM/slam_ws/install/grid_map_core:/home/williamfbx/SLAM/slam_ws/install/grid_map_cmake_helpers:/home/williamfbx/SLAM/slam_ws/install/grid_map:/home/williamfbx/SLAM/slam_ws/install/grid_map_demos:/home/williamfbx/SLAM/slam_ws/install/grid_map_visualization:/home/williamfbx/SLAM/slam_ws/install/grid_map_sdf:/home/williamfbx/SLAM/slam_ws/install/grid_map_rviz_plugin:/home/williamfbx/SLAM/slam_ws/install/grid_map_pcl:/home/williamfbx/SLAM/slam_ws/install/grid_map_loader:/home/williamfbx/SLAM/slam_ws/install/grid_map_filters:/home/williamfbx/SLAM/slam_ws/install/grid_map_ros:/home/williamfbx/SLAM/slam_ws/install/grid_map_octomap:/home/williamfbx/SLAM/slam_ws/install/grid_map_msgs:/home/williamfbx/SLAM/slam_ws/install/grid_map_cv:/home/williamfbx/SLAM/slam_ws/install/grid_map_costmap_2d:/home/williamfbx/SLAM/slam_ws/install/visualization:/home/williamfbx/SLAM/slam_ws/install/launcher:/home/williamfbx/SLAM/slam_ws/install/sensing:/home/williamfbx/SLAM/slam_ws/install/realsense2_description:/home/williamfbx/SLAM/slam_ws/install/realsense2_camera:/home/williamfbx/SLAM/slam_ws/install/realsense2_camera_msgs:/home/williamfbx/SLAM/slam_ws/install/realsense:/home/williamfbx/SLAM/slam_ws/install/mapping:/home/williamfbx/SLAM/slam_ws/install/localization:/opt/ros/humble /usr/bin/cmake --install /home/williamfbx/SLAM/slam_ws/build/grid_map_octomap
[0.150s] -- Install configuration: ""
[0.150s] -- Up-to-date: /home/williamfbx/SLAM/slam_ws/install/grid_map_octomap/lib/libgrid_map_octomap.a
[0.150s] -- Up-to-date: /home/williamfbx/SLAM/slam_ws/install/grid_map_octomap/include/grid_map_octomap
[0.150s] -- Up-to-date: /home/williamfbx/SLAM/slam_ws/install/grid_map_octomap/include/grid_map_octomap/grid_map_octomap.hpp
[0.150s] -- Up-to-date: /home/williamfbx/SLAM/slam_ws/install/grid_map_octomap/include/grid_map_octomap/GridMapOctomapConverter.hpp
[0.150s] -- Up-to-date: /home/williamfbx/SLAM/slam_ws/install/grid_map_octomap/share/grid_map_octomap/environment/library_path.sh
[0.151s] -- Up-to-date: /home/williamfbx/SLAM/slam_ws/install/grid_map_octomap/share/grid_map_octomap/environment/library_path.dsv
[0.151s] -- Up-to-date: /home/williamfbx/SLAM/slam_ws/install/grid_map_octomap/share/ament_index/resource_index/package_run_dependencies/grid_map_octomap
[0.151s] -- Up-to-date: /home/williamfbx/SLAM/slam_ws/install/grid_map_octomap/share/ament_index/resource_index/parent_prefix_path/grid_map_octomap
[0.151s] -- Up-to-date: /home/williamfbx/SLAM/slam_ws/install/grid_map_octomap/share/grid_map_octomap/environment/ament_prefix_path.sh
[0.151s] -- Up-to-date: /home/williamfbx/SLAM/slam_ws/install/grid_map_octomap/share/grid_map_octomap/environment/ament_prefix_path.dsv
[0.151s] -- Up-to-date: /home/williamfbx/SLAM/slam_ws/install/grid_map_octomap/share/grid_map_octomap/environment/path.sh
[0.151s] -- Up-to-date: /home/williamfbx/SLAM/slam_ws/install/grid_map_octomap/share/grid_map_octomap/environment/path.dsv
[0.151s] -- Up-to-date: /home/williamfbx/SLAM/slam_ws/install/grid_map_octomap/share/grid_map_octomap/local_setup.bash
[0.151s] -- Up-to-date: /home/williamfbx/SLAM/slam_ws/install/grid_map_octomap/share/grid_map_octomap/local_setup.sh
[0.152s] -- Up-to-date: /home/williamfbx/SLAM/slam_ws/install/grid_map_octomap/share/grid_map_octomap/local_setup.zsh
[0.152s] -- Up-to-date: /home/williamfbx/SLAM/slam_ws/install/grid_map_octomap/share/grid_map_octomap/local_setup.dsv
[0.152s] -- Installing: /home/williamfbx/SLAM/slam_ws/install/grid_map_octomap/share/grid_map_octomap/package.dsv
[0.152s] -- Up-to-date: /home/williamfbx/SLAM/slam_ws/install/grid_map_octomap/share/ament_index/resource_index/packages/grid_map_octomap
[0.152s] -- Up-to-date: /home/williamfbx/SLAM/slam_ws/install/grid_map_octomap/share/grid_map_octomap/cmake/ament_cmake_export_dependencies-extras.cmake
[0.152s] -- Up-to-date: /home/williamfbx/SLAM/slam_ws/install/grid_map_octomap/share/grid_map_octomap/cmake/ament_cmake_export_include_directories-extras.cmake
[0.152s] -- Up-to-date: /home/williamfbx/SLAM/slam_ws/install/grid_map_octomap/share/grid_map_octomap/cmake/ament_cmake_export_libraries-extras.cmake
[0.152s] -- Up-to-date: /home/williamfbx/SLAM/slam_ws/install/grid_map_octomap/share/grid_map_octomap/cmake/grid_map_octomapConfig.cmake
[0.152s] -- Up-to-date: /home/williamfbx/SLAM/slam_ws/install/grid_map_octomap/share/grid_map_octomap/cmake/grid_map_octomapConfig-version.cmake
[0.152s] -- Up-to-date: /home/williamfbx/SLAM/slam_ws/install/grid_map_octomap/share/grid_map_octomap/package.xml
[0.166s] Invoked command in '/home/williamfbx/SLAM/slam_ws/build/grid_map_octomap' returned '0': CMAKE_PREFIX_PATH=/home/williamfbx/SLAM/slam_ws/install/grid_map_core:/home/williamfbx/SLAM/slam_ws/install/grid_map_cmake_helpers:/home/williamfbx/SLAM/slam_ws/install/grid_map:/home/williamfbx/SLAM/slam_ws/install/grid_map_demos:/home/williamfbx/SLAM/slam_ws/install/grid_map_visualization:/home/williamfbx/SLAM/slam_ws/install/grid_map_sdf:/home/williamfbx/SLAM/slam_ws/install/grid_map_rviz_plugin:/home/williamfbx/SLAM/slam_ws/install/grid_map_pcl:/home/williamfbx/SLAM/slam_ws/install/grid_map_loader:/home/williamfbx/SLAM/slam_ws/install/grid_map_filters:/home/williamfbx/SLAM/slam_ws/install/grid_map_ros:/home/williamfbx/SLAM/slam_ws/install/grid_map_octomap:/home/williamfbx/SLAM/slam_ws/install/grid_map_msgs:/home/williamfbx/SLAM/slam_ws/install/grid_map_cv:/home/williamfbx/SLAM/slam_ws/install/grid_map_costmap_2d:/home/williamfbx/SLAM/slam_ws/install/visualization:/home/williamfbx/SLAM/slam_ws/install/launcher:/home/williamfbx/SLAM/slam_ws/install/sensing:/home/williamfbx/SLAM/slam_ws/install/realsense2_description:/home/williamfbx/SLAM/slam_ws/install/realsense2_camera:/home/williamfbx/SLAM/slam_ws/install/realsense2_camera_msgs:/home/williamfbx/SLAM/slam_ws/install/realsense:/home/williamfbx/SLAM/slam_ws/install/mapping:/home/williamfbx/SLAM/slam_ws/install/localization:/opt/ros/humble /usr/bin/cmake --install /home/williamfbx/SLAM/slam_ws/build/grid_map_octomap
