[0.018s] Invoking command in '/home/williamfbx/SLAM/slam_ws/build/sensing': CMAKE_PREFIX_PATH=/opt/ros/humble /usr/bin/cmake /home/williamfbx/SLAM/slam_ws/src/sensing -DCMAKE_INSTALL_PREFIX=/home/williamfbx/SLAM/slam_ws/install/sensing
[0.129s] -- The C compiler identification is GNU 11.4.0
[0.219s] -- The CXX compiler identification is GNU 11.4.0
[0.227s] -- Detecting C compiler ABI info
[0.279s] -- Detecting C compiler ABI info - done
[0.284s] -- Check for working C compiler: /usr/bin/cc - skipped
[0.284s] -- Detecting C compile features
[0.285s] -- Detecting C compile features - done
[0.287s] -- Detecting CXX compiler ABI info
[0.345s] -- Detecting CXX compiler ABI info - done
[0.351s] -- Check for working CXX compiler: /usr/bin/c++ - skipped
[0.351s] -- Detecting CXX compile features
[0.352s] -- Detecting CXX compile features - done
[0.353s] -- Found ament_cmake: 1.3.11 (/opt/ros/humble/share/ament_cmake/cmake)
[0.459s] -- Found Python3: /usr/bin/python3 (found version "3.10.12") found components: Interpreter 
[0.550s] -- Found ament_lint_auto: 0.12.11 (/opt/ros/humble/share/ament_lint_auto/cmake)
[0.596s] -- Configuring done
[0.597s] -- Generating done
[0.598s] -- Build files have been written to: /home/williamfbx/SLAM/slam_ws/build/sensing
[0.601s] Invoked command in '/home/williamfbx/SLAM/slam_ws/build/sensing' returned '0': CMAKE_PREFIX_PATH=/opt/ros/humble /usr/bin/cmake /home/williamfbx/SLAM/slam_ws/src/sensing -DCMAKE_INSTALL_PREFIX=/home/williamfbx/SLAM/slam_ws/install/sensing
[0.603s] Invoking command in '/home/williamfbx/SLAM/slam_ws/build/sensing': CMAKE_PREFIX_PATH=/opt/ros/humble /usr/bin/cmake --build /home/williamfbx/SLAM/slam_ws/build/sensing -- -j12 -l12
[0.634s] Invoked command in '/home/williamfbx/SLAM/slam_ws/build/sensing' returned '0': CMAKE_PREFIX_PATH=/opt/ros/humble /usr/bin/cmake --build /home/williamfbx/SLAM/slam_ws/build/sensing -- -j12 -l12
[0.644s] Invoking command in '/home/williamfbx/SLAM/slam_ws/build/sensing': CMAKE_PREFIX_PATH=/opt/ros/humble /usr/bin/cmake --install /home/williamfbx/SLAM/slam_ws/build/sensing
[0.649s] -- Install configuration: ""
[0.649s] -- Installing: /home/williamfbx/SLAM/slam_ws/install/sensing/share/sensing/launch
[0.649s] -- Installing: /home/williamfbx/SLAM/slam_ws/install/sensing/share/sensing/launch/sensing_launch.py
[0.649s] -- Installing: /home/williamfbx/SLAM/slam_ws/install/sensing/share/ament_index/resource_index/package_run_dependencies/sensing
[0.649s] -- Installing: /home/williamfbx/SLAM/slam_ws/install/sensing/share/ament_index/resource_index/parent_prefix_path/sensing
[0.650s] -- Installing: /home/williamfbx/SLAM/slam_ws/install/sensing/share/sensing/environment/ament_prefix_path.sh
[0.650s] -- Installing: /home/williamfbx/SLAM/slam_ws/install/sensing/share/sensing/environment/ament_prefix_path.dsv
[0.650s] -- Installing: /home/williamfbx/SLAM/slam_ws/install/sensing/share/sensing/environment/path.sh
[0.650s] -- Installing: /home/williamfbx/SLAM/slam_ws/install/sensing/share/sensing/environment/path.dsv
[0.650s] -- Installing: /home/williamfbx/SLAM/slam_ws/install/sensing/share/sensing/local_setup.bash
[0.650s] -- Installing: /home/williamfbx/SLAM/slam_ws/install/sensing/share/sensing/local_setup.sh
[0.650s] -- Installing: /home/williamfbx/SLAM/slam_ws/install/sensing/share/sensing/local_setup.zsh
[0.650s] -- Installing: /home/williamfbx/SLAM/slam_ws/install/sensing/share/sensing/local_setup.dsv
[0.650s] -- Installing: /home/williamfbx/SLAM/slam_ws/install/sensing/share/sensing/package.dsv
[0.650s] -- Installing: /home/williamfbx/SLAM/slam_ws/install/sensing/share/ament_index/resource_index/packages/sensing
[0.650s] -- Installing: /home/williamfbx/SLAM/slam_ws/install/sensing/share/sensing/cmake/sensingConfig.cmake
[0.650s] -- Installing: /home/williamfbx/SLAM/slam_ws/install/sensing/share/sensing/cmake/sensingConfig-version.cmake
[0.651s] -- Installing: /home/williamfbx/SLAM/slam_ws/install/sensing/share/sensing/package.xml
[0.652s] Invoked command in '/home/williamfbx/SLAM/slam_ws/build/sensing' returned '0': CMAKE_PREFIX_PATH=/opt/ros/humble /usr/bin/cmake --install /home/williamfbx/SLAM/slam_ws/build/sensing
