[0.043s] Invoking command in '/home/williamfbx/SLAM/slam_ws/build/grid_map_core': CMAKE_PREFIX_PATH=/home/williamfbx/SLAM/slam_ws/install/grid_map_cmake_helpers:/home/williamfbx/SLAM/slam_ws/install/visualization:/home/williamfbx/SLAM/slam_ws/install/sensing:/home/williamfbx/SLAM/slam_ws/install/realsense2_description:/home/williamfbx/SLAM/slam_ws/install/realsense2_camera:/home/williamfbx/SLAM/slam_ws/install/realsense2_camera_msgs:/home/williamfbx/SLAM/slam_ws/install/realsense:/home/williamfbx/SLAM/slam_ws/install/mapping:/home/williamfbx/SLAM/slam_ws/install/localization:/home/williamfbx/SLAM/slam_ws/install/launcher:/home/williamfbx/SLAM/slam_ws/install/elevation_mapping:/home/williamfbx/SLAM/slam_ws/install/kindr_ros:/home/williamfbx/SLAM/slam_ws/install/kindr_msgs:/home/williamfbx/SLAM/slam_ws/install/kindr:/home/williamfbx/SLAM/slam_ws/install/grid_map:/home/williamfbx/SLAM/slam_ws/install/grid_map_demos:/home/williamfbx/SLAM/slam_ws/install/grid_map_visualization:/home/williamfbx/SLAM/slam_ws/install/grid_map_sdf:/home/williamfbx/SLAM/slam_ws/install/grid_map_rviz_plugin:/home/williamfbx/SLAM/slam_ws/install/grid_map_pcl:/home/williamfbx/SLAM/slam_ws/install/grid_map_loader:/home/williamfbx/SLAM/slam_ws/install/grid_map_filters:/home/williamfbx/SLAM/slam_ws/install/grid_map_ros:/home/williamfbx/SLAM/slam_ws/install/grid_map_octomap:/home/williamfbx/SLAM/slam_ws/install/grid_map_msgs:/home/williamfbx/SLAM/slam_ws/install/grid_map_cv:/home/williamfbx/SLAM/slam_ws/install/grid_map_costmap_2d:/home/williamfbx/SLAM/slam_ws/install/grid_map_core:/opt/ros/humble /usr/bin/cmake --build /home/williamfbx/SLAM/slam_ws/build/grid_map_core -- -j12 -l12
[0.091s] [  5%] Built target gtest_main
[0.096s] [ 11%] Built target gtest
[0.099s] [ 54%] Built target grid_map_core
[0.138s] [100%] Built target grid_map_core-test
[0.151s] Invoked command in '/home/williamfbx/SLAM/slam_ws/build/grid_map_core' returned '0': CMAKE_PREFIX_PATH=/home/williamfbx/SLAM/slam_ws/install/grid_map_cmake_helpers:/home/williamfbx/SLAM/slam_ws/install/visualization:/home/williamfbx/SLAM/slam_ws/install/sensing:/home/williamfbx/SLAM/slam_ws/install/realsense2_description:/home/williamfbx/SLAM/slam_ws/install/realsense2_camera:/home/williamfbx/SLAM/slam_ws/install/realsense2_camera_msgs:/home/williamfbx/SLAM/slam_ws/install/realsense:/home/williamfbx/SLAM/slam_ws/install/mapping:/home/williamfbx/SLAM/slam_ws/install/localization:/home/williamfbx/SLAM/slam_ws/install/launcher:/home/williamfbx/SLAM/slam_ws/install/elevation_mapping:/home/williamfbx/SLAM/slam_ws/install/kindr_ros:/home/williamfbx/SLAM/slam_ws/install/kindr_msgs:/home/williamfbx/SLAM/slam_ws/install/kindr:/home/williamfbx/SLAM/slam_ws/install/grid_map:/home/williamfbx/SLAM/slam_ws/install/grid_map_demos:/home/williamfbx/SLAM/slam_ws/install/grid_map_visualization:/home/williamfbx/SLAM/slam_ws/install/grid_map_sdf:/home/williamfbx/SLAM/slam_ws/install/grid_map_rviz_plugin:/home/williamfbx/SLAM/slam_ws/install/grid_map_pcl:/home/williamfbx/SLAM/slam_ws/install/grid_map_loader:/home/williamfbx/SLAM/slam_ws/install/grid_map_filters:/home/williamfbx/SLAM/slam_ws/install/grid_map_ros:/home/williamfbx/SLAM/slam_ws/install/grid_map_octomap:/home/williamfbx/SLAM/slam_ws/install/grid_map_msgs:/home/williamfbx/SLAM/slam_ws/install/grid_map_cv:/home/williamfbx/SLAM/slam_ws/install/grid_map_costmap_2d:/home/williamfbx/SLAM/slam_ws/install/grid_map_core:/opt/ros/humble /usr/bin/cmake --build /home/williamfbx/SLAM/slam_ws/build/grid_map_core -- -j12 -l12
[0.153s] Invoking command in '/home/williamfbx/SLAM/slam_ws/build/grid_map_core': CMAKE_PREFIX_PATH=/home/williamfbx/SLAM/slam_ws/install/grid_map_cmake_helpers:/home/williamfbx/SLAM/slam_ws/install/visualization:/home/williamfbx/SLAM/slam_ws/install/sensing:/home/williamfbx/SLAM/slam_ws/install/realsense2_description:/home/williamfbx/SLAM/slam_ws/install/realsense2_camera:/home/williamfbx/SLAM/slam_ws/install/realsense2_camera_msgs:/home/williamfbx/SLAM/slam_ws/install/realsense:/home/williamfbx/SLAM/slam_ws/install/mapping:/home/williamfbx/SLAM/slam_ws/install/localization:/home/williamfbx/SLAM/slam_ws/install/launcher:/home/williamfbx/SLAM/slam_ws/install/elevation_mapping:/home/williamfbx/SLAM/slam_ws/install/kindr_ros:/home/williamfbx/SLAM/slam_ws/install/kindr_msgs:/home/williamfbx/SLAM/slam_ws/install/kindr:/home/williamfbx/SLAM/slam_ws/install/grid_map:/home/williamfbx/SLAM/slam_ws/install/grid_map_demos:/home/williamfbx/SLAM/slam_ws/install/grid_map_visualization:/home/williamfbx/SLAM/slam_ws/install/grid_map_sdf:/home/williamfbx/SLAM/slam_ws/install/grid_map_rviz_plugin:/home/williamfbx/SLAM/slam_ws/install/grid_map_pcl:/home/williamfbx/SLAM/slam_ws/install/grid_map_loader:/home/williamfbx/SLAM/slam_ws/install/grid_map_filters:/home/williamfbx/SLAM/slam_ws/install/grid_map_ros:/home/williamfbx/SLAM/slam_ws/install/grid_map_octomap:/home/williamfbx/SLAM/slam_ws/install/grid_map_msgs:/home/williamfbx/SLAM/slam_ws/install/grid_map_cv:/home/williamfbx/SLAM/slam_ws/install/grid_map_costmap_2d:/home/williamfbx/SLAM/slam_ws/install/grid_map_core:/opt/ros/humble /usr/bin/cmake --install /home/williamfbx/SLAM/slam_ws/build/grid_map_core
[0.162s] -- Install configuration: "Release"
[0.162s] -- Up-to-date: /home/williamfbx/SLAM/slam_ws/install/grid_map_core/lib/libgrid_map_core.a
[0.162s] -- Up-to-date: /home/williamfbx/SLAM/slam_ws/install/grid_map_core/include/grid_map_core
[0.162s] -- Up-to-date: /home/williamfbx/SLAM/slam_ws/install/grid_map_core/include/grid_map_core/grid_map_core
[0.162s] -- Up-to-date: /home/williamfbx/SLAM/slam_ws/install/grid_map_core/include/grid_map_core/grid_map_core/grid_map_core.hpp
[0.162s] -- Up-to-date: /home/williamfbx/SLAM/slam_ws/install/grid_map_core/include/grid_map_core/grid_map_core/GridMapMath.hpp
[0.162s] -- Up-to-date: /home/williamfbx/SLAM/slam_ws/install/grid_map_core/include/grid_map_core/grid_map_core/Polygon.hpp
[0.162s] -- Up-to-date: /home/williamfbx/SLAM/slam_ws/install/grid_map_core/include/grid_map_core/grid_map_core/iterators
[0.162s] -- Up-to-date: /home/williamfbx/SLAM/slam_ws/install/grid_map_core/include/grid_map_core/grid_map_core/iterators/EllipseIterator.hpp
[0.162s] -- Up-to-date: /home/williamfbx/SLAM/slam_ws/install/grid_map_core/include/grid_map_core/grid_map_core/iterators/SubmapIterator.hpp
[0.162s] -- Up-to-date: /home/williamfbx/SLAM/slam_ws/install/grid_map_core/include/grid_map_core/grid_map_core/iterators/SlidingWindowIterator.hpp
[0.162s] -- Up-to-date: /home/williamfbx/SLAM/slam_ws/install/grid_map_core/include/grid_map_core/grid_map_core/iterators/LineIterator.hpp
[0.162s] -- Up-to-date: /home/williamfbx/SLAM/slam_ws/install/grid_map_core/include/grid_map_core/grid_map_core/iterators/iterators.hpp
[0.162s] -- Up-to-date: /home/williamfbx/SLAM/slam_ws/install/grid_map_core/include/grid_map_core/grid_map_core/iterators/CircleIterator.hpp
[0.162s] -- Up-to-date: /home/williamfbx/SLAM/slam_ws/install/grid_map_core/include/grid_map_core/grid_map_core/iterators/PolygonIterator.hpp
[0.163s] -- Up-to-date: /home/williamfbx/SLAM/slam_ws/install/grid_map_core/include/grid_map_core/grid_map_core/iterators/GridMapIterator.hpp
[0.163s] -- Up-to-date: /home/williamfbx/SLAM/slam_ws/install/grid_map_core/include/grid_map_core/grid_map_core/iterators/SpiralIterator.hpp
[0.163s] -- Up-to-date: /home/williamfbx/SLAM/slam_ws/install/grid_map_core/include/grid_map_core/grid_map_core/GridMap.hpp
[0.163s] -- Up-to-date: /home/williamfbx/SLAM/slam_ws/install/grid_map_core/include/grid_map_core/grid_map_core/TypeDefs.hpp
[0.163s] -- Up-to-date: /home/williamfbx/SLAM/slam_ws/install/grid_map_core/include/grid_map_core/grid_map_core/CubicInterpolation.hpp
[0.163s] -- Up-to-date: /home/williamfbx/SLAM/slam_ws/install/grid_map_core/include/grid_map_core/grid_map_core/eigen_plugins
[0.163s] -- Up-to-date: /home/williamfbx/SLAM/slam_ws/install/grid_map_core/include/grid_map_core/grid_map_core/eigen_plugins/DenseBasePlugin.hpp
[0.163s] -- Up-to-date: /home/williamfbx/SLAM/slam_ws/install/grid_map_core/include/grid_map_core/grid_map_core/eigen_plugins/FunctorsPlugin.hpp
[0.163s] -- Up-to-date: /home/williamfbx/SLAM/slam_ws/install/grid_map_core/include/grid_map_core/grid_map_core/eigen_plugins/Functors.hpp
[0.163s] -- Up-to-date: /home/williamfbx/SLAM/slam_ws/install/grid_map_core/include/grid_map_core/grid_map_core/BufferRegion.hpp
[0.163s] -- Up-to-date: /home/williamfbx/SLAM/slam_ws/install/grid_map_core/include/grid_map_core/grid_map_core/gtest_eigen.hpp
[0.163s] -- Up-to-date: /home/williamfbx/SLAM/slam_ws/install/grid_map_core/include/grid_map_core/grid_map_core/SubmapGeometry.hpp
[0.163s] -- Up-to-date: /home/williamfbx/SLAM/slam_ws/install/grid_map_core/share/grid_map_core/doc
[0.163s] -- Up-to-date: /home/williamfbx/SLAM/slam_ws/install/grid_map_core/share/grid_map_core/doc/move_method.gif
[0.163s] -- Up-to-date: /home/williamfbx/SLAM/slam_ws/install/grid_map_core/share/grid_map_core/doc/interpolationSineWorld.gif
[0.163s] -- Up-to-date: /home/williamfbx/SLAM/slam_ws/install/grid_map_core/share/grid_map_core/doc/iterators
[0.163s] -- Up-to-date: /home/williamfbx/SLAM/slam_ws/install/grid_map_core/share/grid_map_core/doc/iterators/spiral_iterator_preview.gif
[0.163s] -- Up-to-date: /home/williamfbx/SLAM/slam_ws/install/grid_map_core/share/grid_map_core/doc/iterators/ellipse_iterator_preview.gif
[0.163s] -- Up-to-date: /home/williamfbx/SLAM/slam_ws/install/grid_map_core/share/grid_map_core/doc/iterators/grid_map_iterator_preview.gif
[0.163s] -- Up-to-date: /home/williamfbx/SLAM/slam_ws/install/grid_map_core/share/grid_map_core/doc/iterators/line_iterator_preview.gif
[0.163s] -- Up-to-date: /home/williamfbx/SLAM/slam_ws/install/grid_map_core/share/grid_map_core/doc/iterators/submap_iterator_preview.gif
[0.163s] -- Up-to-date: /home/williamfbx/SLAM/slam_ws/install/grid_map_core/share/grid_map_core/doc/iterators/polygon_iterator.gif
[0.163s] -- Up-to-date: /home/williamfbx/SLAM/slam_ws/install/grid_map_core/share/grid_map_core/doc/iterators/submap_iterator.gif
[0.163s] -- Up-to-date: /home/williamfbx/SLAM/slam_ws/install/grid_map_core/share/grid_map_core/doc/iterators/spiral_iterator.gif
[0.163s] -- Up-to-date: /home/williamfbx/SLAM/slam_ws/install/grid_map_core/share/grid_map_core/doc/iterators/ellipse_iterator.gif
[0.163s] -- Up-to-date: /home/williamfbx/SLAM/slam_ws/install/grid_map_core/share/grid_map_core/doc/iterators/line_iterator.gif
[0.164s] -- Up-to-date: /home/williamfbx/SLAM/slam_ws/install/grid_map_core/share/grid_map_core/doc/iterators/circle_iterator_preview.gif
[0.164s] -- Up-to-date: /home/williamfbx/SLAM/slam_ws/install/grid_map_core/share/grid_map_core/doc/iterators/grid_map_iterator.gif
[0.164s] -- Up-to-date: /home/williamfbx/SLAM/slam_ws/install/grid_map_core/share/grid_map_core/doc/iterators/polygon_iterator_preview.gif
[0.164s] -- Up-to-date: /home/williamfbx/SLAM/slam_ws/install/grid_map_core/share/grid_map_core/doc/iterators/circle_iterator.gif
[0.164s] -- Up-to-date: /home/williamfbx/SLAM/slam_ws/install/grid_map_core/share/grid_map_core/doc/grid_map_layers.pdf
[0.164s] -- Up-to-date: /home/williamfbx/SLAM/slam_ws/install/grid_map_core/share/grid_map_core/doc/grid_map_conventions.pdf
[0.164s] -- Up-to-date: /home/williamfbx/SLAM/slam_ws/install/grid_map_core/share/grid_map_core/doc/grid_map_layers.png
[0.164s] -- Up-to-date: /home/williamfbx/SLAM/slam_ws/install/grid_map_core/share/grid_map_core/doc/setposition_method.gif
[0.164s] -- Up-to-date: /home/williamfbx/SLAM/slam_ws/install/grid_map_core/share/grid_map_core/doc/grid_map_conventions.png
[0.165s] -- Up-to-date: /home/williamfbx/SLAM/slam_ws/install/grid_map_core/share/grid_map_core/doc/interpolationGaussWorld.gif
[0.165s] -- Up-to-date: /home/williamfbx/SLAM/slam_ws/install/grid_map_core/share/grid_map_core/environment/library_path.sh
[0.165s] -- Up-to-date: /home/williamfbx/SLAM/slam_ws/install/grid_map_core/share/grid_map_core/environment/library_path.dsv
[0.165s] -- Up-to-date: /home/williamfbx/SLAM/slam_ws/install/grid_map_core/share/ament_index/resource_index/package_run_dependencies/grid_map_core
[0.165s] -- Up-to-date: /home/williamfbx/SLAM/slam_ws/install/grid_map_core/share/ament_index/resource_index/parent_prefix_path/grid_map_core
[0.165s] -- Up-to-date: /home/williamfbx/SLAM/slam_ws/install/grid_map_core/share/grid_map_core/environment/ament_prefix_path.sh
[0.165s] -- Up-to-date: /home/williamfbx/SLAM/slam_ws/install/grid_map_core/share/grid_map_core/environment/ament_prefix_path.dsv
[0.165s] -- Up-to-date: /home/williamfbx/SLAM/slam_ws/install/grid_map_core/share/grid_map_core/environment/path.sh
[0.165s] -- Up-to-date: /home/williamfbx/SLAM/slam_ws/install/grid_map_core/share/grid_map_core/environment/path.dsv
[0.165s] -- Up-to-date: /home/williamfbx/SLAM/slam_ws/install/grid_map_core/share/grid_map_core/local_setup.bash
[0.166s] -- Up-to-date: /home/williamfbx/SLAM/slam_ws/install/grid_map_core/share/grid_map_core/local_setup.sh
[0.166s] -- Up-to-date: /home/williamfbx/SLAM/slam_ws/install/grid_map_core/share/grid_map_core/local_setup.zsh
[0.166s] -- Up-to-date: /home/williamfbx/SLAM/slam_ws/install/grid_map_core/share/grid_map_core/local_setup.dsv
[0.166s] -- Installing: /home/williamfbx/SLAM/slam_ws/install/grid_map_core/share/grid_map_core/package.dsv
[0.166s] -- Up-to-date: /home/williamfbx/SLAM/slam_ws/install/grid_map_core/share/ament_index/resource_index/packages/grid_map_core
[0.166s] -- Up-to-date: /home/williamfbx/SLAM/slam_ws/install/grid_map_core/share/grid_map_core/cmake/export_grid_map_coreExport.cmake
[0.166s] -- Up-to-date: /home/williamfbx/SLAM/slam_ws/install/grid_map_core/share/grid_map_core/cmake/export_grid_map_coreExport-release.cmake
[0.166s] -- Up-to-date: /home/williamfbx/SLAM/slam_ws/install/grid_map_core/share/grid_map_core/cmake/grid_map_core-extras.cmake
[0.166s] -- Up-to-date: /home/williamfbx/SLAM/slam_ws/install/grid_map_core/share/grid_map_core/cmake/ament_cmake_export_targets-extras.cmake
[0.166s] -- Up-to-date: /home/williamfbx/SLAM/slam_ws/install/grid_map_core/share/grid_map_core/cmake/ament_cmake_export_dependencies-extras.cmake
[0.167s] -- Up-to-date: /home/williamfbx/SLAM/slam_ws/install/grid_map_core/share/grid_map_core/cmake/grid_map_coreConfig.cmake
[0.167s] -- Up-to-date: /home/williamfbx/SLAM/slam_ws/install/grid_map_core/share/grid_map_core/cmake/grid_map_coreConfig-version.cmake
[0.167s] -- Up-to-date: /home/williamfbx/SLAM/slam_ws/install/grid_map_core/share/grid_map_core/package.xml
[0.168s] Invoked command in '/home/williamfbx/SLAM/slam_ws/build/grid_map_core' returned '0': CMAKE_PREFIX_PATH=/home/williamfbx/SLAM/slam_ws/install/grid_map_cmake_helpers:/home/williamfbx/SLAM/slam_ws/install/visualization:/home/williamfbx/SLAM/slam_ws/install/sensing:/home/williamfbx/SLAM/slam_ws/install/realsense2_description:/home/williamfbx/SLAM/slam_ws/install/realsense2_camera:/home/williamfbx/SLAM/slam_ws/install/realsense2_camera_msgs:/home/williamfbx/SLAM/slam_ws/install/realsense:/home/williamfbx/SLAM/slam_ws/install/mapping:/home/williamfbx/SLAM/slam_ws/install/localization:/home/williamfbx/SLAM/slam_ws/install/launcher:/home/williamfbx/SLAM/slam_ws/install/elevation_mapping:/home/williamfbx/SLAM/slam_ws/install/kindr_ros:/home/williamfbx/SLAM/slam_ws/install/kindr_msgs:/home/williamfbx/SLAM/slam_ws/install/kindr:/home/williamfbx/SLAM/slam_ws/install/grid_map:/home/williamfbx/SLAM/slam_ws/install/grid_map_demos:/home/williamfbx/SLAM/slam_ws/install/grid_map_visualization:/home/williamfbx/SLAM/slam_ws/install/grid_map_sdf:/home/williamfbx/SLAM/slam_ws/install/grid_map_rviz_plugin:/home/williamfbx/SLAM/slam_ws/install/grid_map_pcl:/home/williamfbx/SLAM/slam_ws/install/grid_map_loader:/home/williamfbx/SLAM/slam_ws/install/grid_map_filters:/home/williamfbx/SLAM/slam_ws/install/grid_map_ros:/home/williamfbx/SLAM/slam_ws/install/grid_map_octomap:/home/williamfbx/SLAM/slam_ws/install/grid_map_msgs:/home/williamfbx/SLAM/slam_ws/install/grid_map_cv:/home/williamfbx/SLAM/slam_ws/install/grid_map_costmap_2d:/home/williamfbx/SLAM/slam_ws/install/grid_map_core:/opt/ros/humble /usr/bin/cmake --install /home/williamfbx/SLAM/slam_ws/build/grid_map_core
