[0.030s] Invoking command in '/home/williamfbx/SLAM/slam_ws/build/kindr_msgs': CMAKE_PREFIX_PATH=${CMAKE_PREFIX_PATH}:/opt/ros/humble /usr/bin/cmake --build /home/williamfbx/SLAM/slam_ws/build/kindr_msgs -- -j12 -l12
[0.110s] [  9%] Built target kindr_msgs__rosidl_generator_c
[0.115s] [ 12%] Built target kindr_msgs__cpp
[0.121s] [ 12%] Built target ament_cmake_python_copy_kindr_msgs
[0.144s] [ 22%] Built target kindr_msgs__rosidl_typesupport_fastrtps_c
[0.150s] [ 32%] Built target kindr_msgs__rosidl_typesupport_fastrtps_cpp
[0.150s] [ 41%] Built target kindr_msgs__rosidl_typesupport_introspection_cpp
[0.150s] [ 51%] Built target kindr_msgs__rosidl_typesupport_introspection_c
[0.153s] [ 70%] Built target kindr_msgs__rosidl_typesupport_c
[0.153s] [ 70%] Built target kindr_msgs__rosidl_typesupport_cpp
[0.177s] [ 70%] Built target kindr_msgs
[0.200s] [ 74%] Built target kindr_msgs__py
[0.224s] [ 80%] Built target kindr_msgs__rosidl_generator_py
[0.246s] [ 87%] Built target kindr_msgs__rosidl_typesupport_c__pyext
[0.250s] [ 93%] Built target kindr_msgs__rosidl_typesupport_fastrtps_c__pyext
[0.251s] [100%] Built target kindr_msgs__rosidl_typesupport_introspection_c__pyext
[0.329s] running egg_info
[0.329s] writing kindr_msgs.egg-info/PKG-INFO
[0.329s] writing dependency_links to kindr_msgs.egg-info/dependency_links.txt
[0.329s] writing top-level names to kindr_msgs.egg-info/top_level.txt
[0.331s] reading manifest file 'kindr_msgs.egg-info/SOURCES.txt'
[0.331s] writing manifest file 'kindr_msgs.egg-info/SOURCES.txt'
[0.360s] [100%] Built target ament_cmake_python_build_kindr_msgs_egg
[0.385s] Invoked command in '/home/williamfbx/SLAM/slam_ws/build/kindr_msgs' returned '0': CMAKE_PREFIX_PATH=${CMAKE_PREFIX_PATH}:/opt/ros/humble /usr/bin/cmake --build /home/williamfbx/SLAM/slam_ws/build/kindr_msgs -- -j12 -l12
[0.386s] Invoking command in '/home/williamfbx/SLAM/slam_ws/build/kindr_msgs': CMAKE_PREFIX_PATH=${CMAKE_PREFIX_PATH}:/opt/ros/humble /usr/bin/cmake --install /home/williamfbx/SLAM/slam_ws/build/kindr_msgs
[0.396s] -- Install configuration: ""
[0.397s] -- Up-to-date: /home/williamfbx/SLAM/slam_ws/install/kindr_msgs/share/ament_index/resource_index/rosidl_interfaces/kindr_msgs
[0.397s] -- Up-to-date: /home/williamfbx/SLAM/slam_ws/install/kindr_msgs/include/kindr_msgs/kindr_msgs
[0.397s] -- Up-to-date: /home/williamfbx/SLAM/slam_ws/install/kindr_msgs/include/kindr_msgs/kindr_msgs/msg
[0.397s] -- Up-to-date: /home/williamfbx/SLAM/slam_ws/install/kindr_msgs/include/kindr_msgs/kindr_msgs/msg/vector_at_position.h
[0.397s] -- Up-to-date: /home/williamfbx/SLAM/slam_ws/install/kindr_msgs/include/kindr_msgs/kindr_msgs/msg/detail
[0.401s] -- Up-to-date: /home/williamfbx/SLAM/slam_ws/install/kindr_msgs/include/kindr_msgs/kindr_msgs/msg/detail/vector_at_position__functions.h
[0.402s] -- Up-to-date: /home/williamfbx/SLAM/slam_ws/install/kindr_msgs/include/kindr_msgs/kindr_msgs/msg/detail/vector_at_position__type_support.h
[0.402s] -- Up-to-date: /home/williamfbx/SLAM/slam_ws/install/kindr_msgs/include/kindr_msgs/kindr_msgs/msg/detail/vector_at_position__struct.h
[0.402s] -- Up-to-date: /home/williamfbx/SLAM/slam_ws/install/kindr_msgs/include/kindr_msgs/kindr_msgs/msg/detail/vector_at_position__functions.c
[0.402s] -- Up-to-date: /home/williamfbx/SLAM/slam_ws/install/kindr_msgs/include/kindr_msgs/kindr_msgs/msg/rosidl_generator_c__visibility_control.h
[0.402s] -- Up-to-date: /home/williamfbx/SLAM/slam_ws/install/kindr_msgs/share/kindr_msgs/environment/library_path.sh
[0.402s] -- Up-to-date: /home/williamfbx/SLAM/slam_ws/install/kindr_msgs/share/kindr_msgs/environment/library_path.dsv
[0.403s] -- Up-to-date: /home/williamfbx/SLAM/slam_ws/install/kindr_msgs/lib/libkindr_msgs__rosidl_generator_c.so
[0.403s] -- Up-to-date: /home/williamfbx/SLAM/slam_ws/install/kindr_msgs/include/kindr_msgs/kindr_msgs
[0.403s] -- Up-to-date: /home/williamfbx/SLAM/slam_ws/install/kindr_msgs/include/kindr_msgs/kindr_msgs/msg
[0.403s] -- Up-to-date: /home/williamfbx/SLAM/slam_ws/install/kindr_msgs/include/kindr_msgs/kindr_msgs/msg/detail
[0.403s] -- Up-to-date: /home/williamfbx/SLAM/slam_ws/install/kindr_msgs/include/kindr_msgs/kindr_msgs/msg/detail/vector_at_position__rosidl_typesupport_fastrtps_c.h
[0.404s] -- Up-to-date: /home/williamfbx/SLAM/slam_ws/install/kindr_msgs/include/kindr_msgs/kindr_msgs/msg/rosidl_typesupport_fastrtps_c__visibility_control.h
[0.404s] -- Up-to-date: /home/williamfbx/SLAM/slam_ws/install/kindr_msgs/lib/libkindr_msgs__rosidl_typesupport_fastrtps_c.so
[0.404s] -- Up-to-date: /home/williamfbx/SLAM/slam_ws/install/kindr_msgs/include/kindr_msgs/kindr_msgs
[0.404s] -- Up-to-date: /home/williamfbx/SLAM/slam_ws/install/kindr_msgs/include/kindr_msgs/kindr_msgs/msg
[0.404s] -- Up-to-date: /home/williamfbx/SLAM/slam_ws/install/kindr_msgs/include/kindr_msgs/kindr_msgs/msg/detail
[0.404s] -- Up-to-date: /home/williamfbx/SLAM/slam_ws/install/kindr_msgs/include/kindr_msgs/kindr_msgs/msg/detail/vector_at_position__rosidl_typesupport_introspection_c.h
[0.404s] -- Up-to-date: /home/williamfbx/SLAM/slam_ws/install/kindr_msgs/include/kindr_msgs/kindr_msgs/msg/detail/vector_at_position__type_support.c
[0.404s] -- Up-to-date: /home/williamfbx/SLAM/slam_ws/install/kindr_msgs/include/kindr_msgs/kindr_msgs/msg/rosidl_typesupport_introspection_c__visibility_control.h
[0.405s] -- Up-to-date: /home/williamfbx/SLAM/slam_ws/install/kindr_msgs/lib/libkindr_msgs__rosidl_typesupport_introspection_c.so
[0.405s] -- Up-to-date: /home/williamfbx/SLAM/slam_ws/install/kindr_msgs/lib/libkindr_msgs__rosidl_typesupport_c.so
[0.405s] -- Up-to-date: /home/williamfbx/SLAM/slam_ws/install/kindr_msgs/include/kindr_msgs/kindr_msgs
[0.405s] -- Up-to-date: /home/williamfbx/SLAM/slam_ws/install/kindr_msgs/include/kindr_msgs/kindr_msgs/msg
[0.405s] -- Up-to-date: /home/williamfbx/SLAM/slam_ws/install/kindr_msgs/include/kindr_msgs/kindr_msgs/msg/rosidl_generator_cpp__visibility_control.hpp
[0.405s] -- Up-to-date: /home/williamfbx/SLAM/slam_ws/install/kindr_msgs/include/kindr_msgs/kindr_msgs/msg/detail
[0.405s] -- Up-to-date: /home/williamfbx/SLAM/slam_ws/install/kindr_msgs/include/kindr_msgs/kindr_msgs/msg/detail/vector_at_position__builder.hpp
[0.405s] -- Up-to-date: /home/williamfbx/SLAM/slam_ws/install/kindr_msgs/include/kindr_msgs/kindr_msgs/msg/detail/vector_at_position__type_support.hpp
[0.405s] -- Up-to-date: /home/williamfbx/SLAM/slam_ws/install/kindr_msgs/include/kindr_msgs/kindr_msgs/msg/detail/vector_at_position__traits.hpp
[0.405s] -- Up-to-date: /home/williamfbx/SLAM/slam_ws/install/kindr_msgs/include/kindr_msgs/kindr_msgs/msg/detail/vector_at_position__struct.hpp
[0.405s] -- Up-to-date: /home/williamfbx/SLAM/slam_ws/install/kindr_msgs/include/kindr_msgs/kindr_msgs/msg/vector_at_position.hpp
[0.405s] -- Up-to-date: /home/williamfbx/SLAM/slam_ws/install/kindr_msgs/include/kindr_msgs/kindr_msgs
[0.405s] -- Up-to-date: /home/williamfbx/SLAM/slam_ws/install/kindr_msgs/include/kindr_msgs/kindr_msgs/msg
[0.405s] -- Up-to-date: /home/williamfbx/SLAM/slam_ws/install/kindr_msgs/include/kindr_msgs/kindr_msgs/msg/rosidl_typesupport_fastrtps_cpp__visibility_control.h
[0.405s] -- Up-to-date: /home/williamfbx/SLAM/slam_ws/install/kindr_msgs/include/kindr_msgs/kindr_msgs/msg/detail
[0.405s] -- Up-to-date: /home/williamfbx/SLAM/slam_ws/install/kindr_msgs/include/kindr_msgs/kindr_msgs/msg/detail/dds_fastrtps
[0.405s] -- Up-to-date: /home/williamfbx/SLAM/slam_ws/install/kindr_msgs/include/kindr_msgs/kindr_msgs/msg/detail/vector_at_position__rosidl_typesupport_fastrtps_cpp.hpp
[0.405s] -- Up-to-date: /home/williamfbx/SLAM/slam_ws/install/kindr_msgs/lib/libkindr_msgs__rosidl_typesupport_fastrtps_cpp.so
[0.405s] -- Up-to-date: /home/williamfbx/SLAM/slam_ws/install/kindr_msgs/include/kindr_msgs/kindr_msgs
[0.405s] -- Up-to-date: /home/williamfbx/SLAM/slam_ws/install/kindr_msgs/include/kindr_msgs/kindr_msgs/msg
[0.405s] -- Up-to-date: /home/williamfbx/SLAM/slam_ws/install/kindr_msgs/include/kindr_msgs/kindr_msgs/msg/detail
[0.406s] -- Up-to-date: /home/williamfbx/SLAM/slam_ws/install/kindr_msgs/include/kindr_msgs/kindr_msgs/msg/detail/vector_at_position__rosidl_typesupport_introspection_cpp.hpp
[0.406s] -- Up-to-date: /home/williamfbx/SLAM/slam_ws/install/kindr_msgs/include/kindr_msgs/kindr_msgs/msg/detail/vector_at_position__type_support.cpp
[0.406s] -- Up-to-date: /home/williamfbx/SLAM/slam_ws/install/kindr_msgs/lib/libkindr_msgs__rosidl_typesupport_introspection_cpp.so
[0.406s] -- Up-to-date: /home/williamfbx/SLAM/slam_ws/install/kindr_msgs/lib/libkindr_msgs__rosidl_typesupport_cpp.so
[0.406s] -- Up-to-date: /home/williamfbx/SLAM/slam_ws/install/kindr_msgs/share/kindr_msgs/environment/pythonpath.sh
[0.406s] -- Up-to-date: /home/williamfbx/SLAM/slam_ws/install/kindr_msgs/share/kindr_msgs/environment/pythonpath.dsv
[0.406s] -- Up-to-date: /home/williamfbx/SLAM/slam_ws/install/kindr_msgs/local/lib/python3.10/dist-packages/kindr_msgs-0.3.4-py3.10.egg-info
[0.406s] -- Installing: /home/williamfbx/SLAM/slam_ws/install/kindr_msgs/local/lib/python3.10/dist-packages/kindr_msgs-0.3.4-py3.10.egg-info/dependency_links.txt
[0.406s] -- Installing: /home/williamfbx/SLAM/slam_ws/install/kindr_msgs/local/lib/python3.10/dist-packages/kindr_msgs-0.3.4-py3.10.egg-info/SOURCES.txt
[0.406s] -- Installing: /home/williamfbx/SLAM/slam_ws/install/kindr_msgs/local/lib/python3.10/dist-packages/kindr_msgs-0.3.4-py3.10.egg-info/PKG-INFO
[0.406s] -- Installing: /home/williamfbx/SLAM/slam_ws/install/kindr_msgs/local/lib/python3.10/dist-packages/kindr_msgs-0.3.4-py3.10.egg-info/top_level.txt
[0.406s] -- Up-to-date: /home/williamfbx/SLAM/slam_ws/install/kindr_msgs/local/lib/python3.10/dist-packages/kindr_msgs
[0.406s] -- Up-to-date: /home/williamfbx/SLAM/slam_ws/install/kindr_msgs/local/lib/python3.10/dist-packages/kindr_msgs/_kindr_msgs_s.ep.rosidl_typesupport_fastrtps_c.c
[0.406s] -- Up-to-date: /home/williamfbx/SLAM/slam_ws/install/kindr_msgs/local/lib/python3.10/dist-packages/kindr_msgs/_kindr_msgs_s.ep.rosidl_typesupport_c.c
[0.406s] -- Up-to-date: /home/williamfbx/SLAM/slam_ws/install/kindr_msgs/local/lib/python3.10/dist-packages/kindr_msgs/_kindr_msgs_s.ep.rosidl_typesupport_introspection_c.c
[0.406s] -- Up-to-date: /home/williamfbx/SLAM/slam_ws/install/kindr_msgs/local/lib/python3.10/dist-packages/kindr_msgs/kindr_msgs_s__rosidl_typesupport_introspection_c.cpython-310-x86_64-linux-gnu.so
[0.406s] -- Up-to-date: /home/williamfbx/SLAM/slam_ws/install/kindr_msgs/local/lib/python3.10/dist-packages/kindr_msgs/libkindr_msgs__rosidl_generator_py.so
[0.406s] -- Up-to-date: /home/williamfbx/SLAM/slam_ws/install/kindr_msgs/local/lib/python3.10/dist-packages/kindr_msgs/kindr_msgs_s__rosidl_typesupport_fastrtps_c.cpython-310-x86_64-linux-gnu.so
[0.407s] -- Up-to-date: /home/williamfbx/SLAM/slam_ws/install/kindr_msgs/local/lib/python3.10/dist-packages/kindr_msgs/__init__.py
[0.407s] -- Up-to-date: /home/williamfbx/SLAM/slam_ws/install/kindr_msgs/local/lib/python3.10/dist-packages/kindr_msgs/msg
[0.407s] -- Up-to-date: /home/williamfbx/SLAM/slam_ws/install/kindr_msgs/local/lib/python3.10/dist-packages/kindr_msgs/msg/_vector_at_position.py
[0.407s] -- Up-to-date: /home/williamfbx/SLAM/slam_ws/install/kindr_msgs/local/lib/python3.10/dist-packages/kindr_msgs/msg/_vector_at_position_s.c
[0.407s] -- Up-to-date: /home/williamfbx/SLAM/slam_ws/install/kindr_msgs/local/lib/python3.10/dist-packages/kindr_msgs/msg/__init__.py
[0.407s] -- Up-to-date: /home/williamfbx/SLAM/slam_ws/install/kindr_msgs/local/lib/python3.10/dist-packages/kindr_msgs/kindr_msgs_s__rosidl_typesupport_c.cpython-310-x86_64-linux-gnu.so
[0.438s] Listing '/home/williamfbx/SLAM/slam_ws/install/kindr_msgs/local/lib/python3.10/dist-packages/kindr_msgs'...
[0.438s] Listing '/home/williamfbx/SLAM/slam_ws/install/kindr_msgs/local/lib/python3.10/dist-packages/kindr_msgs/msg'...
[0.446s] -- Up-to-date: /home/williamfbx/SLAM/slam_ws/install/kindr_msgs/local/lib/python3.10/dist-packages/kindr_msgs/kindr_msgs_s__rosidl_typesupport_fastrtps_c.cpython-310-x86_64-linux-gnu.so
[0.446s] -- Up-to-date: /home/williamfbx/SLAM/slam_ws/install/kindr_msgs/local/lib/python3.10/dist-packages/kindr_msgs/kindr_msgs_s__rosidl_typesupport_introspection_c.cpython-310-x86_64-linux-gnu.so
[0.447s] -- Up-to-date: /home/williamfbx/SLAM/slam_ws/install/kindr_msgs/local/lib/python3.10/dist-packages/kindr_msgs/kindr_msgs_s__rosidl_typesupport_c.cpython-310-x86_64-linux-gnu.so
[0.447s] -- Up-to-date: /home/williamfbx/SLAM/slam_ws/install/kindr_msgs/lib/libkindr_msgs__rosidl_generator_py.so
[0.447s] -- Up-to-date: /home/williamfbx/SLAM/slam_ws/install/kindr_msgs/share/kindr_msgs/msg/VectorAtPosition.idl
[0.447s] -- Up-to-date: /home/williamfbx/SLAM/slam_ws/install/kindr_msgs/share/kindr_msgs/msg/VectorAtPosition.msg
[0.447s] -- Up-to-date: /home/williamfbx/SLAM/slam_ws/install/kindr_msgs/share/ament_index/resource_index/package_run_dependencies/kindr_msgs
[0.447s] -- Up-to-date: /home/williamfbx/SLAM/slam_ws/install/kindr_msgs/share/ament_index/resource_index/parent_prefix_path/kindr_msgs
[0.447s] -- Up-to-date: /home/williamfbx/SLAM/slam_ws/install/kindr_msgs/share/kindr_msgs/environment/ament_prefix_path.sh
[0.447s] -- Up-to-date: /home/williamfbx/SLAM/slam_ws/install/kindr_msgs/share/kindr_msgs/environment/ament_prefix_path.dsv
[0.447s] -- Up-to-date: /home/williamfbx/SLAM/slam_ws/install/kindr_msgs/share/kindr_msgs/environment/path.sh
[0.447s] -- Up-to-date: /home/williamfbx/SLAM/slam_ws/install/kindr_msgs/share/kindr_msgs/environment/path.dsv
[0.447s] -- Up-to-date: /home/williamfbx/SLAM/slam_ws/install/kindr_msgs/share/kindr_msgs/local_setup.bash
[0.447s] -- Up-to-date: /home/williamfbx/SLAM/slam_ws/install/kindr_msgs/share/kindr_msgs/local_setup.sh
[0.447s] -- Up-to-date: /home/williamfbx/SLAM/slam_ws/install/kindr_msgs/share/kindr_msgs/local_setup.zsh
[0.447s] -- Up-to-date: /home/williamfbx/SLAM/slam_ws/install/kindr_msgs/share/kindr_msgs/local_setup.dsv
[0.448s] -- Installing: /home/williamfbx/SLAM/slam_ws/install/kindr_msgs/share/kindr_msgs/package.dsv
[0.448s] -- Up-to-date: /home/williamfbx/SLAM/slam_ws/install/kindr_msgs/share/ament_index/resource_index/packages/kindr_msgs
[0.448s] -- Up-to-date: /home/williamfbx/SLAM/slam_ws/install/kindr_msgs/share/kindr_msgs/cmake/export_kindr_msgs__rosidl_generator_cExport.cmake
[0.448s] -- Up-to-date: /home/williamfbx/SLAM/slam_ws/install/kindr_msgs/share/kindr_msgs/cmake/export_kindr_msgs__rosidl_generator_cExport-noconfig.cmake
[0.448s] -- Up-to-date: /home/williamfbx/SLAM/slam_ws/install/kindr_msgs/share/kindr_msgs/cmake/export_kindr_msgs__rosidl_typesupport_fastrtps_cExport.cmake
[0.448s] -- Up-to-date: /home/williamfbx/SLAM/slam_ws/install/kindr_msgs/share/kindr_msgs/cmake/export_kindr_msgs__rosidl_typesupport_fastrtps_cExport-noconfig.cmake
[0.448s] -- Up-to-date: /home/williamfbx/SLAM/slam_ws/install/kindr_msgs/share/kindr_msgs/cmake/kindr_msgs__rosidl_typesupport_introspection_cExport.cmake
[0.448s] -- Up-to-date: /home/williamfbx/SLAM/slam_ws/install/kindr_msgs/share/kindr_msgs/cmake/kindr_msgs__rosidl_typesupport_introspection_cExport-noconfig.cmake
[0.448s] -- Up-to-date: /home/williamfbx/SLAM/slam_ws/install/kindr_msgs/share/kindr_msgs/cmake/kindr_msgs__rosidl_typesupport_cExport.cmake
[0.448s] -- Up-to-date: /home/williamfbx/SLAM/slam_ws/install/kindr_msgs/share/kindr_msgs/cmake/kindr_msgs__rosidl_typesupport_cExport-noconfig.cmake
[0.448s] -- Up-to-date: /home/williamfbx/SLAM/slam_ws/install/kindr_msgs/share/kindr_msgs/cmake/export_kindr_msgs__rosidl_generator_cppExport.cmake
[0.448s] -- Up-to-date: /home/williamfbx/SLAM/slam_ws/install/kindr_msgs/share/kindr_msgs/cmake/export_kindr_msgs__rosidl_typesupport_fastrtps_cppExport.cmake
[0.448s] -- Up-to-date: /home/williamfbx/SLAM/slam_ws/install/kindr_msgs/share/kindr_msgs/cmake/export_kindr_msgs__rosidl_typesupport_fastrtps_cppExport-noconfig.cmake
[0.448s] -- Up-to-date: /home/williamfbx/SLAM/slam_ws/install/kindr_msgs/share/kindr_msgs/cmake/kindr_msgs__rosidl_typesupport_introspection_cppExport.cmake
[0.448s] -- Up-to-date: /home/williamfbx/SLAM/slam_ws/install/kindr_msgs/share/kindr_msgs/cmake/kindr_msgs__rosidl_typesupport_introspection_cppExport-noconfig.cmake
[0.448s] -- Up-to-date: /home/williamfbx/SLAM/slam_ws/install/kindr_msgs/share/kindr_msgs/cmake/kindr_msgs__rosidl_typesupport_cppExport.cmake
[0.448s] -- Up-to-date: /home/williamfbx/SLAM/slam_ws/install/kindr_msgs/share/kindr_msgs/cmake/kindr_msgs__rosidl_typesupport_cppExport-noconfig.cmake
[0.448s] -- Up-to-date: /home/williamfbx/SLAM/slam_ws/install/kindr_msgs/share/kindr_msgs/cmake/export_kindr_msgs__rosidl_generator_pyExport.cmake
[0.448s] -- Up-to-date: /home/williamfbx/SLAM/slam_ws/install/kindr_msgs/share/kindr_msgs/cmake/export_kindr_msgs__rosidl_generator_pyExport-noconfig.cmake
[0.448s] -- Up-to-date: /home/williamfbx/SLAM/slam_ws/install/kindr_msgs/share/kindr_msgs/cmake/rosidl_cmake-extras.cmake
[0.448s] -- Up-to-date: /home/williamfbx/SLAM/slam_ws/install/kindr_msgs/share/kindr_msgs/cmake/ament_cmake_export_dependencies-extras.cmake
[0.448s] -- Up-to-date: /home/williamfbx/SLAM/slam_ws/install/kindr_msgs/share/kindr_msgs/cmake/ament_cmake_export_include_directories-extras.cmake
[0.448s] -- Up-to-date: /home/williamfbx/SLAM/slam_ws/install/kindr_msgs/share/kindr_msgs/cmake/ament_cmake_export_libraries-extras.cmake
[0.448s] -- Up-to-date: /home/williamfbx/SLAM/slam_ws/install/kindr_msgs/share/kindr_msgs/cmake/ament_cmake_export_targets-extras.cmake
[0.448s] -- Up-to-date: /home/williamfbx/SLAM/slam_ws/install/kindr_msgs/share/kindr_msgs/cmake/rosidl_cmake_export_typesupport_targets-extras.cmake
[0.448s] -- Up-to-date: /home/williamfbx/SLAM/slam_ws/install/kindr_msgs/share/kindr_msgs/cmake/rosidl_cmake_export_typesupport_libraries-extras.cmake
[0.448s] -- Up-to-date: /home/williamfbx/SLAM/slam_ws/install/kindr_msgs/share/kindr_msgs/cmake/kindr_msgsConfig.cmake
[0.448s] -- Up-to-date: /home/williamfbx/SLAM/slam_ws/install/kindr_msgs/share/kindr_msgs/cmake/kindr_msgsConfig-version.cmake
[0.449s] -- Up-to-date: /home/williamfbx/SLAM/slam_ws/install/kindr_msgs/share/kindr_msgs/package.xml
[0.485s] Invoked command in '/home/williamfbx/SLAM/slam_ws/build/kindr_msgs' returned '0': CMAKE_PREFIX_PATH=${CMAKE_PREFIX_PATH}:/opt/ros/humble /usr/bin/cmake --install /home/williamfbx/SLAM/slam_ws/build/kindr_msgs
