[0.050s] Invoking command in '/home/williamfbx/SLAM/slam_ws/build/grid_map_msgs': CMAKE_PREFIX_PATH=/home/williamfbx/SLAM/slam_ws/install/grid_map_cmake_helpers:/home/williamfbx/SLAM/slam_ws/install/visualization:/home/williamfbx/SLAM/slam_ws/install/sensing:/home/williamfbx/SLAM/slam_ws/install/realsense2_description:/home/williamfbx/SLAM/slam_ws/install/realsense2_camera:/home/williamfbx/SLAM/slam_ws/install/realsense2_camera_msgs:/home/williamfbx/SLAM/slam_ws/install/realsense:/home/williamfbx/SLAM/slam_ws/install/mapping:/home/williamfbx/SLAM/slam_ws/install/localization:/home/williamfbx/SLAM/slam_ws/install/launcher:/home/williamfbx/SLAM/slam_ws/install/elevation_mapping:/home/williamfbx/SLAM/slam_ws/install/kindr_ros:/home/williamfbx/SLAM/slam_ws/install/kindr_msgs:/home/williamfbx/SLAM/slam_ws/install/kindr:/home/williamfbx/SLAM/slam_ws/install/grid_map:/home/williamfbx/SLAM/slam_ws/install/grid_map_demos:/home/williamfbx/SLAM/slam_ws/install/grid_map_visualization:/home/williamfbx/SLAM/slam_ws/install/grid_map_sdf:/home/williamfbx/SLAM/slam_ws/install/grid_map_rviz_plugin:/home/williamfbx/SLAM/slam_ws/install/grid_map_pcl:/home/williamfbx/SLAM/slam_ws/install/grid_map_loader:/home/williamfbx/SLAM/slam_ws/install/grid_map_filters:/home/williamfbx/SLAM/slam_ws/install/grid_map_ros:/home/williamfbx/SLAM/slam_ws/install/grid_map_octomap:/home/williamfbx/SLAM/slam_ws/install/grid_map_msgs:/home/williamfbx/SLAM/slam_ws/install/grid_map_cv:/home/williamfbx/SLAM/slam_ws/install/grid_map_costmap_2d:/home/williamfbx/SLAM/slam_ws/install/grid_map_core:/opt/ros/humble /usr/bin/cmake --build /home/williamfbx/SLAM/slam_ws/build/grid_map_msgs -- -j12 -l12
[0.136s] [  1%] Built target grid_map_msgs__cpp
[0.141s] [ 12%] Built target grid_map_msgs__rosidl_generator_c
[0.161s] [ 12%] Built target ament_cmake_python_copy_grid_map_msgs
[0.198s] [ 23%] Built target grid_map_msgs__rosidl_typesupport_c
[0.198s] [ 35%] Built target grid_map_msgs__rosidl_typesupport_fastrtps_cpp
[0.198s] [ 46%] Built target grid_map_msgs__rosidl_typesupport_cpp
[0.198s] [ 57%] Built target grid_map_msgs__rosidl_typesupport_introspection_cpp
[0.201s] [ 78%] Built target grid_map_msgs__rosidl_typesupport_introspection_c
[0.202s] [ 80%] Built target grid_map_msgs__rosidl_typesupport_fastrtps_c
[0.229s] [ 80%] Built target grid_map_msgs
[0.266s] [ 81%] Built target grid_map_msgs__py
[0.312s] [ 91%] Built target grid_map_msgs__rosidl_generator_py
[0.354s] [ 94%] Built target grid_map_msgs__rosidl_typesupport_c__pyext
[0.366s] [ 97%] Built target grid_map_msgs__rosidl_typesupport_introspection_c__pyext
[0.370s] [100%] Built target grid_map_msgs__rosidl_typesupport_fastrtps_c__pyext
[0.564s] running egg_info
[0.565s] writing grid_map_msgs.egg-info/PKG-INFO
[0.565s] writing dependency_links to grid_map_msgs.egg-info/dependency_links.txt
[0.565s] writing top-level names to grid_map_msgs.egg-info/top_level.txt
[0.567s] reading manifest file 'grid_map_msgs.egg-info/SOURCES.txt'
[0.567s] writing manifest file 'grid_map_msgs.egg-info/SOURCES.txt'
[0.600s] [100%] Built target ament_cmake_python_build_grid_map_msgs_egg
[0.644s] Invoked command in '/home/williamfbx/SLAM/slam_ws/build/grid_map_msgs' returned '0': CMAKE_PREFIX_PATH=/home/williamfbx/SLAM/slam_ws/install/grid_map_cmake_helpers:/home/williamfbx/SLAM/slam_ws/install/visualization:/home/williamfbx/SLAM/slam_ws/install/sensing:/home/williamfbx/SLAM/slam_ws/install/realsense2_description:/home/williamfbx/SLAM/slam_ws/install/realsense2_camera:/home/williamfbx/SLAM/slam_ws/install/realsense2_camera_msgs:/home/williamfbx/SLAM/slam_ws/install/realsense:/home/williamfbx/SLAM/slam_ws/install/mapping:/home/williamfbx/SLAM/slam_ws/install/localization:/home/williamfbx/SLAM/slam_ws/install/launcher:/home/williamfbx/SLAM/slam_ws/install/elevation_mapping:/home/williamfbx/SLAM/slam_ws/install/kindr_ros:/home/williamfbx/SLAM/slam_ws/install/kindr_msgs:/home/williamfbx/SLAM/slam_ws/install/kindr:/home/williamfbx/SLAM/slam_ws/install/grid_map:/home/williamfbx/SLAM/slam_ws/install/grid_map_demos:/home/williamfbx/SLAM/slam_ws/install/grid_map_visualization:/home/williamfbx/SLAM/slam_ws/install/grid_map_sdf:/home/williamfbx/SLAM/slam_ws/install/grid_map_rviz_plugin:/home/williamfbx/SLAM/slam_ws/install/grid_map_pcl:/home/williamfbx/SLAM/slam_ws/install/grid_map_loader:/home/williamfbx/SLAM/slam_ws/install/grid_map_filters:/home/williamfbx/SLAM/slam_ws/install/grid_map_ros:/home/williamfbx/SLAM/slam_ws/install/grid_map_octomap:/home/williamfbx/SLAM/slam_ws/install/grid_map_msgs:/home/williamfbx/SLAM/slam_ws/install/grid_map_cv:/home/williamfbx/SLAM/slam_ws/install/grid_map_costmap_2d:/home/williamfbx/SLAM/slam_ws/install/grid_map_core:/opt/ros/humble /usr/bin/cmake --build /home/williamfbx/SLAM/slam_ws/build/grid_map_msgs -- -j12 -l12
[0.645s] Invoking command in '/home/williamfbx/SLAM/slam_ws/build/grid_map_msgs': CMAKE_PREFIX_PATH=/home/williamfbx/SLAM/slam_ws/install/grid_map_cmake_helpers:/home/williamfbx/SLAM/slam_ws/install/visualization:/home/williamfbx/SLAM/slam_ws/install/sensing:/home/williamfbx/SLAM/slam_ws/install/realsense2_description:/home/williamfbx/SLAM/slam_ws/install/realsense2_camera:/home/williamfbx/SLAM/slam_ws/install/realsense2_camera_msgs:/home/williamfbx/SLAM/slam_ws/install/realsense:/home/williamfbx/SLAM/slam_ws/install/mapping:/home/williamfbx/SLAM/slam_ws/install/localization:/home/williamfbx/SLAM/slam_ws/install/launcher:/home/williamfbx/SLAM/slam_ws/install/elevation_mapping:/home/williamfbx/SLAM/slam_ws/install/kindr_ros:/home/williamfbx/SLAM/slam_ws/install/kindr_msgs:/home/williamfbx/SLAM/slam_ws/install/kindr:/home/williamfbx/SLAM/slam_ws/install/grid_map:/home/williamfbx/SLAM/slam_ws/install/grid_map_demos:/home/williamfbx/SLAM/slam_ws/install/grid_map_visualization:/home/williamfbx/SLAM/slam_ws/install/grid_map_sdf:/home/williamfbx/SLAM/slam_ws/install/grid_map_rviz_plugin:/home/williamfbx/SLAM/slam_ws/install/grid_map_pcl:/home/williamfbx/SLAM/slam_ws/install/grid_map_loader:/home/williamfbx/SLAM/slam_ws/install/grid_map_filters:/home/williamfbx/SLAM/slam_ws/install/grid_map_ros:/home/williamfbx/SLAM/slam_ws/install/grid_map_octomap:/home/williamfbx/SLAM/slam_ws/install/grid_map_msgs:/home/williamfbx/SLAM/slam_ws/install/grid_map_cv:/home/williamfbx/SLAM/slam_ws/install/grid_map_costmap_2d:/home/williamfbx/SLAM/slam_ws/install/grid_map_core:/opt/ros/humble /usr/bin/cmake --install /home/williamfbx/SLAM/slam_ws/build/grid_map_msgs
[0.657s] -- Install configuration: "Release"
[0.657s] -- Up-to-date: /home/williamfbx/SLAM/slam_ws/install/grid_map_msgs/share/ament_index/resource_index/rosidl_interfaces/grid_map_msgs
[0.658s] -- Up-to-date: /home/williamfbx/SLAM/slam_ws/install/grid_map_msgs/include/grid_map_msgs/grid_map_msgs
[0.658s] -- Up-to-date: /home/williamfbx/SLAM/slam_ws/install/grid_map_msgs/include/grid_map_msgs/grid_map_msgs/srv
[0.658s] -- Up-to-date: /home/williamfbx/SLAM/slam_ws/install/grid_map_msgs/include/grid_map_msgs/grid_map_msgs/srv/get_grid_map.h
[0.658s] -- Up-to-date: /home/williamfbx/SLAM/slam_ws/install/grid_map_msgs/include/grid_map_msgs/grid_map_msgs/srv/get_grid_map_info.h
[0.658s] -- Up-to-date: /home/williamfbx/SLAM/slam_ws/install/grid_map_msgs/include/grid_map_msgs/grid_map_msgs/srv/process_file.h
[0.658s] -- Up-to-date: /home/williamfbx/SLAM/slam_ws/install/grid_map_msgs/include/grid_map_msgs/grid_map_msgs/srv/detail
[0.658s] -- Up-to-date: /home/williamfbx/SLAM/slam_ws/install/grid_map_msgs/include/grid_map_msgs/grid_map_msgs/srv/detail/get_grid_map_info__type_support.h
[0.658s] -- Up-to-date: /home/williamfbx/SLAM/slam_ws/install/grid_map_msgs/include/grid_map_msgs/grid_map_msgs/srv/detail/process_file__struct.h
[0.658s] -- Up-to-date: /home/williamfbx/SLAM/slam_ws/install/grid_map_msgs/include/grid_map_msgs/grid_map_msgs/srv/detail/set_grid_map__functions.h
[0.658s] -- Up-to-date: /home/williamfbx/SLAM/slam_ws/install/grid_map_msgs/include/grid_map_msgs/grid_map_msgs/srv/detail/get_grid_map__type_support.h
[0.659s] -- Up-to-date: /home/williamfbx/SLAM/slam_ws/install/grid_map_msgs/include/grid_map_msgs/grid_map_msgs/srv/detail/get_grid_map__functions.h
[0.659s] -- Up-to-date: /home/williamfbx/SLAM/slam_ws/install/grid_map_msgs/include/grid_map_msgs/grid_map_msgs/srv/detail/get_grid_map_info__functions.h
[0.659s] -- Up-to-date: /home/williamfbx/SLAM/slam_ws/install/grid_map_msgs/include/grid_map_msgs/grid_map_msgs/srv/detail/process_file__functions.h
[0.659s] -- Up-to-date: /home/williamfbx/SLAM/slam_ws/install/grid_map_msgs/include/grid_map_msgs/grid_map_msgs/srv/detail/get_grid_map__struct.h
[0.659s] -- Up-to-date: /home/williamfbx/SLAM/slam_ws/install/grid_map_msgs/include/grid_map_msgs/grid_map_msgs/srv/detail/set_grid_map__struct.h
[0.659s] -- Up-to-date: /home/williamfbx/SLAM/slam_ws/install/grid_map_msgs/include/grid_map_msgs/grid_map_msgs/srv/detail/get_grid_map_info__struct.h
[0.659s] -- Up-to-date: /home/williamfbx/SLAM/slam_ws/install/grid_map_msgs/include/grid_map_msgs/grid_map_msgs/srv/detail/process_file__type_support.h
[0.659s] -- Up-to-date: /home/williamfbx/SLAM/slam_ws/install/grid_map_msgs/include/grid_map_msgs/grid_map_msgs/srv/detail/set_grid_map__type_support.h
[0.659s] -- Up-to-date: /home/williamfbx/SLAM/slam_ws/install/grid_map_msgs/include/grid_map_msgs/grid_map_msgs/srv/detail/process_file__functions.c
[0.659s] -- Up-to-date: /home/williamfbx/SLAM/slam_ws/install/grid_map_msgs/include/grid_map_msgs/grid_map_msgs/srv/detail/set_grid_map__functions.c
[0.659s] -- Up-to-date: /home/williamfbx/SLAM/slam_ws/install/grid_map_msgs/include/grid_map_msgs/grid_map_msgs/srv/detail/get_grid_map__functions.c
[0.660s] -- Up-to-date: /home/williamfbx/SLAM/slam_ws/install/grid_map_msgs/include/grid_map_msgs/grid_map_msgs/srv/detail/get_grid_map_info__functions.c
[0.660s] -- Up-to-date: /home/williamfbx/SLAM/slam_ws/install/grid_map_msgs/include/grid_map_msgs/grid_map_msgs/srv/set_grid_map.h
[0.660s] -- Up-to-date: /home/williamfbx/SLAM/slam_ws/install/grid_map_msgs/include/grid_map_msgs/grid_map_msgs/msg
[0.660s] -- Up-to-date: /home/williamfbx/SLAM/slam_ws/install/grid_map_msgs/include/grid_map_msgs/grid_map_msgs/msg/grid_map.h
[0.660s] -- Up-to-date: /home/williamfbx/SLAM/slam_ws/install/grid_map_msgs/include/grid_map_msgs/grid_map_msgs/msg/detail
[0.660s] -- Up-to-date: /home/williamfbx/SLAM/slam_ws/install/grid_map_msgs/include/grid_map_msgs/grid_map_msgs/msg/detail/grid_map__type_support.h
[0.660s] -- Up-to-date: /home/williamfbx/SLAM/slam_ws/install/grid_map_msgs/include/grid_map_msgs/grid_map_msgs/msg/detail/grid_map__struct.h
[0.660s] -- Up-to-date: /home/williamfbx/SLAM/slam_ws/install/grid_map_msgs/include/grid_map_msgs/grid_map_msgs/msg/detail/grid_map_info__struct.h
[0.660s] -- Up-to-date: /home/williamfbx/SLAM/slam_ws/install/grid_map_msgs/include/grid_map_msgs/grid_map_msgs/msg/detail/grid_map_info__functions.h
[0.660s] -- Up-to-date: /home/williamfbx/SLAM/slam_ws/install/grid_map_msgs/include/grid_map_msgs/grid_map_msgs/msg/detail/grid_map__functions.h
[0.660s] -- Up-to-date: /home/williamfbx/SLAM/slam_ws/install/grid_map_msgs/include/grid_map_msgs/grid_map_msgs/msg/detail/grid_map__functions.c
[0.660s] -- Up-to-date: /home/williamfbx/SLAM/slam_ws/install/grid_map_msgs/include/grid_map_msgs/grid_map_msgs/msg/detail/grid_map_info__functions.c
[0.661s] -- Up-to-date: /home/williamfbx/SLAM/slam_ws/install/grid_map_msgs/include/grid_map_msgs/grid_map_msgs/msg/detail/grid_map_info__type_support.h
[0.661s] -- Up-to-date: /home/williamfbx/SLAM/slam_ws/install/grid_map_msgs/include/grid_map_msgs/grid_map_msgs/msg/rosidl_generator_c__visibility_control.h
[0.661s] -- Up-to-date: /home/williamfbx/SLAM/slam_ws/install/grid_map_msgs/include/grid_map_msgs/grid_map_msgs/msg/grid_map_info.h
[0.662s] -- Up-to-date: /home/williamfbx/SLAM/slam_ws/install/grid_map_msgs/share/grid_map_msgs/environment/library_path.sh
[0.662s] -- Up-to-date: /home/williamfbx/SLAM/slam_ws/install/grid_map_msgs/share/grid_map_msgs/environment/library_path.dsv
[0.662s] -- Up-to-date: /home/williamfbx/SLAM/slam_ws/install/grid_map_msgs/lib/libgrid_map_msgs__rosidl_generator_c.so
[0.662s] -- Up-to-date: /home/williamfbx/SLAM/slam_ws/install/grid_map_msgs/include/grid_map_msgs/grid_map_msgs
[0.662s] -- Up-to-date: /home/williamfbx/SLAM/slam_ws/install/grid_map_msgs/include/grid_map_msgs/grid_map_msgs/srv
[0.662s] -- Up-to-date: /home/williamfbx/SLAM/slam_ws/install/grid_map_msgs/include/grid_map_msgs/grid_map_msgs/srv/detail
[0.662s] -- Up-to-date: /home/williamfbx/SLAM/slam_ws/install/grid_map_msgs/include/grid_map_msgs/grid_map_msgs/srv/detail/get_grid_map__rosidl_typesupport_fastrtps_c.h
[0.663s] -- Up-to-date: /home/williamfbx/SLAM/slam_ws/install/grid_map_msgs/include/grid_map_msgs/grid_map_msgs/srv/detail/set_grid_map__rosidl_typesupport_fastrtps_c.h
[0.663s] -- Up-to-date: /home/williamfbx/SLAM/slam_ws/install/grid_map_msgs/include/grid_map_msgs/grid_map_msgs/srv/detail/process_file__rosidl_typesupport_fastrtps_c.h
[0.663s] -- Up-to-date: /home/williamfbx/SLAM/slam_ws/install/grid_map_msgs/include/grid_map_msgs/grid_map_msgs/srv/detail/get_grid_map_info__rosidl_typesupport_fastrtps_c.h
[0.663s] -- Up-to-date: /home/williamfbx/SLAM/slam_ws/install/grid_map_msgs/include/grid_map_msgs/grid_map_msgs/msg
[0.663s] -- Up-to-date: /home/williamfbx/SLAM/slam_ws/install/grid_map_msgs/include/grid_map_msgs/grid_map_msgs/msg/detail
[0.663s] -- Up-to-date: /home/williamfbx/SLAM/slam_ws/install/grid_map_msgs/include/grid_map_msgs/grid_map_msgs/msg/detail/grid_map__rosidl_typesupport_fastrtps_c.h
[0.663s] -- Up-to-date: /home/williamfbx/SLAM/slam_ws/install/grid_map_msgs/include/grid_map_msgs/grid_map_msgs/msg/detail/grid_map_info__rosidl_typesupport_fastrtps_c.h
[0.664s] -- Up-to-date: /home/williamfbx/SLAM/slam_ws/install/grid_map_msgs/include/grid_map_msgs/grid_map_msgs/msg/rosidl_typesupport_fastrtps_c__visibility_control.h
[0.664s] -- Up-to-date: /home/williamfbx/SLAM/slam_ws/install/grid_map_msgs/lib/libgrid_map_msgs__rosidl_typesupport_fastrtps_c.so
[0.664s] -- Up-to-date: /home/williamfbx/SLAM/slam_ws/install/grid_map_msgs/include/grid_map_msgs/grid_map_msgs
[0.664s] -- Up-to-date: /home/williamfbx/SLAM/slam_ws/install/grid_map_msgs/include/grid_map_msgs/grid_map_msgs/srv
[0.665s] -- Up-to-date: /home/williamfbx/SLAM/slam_ws/install/grid_map_msgs/include/grid_map_msgs/grid_map_msgs/srv/get_grid_map_info.hpp
[0.665s] -- Up-to-date: /home/williamfbx/SLAM/slam_ws/install/grid_map_msgs/include/grid_map_msgs/grid_map_msgs/srv/get_grid_map.hpp
[0.665s] -- Up-to-date: /home/williamfbx/SLAM/slam_ws/install/grid_map_msgs/include/grid_map_msgs/grid_map_msgs/srv/detail
[0.665s] -- Up-to-date: /home/williamfbx/SLAM/slam_ws/install/grid_map_msgs/include/grid_map_msgs/grid_map_msgs/srv/detail/set_grid_map__type_support.hpp
[0.665s] -- Up-to-date: /home/williamfbx/SLAM/slam_ws/install/grid_map_msgs/include/grid_map_msgs/grid_map_msgs/srv/detail/set_grid_map__struct.hpp
[0.665s] -- Up-to-date: /home/williamfbx/SLAM/slam_ws/install/grid_map_msgs/include/grid_map_msgs/grid_map_msgs/srv/detail/process_file__struct.hpp
[0.666s] -- Up-to-date: /home/williamfbx/SLAM/slam_ws/install/grid_map_msgs/include/grid_map_msgs/grid_map_msgs/srv/detail/get_grid_map__builder.hpp
[0.666s] -- Up-to-date: /home/williamfbx/SLAM/slam_ws/install/grid_map_msgs/include/grid_map_msgs/grid_map_msgs/srv/detail/get_grid_map_info__traits.hpp
[0.666s] -- Up-to-date: /home/williamfbx/SLAM/slam_ws/install/grid_map_msgs/include/grid_map_msgs/grid_map_msgs/srv/detail/set_grid_map__traits.hpp
[0.666s] -- Up-to-date: /home/williamfbx/SLAM/slam_ws/install/grid_map_msgs/include/grid_map_msgs/grid_map_msgs/srv/detail/get_grid_map_info__builder.hpp
[0.666s] -- Up-to-date: /home/williamfbx/SLAM/slam_ws/install/grid_map_msgs/include/grid_map_msgs/grid_map_msgs/srv/detail/get_grid_map__struct.hpp
[0.666s] -- Up-to-date: /home/williamfbx/SLAM/slam_ws/install/grid_map_msgs/include/grid_map_msgs/grid_map_msgs/srv/detail/get_grid_map_info__type_support.hpp
[0.667s] -- Up-to-date: /home/williamfbx/SLAM/slam_ws/install/grid_map_msgs/include/grid_map_msgs/grid_map_msgs/srv/detail/get_grid_map_info__struct.hpp
[0.667s] -- Up-to-date: /home/williamfbx/SLAM/slam_ws/install/grid_map_msgs/include/grid_map_msgs/grid_map_msgs/srv/detail/process_file__type_support.hpp
[0.667s] -- Up-to-date: /home/williamfbx/SLAM/slam_ws/install/grid_map_msgs/include/grid_map_msgs/grid_map_msgs/srv/detail/process_file__builder.hpp
[0.667s] -- Up-to-date: /home/williamfbx/SLAM/slam_ws/install/grid_map_msgs/include/grid_map_msgs/grid_map_msgs/srv/detail/process_file__traits.hpp
[0.667s] -- Up-to-date: /home/williamfbx/SLAM/slam_ws/install/grid_map_msgs/include/grid_map_msgs/grid_map_msgs/srv/detail/set_grid_map__builder.hpp
[0.667s] -- Up-to-date: /home/williamfbx/SLAM/slam_ws/install/grid_map_msgs/include/grid_map_msgs/grid_map_msgs/srv/detail/get_grid_map__traits.hpp
[0.667s] -- Up-to-date: /home/williamfbx/SLAM/slam_ws/install/grid_map_msgs/include/grid_map_msgs/grid_map_msgs/srv/detail/get_grid_map__type_support.hpp
[0.667s] -- Up-to-date: /home/williamfbx/SLAM/slam_ws/install/grid_map_msgs/include/grid_map_msgs/grid_map_msgs/srv/set_grid_map.hpp
[0.667s] -- Up-to-date: /home/williamfbx/SLAM/slam_ws/install/grid_map_msgs/include/grid_map_msgs/grid_map_msgs/srv/process_file.hpp
[0.667s] -- Up-to-date: /home/williamfbx/SLAM/slam_ws/install/grid_map_msgs/include/grid_map_msgs/grid_map_msgs/msg
[0.668s] -- Up-to-date: /home/williamfbx/SLAM/slam_ws/install/grid_map_msgs/include/grid_map_msgs/grid_map_msgs/msg/grid_map.hpp
[0.668s] -- Up-to-date: /home/williamfbx/SLAM/slam_ws/install/grid_map_msgs/include/grid_map_msgs/grid_map_msgs/msg/rosidl_generator_cpp__visibility_control.hpp
[0.668s] -- Up-to-date: /home/williamfbx/SLAM/slam_ws/install/grid_map_msgs/include/grid_map_msgs/grid_map_msgs/msg/grid_map_info.hpp
[0.668s] -- Up-to-date: /home/williamfbx/SLAM/slam_ws/install/grid_map_msgs/include/grid_map_msgs/grid_map_msgs/msg/detail
[0.668s] -- Up-to-date: /home/williamfbx/SLAM/slam_ws/install/grid_map_msgs/include/grid_map_msgs/grid_map_msgs/msg/detail/grid_map_info__struct.hpp
[0.668s] -- Up-to-date: /home/williamfbx/SLAM/slam_ws/install/grid_map_msgs/include/grid_map_msgs/grid_map_msgs/msg/detail/grid_map__type_support.hpp
[0.668s] -- Up-to-date: /home/williamfbx/SLAM/slam_ws/install/grid_map_msgs/include/grid_map_msgs/grid_map_msgs/msg/detail/grid_map_info__type_support.hpp
[0.668s] -- Up-to-date: /home/williamfbx/SLAM/slam_ws/install/grid_map_msgs/include/grid_map_msgs/grid_map_msgs/msg/detail/grid_map_info__traits.hpp
[0.668s] -- Up-to-date: /home/williamfbx/SLAM/slam_ws/install/grid_map_msgs/include/grid_map_msgs/grid_map_msgs/msg/detail/grid_map__traits.hpp
[0.668s] -- Up-to-date: /home/williamfbx/SLAM/slam_ws/install/grid_map_msgs/include/grid_map_msgs/grid_map_msgs/msg/detail/grid_map_info__builder.hpp
[0.668s] -- Up-to-date: /home/williamfbx/SLAM/slam_ws/install/grid_map_msgs/include/grid_map_msgs/grid_map_msgs/msg/detail/grid_map__builder.hpp
[0.668s] -- Up-to-date: /home/williamfbx/SLAM/slam_ws/install/grid_map_msgs/include/grid_map_msgs/grid_map_msgs/msg/detail/grid_map__struct.hpp
[0.668s] -- Up-to-date: /home/williamfbx/SLAM/slam_ws/install/grid_map_msgs/include/grid_map_msgs/grid_map_msgs
[0.668s] -- Up-to-date: /home/williamfbx/SLAM/slam_ws/install/grid_map_msgs/include/grid_map_msgs/grid_map_msgs/srv
[0.668s] -- Up-to-date: /home/williamfbx/SLAM/slam_ws/install/grid_map_msgs/include/grid_map_msgs/grid_map_msgs/srv/detail
[0.669s] -- Up-to-date: /home/williamfbx/SLAM/slam_ws/install/grid_map_msgs/include/grid_map_msgs/grid_map_msgs/srv/detail/dds_fastrtps
[0.669s] -- Up-to-date: /home/williamfbx/SLAM/slam_ws/install/grid_map_msgs/include/grid_map_msgs/grid_map_msgs/srv/detail/get_grid_map__rosidl_typesupport_fastrtps_cpp.hpp
[0.669s] -- Up-to-date: /home/williamfbx/SLAM/slam_ws/install/grid_map_msgs/include/grid_map_msgs/grid_map_msgs/srv/detail/get_grid_map_info__rosidl_typesupport_fastrtps_cpp.hpp
[0.669s] -- Up-to-date: /home/williamfbx/SLAM/slam_ws/install/grid_map_msgs/include/grid_map_msgs/grid_map_msgs/srv/detail/set_grid_map__rosidl_typesupport_fastrtps_cpp.hpp
[0.669s] -- Up-to-date: /home/williamfbx/SLAM/slam_ws/install/grid_map_msgs/include/grid_map_msgs/grid_map_msgs/srv/detail/process_file__rosidl_typesupport_fastrtps_cpp.hpp
[0.669s] -- Up-to-date: /home/williamfbx/SLAM/slam_ws/install/grid_map_msgs/include/grid_map_msgs/grid_map_msgs/msg
[0.669s] -- Up-to-date: /home/williamfbx/SLAM/slam_ws/install/grid_map_msgs/include/grid_map_msgs/grid_map_msgs/msg/rosidl_typesupport_fastrtps_cpp__visibility_control.h
[0.669s] -- Up-to-date: /home/williamfbx/SLAM/slam_ws/install/grid_map_msgs/include/grid_map_msgs/grid_map_msgs/msg/detail
[0.669s] -- Up-to-date: /home/williamfbx/SLAM/slam_ws/install/grid_map_msgs/include/grid_map_msgs/grid_map_msgs/msg/detail/dds_fastrtps
[0.669s] -- Up-to-date: /home/williamfbx/SLAM/slam_ws/install/grid_map_msgs/include/grid_map_msgs/grid_map_msgs/msg/detail/grid_map__rosidl_typesupport_fastrtps_cpp.hpp
[0.669s] -- Up-to-date: /home/williamfbx/SLAM/slam_ws/install/grid_map_msgs/include/grid_map_msgs/grid_map_msgs/msg/detail/grid_map_info__rosidl_typesupport_fastrtps_cpp.hpp
[0.670s] -- Up-to-date: /home/williamfbx/SLAM/slam_ws/install/grid_map_msgs/lib/libgrid_map_msgs__rosidl_typesupport_fastrtps_cpp.so
[0.670s] -- Up-to-date: /home/williamfbx/SLAM/slam_ws/install/grid_map_msgs/include/grid_map_msgs/grid_map_msgs
[0.670s] -- Up-to-date: /home/williamfbx/SLAM/slam_ws/install/grid_map_msgs/include/grid_map_msgs/grid_map_msgs/srv
[0.670s] -- Up-to-date: /home/williamfbx/SLAM/slam_ws/install/grid_map_msgs/include/grid_map_msgs/grid_map_msgs/srv/detail
[0.670s] -- Up-to-date: /home/williamfbx/SLAM/slam_ws/install/grid_map_msgs/include/grid_map_msgs/grid_map_msgs/srv/detail/get_grid_map_info__type_support.c
[0.670s] -- Up-to-date: /home/williamfbx/SLAM/slam_ws/install/grid_map_msgs/include/grid_map_msgs/grid_map_msgs/srv/detail/set_grid_map__rosidl_typesupport_introspection_c.h
[0.670s] -- Up-to-date: /home/williamfbx/SLAM/slam_ws/install/grid_map_msgs/include/grid_map_msgs/grid_map_msgs/srv/detail/process_file__type_support.c
[0.670s] -- Up-to-date: /home/williamfbx/SLAM/slam_ws/install/grid_map_msgs/include/grid_map_msgs/grid_map_msgs/srv/detail/set_grid_map__type_support.c
[0.671s] -- Up-to-date: /home/williamfbx/SLAM/slam_ws/install/grid_map_msgs/include/grid_map_msgs/grid_map_msgs/srv/detail/get_grid_map__rosidl_typesupport_introspection_c.h
[0.671s] -- Up-to-date: /home/williamfbx/SLAM/slam_ws/install/grid_map_msgs/include/grid_map_msgs/grid_map_msgs/srv/detail/get_grid_map__type_support.c
[0.671s] -- Up-to-date: /home/williamfbx/SLAM/slam_ws/install/grid_map_msgs/include/grid_map_msgs/grid_map_msgs/srv/detail/get_grid_map_info__rosidl_typesupport_introspection_c.h
[0.671s] -- Up-to-date: /home/williamfbx/SLAM/slam_ws/install/grid_map_msgs/include/grid_map_msgs/grid_map_msgs/srv/detail/process_file__rosidl_typesupport_introspection_c.h
[0.671s] -- Up-to-date: /home/williamfbx/SLAM/slam_ws/install/grid_map_msgs/include/grid_map_msgs/grid_map_msgs/msg
[0.671s] -- Up-to-date: /home/williamfbx/SLAM/slam_ws/install/grid_map_msgs/include/grid_map_msgs/grid_map_msgs/msg/detail
[0.671s] -- Up-to-date: /home/williamfbx/SLAM/slam_ws/install/grid_map_msgs/include/grid_map_msgs/grid_map_msgs/msg/detail/grid_map__type_support.c
[0.671s] -- Up-to-date: /home/williamfbx/SLAM/slam_ws/install/grid_map_msgs/include/grid_map_msgs/grid_map_msgs/msg/detail/grid_map_info__rosidl_typesupport_introspection_c.h
[0.672s] -- Up-to-date: /home/williamfbx/SLAM/slam_ws/install/grid_map_msgs/include/grid_map_msgs/grid_map_msgs/msg/detail/grid_map__rosidl_typesupport_introspection_c.h
[0.672s] -- Up-to-date: /home/williamfbx/SLAM/slam_ws/install/grid_map_msgs/include/grid_map_msgs/grid_map_msgs/msg/detail/grid_map_info__type_support.c
[0.672s] -- Up-to-date: /home/williamfbx/SLAM/slam_ws/install/grid_map_msgs/include/grid_map_msgs/grid_map_msgs/msg/rosidl_typesupport_introspection_c__visibility_control.h
[0.672s] -- Up-to-date: /home/williamfbx/SLAM/slam_ws/install/grid_map_msgs/lib/libgrid_map_msgs__rosidl_typesupport_introspection_c.so
[0.672s] -- Up-to-date: /home/williamfbx/SLAM/slam_ws/install/grid_map_msgs/lib/libgrid_map_msgs__rosidl_typesupport_c.so
[0.673s] -- Up-to-date: /home/williamfbx/SLAM/slam_ws/install/grid_map_msgs/include/grid_map_msgs/grid_map_msgs
[0.674s] -- Up-to-date: /home/williamfbx/SLAM/slam_ws/install/grid_map_msgs/include/grid_map_msgs/grid_map_msgs/srv
[0.674s] -- Up-to-date: /home/williamfbx/SLAM/slam_ws/install/grid_map_msgs/include/grid_map_msgs/grid_map_msgs/srv/detail
[0.674s] -- Up-to-date: /home/williamfbx/SLAM/slam_ws/install/grid_map_msgs/include/grid_map_msgs/grid_map_msgs/srv/detail/set_grid_map__rosidl_typesupport_introspection_cpp.hpp
[0.675s] -- Up-to-date: /home/williamfbx/SLAM/slam_ws/install/grid_map_msgs/include/grid_map_msgs/grid_map_msgs/srv/detail/get_grid_map__rosidl_typesupport_introspection_cpp.hpp
[0.675s] -- Up-to-date: /home/williamfbx/SLAM/slam_ws/install/grid_map_msgs/include/grid_map_msgs/grid_map_msgs/srv/detail/process_file__type_support.cpp
[0.675s] -- Up-to-date: /home/williamfbx/SLAM/slam_ws/install/grid_map_msgs/include/grid_map_msgs/grid_map_msgs/srv/detail/get_grid_map_info__rosidl_typesupport_introspection_cpp.hpp
[0.676s] -- Up-to-date: /home/williamfbx/SLAM/slam_ws/install/grid_map_msgs/include/grid_map_msgs/grid_map_msgs/srv/detail/get_grid_map__type_support.cpp
[0.676s] -- Up-to-date: /home/williamfbx/SLAM/slam_ws/install/grid_map_msgs/include/grid_map_msgs/grid_map_msgs/srv/detail/process_file__rosidl_typesupport_introspection_cpp.hpp
[0.676s] -- Up-to-date: /home/williamfbx/SLAM/slam_ws/install/grid_map_msgs/include/grid_map_msgs/grid_map_msgs/srv/detail/set_grid_map__type_support.cpp
[0.676s] -- Up-to-date: /home/williamfbx/SLAM/slam_ws/install/grid_map_msgs/include/grid_map_msgs/grid_map_msgs/srv/detail/get_grid_map_info__type_support.cpp
[0.676s] -- Up-to-date: /home/williamfbx/SLAM/slam_ws/install/grid_map_msgs/include/grid_map_msgs/grid_map_msgs/msg
[0.676s] -- Up-to-date: /home/williamfbx/SLAM/slam_ws/install/grid_map_msgs/include/grid_map_msgs/grid_map_msgs/msg/detail
[0.676s] -- Up-to-date: /home/williamfbx/SLAM/slam_ws/install/grid_map_msgs/include/grid_map_msgs/grid_map_msgs/msg/detail/grid_map_info__rosidl_typesupport_introspection_cpp.hpp
[0.677s] -- Up-to-date: /home/williamfbx/SLAM/slam_ws/install/grid_map_msgs/include/grid_map_msgs/grid_map_msgs/msg/detail/grid_map__type_support.cpp
[0.677s] -- Up-to-date: /home/williamfbx/SLAM/slam_ws/install/grid_map_msgs/include/grid_map_msgs/grid_map_msgs/msg/detail/grid_map__rosidl_typesupport_introspection_cpp.hpp
[0.677s] -- Up-to-date: /home/williamfbx/SLAM/slam_ws/install/grid_map_msgs/include/grid_map_msgs/grid_map_msgs/msg/detail/grid_map_info__type_support.cpp
[0.677s] -- Up-to-date: /home/williamfbx/SLAM/slam_ws/install/grid_map_msgs/lib/libgrid_map_msgs__rosidl_typesupport_introspection_cpp.so
[0.678s] -- Up-to-date: /home/williamfbx/SLAM/slam_ws/install/grid_map_msgs/lib/libgrid_map_msgs__rosidl_typesupport_cpp.so
[0.678s] -- Up-to-date: /home/williamfbx/SLAM/slam_ws/install/grid_map_msgs/share/grid_map_msgs/environment/pythonpath.sh
[0.678s] -- Up-to-date: /home/williamfbx/SLAM/slam_ws/install/grid_map_msgs/share/grid_map_msgs/environment/pythonpath.dsv
[0.678s] -- Up-to-date: /home/williamfbx/SLAM/slam_ws/install/grid_map_msgs/local/lib/python3.10/dist-packages/grid_map_msgs-2.0.1-py3.10.egg-info
[0.679s] -- Installing: /home/williamfbx/SLAM/slam_ws/install/grid_map_msgs/local/lib/python3.10/dist-packages/grid_map_msgs-2.0.1-py3.10.egg-info/dependency_links.txt
[0.680s] -- Installing: /home/williamfbx/SLAM/slam_ws/install/grid_map_msgs/local/lib/python3.10/dist-packages/grid_map_msgs-2.0.1-py3.10.egg-info/SOURCES.txt
[0.681s] -- Installing: /home/williamfbx/SLAM/slam_ws/install/grid_map_msgs/local/lib/python3.10/dist-packages/grid_map_msgs-2.0.1-py3.10.egg-info/PKG-INFO
[0.682s] -- Installing: /home/williamfbx/SLAM/slam_ws/install/grid_map_msgs/local/lib/python3.10/dist-packages/grid_map_msgs-2.0.1-py3.10.egg-info/top_level.txt
[0.682s] -- Up-to-date: /home/williamfbx/SLAM/slam_ws/install/grid_map_msgs/local/lib/python3.10/dist-packages/grid_map_msgs
[0.682s] -- Up-to-date: /home/williamfbx/SLAM/slam_ws/install/grid_map_msgs/local/lib/python3.10/dist-packages/grid_map_msgs/srv
[0.682s] -- Up-to-date: /home/williamfbx/SLAM/slam_ws/install/grid_map_msgs/local/lib/python3.10/dist-packages/grid_map_msgs/srv/_get_grid_map_info_s.c
[0.682s] -- Up-to-date: /home/williamfbx/SLAM/slam_ws/install/grid_map_msgs/local/lib/python3.10/dist-packages/grid_map_msgs/srv/_process_file_s.c
[0.682s] -- Up-to-date: /home/williamfbx/SLAM/slam_ws/install/grid_map_msgs/local/lib/python3.10/dist-packages/grid_map_msgs/srv/_set_grid_map_s.c
[0.682s] -- Up-to-date: /home/williamfbx/SLAM/slam_ws/install/grid_map_msgs/local/lib/python3.10/dist-packages/grid_map_msgs/srv/_get_grid_map_s.c
[0.682s] -- Up-to-date: /home/williamfbx/SLAM/slam_ws/install/grid_map_msgs/local/lib/python3.10/dist-packages/grid_map_msgs/srv/_set_grid_map.py
[0.683s] -- Up-to-date: /home/williamfbx/SLAM/slam_ws/install/grid_map_msgs/local/lib/python3.10/dist-packages/grid_map_msgs/srv/_get_grid_map_info.py
[0.683s] -- Up-to-date: /home/williamfbx/SLAM/slam_ws/install/grid_map_msgs/local/lib/python3.10/dist-packages/grid_map_msgs/srv/_get_grid_map.py
[0.683s] -- Up-to-date: /home/williamfbx/SLAM/slam_ws/install/grid_map_msgs/local/lib/python3.10/dist-packages/grid_map_msgs/srv/_process_file.py
[0.683s] -- Up-to-date: /home/williamfbx/SLAM/slam_ws/install/grid_map_msgs/local/lib/python3.10/dist-packages/grid_map_msgs/srv/__init__.py
[0.684s] -- Up-to-date: /home/williamfbx/SLAM/slam_ws/install/grid_map_msgs/local/lib/python3.10/dist-packages/grid_map_msgs/libgrid_map_msgs__rosidl_generator_py.so
[0.684s] -- Up-to-date: /home/williamfbx/SLAM/slam_ws/install/grid_map_msgs/local/lib/python3.10/dist-packages/grid_map_msgs/grid_map_msgs_s__rosidl_typesupport_fastrtps_c.cpython-310-x86_64-linux-gnu.so
[0.684s] -- Up-to-date: /home/williamfbx/SLAM/slam_ws/install/grid_map_msgs/local/lib/python3.10/dist-packages/grid_map_msgs/_grid_map_msgs_s.ep.rosidl_typesupport_introspection_c.c
[0.684s] -- Up-to-date: /home/williamfbx/SLAM/slam_ws/install/grid_map_msgs/local/lib/python3.10/dist-packages/grid_map_msgs/_grid_map_msgs_s.ep.rosidl_typesupport_fastrtps_c.c
[0.684s] -- Up-to-date: /home/williamfbx/SLAM/slam_ws/install/grid_map_msgs/local/lib/python3.10/dist-packages/grid_map_msgs/_grid_map_msgs_s.ep.rosidl_typesupport_c.c
[0.685s] -- Up-to-date: /home/williamfbx/SLAM/slam_ws/install/grid_map_msgs/local/lib/python3.10/dist-packages/grid_map_msgs/grid_map_msgs_s__rosidl_typesupport_c.cpython-310-x86_64-linux-gnu.so
[0.685s] -- Up-to-date: /home/williamfbx/SLAM/slam_ws/install/grid_map_msgs/local/lib/python3.10/dist-packages/grid_map_msgs/grid_map_msgs_s__rosidl_typesupport_introspection_c.cpython-310-x86_64-linux-gnu.so
[0.685s] -- Up-to-date: /home/williamfbx/SLAM/slam_ws/install/grid_map_msgs/local/lib/python3.10/dist-packages/grid_map_msgs/__init__.py
[0.685s] -- Up-to-date: /home/williamfbx/SLAM/slam_ws/install/grid_map_msgs/local/lib/python3.10/dist-packages/grid_map_msgs/msg
[0.685s] -- Up-to-date: /home/williamfbx/SLAM/slam_ws/install/grid_map_msgs/local/lib/python3.10/dist-packages/grid_map_msgs/msg/_grid_map.py
[0.685s] -- Up-to-date: /home/williamfbx/SLAM/slam_ws/install/grid_map_msgs/local/lib/python3.10/dist-packages/grid_map_msgs/msg/_grid_map_info.py
[0.686s] -- Up-to-date: /home/williamfbx/SLAM/slam_ws/install/grid_map_msgs/local/lib/python3.10/dist-packages/grid_map_msgs/msg/_grid_map_info_s.c
[0.686s] -- Up-to-date: /home/williamfbx/SLAM/slam_ws/install/grid_map_msgs/local/lib/python3.10/dist-packages/grid_map_msgs/msg/_grid_map_s.c
[0.686s] -- Up-to-date: /home/williamfbx/SLAM/slam_ws/install/grid_map_msgs/local/lib/python3.10/dist-packages/grid_map_msgs/msg/__init__.py
[0.709s] Listing '/home/williamfbx/SLAM/slam_ws/install/grid_map_msgs/local/lib/python3.10/dist-packages/grid_map_msgs'...
[0.709s] Listing '/home/williamfbx/SLAM/slam_ws/install/grid_map_msgs/local/lib/python3.10/dist-packages/grid_map_msgs/msg'...
[0.709s] Listing '/home/williamfbx/SLAM/slam_ws/install/grid_map_msgs/local/lib/python3.10/dist-packages/grid_map_msgs/srv'...
[0.714s] -- Up-to-date: /home/williamfbx/SLAM/slam_ws/install/grid_map_msgs/local/lib/python3.10/dist-packages/grid_map_msgs/grid_map_msgs_s__rosidl_typesupport_fastrtps_c.cpython-310-x86_64-linux-gnu.so
[0.714s] -- Up-to-date: /home/williamfbx/SLAM/slam_ws/install/grid_map_msgs/local/lib/python3.10/dist-packages/grid_map_msgs/grid_map_msgs_s__rosidl_typesupport_introspection_c.cpython-310-x86_64-linux-gnu.so
[0.715s] -- Up-to-date: /home/williamfbx/SLAM/slam_ws/install/grid_map_msgs/local/lib/python3.10/dist-packages/grid_map_msgs/grid_map_msgs_s__rosidl_typesupport_c.cpython-310-x86_64-linux-gnu.so
[0.715s] -- Up-to-date: /home/williamfbx/SLAM/slam_ws/install/grid_map_msgs/lib/libgrid_map_msgs__rosidl_generator_py.so
[0.716s] -- Up-to-date: /home/williamfbx/SLAM/slam_ws/install/grid_map_msgs/share/grid_map_msgs/msg/GridMapInfo.idl
[0.716s] -- Up-to-date: /home/williamfbx/SLAM/slam_ws/install/grid_map_msgs/share/grid_map_msgs/msg/GridMap.idl
[0.716s] -- Up-to-date: /home/williamfbx/SLAM/slam_ws/install/grid_map_msgs/share/grid_map_msgs/srv/SetGridMap.idl
[0.716s] -- Up-to-date: /home/williamfbx/SLAM/slam_ws/install/grid_map_msgs/share/grid_map_msgs/srv/GetGridMap.idl
[0.717s] -- Up-to-date: /home/williamfbx/SLAM/slam_ws/install/grid_map_msgs/share/grid_map_msgs/srv/GetGridMapInfo.idl
[0.717s] -- Up-to-date: /home/williamfbx/SLAM/slam_ws/install/grid_map_msgs/share/grid_map_msgs/srv/ProcessFile.idl
[0.717s] -- Up-to-date: /home/williamfbx/SLAM/slam_ws/install/grid_map_msgs/share/grid_map_msgs/msg/GridMapInfo.msg
[0.717s] -- Up-to-date: /home/williamfbx/SLAM/slam_ws/install/grid_map_msgs/share/grid_map_msgs/msg/GridMap.msg
[0.717s] -- Up-to-date: /home/williamfbx/SLAM/slam_ws/install/grid_map_msgs/share/grid_map_msgs/srv/SetGridMap.srv
[0.717s] -- Up-to-date: /home/williamfbx/SLAM/slam_ws/install/grid_map_msgs/share/grid_map_msgs/srv/SetGridMap_Request.msg
[0.717s] -- Up-to-date: /home/williamfbx/SLAM/slam_ws/install/grid_map_msgs/share/grid_map_msgs/srv/SetGridMap_Response.msg
[0.717s] -- Up-to-date: /home/williamfbx/SLAM/slam_ws/install/grid_map_msgs/share/grid_map_msgs/srv/GetGridMap.srv
[0.717s] -- Up-to-date: /home/williamfbx/SLAM/slam_ws/install/grid_map_msgs/share/grid_map_msgs/srv/GetGridMap_Request.msg
[0.718s] -- Up-to-date: /home/williamfbx/SLAM/slam_ws/install/grid_map_msgs/share/grid_map_msgs/srv/GetGridMap_Response.msg
[0.718s] -- Up-to-date: /home/williamfbx/SLAM/slam_ws/install/grid_map_msgs/share/grid_map_msgs/srv/GetGridMapInfo.srv
[0.718s] -- Up-to-date: /home/williamfbx/SLAM/slam_ws/install/grid_map_msgs/share/grid_map_msgs/srv/GetGridMapInfo_Request.msg
[0.718s] -- Up-to-date: /home/williamfbx/SLAM/slam_ws/install/grid_map_msgs/share/grid_map_msgs/srv/GetGridMapInfo_Response.msg
[0.718s] -- Up-to-date: /home/williamfbx/SLAM/slam_ws/install/grid_map_msgs/share/grid_map_msgs/srv/ProcessFile.srv
[0.718s] -- Up-to-date: /home/williamfbx/SLAM/slam_ws/install/grid_map_msgs/share/grid_map_msgs/srv/ProcessFile_Request.msg
[0.718s] -- Up-to-date: /home/williamfbx/SLAM/slam_ws/install/grid_map_msgs/share/grid_map_msgs/srv/ProcessFile_Response.msg
[0.718s] -- Up-to-date: /home/williamfbx/SLAM/slam_ws/install/grid_map_msgs/share/ament_index/resource_index/package_run_dependencies/grid_map_msgs
[0.718s] -- Up-to-date: /home/williamfbx/SLAM/slam_ws/install/grid_map_msgs/share/ament_index/resource_index/parent_prefix_path/grid_map_msgs
[0.719s] -- Up-to-date: /home/williamfbx/SLAM/slam_ws/install/grid_map_msgs/share/grid_map_msgs/environment/ament_prefix_path.sh
[0.719s] -- Up-to-date: /home/williamfbx/SLAM/slam_ws/install/grid_map_msgs/share/grid_map_msgs/environment/ament_prefix_path.dsv
[0.719s] -- Up-to-date: /home/williamfbx/SLAM/slam_ws/install/grid_map_msgs/share/grid_map_msgs/environment/path.sh
[0.719s] -- Up-to-date: /home/williamfbx/SLAM/slam_ws/install/grid_map_msgs/share/grid_map_msgs/environment/path.dsv
[0.720s] -- Up-to-date: /home/williamfbx/SLAM/slam_ws/install/grid_map_msgs/share/grid_map_msgs/local_setup.bash
[0.720s] -- Up-to-date: /home/williamfbx/SLAM/slam_ws/install/grid_map_msgs/share/grid_map_msgs/local_setup.sh
[0.720s] -- Up-to-date: /home/williamfbx/SLAM/slam_ws/install/grid_map_msgs/share/grid_map_msgs/local_setup.zsh
[0.720s] -- Up-to-date: /home/williamfbx/SLAM/slam_ws/install/grid_map_msgs/share/grid_map_msgs/local_setup.dsv
[0.721s] -- Installing: /home/williamfbx/SLAM/slam_ws/install/grid_map_msgs/share/grid_map_msgs/package.dsv
[0.721s] -- Up-to-date: /home/williamfbx/SLAM/slam_ws/install/grid_map_msgs/share/ament_index/resource_index/packages/grid_map_msgs
[0.721s] -- Up-to-date: /home/williamfbx/SLAM/slam_ws/install/grid_map_msgs/share/grid_map_msgs/cmake/export_grid_map_msgs__rosidl_generator_cExport.cmake
[0.721s] -- Up-to-date: /home/williamfbx/SLAM/slam_ws/install/grid_map_msgs/share/grid_map_msgs/cmake/export_grid_map_msgs__rosidl_generator_cExport-release.cmake
[0.721s] -- Up-to-date: /home/williamfbx/SLAM/slam_ws/install/grid_map_msgs/share/grid_map_msgs/cmake/export_grid_map_msgs__rosidl_typesupport_fastrtps_cExport.cmake
[0.721s] -- Up-to-date: /home/williamfbx/SLAM/slam_ws/install/grid_map_msgs/share/grid_map_msgs/cmake/export_grid_map_msgs__rosidl_typesupport_fastrtps_cExport-release.cmake
[0.723s] -- Up-to-date: /home/williamfbx/SLAM/slam_ws/install/grid_map_msgs/share/grid_map_msgs/cmake/export_grid_map_msgs__rosidl_generator_cppExport.cmake
[0.725s] -- Up-to-date: /home/williamfbx/SLAM/slam_ws/install/grid_map_msgs/share/grid_map_msgs/cmake/export_grid_map_msgs__rosidl_typesupport_fastrtps_cppExport.cmake
[0.725s] -- Up-to-date: /home/williamfbx/SLAM/slam_ws/install/grid_map_msgs/share/grid_map_msgs/cmake/export_grid_map_msgs__rosidl_typesupport_fastrtps_cppExport-release.cmake
[0.726s] -- Up-to-date: /home/williamfbx/SLAM/slam_ws/install/grid_map_msgs/share/grid_map_msgs/cmake/grid_map_msgs__rosidl_typesupport_introspection_cExport.cmake
[0.726s] -- Up-to-date: /home/williamfbx/SLAM/slam_ws/install/grid_map_msgs/share/grid_map_msgs/cmake/grid_map_msgs__rosidl_typesupport_introspection_cExport-release.cmake
[0.726s] -- Up-to-date: /home/williamfbx/SLAM/slam_ws/install/grid_map_msgs/share/grid_map_msgs/cmake/grid_map_msgs__rosidl_typesupport_cExport.cmake
[0.726s] -- Up-to-date: /home/williamfbx/SLAM/slam_ws/install/grid_map_msgs/share/grid_map_msgs/cmake/grid_map_msgs__rosidl_typesupport_cExport-release.cmake
[0.727s] -- Up-to-date: /home/williamfbx/SLAM/slam_ws/install/grid_map_msgs/share/grid_map_msgs/cmake/grid_map_msgs__rosidl_typesupport_introspection_cppExport.cmake
[0.727s] -- Up-to-date: /home/williamfbx/SLAM/slam_ws/install/grid_map_msgs/share/grid_map_msgs/cmake/grid_map_msgs__rosidl_typesupport_introspection_cppExport-release.cmake
[0.727s] -- Up-to-date: /home/williamfbx/SLAM/slam_ws/install/grid_map_msgs/share/grid_map_msgs/cmake/grid_map_msgs__rosidl_typesupport_cppExport.cmake
[0.727s] -- Up-to-date: /home/williamfbx/SLAM/slam_ws/install/grid_map_msgs/share/grid_map_msgs/cmake/grid_map_msgs__rosidl_typesupport_cppExport-release.cmake
[0.727s] -- Up-to-date: /home/williamfbx/SLAM/slam_ws/install/grid_map_msgs/share/grid_map_msgs/cmake/export_grid_map_msgs__rosidl_generator_pyExport.cmake
[0.727s] -- Up-to-date: /home/williamfbx/SLAM/slam_ws/install/grid_map_msgs/share/grid_map_msgs/cmake/export_grid_map_msgs__rosidl_generator_pyExport-release.cmake
[0.727s] -- Up-to-date: /home/williamfbx/SLAM/slam_ws/install/grid_map_msgs/share/grid_map_msgs/cmake/rosidl_cmake-extras.cmake
[0.727s] -- Up-to-date: /home/williamfbx/SLAM/slam_ws/install/grid_map_msgs/share/grid_map_msgs/cmake/ament_cmake_export_dependencies-extras.cmake
[0.727s] -- Up-to-date: /home/williamfbx/SLAM/slam_ws/install/grid_map_msgs/share/grid_map_msgs/cmake/ament_cmake_export_include_directories-extras.cmake
[0.727s] -- Up-to-date: /home/williamfbx/SLAM/slam_ws/install/grid_map_msgs/share/grid_map_msgs/cmake/ament_cmake_export_libraries-extras.cmake
[0.727s] -- Up-to-date: /home/williamfbx/SLAM/slam_ws/install/grid_map_msgs/share/grid_map_msgs/cmake/ament_cmake_export_targets-extras.cmake
[0.727s] -- Up-to-date: /home/williamfbx/SLAM/slam_ws/install/grid_map_msgs/share/grid_map_msgs/cmake/rosidl_cmake_export_typesupport_targets-extras.cmake
[0.727s] -- Up-to-date: /home/williamfbx/SLAM/slam_ws/install/grid_map_msgs/share/grid_map_msgs/cmake/rosidl_cmake_export_typesupport_libraries-extras.cmake
[0.727s] -- Up-to-date: /home/williamfbx/SLAM/slam_ws/install/grid_map_msgs/share/grid_map_msgs/cmake/grid_map_msgsConfig.cmake
[0.728s] -- Up-to-date: /home/williamfbx/SLAM/slam_ws/install/grid_map_msgs/share/grid_map_msgs/cmake/grid_map_msgsConfig-version.cmake
[0.728s] -- Up-to-date: /home/williamfbx/SLAM/slam_ws/install/grid_map_msgs/share/grid_map_msgs/package.xml
[0.740s] Invoked command in '/home/williamfbx/SLAM/slam_ws/build/grid_map_msgs' returned '0': CMAKE_PREFIX_PATH=/home/williamfbx/SLAM/slam_ws/install/grid_map_cmake_helpers:/home/williamfbx/SLAM/slam_ws/install/visualization:/home/williamfbx/SLAM/slam_ws/install/sensing:/home/williamfbx/SLAM/slam_ws/install/realsense2_description:/home/williamfbx/SLAM/slam_ws/install/realsense2_camera:/home/williamfbx/SLAM/slam_ws/install/realsense2_camera_msgs:/home/williamfbx/SLAM/slam_ws/install/realsense:/home/williamfbx/SLAM/slam_ws/install/mapping:/home/williamfbx/SLAM/slam_ws/install/localization:/home/williamfbx/SLAM/slam_ws/install/launcher:/home/williamfbx/SLAM/slam_ws/install/elevation_mapping:/home/williamfbx/SLAM/slam_ws/install/kindr_ros:/home/williamfbx/SLAM/slam_ws/install/kindr_msgs:/home/williamfbx/SLAM/slam_ws/install/kindr:/home/williamfbx/SLAM/slam_ws/install/grid_map:/home/williamfbx/SLAM/slam_ws/install/grid_map_demos:/home/williamfbx/SLAM/slam_ws/install/grid_map_visualization:/home/williamfbx/SLAM/slam_ws/install/grid_map_sdf:/home/williamfbx/SLAM/slam_ws/install/grid_map_rviz_plugin:/home/williamfbx/SLAM/slam_ws/install/grid_map_pcl:/home/williamfbx/SLAM/slam_ws/install/grid_map_loader:/home/williamfbx/SLAM/slam_ws/install/grid_map_filters:/home/williamfbx/SLAM/slam_ws/install/grid_map_ros:/home/williamfbx/SLAM/slam_ws/install/grid_map_octomap:/home/williamfbx/SLAM/slam_ws/install/grid_map_msgs:/home/williamfbx/SLAM/slam_ws/install/grid_map_cv:/home/williamfbx/SLAM/slam_ws/install/grid_map_costmap_2d:/home/williamfbx/SLAM/slam_ws/install/grid_map_core:/opt/ros/humble /usr/bin/cmake --install /home/williamfbx/SLAM/slam_ws/build/grid_map_msgs
