[0.034s] Invoking command in '/home/williamfbx/SLAM/slam_ws/build/grid_map_cmake_helpers': CMAKE_PREFIX_PATH=${CMAKE_PREFIX_PATH}:/opt/ros/humble /usr/bin/cmake /home/williamfbx/SLAM/slam_ws/src/drivers/grid_map/grid_map_cmake_helpers -DCMAKE_INSTALL_PREFIX=/home/williamfbx/SLAM/slam_ws/install/grid_map_cmake_helpers
[0.053s] -- Found ament_cmake_core: 1.3.11 (/opt/ros/humble/share/ament_cmake_core/cmake)
[0.223s] -- Found Python3: /usr/bin/python3 (found version "3.10.12") found components: Interpreter 
[0.328s] -- Configuring done
[0.332s] -- Generating done
[0.332s] -- Build files have been written to: /home/williamfbx/SLAM/slam_ws/build/grid_map_cmake_helpers
[0.332s] Invoked command in '/home/williamfbx/SLAM/slam_ws/build/grid_map_cmake_helpers' returned '0': CMAKE_PREFIX_PATH=${CMAKE_PREFIX_PATH}:/opt/ros/humble /usr/bin/cmake /home/williamfbx/SLAM/slam_ws/src/drivers/grid_map/grid_map_cmake_helpers -DCMAKE_INSTALL_PREFIX=/home/williamfbx/SLAM/slam_ws/install/grid_map_cmake_helpers
[0.333s] Invoking command in '/home/williamfbx/SLAM/slam_ws/build/grid_map_cmake_helpers': CMAKE_PREFIX_PATH=${CMAKE_PREFIX_PATH}:/opt/ros/humble /usr/bin/cmake --build /home/williamfbx/SLAM/slam_ws/build/grid_map_cmake_helpers -- -j12 -l12
[0.368s] Invoked command in '/home/williamfbx/SLAM/slam_ws/build/grid_map_cmake_helpers' returned '0': CMAKE_PREFIX_PATH=${CMAKE_PREFIX_PATH}:/opt/ros/humble /usr/bin/cmake --build /home/williamfbx/SLAM/slam_ws/build/grid_map_cmake_helpers -- -j12 -l12
[0.369s] Invoking command in '/home/williamfbx/SLAM/slam_ws/build/grid_map_cmake_helpers': CMAKE_PREFIX_PATH=${CMAKE_PREFIX_PATH}:/opt/ros/humble /usr/bin/cmake --install /home/williamfbx/SLAM/slam_ws/build/grid_map_cmake_helpers
[0.377s] -- Install configuration: ""
[0.377s] -- Installing: /home/williamfbx/SLAM/slam_ws/install/grid_map_cmake_helpers/share/ament_index/resource_index/package_run_dependencies/grid_map_cmake_helpers
[0.377s] -- Installing: /home/williamfbx/SLAM/slam_ws/install/grid_map_cmake_helpers/share/ament_index/resource_index/parent_prefix_path/grid_map_cmake_helpers
[0.377s] -- Installing: /home/williamfbx/SLAM/slam_ws/install/grid_map_cmake_helpers/share/grid_map_cmake_helpers/environment/ament_prefix_path.sh
[0.377s] -- Installing: /home/williamfbx/SLAM/slam_ws/install/grid_map_cmake_helpers/share/grid_map_cmake_helpers/environment/ament_prefix_path.dsv
[0.377s] -- Installing: /home/williamfbx/SLAM/slam_ws/install/grid_map_cmake_helpers/share/grid_map_cmake_helpers/environment/path.sh
[0.377s] -- Installing: /home/williamfbx/SLAM/slam_ws/install/grid_map_cmake_helpers/share/grid_map_cmake_helpers/environment/path.dsv
[0.377s] -- Installing: /home/williamfbx/SLAM/slam_ws/install/grid_map_cmake_helpers/share/grid_map_cmake_helpers/local_setup.bash
[0.377s] -- Installing: /home/williamfbx/SLAM/slam_ws/install/grid_map_cmake_helpers/share/grid_map_cmake_helpers/local_setup.sh
[0.377s] -- Installing: /home/williamfbx/SLAM/slam_ws/install/grid_map_cmake_helpers/share/grid_map_cmake_helpers/local_setup.zsh
[0.377s] -- Installing: /home/williamfbx/SLAM/slam_ws/install/grid_map_cmake_helpers/share/grid_map_cmake_helpers/local_setup.dsv
[0.377s] -- Installing: /home/williamfbx/SLAM/slam_ws/install/grid_map_cmake_helpers/share/grid_map_cmake_helpers/package.dsv
[0.377s] -- Installing: /home/williamfbx/SLAM/slam_ws/install/grid_map_cmake_helpers/share/ament_index/resource_index/packages/grid_map_cmake_helpers
[0.377s] -- Installing: /home/williamfbx/SLAM/slam_ws/install/grid_map_cmake_helpers/share/grid_map_cmake_helpers/cmake/grid_map_cmake_helpers-extras.cmake
[0.377s] -- Installing: /home/williamfbx/SLAM/slam_ws/install/grid_map_cmake_helpers/share/grid_map_cmake_helpers/cmake/grid_map_cmake_helpersConfig.cmake
[0.377s] -- Installing: /home/williamfbx/SLAM/slam_ws/install/grid_map_cmake_helpers/share/grid_map_cmake_helpers/cmake/grid_map_cmake_helpersConfig-version.cmake
[0.377s] -- Installing: /home/williamfbx/SLAM/slam_ws/install/grid_map_cmake_helpers/share/grid_map_cmake_helpers/package.xml
[0.377s] -- Up-to-date: /home/williamfbx/SLAM/slam_ws/install/grid_map_cmake_helpers/share/grid_map_cmake_helpers/cmake
[0.377s] -- Installing: /home/williamfbx/SLAM/slam_ws/install/grid_map_cmake_helpers/share/grid_map_cmake_helpers/cmake/grid_map_package.cmake
[0.378s] Invoked command in '/home/williamfbx/SLAM/slam_ws/build/grid_map_cmake_helpers' returned '0': CMAKE_PREFIX_PATH=${CMAKE_PREFIX_PATH}:/opt/ros/humble /usr/bin/cmake --install /home/williamfbx/SLAM/slam_ws/build/grid_map_cmake_helpers
