[0.032s] Invoking command in '/home/williamfbx/SLAM/slam_ws/build/realsense2_camera': AMENT_PREFIX_PATH=/home/williamfbx/SLAM/slam_ws/install/realsense2_camera_msgs:${AMENT_PREFIX_PATH} CMAKE_PREFIX_PATH=/home/williamfbx/SLAM/slam_ws/install/realsense2_camera_msgs:/opt/ros/humble LD_LIBRARY_PATH=/home/williamfbx/SLAM/slam_ws/install/realsense2_camera_msgs/lib:${LD_LIBRARY_PATH} PYTHONPATH=/home/williamfbx/SLAM/slam_ws/install/realsense2_camera_msgs/local/lib/python3.10/dist-packages:${PYTHONPATH} /usr/bin/cmake --build /home/williamfbx/SLAM/slam_ws/build/realsense2_camera -- -j12 -l12
[0.240s] [  9%] Built target gtest
[0.242s] [ 18%] Built target gtest_main
[0.256s] [ 27%] Built target realsense2_camera_node
[0.299s] [ 31%] [32mBuilding CXX object CMakeFiles/realsense2_camera.dir/src/realsense_node_factory.cpp.o[0m
[0.311s] [ 36%] [32mBuilding CXX object CMakeFiles/realsense2_camera.dir/src/base_realsense_node.cpp.o[0m
[0.335s] [ 40%] [32mBuilding CXX object CMakeFiles/realsense2_camera.dir/src/parameters.cpp.o[0m
[0.341s] [ 45%] [32mBuilding CXX object CMakeFiles/realsense2_camera.dir/src/tfs.cpp.o[0m
[0.354s] [ 50%] [32mBuilding CXX object CMakeFiles/realsense2_camera.dir/src/rs_node_setup.cpp.o[0m
[0.365s] [ 59%] Built target gtest_template
[48.692s] [ 63%] [32m[1mLinking CXX shared library librealsense2_camera.so[0m
[49.611s] [100%] Built target realsense2_camera
[49.622s] Invoked command in '/home/williamfbx/SLAM/slam_ws/build/realsense2_camera' returned '0': AMENT_PREFIX_PATH=/home/williamfbx/SLAM/slam_ws/install/realsense2_camera_msgs:${AMENT_PREFIX_PATH} CMAKE_PREFIX_PATH=/home/williamfbx/SLAM/slam_ws/install/realsense2_camera_msgs:/opt/ros/humble LD_LIBRARY_PATH=/home/williamfbx/SLAM/slam_ws/install/realsense2_camera_msgs/lib:${LD_LIBRARY_PATH} PYTHONPATH=/home/williamfbx/SLAM/slam_ws/install/realsense2_camera_msgs/local/lib/python3.10/dist-packages:${PYTHONPATH} /usr/bin/cmake --build /home/williamfbx/SLAM/slam_ws/build/realsense2_camera -- -j12 -l12
[49.625s] Invoking command in '/home/williamfbx/SLAM/slam_ws/build/realsense2_camera': AMENT_PREFIX_PATH=/home/williamfbx/SLAM/slam_ws/install/realsense2_camera_msgs:${AMENT_PREFIX_PATH} CMAKE_PREFIX_PATH=/home/williamfbx/SLAM/slam_ws/install/realsense2_camera_msgs:/opt/ros/humble LD_LIBRARY_PATH=/home/williamfbx/SLAM/slam_ws/install/realsense2_camera_msgs/lib:${LD_LIBRARY_PATH} PYTHONPATH=/home/williamfbx/SLAM/slam_ws/install/realsense2_camera_msgs/local/lib/python3.10/dist-packages:${PYTHONPATH} /usr/bin/cmake --install /home/williamfbx/SLAM/slam_ws/build/realsense2_camera
[49.632s] -- Install configuration: "Release"
[49.633s] -- Up-to-date: /home/williamfbx/SLAM/slam_ws/install/realsense2_camera/lib/realsense2_camera/realsense2_camera_node
[49.634s] -- Installing: /home/williamfbx/SLAM/slam_ws/install/realsense2_camera/lib/librealsense2_camera.so
[49.637s] -- Set runtime path of "/home/williamfbx/SLAM/slam_ws/install/realsense2_camera/lib/librealsense2_camera.so" to ""
[49.637s] -- Up-to-date: /home/williamfbx/SLAM/slam_ws/install/realsense2_camera/include
[49.637s] -- Up-to-date: /home/williamfbx/SLAM/slam_ws/install/realsense2_camera/include/dynamic_params.h
[49.637s] -- Up-to-date: /home/williamfbx/SLAM/slam_ws/install/realsense2_camera/include/realsense_node_factory.h
[49.637s] -- Up-to-date: /home/williamfbx/SLAM/slam_ws/install/realsense2_camera/include/constants.h
[49.637s] -- Up-to-date: /home/williamfbx/SLAM/slam_ws/install/realsense2_camera/include/named_filter.h
[49.637s] -- Up-to-date: /home/williamfbx/SLAM/slam_ws/install/realsense2_camera/include/gl_window.h
[49.637s] -- Up-to-date: /home/williamfbx/SLAM/slam_ws/install/realsense2_camera/include/image_publisher.h
[49.637s] -- Up-to-date: /home/williamfbx/SLAM/slam_ws/install/realsense2_camera/include/ros_param_backend.h
[49.637s] -- Up-to-date: /home/williamfbx/SLAM/slam_ws/install/realsense2_camera/include/sensor_params.h
[49.637s] -- Up-to-date: /home/williamfbx/SLAM/slam_ws/install/realsense2_camera/include/base_realsense_node.h
[49.638s] -- Up-to-date: /home/williamfbx/SLAM/slam_ws/install/realsense2_camera/include/ros_sensor.h
[49.638s] -- Up-to-date: /home/williamfbx/SLAM/slam_ws/install/realsense2_camera/include/profile_manager.h
[49.638s] -- Up-to-date: /home/williamfbx/SLAM/slam_ws/install/realsense2_camera/include/ros_utils.h
[49.638s] -- Up-to-date: /home/williamfbx/SLAM/slam_ws/install/realsense2_camera/share/realsense2_camera/launch
[49.638s] -- Up-to-date: /home/williamfbx/SLAM/slam_ws/install/realsense2_camera/share/realsense2_camera/launch/rs_multi_camera_launch.py
[49.638s] -- Up-to-date: /home/williamfbx/SLAM/slam_ws/install/realsense2_camera/share/realsense2_camera/launch/rs_launch.py
[49.638s] -- Up-to-date: /home/williamfbx/SLAM/slam_ws/install/realsense2_camera/share/realsense2_camera/launch/rs_intra_process_demo_launch.py
[49.638s] -- Up-to-date: /home/williamfbx/SLAM/slam_ws/install/realsense2_camera/share/realsense2_camera/launch/default.rviz
[49.638s] -- Up-to-date: /home/williamfbx/SLAM/slam_ws/install/realsense2_camera/share/realsense2_camera/examples
[49.638s] -- Up-to-date: /home/williamfbx/SLAM/slam_ws/install/realsense2_camera/share/realsense2_camera/examples/align_depth
[49.639s] -- Up-to-date: /home/williamfbx/SLAM/slam_ws/install/realsense2_camera/share/realsense2_camera/examples/align_depth/rs_align_depth_launch.py
[49.639s] -- Up-to-date: /home/williamfbx/SLAM/slam_ws/install/realsense2_camera/share/realsense2_camera/examples/align_depth/README.md
[49.639s] -- Up-to-date: /home/williamfbx/SLAM/slam_ws/install/realsense2_camera/share/realsense2_camera/examples/launch_from_rosbag
[49.639s] -- Up-to-date: /home/williamfbx/SLAM/slam_ws/install/realsense2_camera/share/realsense2_camera/examples/launch_from_rosbag/rs_launch_from_rosbag.py
[49.639s] -- Up-to-date: /home/williamfbx/SLAM/slam_ws/install/realsense2_camera/share/realsense2_camera/examples/launch_from_rosbag/README.md
[49.639s] -- Up-to-date: /home/williamfbx/SLAM/slam_ws/install/realsense2_camera/share/realsense2_camera/examples/dual_camera
[49.639s] -- Up-to-date: /home/williamfbx/SLAM/slam_ws/install/realsense2_camera/share/realsense2_camera/examples/dual_camera/rviz
[49.639s] -- Up-to-date: /home/williamfbx/SLAM/slam_ws/install/realsense2_camera/share/realsense2_camera/examples/dual_camera/rviz/dual_camera_pointcloud.rviz
[49.639s] -- Up-to-date: /home/williamfbx/SLAM/slam_ws/install/realsense2_camera/share/realsense2_camera/examples/dual_camera/rs_dual_camera_launch.py
[49.639s] -- Up-to-date: /home/williamfbx/SLAM/slam_ws/install/realsense2_camera/share/realsense2_camera/examples/dual_camera/README.md
[49.639s] -- Up-to-date: /home/williamfbx/SLAM/slam_ws/install/realsense2_camera/share/realsense2_camera/examples/pointcloud
[49.639s] -- Up-to-date: /home/williamfbx/SLAM/slam_ws/install/realsense2_camera/share/realsense2_camera/examples/pointcloud/rviz
[49.639s] -- Up-to-date: /home/williamfbx/SLAM/slam_ws/install/realsense2_camera/share/realsense2_camera/examples/pointcloud/rviz/urdf_pointcloud.rviz
[49.640s] -- Up-to-date: /home/williamfbx/SLAM/slam_ws/install/realsense2_camera/share/realsense2_camera/examples/pointcloud/rviz/pointcloud.rviz
[49.640s] -- Up-to-date: /home/williamfbx/SLAM/slam_ws/install/realsense2_camera/share/realsense2_camera/examples/pointcloud/rs_d405_pointcloud_launch.py
[49.640s] -- Up-to-date: /home/williamfbx/SLAM/slam_ws/install/realsense2_camera/share/realsense2_camera/examples/pointcloud/rs_d455_pointcloud_launch.py
[49.640s] -- Up-to-date: /home/williamfbx/SLAM/slam_ws/install/realsense2_camera/share/realsense2_camera/examples/pointcloud/README.md
[49.640s] -- Up-to-date: /home/williamfbx/SLAM/slam_ws/install/realsense2_camera/share/realsense2_camera/examples/pointcloud/rs_pointcloud_launch.py
[49.640s] -- Up-to-date: /home/williamfbx/SLAM/slam_ws/install/realsense2_camera/share/realsense2_camera/examples/launch_params_from_file
[49.640s] -- Up-to-date: /home/williamfbx/SLAM/slam_ws/install/realsense2_camera/share/realsense2_camera/examples/launch_params_from_file/rs_launch_get_params_from_yaml.py
[49.640s] -- Up-to-date: /home/williamfbx/SLAM/slam_ws/install/realsense2_camera/share/realsense2_camera/examples/launch_params_from_file/README.md
[49.640s] -- Up-to-date: /home/williamfbx/SLAM/slam_ws/install/realsense2_camera/share/realsense2_camera/examples/launch_params_from_file/config
[49.640s] -- Up-to-date: /home/williamfbx/SLAM/slam_ws/install/realsense2_camera/share/realsense2_camera/examples/launch_params_from_file/config/config.yaml
[49.640s] -- Up-to-date: /home/williamfbx/SLAM/slam_ws/install/realsense2_camera/share/realsense2_camera/environment/library_path.sh
[49.641s] -- Up-to-date: /home/williamfbx/SLAM/slam_ws/install/realsense2_camera/share/realsense2_camera/environment/library_path.dsv
[49.641s] -- Up-to-date: /home/williamfbx/SLAM/slam_ws/install/realsense2_camera/share/ament_index/resource_index/package_run_dependencies/realsense2_camera
[49.641s] -- Up-to-date: /home/williamfbx/SLAM/slam_ws/install/realsense2_camera/share/ament_index/resource_index/parent_prefix_path/realsense2_camera
[49.641s] -- Up-to-date: /home/williamfbx/SLAM/slam_ws/install/realsense2_camera/share/realsense2_camera/environment/ament_prefix_path.sh
[49.641s] -- Up-to-date: /home/williamfbx/SLAM/slam_ws/install/realsense2_camera/share/realsense2_camera/environment/ament_prefix_path.dsv
[49.641s] -- Up-to-date: /home/williamfbx/SLAM/slam_ws/install/realsense2_camera/share/realsense2_camera/environment/path.sh
[49.641s] -- Up-to-date: /home/williamfbx/SLAM/slam_ws/install/realsense2_camera/share/realsense2_camera/environment/path.dsv
[49.641s] -- Up-to-date: /home/williamfbx/SLAM/slam_ws/install/realsense2_camera/share/realsense2_camera/local_setup.bash
[49.641s] -- Up-to-date: /home/williamfbx/SLAM/slam_ws/install/realsense2_camera/share/realsense2_camera/local_setup.sh
[49.641s] -- Up-to-date: /home/williamfbx/SLAM/slam_ws/install/realsense2_camera/share/realsense2_camera/local_setup.zsh
[49.641s] -- Up-to-date: /home/williamfbx/SLAM/slam_ws/install/realsense2_camera/share/realsense2_camera/local_setup.dsv
[49.641s] -- Installing: /home/williamfbx/SLAM/slam_ws/install/realsense2_camera/share/realsense2_camera/package.dsv
[49.641s] -- Up-to-date: /home/williamfbx/SLAM/slam_ws/install/realsense2_camera/share/ament_index/resource_index/packages/realsense2_camera
[49.642s] -- Up-to-date: /home/williamfbx/SLAM/slam_ws/install/realsense2_camera/share/ament_index/resource_index/rclcpp_components/realsense2_camera
[49.644s] -- Up-to-date: /home/williamfbx/SLAM/slam_ws/install/realsense2_camera/share/realsense2_camera/cmake/ament_cmake_export_include_directories-extras.cmake
[49.644s] -- Up-to-date: /home/williamfbx/SLAM/slam_ws/install/realsense2_camera/share/realsense2_camera/cmake/ament_cmake_export_libraries-extras.cmake
[49.644s] -- Up-to-date: /home/williamfbx/SLAM/slam_ws/install/realsense2_camera/share/realsense2_camera/cmake/ament_cmake_export_dependencies-extras.cmake
[49.644s] -- Up-to-date: /home/williamfbx/SLAM/slam_ws/install/realsense2_camera/share/realsense2_camera/cmake/realsense2_cameraConfig.cmake
[49.645s] -- Up-to-date: /home/williamfbx/SLAM/slam_ws/install/realsense2_camera/share/realsense2_camera/cmake/realsense2_cameraConfig-version.cmake
[49.645s] -- Up-to-date: /home/williamfbx/SLAM/slam_ws/install/realsense2_camera/share/realsense2_camera/package.xml
[49.645s] Invoked command in '/home/williamfbx/SLAM/slam_ws/build/realsense2_camera' returned '0': AMENT_PREFIX_PATH=/home/williamfbx/SLAM/slam_ws/install/realsense2_camera_msgs:${AMENT_PREFIX_PATH} CMAKE_PREFIX_PATH=/home/williamfbx/SLAM/slam_ws/install/realsense2_camera_msgs:/opt/ros/humble LD_LIBRARY_PATH=/home/williamfbx/SLAM/slam_ws/install/realsense2_camera_msgs/lib:${LD_LIBRARY_PATH} PYTHONPATH=/home/williamfbx/SLAM/slam_ws/install/realsense2_camera_msgs/local/lib/python3.10/dist-packages:${PYTHONPATH} /usr/bin/cmake --install /home/williamfbx/SLAM/slam_ws/build/realsense2_camera
