[0.017s] Invoking command in '/home/williamfbx/SLAM/slam_ws/build/grid_map_rviz_plugin': AMENT_PREFIX_PATH=/home/williamfbx/SLAM/slam_ws/install/grid_map_ros:/home/williamfbx/SLAM/slam_ws/install/grid_map_cv:/home/williamfbx/SLAM/slam_ws/install/grid_map_msgs:/home/williamfbx/SLAM/slam_ws/install/grid_map_core:/home/williamfbx/SLAM/slam_ws/install/grid_map_cmake_helpers:${AMENT_PREFIX_PATH} CMAKE_PREFIX_PATH=/home/williamfbx/SLAM/slam_ws/install/grid_map_ros:/home/williamfbx/SLAM/slam_ws/install/grid_map_cv:/home/williamfbx/SLAM/slam_ws/install/grid_map_msgs:/home/williamfbx/SLAM/slam_ws/install/grid_map_core:/home/williamfbx/SLAM/slam_ws/install/grid_map_cmake_helpers:/home/williamfbx/SLAM/slam_ws/install/visualization:/home/williamfbx/SLAM/slam_ws/install/launcher:/home/williamfbx/SLAM/slam_ws/install/sensing:/home/williamfbx/SLAM/slam_ws/install/realsense2_description:/home/williamfbx/SLAM/slam_ws/install/realsense2_camera:/home/williamfbx/SLAM/slam_ws/install/realsense2_camera_msgs:/home/williamfbx/SLAM/slam_ws/install/realsense:/home/williamfbx/SLAM/slam_ws/install/mapping:/home/williamfbx/SLAM/slam_ws/install/localization:/opt/ros/humble LD_LIBRARY_PATH=/home/williamfbx/SLAM/slam_ws/install/grid_map_ros/lib:/home/williamfbx/SLAM/slam_ws/install/grid_map_cv/lib:/home/williamfbx/SLAM/slam_ws/install/grid_map_msgs/lib:/home/williamfbx/SLAM/slam_ws/install/grid_map_core/lib:${LD_LIBRARY_PATH} PYTHONPATH=/home/williamfbx/SLAM/slam_ws/install/grid_map_msgs/local/lib/python3.10/dist-packages:${PYTHONPATH} /usr/bin/cmake /home/williamfbx/SLAM/slam_ws/src/drivers/grid_map/grid_map_rviz_plugin -DCMAKE_INSTALL_PREFIX=/home/williamfbx/SLAM/slam_ws/install/grid_map_rviz_plugin
[0.064s] -- The C compiler identification is GNU 11.4.0
[0.104s] -- The CXX compiler identification is GNU 11.4.0
[0.109s] -- Detecting C compiler ABI info
[0.168s] -- Detecting C compiler ABI info - done
[0.176s] -- Check for working C compiler: /usr/bin/cc - skipped
[0.177s] -- Detecting C compile features
[0.177s] -- Detecting C compile features - done
[0.181s] -- Detecting CXX compiler ABI info
[0.254s] -- Detecting CXX compiler ABI info - done
[0.264s] -- Check for working CXX compiler: /usr/bin/c++ - skipped
[0.264s] -- Detecting CXX compile features
[0.264s] -- Detecting CXX compile features - done
[0.267s] -- Found ament_cmake: 1.3.11 (/opt/ros/humble/share/ament_cmake/cmake)
[0.383s] -- Found Python3: /usr/bin/python3 (found version "3.10.12") found components: Interpreter 
[0.454s] -- Found grid_map_cmake_helpers: 2.0.1 (/home/williamfbx/SLAM/slam_ws/install/grid_map_cmake_helpers/share/grid_map_cmake_helpers/cmake)
[0.455s] -- Found grid_map_msgs: 2.0.1 (/home/williamfbx/SLAM/slam_ws/install/grid_map_msgs/share/grid_map_msgs/cmake)
[0.487s] -- Found rosidl_generator_c: 3.1.6 (/opt/ros/humble/share/rosidl_generator_c/cmake)
[0.492s] -- Found rosidl_adapter: 3.1.6 (/opt/ros/humble/share/rosidl_adapter/cmake)
[0.498s] -- Found rosidl_generator_cpp: 3.1.6 (/opt/ros/humble/share/rosidl_generator_cpp/cmake)
[0.508s] -- Using all available rosidl_typesupport_c: rosidl_typesupport_fastrtps_c;rosidl_typesupport_introspection_c
[0.520s] -- Using all available rosidl_typesupport_cpp: rosidl_typesupport_fastrtps_cpp;rosidl_typesupport_introspection_cpp
[0.557s] -- Found grid_map_ros: 2.0.1 (/home/williamfbx/SLAM/slam_ws/install/grid_map_ros/share/grid_map_ros/cmake)
[0.638s] -- Found rmw_implementation_cmake: 6.1.2 (/opt/ros/humble/share/rmw_implementation_cmake/cmake)
[0.640s] -- Found rmw_fastrtps_cpp: 6.2.7 (/opt/ros/humble/share/rmw_fastrtps_cpp/cmake)
[0.660s] -- Found TinyXML2 via Config file: TinyXML2_DIR-NOTFOUND
[0.707s] -- Found OpenSSL: /usr/lib/x86_64-linux-gnu/libcrypto.so (found version "3.0.2")  
[0.709s] -- Found TinyXML2 via Config file: TinyXML2_DIR-NOTFOUND
[0.721s] -- Found FastRTPS: /opt/ros/humble/include  
[0.723s] -- Found TinyXML2 via Config file: TinyXML2_DIR-NOTFOUND
[0.729s] -- Found TinyXML2 via Config file: TinyXML2_DIR-NOTFOUND
[0.741s] -- Using RMW implementation 'rmw_fastrtps_cpp' as default
[0.755s] -- Looking for pthread.h
[0.814s] -- Looking for pthread.h - found
[0.814s] -- Performing Test CMAKE_HAVE_LIBC_PTHREAD
[0.873s] -- Performing Test CMAKE_HAVE_LIBC_PTHREAD - Success
[0.874s] -- Found Threads: TRUE  
[1.105s] -- Found rviz_common: 11.2.16 (/opt/ros/humble/share/rviz_common/cmake)
[1.116s] -- Setting assimp_DIR to: '/opt/ros/humble/share/rviz_assimp_vendor/cmake/../../../opt/rviz_assimp_vendor/lib/cmake/assimp-4.1'
[1.125s] -- Setting OGRE_DIR to: '/opt/ros/humble/share/rviz_ogre_vendor/cmake/../../../opt/rviz_ogre_vendor/lib/OGRE/cmake'
[1.127s] -- Found OGRE
[1.127s] --   static     : OFF
[1.127s] --   components : HLMS;MeshLodGenerator;Overlay;Paging;Property;RTShaderSystem;Terrain;Volume
[1.127s] --   plugins    : Plugin_BSPSceneManager;Plugin_OctreeSceneManager;Plugin_PCZSceneManager;Plugin_ParticleFX;RenderSystem_GL;RenderSystem_GL3Plus;Codec_STBI
[1.127s] --   media      : /opt/ros/humble/opt/rviz_ogre_vendor/share/OGRE/Media
[1.127s] -- OGRE_LIBRARIES: OgreHLMS;OgreMeshLodGenerator;OgreOverlay;OgrePaging;OgreProperty;OgreRTShaderSystem;OgreTerrain;OgreVolume;OgreMain
[1.127s] -- OGRE_LIBRARY_DIRS: /opt/ros/humble/opt/rviz_ogre_vendor/lib
[1.127s] -- OGRE_PLUGINS: Plugin_BSPSceneManager;Plugin_OctreeSceneManager;Plugin_PCZSceneManager;Plugin_ParticleFX;RenderSystem_GL;RenderSystem_GL3Plus;Codec_STBI
[1.127s] -- OGRE_PLUGIN_DIR: /opt/ros/humble/opt/rviz_ogre_vendor/lib/OGRE
[1.128s] -- rviz_ogre_vendor::OgreOverlay for IMPORTED_LOCATION_RELEASE: /opt/ros/humble/opt/rviz_ogre_vendor/lib/libOgreOverlay.so
[1.128s] -- rviz_ogre_vendor::OgreOverlay for IMPORTED_LOCATION_DEBUG: /opt/ros/humble/opt/rviz_ogre_vendor/lib/libOgreOverlay.so
[1.128s] -- rviz_ogre_vendor::OgreMain for IMPORTED_LOCATION_RELEASE: /opt/ros/humble/opt/rviz_ogre_vendor/lib/libOgreMain.so
[1.128s] -- rviz_ogre_vendor::OgreMain for IMPORTED_LOCATION_DEBUG: /opt/ros/humble/opt/rviz_ogre_vendor/lib/libOgreMain.so
[1.143s] -- Found ZLIB: /usr/local/lib/libz.a (found version "1.2.11") 
[1.150s] -- Found OpenGL: /usr/lib/x86_64-linux-gnu/libOpenGL.so   
[1.241s] -- Found X11: /usr/include   
[1.241s] -- Looking for XOpenDisplay in /usr/lib/x86_64-linux-gnu/libX11.so;/usr/lib/x86_64-linux-gnu/libXext.so
[1.304s] -- Looking for XOpenDisplay in /usr/lib/x86_64-linux-gnu/libX11.so;/usr/lib/x86_64-linux-gnu/libXext.so - found
[1.304s] -- Looking for gethostbyname
[1.358s] -- Looking for gethostbyname - found
[1.358s] -- Looking for connect
[1.467s] -- Looking for connect - found
[1.467s] -- Looking for remove
[1.616s] -- Looking for remove - found
[1.616s] -- Looking for shmat
[1.767s] -- Looking for shmat - found
[1.767s] -- Looking for IceConnectionNumber in ICE
[1.880s] -- Looking for IceConnectionNumber in ICE - found
[2.118s] -- library: /usr/lib/x86_64-linux-gnu/libcurl.so
[2.170s] -- Found Eigen3: TRUE (found version "3.4.0") 
[2.174s] -- Ensuring Eigen3 include directory is part of orocos-kdl CMake target
[2.422s] -- Setting build type to Release as none was specified.
[2.494s] -- Found ament_lint_auto: 0.12.11 (/opt/ros/humble/share/ament_lint_auto/cmake)
[2.757s] -- Added test 'cppcheck' to perform static code analysis on C / C++ code
[2.758s] -- Configured cppcheck include dirs: /home/williamfbx/SLAM/slam_ws/src/drivers/grid_map/grid_map_rviz_plugin/include
[2.758s] -- Configured cppcheck exclude dirs and/or files: 
[2.759s] -- Added test 'lint_cmake' to check CMake code style
[2.769s] -- Added test 'uncrustify' to check C / C++ code style
[2.769s] -- Configured uncrustify additional arguments: 
[2.769s] -- Added test 'xmllint' to check XML markup files
[2.779s] -- Configuring done
[2.995s] -- Generating done
[3.013s] -- Build files have been written to: /home/williamfbx/SLAM/slam_ws/build/grid_map_rviz_plugin
[3.069s] Invoked command in '/home/williamfbx/SLAM/slam_ws/build/grid_map_rviz_plugin' returned '0': AMENT_PREFIX_PATH=/home/williamfbx/SLAM/slam_ws/install/grid_map_ros:/home/williamfbx/SLAM/slam_ws/install/grid_map_cv:/home/williamfbx/SLAM/slam_ws/install/grid_map_msgs:/home/williamfbx/SLAM/slam_ws/install/grid_map_core:/home/williamfbx/SLAM/slam_ws/install/grid_map_cmake_helpers:${AMENT_PREFIX_PATH} CMAKE_PREFIX_PATH=/home/williamfbx/SLAM/slam_ws/install/grid_map_ros:/home/williamfbx/SLAM/slam_ws/install/grid_map_cv:/home/williamfbx/SLAM/slam_ws/install/grid_map_msgs:/home/williamfbx/SLAM/slam_ws/install/grid_map_core:/home/williamfbx/SLAM/slam_ws/install/grid_map_cmake_helpers:/home/williamfbx/SLAM/slam_ws/install/visualization:/home/williamfbx/SLAM/slam_ws/install/launcher:/home/williamfbx/SLAM/slam_ws/install/sensing:/home/williamfbx/SLAM/slam_ws/install/realsense2_description:/home/williamfbx/SLAM/slam_ws/install/realsense2_camera:/home/williamfbx/SLAM/slam_ws/install/realsense2_camera_msgs:/home/williamfbx/SLAM/slam_ws/install/realsense:/home/williamfbx/SLAM/slam_ws/install/mapping:/home/williamfbx/SLAM/slam_ws/install/localization:/opt/ros/humble LD_LIBRARY_PATH=/home/williamfbx/SLAM/slam_ws/install/grid_map_ros/lib:/home/williamfbx/SLAM/slam_ws/install/grid_map_cv/lib:/home/williamfbx/SLAM/slam_ws/install/grid_map_msgs/lib:/home/williamfbx/SLAM/slam_ws/install/grid_map_core/lib:${LD_LIBRARY_PATH} PYTHONPATH=/home/williamfbx/SLAM/slam_ws/install/grid_map_msgs/local/lib/python3.10/dist-packages:${PYTHONPATH} /usr/bin/cmake /home/williamfbx/SLAM/slam_ws/src/drivers/grid_map/grid_map_rviz_plugin -DCMAKE_INSTALL_PREFIX=/home/williamfbx/SLAM/slam_ws/install/grid_map_rviz_plugin
[3.074s] Invoking command in '/home/williamfbx/SLAM/slam_ws/build/grid_map_rviz_plugin': AMENT_PREFIX_PATH=/home/williamfbx/SLAM/slam_ws/install/grid_map_ros:/home/williamfbx/SLAM/slam_ws/install/grid_map_cv:/home/williamfbx/SLAM/slam_ws/install/grid_map_msgs:/home/williamfbx/SLAM/slam_ws/install/grid_map_core:/home/williamfbx/SLAM/slam_ws/install/grid_map_cmake_helpers:${AMENT_PREFIX_PATH} CMAKE_PREFIX_PATH=/home/williamfbx/SLAM/slam_ws/install/grid_map_ros:/home/williamfbx/SLAM/slam_ws/install/grid_map_cv:/home/williamfbx/SLAM/slam_ws/install/grid_map_msgs:/home/williamfbx/SLAM/slam_ws/install/grid_map_core:/home/williamfbx/SLAM/slam_ws/install/grid_map_cmake_helpers:/home/williamfbx/SLAM/slam_ws/install/visualization:/home/williamfbx/SLAM/slam_ws/install/launcher:/home/williamfbx/SLAM/slam_ws/install/sensing:/home/williamfbx/SLAM/slam_ws/install/realsense2_description:/home/williamfbx/SLAM/slam_ws/install/realsense2_camera:/home/williamfbx/SLAM/slam_ws/install/realsense2_camera_msgs:/home/williamfbx/SLAM/slam_ws/install/realsense:/home/williamfbx/SLAM/slam_ws/install/mapping:/home/williamfbx/SLAM/slam_ws/install/localization:/opt/ros/humble LD_LIBRARY_PATH=/home/williamfbx/SLAM/slam_ws/install/grid_map_ros/lib:/home/williamfbx/SLAM/slam_ws/install/grid_map_cv/lib:/home/williamfbx/SLAM/slam_ws/install/grid_map_msgs/lib:/home/williamfbx/SLAM/slam_ws/install/grid_map_core/lib:${LD_LIBRARY_PATH} PYTHONPATH=/home/williamfbx/SLAM/slam_ws/install/grid_map_msgs/local/lib/python3.10/dist-packages:${PYTHONPATH} /usr/bin/cmake --build /home/williamfbx/SLAM/slam_ws/build/grid_map_rviz_plugin -- -j12 -l12
[3.194s] [ 14%] [34m[1mAutomatic MOC for target grid_map_rviz_plugin[0m
[3.261s] [ 14%] Built target grid_map_rviz_plugin_autogen
[3.296s] [ 28%] [34m[1mGenerating include/grid_map_rviz_plugin/moc_GridMapDisplay.cpp[0m
[3.349s] [ 42%] [32mBuilding CXX object CMakeFiles/grid_map_rviz_plugin.dir/grid_map_rviz_plugin_autogen/mocs_compilation.cpp.o[0m
[3.357s] [ 57%] [32mBuilding CXX object CMakeFiles/grid_map_rviz_plugin.dir/src/GridMapDisplay.cpp.o[0m
[3.369s] [ 71%] [32mBuilding CXX object CMakeFiles/grid_map_rviz_plugin.dir/src/GridMapVisual.cpp.o[0m
[3.370s] [ 85%] [32mBuilding CXX object CMakeFiles/grid_map_rviz_plugin.dir/include/grid_map_rviz_plugin/moc_GridMapDisplay.cpp.o[0m
[51.275s] [100%] [32m[1mLinking CXX shared library libgrid_map_rviz_plugin.so[0m
[53.547s] [100%] Built target grid_map_rviz_plugin
[53.572s] Invoked command in '/home/williamfbx/SLAM/slam_ws/build/grid_map_rviz_plugin' returned '0': AMENT_PREFIX_PATH=/home/williamfbx/SLAM/slam_ws/install/grid_map_ros:/home/williamfbx/SLAM/slam_ws/install/grid_map_cv:/home/williamfbx/SLAM/slam_ws/install/grid_map_msgs:/home/williamfbx/SLAM/slam_ws/install/grid_map_core:/home/williamfbx/SLAM/slam_ws/install/grid_map_cmake_helpers:${AMENT_PREFIX_PATH} CMAKE_PREFIX_PATH=/home/williamfbx/SLAM/slam_ws/install/grid_map_ros:/home/williamfbx/SLAM/slam_ws/install/grid_map_cv:/home/williamfbx/SLAM/slam_ws/install/grid_map_msgs:/home/williamfbx/SLAM/slam_ws/install/grid_map_core:/home/williamfbx/SLAM/slam_ws/install/grid_map_cmake_helpers:/home/williamfbx/SLAM/slam_ws/install/visualization:/home/williamfbx/SLAM/slam_ws/install/launcher:/home/williamfbx/SLAM/slam_ws/install/sensing:/home/williamfbx/SLAM/slam_ws/install/realsense2_description:/home/williamfbx/SLAM/slam_ws/install/realsense2_camera:/home/williamfbx/SLAM/slam_ws/install/realsense2_camera_msgs:/home/williamfbx/SLAM/slam_ws/install/realsense:/home/williamfbx/SLAM/slam_ws/install/mapping:/home/williamfbx/SLAM/slam_ws/install/localization:/opt/ros/humble LD_LIBRARY_PATH=/home/williamfbx/SLAM/slam_ws/install/grid_map_ros/lib:/home/williamfbx/SLAM/slam_ws/install/grid_map_cv/lib:/home/williamfbx/SLAM/slam_ws/install/grid_map_msgs/lib:/home/williamfbx/SLAM/slam_ws/install/grid_map_core/lib:${LD_LIBRARY_PATH} PYTHONPATH=/home/williamfbx/SLAM/slam_ws/install/grid_map_msgs/local/lib/python3.10/dist-packages:${PYTHONPATH} /usr/bin/cmake --build /home/williamfbx/SLAM/slam_ws/build/grid_map_rviz_plugin -- -j12 -l12
[53.578s] Invoking command in '/home/williamfbx/SLAM/slam_ws/build/grid_map_rviz_plugin': AMENT_PREFIX_PATH=/home/williamfbx/SLAM/slam_ws/install/grid_map_ros:/home/williamfbx/SLAM/slam_ws/install/grid_map_cv:/home/williamfbx/SLAM/slam_ws/install/grid_map_msgs:/home/williamfbx/SLAM/slam_ws/install/grid_map_core:/home/williamfbx/SLAM/slam_ws/install/grid_map_cmake_helpers:${AMENT_PREFIX_PATH} CMAKE_PREFIX_PATH=/home/williamfbx/SLAM/slam_ws/install/grid_map_ros:/home/williamfbx/SLAM/slam_ws/install/grid_map_cv:/home/williamfbx/SLAM/slam_ws/install/grid_map_msgs:/home/williamfbx/SLAM/slam_ws/install/grid_map_core:/home/williamfbx/SLAM/slam_ws/install/grid_map_cmake_helpers:/home/williamfbx/SLAM/slam_ws/install/visualization:/home/williamfbx/SLAM/slam_ws/install/launcher:/home/williamfbx/SLAM/slam_ws/install/sensing:/home/williamfbx/SLAM/slam_ws/install/realsense2_description:/home/williamfbx/SLAM/slam_ws/install/realsense2_camera:/home/williamfbx/SLAM/slam_ws/install/realsense2_camera_msgs:/home/williamfbx/SLAM/slam_ws/install/realsense:/home/williamfbx/SLAM/slam_ws/install/mapping:/home/williamfbx/SLAM/slam_ws/install/localization:/opt/ros/humble LD_LIBRARY_PATH=/home/williamfbx/SLAM/slam_ws/install/grid_map_ros/lib:/home/williamfbx/SLAM/slam_ws/install/grid_map_cv/lib:/home/williamfbx/SLAM/slam_ws/install/grid_map_msgs/lib:/home/williamfbx/SLAM/slam_ws/install/grid_map_core/lib:${LD_LIBRARY_PATH} PYTHONPATH=/home/williamfbx/SLAM/slam_ws/install/grid_map_msgs/local/lib/python3.10/dist-packages:${PYTHONPATH} /usr/bin/cmake --install /home/williamfbx/SLAM/slam_ws/build/grid_map_rviz_plugin
[53.595s] -- Install configuration: "Release"
[53.595s] -- Installing: /home/williamfbx/SLAM/slam_ws/install/grid_map_rviz_plugin/share/grid_map_rviz_plugin/plugin_description.xml
[53.602s] -- Installing: /home/williamfbx/SLAM/slam_ws/install/grid_map_rviz_plugin/include
[53.602s] -- Installing: /home/williamfbx/SLAM/slam_ws/install/grid_map_rviz_plugin/include/grid_map_rviz_plugin
[53.602s] -- Installing: /home/williamfbx/SLAM/slam_ws/install/grid_map_rviz_plugin/include/grid_map_rviz_plugin/GridMapVisual.hpp
[53.602s] -- Installing: /home/williamfbx/SLAM/slam_ws/install/grid_map_rviz_plugin/include/grid_map_rviz_plugin/GridMapDisplay.hpp
[53.602s] -- Installing: /home/williamfbx/SLAM/slam_ws/install/grid_map_rviz_plugin/lib/libgrid_map_rviz_plugin.so
[53.602s] -- Set runtime path of "/home/williamfbx/SLAM/slam_ws/install/grid_map_rviz_plugin/lib/libgrid_map_rviz_plugin.so" to ""
[53.602s] -- Up-to-date: /home/williamfbx/SLAM/slam_ws/install/grid_map_rviz_plugin/share/grid_map_rviz_plugin/plugin_description.xml
[53.602s] -- Installing: /home/williamfbx/SLAM/slam_ws/install/grid_map_rviz_plugin/share/grid_map_rviz_plugin/icons/icons
[53.602s] -- Installing: /home/williamfbx/SLAM/slam_ws/install/grid_map_rviz_plugin/share/grid_map_rviz_plugin/icons/icons/classes
[53.603s] -- Installing: /home/williamfbx/SLAM/slam_ws/install/grid_map_rviz_plugin/share/grid_map_rviz_plugin/icons/icons/classes/GridMap.png
[53.603s] -- Installing: /home/williamfbx/SLAM/slam_ws/install/grid_map_rviz_plugin/share/grid_map_rviz_plugin/doc
[53.603s] -- Installing: /home/williamfbx/SLAM/slam_ws/install/grid_map_rviz_plugin/share/grid_map_rviz_plugin/doc/grid_map_rviz_plugin.png
[53.606s] -- Installing: /home/williamfbx/SLAM/slam_ws/install/grid_map_rviz_plugin/share/grid_map_rviz_plugin/doc/grid_map_rviz_plugin_example.png
[53.608s] -- Installing: /home/williamfbx/SLAM/slam_ws/install/grid_map_rviz_plugin/share/grid_map_rviz_plugin/environment/library_path.sh
[53.608s] -- Installing: /home/williamfbx/SLAM/slam_ws/install/grid_map_rviz_plugin/share/grid_map_rviz_plugin/environment/library_path.dsv
[53.608s] -- Installing: /home/williamfbx/SLAM/slam_ws/install/grid_map_rviz_plugin/share/ament_index/resource_index/package_run_dependencies/grid_map_rviz_plugin
[53.608s] -- Installing: /home/williamfbx/SLAM/slam_ws/install/grid_map_rviz_plugin/share/ament_index/resource_index/parent_prefix_path/grid_map_rviz_plugin
[53.608s] -- Installing: /home/williamfbx/SLAM/slam_ws/install/grid_map_rviz_plugin/share/grid_map_rviz_plugin/environment/ament_prefix_path.sh
[53.608s] -- Installing: /home/williamfbx/SLAM/slam_ws/install/grid_map_rviz_plugin/share/grid_map_rviz_plugin/environment/ament_prefix_path.dsv
[53.609s] -- Installing: /home/williamfbx/SLAM/slam_ws/install/grid_map_rviz_plugin/share/grid_map_rviz_plugin/environment/path.sh
[53.609s] -- Installing: /home/williamfbx/SLAM/slam_ws/install/grid_map_rviz_plugin/share/grid_map_rviz_plugin/environment/path.dsv
[53.609s] -- Installing: /home/williamfbx/SLAM/slam_ws/install/grid_map_rviz_plugin/share/grid_map_rviz_plugin/local_setup.bash
[53.609s] -- Installing: /home/williamfbx/SLAM/slam_ws/install/grid_map_rviz_plugin/share/grid_map_rviz_plugin/local_setup.sh
[53.609s] -- Installing: /home/williamfbx/SLAM/slam_ws/install/grid_map_rviz_plugin/share/grid_map_rviz_plugin/local_setup.zsh
[53.612s] -- Installing: /home/williamfbx/SLAM/slam_ws/install/grid_map_rviz_plugin/share/grid_map_rviz_plugin/local_setup.dsv
[53.616s] -- Installing: /home/williamfbx/SLAM/slam_ws/install/grid_map_rviz_plugin/share/grid_map_rviz_plugin/package.dsv
[53.616s] -- Installing: /home/williamfbx/SLAM/slam_ws/install/grid_map_rviz_plugin/share/ament_index/resource_index/packages/grid_map_rviz_plugin
[53.616s] -- Installing: /home/williamfbx/SLAM/slam_ws/install/grid_map_rviz_plugin/share/ament_index/resource_index/rviz_common__pluginlib__plugin/grid_map_rviz_plugin
[53.616s] -- Installing: /home/williamfbx/SLAM/slam_ws/install/grid_map_rviz_plugin/share/grid_map_rviz_plugin/cmake/grid_map_rviz_pluginExport.cmake
[53.616s] -- Installing: /home/williamfbx/SLAM/slam_ws/install/grid_map_rviz_plugin/share/grid_map_rviz_plugin/cmake/grid_map_rviz_pluginExport-release.cmake
[53.616s] -- Installing: /home/williamfbx/SLAM/slam_ws/install/grid_map_rviz_plugin/share/grid_map_rviz_plugin/cmake/ament_cmake_export_include_directories-extras.cmake
[53.616s] -- Installing: /home/williamfbx/SLAM/slam_ws/install/grid_map_rviz_plugin/share/grid_map_rviz_plugin/cmake/ament_cmake_export_targets-extras.cmake
[53.616s] -- Installing: /home/williamfbx/SLAM/slam_ws/install/grid_map_rviz_plugin/share/grid_map_rviz_plugin/cmake/ament_cmake_export_dependencies-extras.cmake
[53.616s] -- Installing: /home/williamfbx/SLAM/slam_ws/install/grid_map_rviz_plugin/share/grid_map_rviz_plugin/cmake/grid_map_rviz_pluginConfig.cmake
[53.616s] -- Installing: /home/williamfbx/SLAM/slam_ws/install/grid_map_rviz_plugin/share/grid_map_rviz_plugin/cmake/grid_map_rviz_pluginConfig-version.cmake
[53.616s] -- Installing: /home/williamfbx/SLAM/slam_ws/install/grid_map_rviz_plugin/share/grid_map_rviz_plugin/package.xml
[53.620s] Invoked command in '/home/williamfbx/SLAM/slam_ws/build/grid_map_rviz_plugin' returned '0': AMENT_PREFIX_PATH=/home/williamfbx/SLAM/slam_ws/install/grid_map_ros:/home/williamfbx/SLAM/slam_ws/install/grid_map_cv:/home/williamfbx/SLAM/slam_ws/install/grid_map_msgs:/home/williamfbx/SLAM/slam_ws/install/grid_map_core:/home/williamfbx/SLAM/slam_ws/install/grid_map_cmake_helpers:${AMENT_PREFIX_PATH} CMAKE_PREFIX_PATH=/home/williamfbx/SLAM/slam_ws/install/grid_map_ros:/home/williamfbx/SLAM/slam_ws/install/grid_map_cv:/home/williamfbx/SLAM/slam_ws/install/grid_map_msgs:/home/williamfbx/SLAM/slam_ws/install/grid_map_core:/home/williamfbx/SLAM/slam_ws/install/grid_map_cmake_helpers:/home/williamfbx/SLAM/slam_ws/install/visualization:/home/williamfbx/SLAM/slam_ws/install/launcher:/home/williamfbx/SLAM/slam_ws/install/sensing:/home/williamfbx/SLAM/slam_ws/install/realsense2_description:/home/williamfbx/SLAM/slam_ws/install/realsense2_camera:/home/williamfbx/SLAM/slam_ws/install/realsense2_camera_msgs:/home/williamfbx/SLAM/slam_ws/install/realsense:/home/williamfbx/SLAM/slam_ws/install/mapping:/home/williamfbx/SLAM/slam_ws/install/localization:/opt/ros/humble LD_LIBRARY_PATH=/home/williamfbx/SLAM/slam_ws/install/grid_map_ros/lib:/home/williamfbx/SLAM/slam_ws/install/grid_map_cv/lib:/home/williamfbx/SLAM/slam_ws/install/grid_map_msgs/lib:/home/williamfbx/SLAM/slam_ws/install/grid_map_core/lib:${LD_LIBRARY_PATH} PYTHONPATH=/home/williamfbx/SLAM/slam_ws/install/grid_map_msgs/local/lib/python3.10/dist-packages:${PYTHONPATH} /usr/bin/cmake --install /home/williamfbx/SLAM/slam_ws/build/grid_map_rviz_plugin
