[0.030s] Invoking command in '/home/williamfbx/SLAM/slam_ws/build/grid_map_demos': AMENT_PREFIX_PATH=/home/williamfbx/SLAM/slam_ws/install/grid_map_visualization:/home/williamfbx/SLAM/slam_ws/install/grid_map_rviz_plugin:/home/williamfbx/SLAM/slam_ws/install/grid_map_loader:/home/williamfbx/SLAM/slam_ws/install/grid_map_filters:/home/williamfbx/SLAM/slam_ws/install/grid_map_ros:/home/williamfbx/SLAM/slam_ws/install/grid_map_octomap:/home/williamfbx/SLAM/slam_ws/install/grid_map_cv:/home/williamfbx/SLAM/slam_ws/install/grid_map_msgs:/home/williamfbx/SLAM/slam_ws/install/grid_map_core:/home/williamfbx/SLAM/slam_ws/install/grid_map_cmake_helpers:${AMENT_PREFIX_PATH} CMAKE_PREFIX_PATH=/home/williamfbx/SLAM/slam_ws/install/grid_map_visualization:/home/williamfbx/SLAM/slam_ws/install/grid_map_rviz_plugin:/home/williamfbx/SLAM/slam_ws/install/grid_map_loader:/home/williamfbx/SLAM/slam_ws/install/grid_map_filters:/home/williamfbx/SLAM/slam_ws/install/grid_map_ros:/home/williamfbx/SLAM/slam_ws/install/grid_map_octomap:/home/williamfbx/SLAM/slam_ws/install/grid_map_cv:/home/williamfbx/SLAM/slam_ws/install/grid_map_msgs:/home/williamfbx/SLAM/slam_ws/install/grid_map_core:/home/williamfbx/SLAM/slam_ws/install/grid_map_cmake_helpers:/opt/ros/humble LD_LIBRARY_PATH=/home/williamfbx/SLAM/slam_ws/install/grid_map_visualization/lib:/home/williamfbx/SLAM/slam_ws/install/grid_map_rviz_plugin/lib:/home/williamfbx/SLAM/slam_ws/install/grid_map_loader/lib:/home/williamfbx/SLAM/slam_ws/install/grid_map_filters/lib:/home/williamfbx/SLAM/slam_ws/install/grid_map_ros/lib:/home/williamfbx/SLAM/slam_ws/install/grid_map_octomap/lib:/home/williamfbx/SLAM/slam_ws/install/grid_map_cv/lib:/home/williamfbx/SLAM/slam_ws/install/grid_map_msgs/lib:/home/williamfbx/SLAM/slam_ws/install/grid_map_core/lib:${LD_LIBRARY_PATH} PYTHONPATH=/home/williamfbx/SLAM/slam_ws/install/grid_map_msgs/local/lib/python3.10/dist-packages:${PYTHONPATH} /usr/bin/cmake --build /home/williamfbx/SLAM/slam_ws/build/grid_map_demos -- -j12 -l12
[0.054s] -- Found ament_cmake: 1.3.11 (/opt/ros/humble/share/ament_cmake/cmake)
[0.156s] -- Found cv_bridge: 3.2.1 (/opt/ros/humble/share/cv_bridge/cmake)
[0.177s] -- Found rosidl_generator_c: 3.1.6 (/opt/ros/humble/share/rosidl_generator_c/cmake)
[0.179s] -- Found rosidl_adapter: 3.1.6 (/opt/ros/humble/share/rosidl_adapter/cmake)
[0.182s] -- Found rosidl_generator_cpp: 3.1.6 (/opt/ros/humble/share/rosidl_generator_cpp/cmake)
[0.189s] -- Using all available rosidl_typesupport_c: rosidl_typesupport_fastrtps_c;rosidl_typesupport_introspection_c
[0.196s] -- Using all available rosidl_typesupport_cpp: rosidl_typesupport_fastrtps_cpp;rosidl_typesupport_introspection_cpp
[0.231s] -- Found filters: 2.1.0 (/opt/ros/humble/share/filters/cmake)
[0.232s] -- Found grid_map_cmake_helpers: 2.0.1 (/home/williamfbx/SLAM/slam_ws/install/grid_map_cmake_helpers/share/grid_map_cmake_helpers/cmake)
[0.232s] -- Found grid_map_core: 2.0.1 (/home/williamfbx/SLAM/slam_ws/install/grid_map_core/share/grid_map_core/cmake)
[0.233s] -- Found grid_map_cv: 2.0.1 (/home/williamfbx/SLAM/slam_ws/install/grid_map_cv/share/grid_map_cv/cmake)
[0.261s] -- Found rmw_implementation_cmake: 6.1.2 (/opt/ros/humble/share/rmw_implementation_cmake/cmake)
[0.262s] -- Found rmw_fastrtps_cpp: 6.2.7 (/opt/ros/humble/share/rmw_fastrtps_cpp/cmake)
[0.275s] -- Found TinyXML2 via Config file: TinyXML2_DIR-NOTFOUND
[0.282s] -- Found TinyXML2 via Config file: TinyXML2_DIR-NOTFOUND
[0.297s] -- Found TinyXML2 via Config file: TinyXML2_DIR-NOTFOUND
[0.305s] -- Found TinyXML2 via Config file: TinyXML2_DIR-NOTFOUND
[0.316s] -- Using RMW implementation 'rmw_fastrtps_cpp' as default
[0.342s] -- Found grid_map_msgs: 2.0.1 (/home/williamfbx/SLAM/slam_ws/install/grid_map_msgs/share/grid_map_msgs/cmake)
[0.353s] -- Found grid_map_octomap: 2.0.1 (/home/williamfbx/SLAM/slam_ws/install/grid_map_octomap/share/grid_map_octomap/cmake)
[0.356s] -- Found grid_map_ros: 2.0.1 (/home/williamfbx/SLAM/slam_ws/install/grid_map_ros/share/grid_map_ros/cmake)
[0.422s] -- Found octomap_msgs: 2.0.1 (/opt/ros/humble/share/octomap_msgs/cmake)
[0.586s] -- Found ament_lint_auto: 0.12.11 (/opt/ros/humble/share/ament_lint_auto/cmake)
[0.643s] -- Added test 'cppcheck' to perform static code analysis on C / C++ code
[0.644s] -- Configured cppcheck include dirs: /home/williamfbx/SLAM/slam_ws/src/drivers/grid_map/grid_map_demos/include
[0.644s] -- Configured cppcheck exclude dirs and/or files: 
[0.645s] -- Added test 'flake8' to check Python code syntax and style conventions
[0.645s] -- Added test 'lint_cmake' to check CMake code style
[0.646s] -- Added test 'pep257' to check Python code against some of the docstring style conventions in PEP 257
[0.647s] -- Added test 'uncrustify' to check C / C++ code style
[0.647s] -- Configured uncrustify additional arguments: 
[0.647s] -- Added test 'xmllint' to check XML markup files
[0.650s] -- Configuring done
[0.829s] -- Generating done
[0.858s] -- Build files have been written to: /home/williamfbx/SLAM/slam_ws/build/grid_map_demos
[0.891s] [35m[1mConsolidate compiler generated dependencies of target iterator_benchmark[0m
[0.891s] [35m[1mConsolidate compiler generated dependencies of target simple_demo[0m
[0.893s] [35m[1mConsolidate compiler generated dependencies of target resolution_change_demo[0m
[0.893s] [35m[1mConsolidate compiler generated dependencies of target tutorial_demo[0m
[0.893s] [35m[1mConsolidate compiler generated dependencies of target move_demo[0m
[0.893s] [35m[1mConsolidate compiler generated dependencies of target filters_demo_lib[0m
[0.894s] [35m[1mConsolidate compiler generated dependencies of target iterators_demo[0m
[0.897s] [35m[1mConsolidate compiler generated dependencies of target opencv_demo[0m
[0.897s] [35m[1mConsolidate compiler generated dependencies of target octomap_to_gridmap_demo[0m
[0.897s] [35m[1mConsolidate compiler generated dependencies of target image_to_gridmap_demo[0m
[0.899s] [35m[1mConsolidate compiler generated dependencies of target interpolation_demo[0m
[0.902s] [35m[1mConsolidate compiler generated dependencies of target normal_filter_comparison_demo[0m
[0.912s] [  3%] [32mBuilding CXX object CMakeFiles/iterator_benchmark.dir/src/iterator_benchmark.cpp.o[0m
[0.917s] [  6%] [32mBuilding CXX object CMakeFiles/simple_demo.dir/src/simple_demo_node.cpp.o[0m
[0.917s] [ 10%] [32mBuilding CXX object CMakeFiles/tutorial_demo.dir/src/tutorial_demo_node.cpp.o[0m
[0.917s] [ 13%] [32mBuilding CXX object CMakeFiles/move_demo.dir/src/move_demo_node.cpp.o[0m
[0.920s] [ 16%] [32mBuilding CXX object CMakeFiles/resolution_change_demo.dir/src/resolution_change_demo_node.cpp.o[0m
[0.923s] [ 20%] [32mBuilding CXX object CMakeFiles/filters_demo_lib.dir/src/FiltersDemo.cpp.o[0m
[0.925s] [ 23%] [32mBuilding CXX object CMakeFiles/iterators_demo.dir/src/iterators_demo_node.cpp.o[0m
[0.926s] [ 26%] [32mBuilding CXX object CMakeFiles/image_to_gridmap_demo.dir/src/image_to_gridmap_demo_node.cpp.o[0m
[0.929s] [ 30%] [32mBuilding CXX object CMakeFiles/opencv_demo.dir/src/opencv_demo_node.cpp.o[0m
[0.936s] [ 33%] [32mBuilding CXX object CMakeFiles/octomap_to_gridmap_demo.dir/src/octomap_to_gridmap_demo_node.cpp.o[0m
[0.936s] [ 36%] [32mBuilding CXX object CMakeFiles/interpolation_demo.dir/src/interpolation_demo_node.cpp.o[0m
[0.936s] [ 40%] [32mBuilding CXX object CMakeFiles/normal_filter_comparison_demo.dir/src/normal_filter_comparison_node.cpp.o[0m
[14.782s] [ 43%] [32m[1mLinking CXX executable iterator_benchmark[0m
[15.049s] [ 43%] Built target iterator_benchmark
[15.078s] [ 46%] [32mBuilding CXX object CMakeFiles/interpolation_demo.dir/src/InterpolationDemo.cpp.o[0m
[44.822s] [ 50%] [32mBuilding CXX object CMakeFiles/iterators_demo.dir/src/IteratorsDemo.cpp.o[0m
[45.507s] [ 53%] [32mBuilding CXX object CMakeFiles/octomap_to_gridmap_demo.dir/src/OctomapToGridmapDemo.cpp.o[0m
[46.405s] [ 56%] [32mBuilding CXX object CMakeFiles/image_to_gridmap_demo.dir/src/ImageToGridmapDemo.cpp.o[0m
[69.166s] [ 60%] [32m[1mLinking CXX executable opencv_demo[0m
[70.051s] [ 60%] Built target opencv_demo
[70.660s] [ 63%] [32m[1mLinking CXX executable move_demo[0m
[71.335s] [ 66%] [32m[1mLinking CXX executable resolution_change_demo[0m
[71.335s] [ 66%] Built target move_demo
[71.716s] [ 70%] [32m[1mLinking CXX executable simple_demo[0m
[71.820s] [ 70%] Built target resolution_change_demo
[72.463s] [ 70%] Built target simple_demo
[74.681s] [ 73%] [32m[1mLinking CXX executable tutorial_demo[0m
[75.392s] [ 73%] Built target tutorial_demo
[79.710s] [ 76%] [32m[1mLinking CXX executable interpolation_demo[0m
[80.363s] [ 76%] Built target interpolation_demo
[95.649s] [ 80%] [32m[1mLinking CXX executable normal_filter_comparison_demo[0m
[96.070s] [ 80%] Built target normal_filter_comparison_demo
[96.782s] [ 83%] [32m[1mLinking CXX executable iterators_demo[0m
[97.162s] [ 83%] Built target iterators_demo
[108.890s] [ 86%] [32m[1mLinking CXX executable octomap_to_gridmap_demo[0m
[109.292s] [ 86%] Built target octomap_to_gridmap_demo
[117.513s] [ 90%] [32m[1mLinking CXX executable image_to_gridmap_demo[0m
[117.881s] [ 90%] Built target image_to_gridmap_demo
[119.558s] [ 93%] [32m[1mLinking CXX shared library libfilters_demo_lib.so[0m
[119.737s] [ 93%] Built target filters_demo_lib
[119.748s] [35m[1mConsolidate compiler generated dependencies of target filters_demo[0m
[119.774s] [ 96%] [32mBuilding CXX object CMakeFiles/filters_demo.dir/src/filters_demo_node.cpp.o[0m
[144.644s] [100%] [32m[1mLinking CXX executable filters_demo[0m
[144.976s] [100%] Built target filters_demo
[144.991s] Invoked command in '/home/williamfbx/SLAM/slam_ws/build/grid_map_demos' returned '0': AMENT_PREFIX_PATH=/home/williamfbx/SLAM/slam_ws/install/grid_map_visualization:/home/williamfbx/SLAM/slam_ws/install/grid_map_rviz_plugin:/home/williamfbx/SLAM/slam_ws/install/grid_map_loader:/home/williamfbx/SLAM/slam_ws/install/grid_map_filters:/home/williamfbx/SLAM/slam_ws/install/grid_map_ros:/home/williamfbx/SLAM/slam_ws/install/grid_map_octomap:/home/williamfbx/SLAM/slam_ws/install/grid_map_cv:/home/williamfbx/SLAM/slam_ws/install/grid_map_msgs:/home/williamfbx/SLAM/slam_ws/install/grid_map_core:/home/williamfbx/SLAM/slam_ws/install/grid_map_cmake_helpers:${AMENT_PREFIX_PATH} CMAKE_PREFIX_PATH=/home/williamfbx/SLAM/slam_ws/install/grid_map_visualization:/home/williamfbx/SLAM/slam_ws/install/grid_map_rviz_plugin:/home/williamfbx/SLAM/slam_ws/install/grid_map_loader:/home/williamfbx/SLAM/slam_ws/install/grid_map_filters:/home/williamfbx/SLAM/slam_ws/install/grid_map_ros:/home/williamfbx/SLAM/slam_ws/install/grid_map_octomap:/home/williamfbx/SLAM/slam_ws/install/grid_map_cv:/home/williamfbx/SLAM/slam_ws/install/grid_map_msgs:/home/williamfbx/SLAM/slam_ws/install/grid_map_core:/home/williamfbx/SLAM/slam_ws/install/grid_map_cmake_helpers:/opt/ros/humble LD_LIBRARY_PATH=/home/williamfbx/SLAM/slam_ws/install/grid_map_visualization/lib:/home/williamfbx/SLAM/slam_ws/install/grid_map_rviz_plugin/lib:/home/williamfbx/SLAM/slam_ws/install/grid_map_loader/lib:/home/williamfbx/SLAM/slam_ws/install/grid_map_filters/lib:/home/williamfbx/SLAM/slam_ws/install/grid_map_ros/lib:/home/williamfbx/SLAM/slam_ws/install/grid_map_octomap/lib:/home/williamfbx/SLAM/slam_ws/install/grid_map_cv/lib:/home/williamfbx/SLAM/slam_ws/install/grid_map_msgs/lib:/home/williamfbx/SLAM/slam_ws/install/grid_map_core/lib:${LD_LIBRARY_PATH} PYTHONPATH=/home/williamfbx/SLAM/slam_ws/install/grid_map_msgs/local/lib/python3.10/dist-packages:${PYTHONPATH} /usr/bin/cmake --build /home/williamfbx/SLAM/slam_ws/build/grid_map_demos -- -j12 -l12
[144.994s] Invoking command in '/home/williamfbx/SLAM/slam_ws/build/grid_map_demos': AMENT_PREFIX_PATH=/home/williamfbx/SLAM/slam_ws/install/grid_map_visualization:/home/williamfbx/SLAM/slam_ws/install/grid_map_rviz_plugin:/home/williamfbx/SLAM/slam_ws/install/grid_map_loader:/home/williamfbx/SLAM/slam_ws/install/grid_map_filters:/home/williamfbx/SLAM/slam_ws/install/grid_map_ros:/home/williamfbx/SLAM/slam_ws/install/grid_map_octomap:/home/williamfbx/SLAM/slam_ws/install/grid_map_cv:/home/williamfbx/SLAM/slam_ws/install/grid_map_msgs:/home/williamfbx/SLAM/slam_ws/install/grid_map_core:/home/williamfbx/SLAM/slam_ws/install/grid_map_cmake_helpers:${AMENT_PREFIX_PATH} CMAKE_PREFIX_PATH=/home/williamfbx/SLAM/slam_ws/install/grid_map_visualization:/home/williamfbx/SLAM/slam_ws/install/grid_map_rviz_plugin:/home/williamfbx/SLAM/slam_ws/install/grid_map_loader:/home/williamfbx/SLAM/slam_ws/install/grid_map_filters:/home/williamfbx/SLAM/slam_ws/install/grid_map_ros:/home/williamfbx/SLAM/slam_ws/install/grid_map_octomap:/home/williamfbx/SLAM/slam_ws/install/grid_map_cv:/home/williamfbx/SLAM/slam_ws/install/grid_map_msgs:/home/williamfbx/SLAM/slam_ws/install/grid_map_core:/home/williamfbx/SLAM/slam_ws/install/grid_map_cmake_helpers:/opt/ros/humble LD_LIBRARY_PATH=/home/williamfbx/SLAM/slam_ws/install/grid_map_visualization/lib:/home/williamfbx/SLAM/slam_ws/install/grid_map_rviz_plugin/lib:/home/williamfbx/SLAM/slam_ws/install/grid_map_loader/lib:/home/williamfbx/SLAM/slam_ws/install/grid_map_filters/lib:/home/williamfbx/SLAM/slam_ws/install/grid_map_ros/lib:/home/williamfbx/SLAM/slam_ws/install/grid_map_octomap/lib:/home/williamfbx/SLAM/slam_ws/install/grid_map_cv/lib:/home/williamfbx/SLAM/slam_ws/install/grid_map_msgs/lib:/home/williamfbx/SLAM/slam_ws/install/grid_map_core/lib:${LD_LIBRARY_PATH} PYTHONPATH=/home/williamfbx/SLAM/slam_ws/install/grid_map_msgs/local/lib/python3.10/dist-packages:${PYTHONPATH} /usr/bin/cmake --install /home/williamfbx/SLAM/slam_ws/build/grid_map_demos
[145.005s] -- Install configuration: "Release"
[145.006s] -- Installing: /home/williamfbx/SLAM/slam_ws/install/grid_map_demos/lib/grid_map_demos/filters_demo
[145.007s] -- Set runtime path of "/home/williamfbx/SLAM/slam_ws/install/grid_map_demos/lib/grid_map_demos/filters_demo" to ""
[145.008s] -- Installing: /home/williamfbx/SLAM/slam_ws/install/grid_map_demos/lib/libfilters_demo_lib.so
[145.009s] -- Set runtime path of "/home/williamfbx/SLAM/slam_ws/install/grid_map_demos/lib/libfilters_demo_lib.so" to ""
[145.010s] -- Installing: /home/williamfbx/SLAM/slam_ws/install/grid_map_demos/lib/grid_map_demos/image_to_gridmap_demo
[145.011s] -- Set runtime path of "/home/williamfbx/SLAM/slam_ws/install/grid_map_demos/lib/grid_map_demos/image_to_gridmap_demo" to ""
[145.011s] -- Installing: /home/williamfbx/SLAM/slam_ws/install/grid_map_demos/lib/grid_map_demos/interpolation_demo
[145.012s] -- Set runtime path of "/home/williamfbx/SLAM/slam_ws/install/grid_map_demos/lib/grid_map_demos/interpolation_demo" to ""
[145.013s] -- Installing: /home/williamfbx/SLAM/slam_ws/install/grid_map_demos/lib/grid_map_demos/iterator_benchmark
[145.014s] -- Installing: /home/williamfbx/SLAM/slam_ws/install/grid_map_demos/lib/grid_map_demos/iterators_demo
[145.014s] -- Set runtime path of "/home/williamfbx/SLAM/slam_ws/install/grid_map_demos/lib/grid_map_demos/iterators_demo" to ""
[145.015s] -- Installing: /home/williamfbx/SLAM/slam_ws/install/grid_map_demos/lib/grid_map_demos/move_demo
[145.015s] -- Set runtime path of "/home/williamfbx/SLAM/slam_ws/install/grid_map_demos/lib/grid_map_demos/move_demo" to ""
[145.016s] -- Installing: /home/williamfbx/SLAM/slam_ws/install/grid_map_demos/lib/grid_map_demos/normal_filter_comparison_demo
[145.017s] -- Set runtime path of "/home/williamfbx/SLAM/slam_ws/install/grid_map_demos/lib/grid_map_demos/normal_filter_comparison_demo" to ""
[145.018s] -- Installing: /home/williamfbx/SLAM/slam_ws/install/grid_map_demos/lib/grid_map_demos/octomap_to_gridmap_demo
[145.018s] -- Set runtime path of "/home/williamfbx/SLAM/slam_ws/install/grid_map_demos/lib/grid_map_demos/octomap_to_gridmap_demo" to ""
[145.019s] -- Installing: /home/williamfbx/SLAM/slam_ws/install/grid_map_demos/lib/grid_map_demos/opencv_demo
[145.020s] -- Set runtime path of "/home/williamfbx/SLAM/slam_ws/install/grid_map_demos/lib/grid_map_demos/opencv_demo" to ""
[145.020s] -- Installing: /home/williamfbx/SLAM/slam_ws/install/grid_map_demos/lib/grid_map_demos/resolution_change_demo
[145.021s] -- Set runtime path of "/home/williamfbx/SLAM/slam_ws/install/grid_map_demos/lib/grid_map_demos/resolution_change_demo" to ""
[145.022s] -- Installing: /home/williamfbx/SLAM/slam_ws/install/grid_map_demos/lib/grid_map_demos/simple_demo
[145.022s] -- Set runtime path of "/home/williamfbx/SLAM/slam_ws/install/grid_map_demos/lib/grid_map_demos/simple_demo" to ""
[145.023s] -- Installing: /home/williamfbx/SLAM/slam_ws/install/grid_map_demos/lib/grid_map_demos/tutorial_demo
[145.023s] -- Set runtime path of "/home/williamfbx/SLAM/slam_ws/install/grid_map_demos/lib/grid_map_demos/tutorial_demo" to ""
[145.023s] -- Up-to-date: /home/williamfbx/SLAM/slam_ws/install/grid_map_demos/share/grid_map_demos/config
[145.023s] -- Up-to-date: /home/williamfbx/SLAM/slam_ws/install/grid_map_demos/share/grid_map_demos/config/interpolation_demo.yaml
[145.023s] -- Up-to-date: /home/williamfbx/SLAM/slam_ws/install/grid_map_demos/share/grid_map_demos/config/grid_map_loader_demo.yaml
[145.023s] -- Up-to-date: /home/williamfbx/SLAM/slam_ws/install/grid_map_demos/share/grid_map_demos/config/octomap_to_gridmap_demo.yaml
[145.023s] -- Up-to-date: /home/williamfbx/SLAM/slam_ws/install/grid_map_demos/share/grid_map_demos/config/image_to_gridmap_demo.yaml
[145.024s] -- Up-to-date: /home/williamfbx/SLAM/slam_ws/install/grid_map_demos/share/grid_map_demos/config/opencv_demo.yaml
[145.024s] -- Up-to-date: /home/williamfbx/SLAM/slam_ws/install/grid_map_demos/share/grid_map_demos/config/tutorial_demo.yaml
[145.024s] -- Up-to-date: /home/williamfbx/SLAM/slam_ws/install/grid_map_demos/share/grid_map_demos/config/simple_demo.yaml
[145.024s] -- Up-to-date: /home/williamfbx/SLAM/slam_ws/install/grid_map_demos/share/grid_map_demos/config/filters_demo_filter_chain.yaml
[145.024s] -- Up-to-date: /home/williamfbx/SLAM/slam_ws/install/grid_map_demos/share/grid_map_demos/config/iterators_demo.yaml
[145.024s] -- Up-to-date: /home/williamfbx/SLAM/slam_ws/install/grid_map_demos/share/grid_map_demos/config/resolution_change_demo.yaml
[145.024s] -- Up-to-date: /home/williamfbx/SLAM/slam_ws/install/grid_map_demos/share/grid_map_demos/config/normal_filter_comparison_visualization.yaml
[145.024s] -- Up-to-date: /home/williamfbx/SLAM/slam_ws/install/grid_map_demos/share/grid_map_demos/config/normal_filter_comparison.yaml
[145.024s] -- Up-to-date: /home/williamfbx/SLAM/slam_ws/install/grid_map_demos/share/grid_map_demos/config/filters_demo.yaml
[145.024s] -- Up-to-date: /home/williamfbx/SLAM/slam_ws/install/grid_map_demos/share/grid_map_demos/config/move_demo.yaml
[145.024s] -- Up-to-date: /home/williamfbx/SLAM/slam_ws/install/grid_map_demos/share/grid_map_demos/data
[145.024s] -- Up-to-date: /home/williamfbx/SLAM/slam_ws/install/grid_map_demos/share/grid_map_demos/data/terrain.png
[145.024s] -- Up-to-date: /home/williamfbx/SLAM/slam_ws/install/grid_map_demos/share/grid_map_demos/data/linearGradient_oblique_only.png
[145.024s] -- Up-to-date: /home/williamfbx/SLAM/slam_ws/install/grid_map_demos/share/grid_map_demos/data/radialGradient_ellipse.png
[145.024s] -- Up-to-date: /home/williamfbx/SLAM/slam_ws/install/grid_map_demos/share/grid_map_demos/data/linearGradient_oblique_and_flat.png
[145.024s] -- Up-to-date: /home/williamfbx/SLAM/slam_ws/install/grid_map_demos/share/grid_map_demos/data/linearGradient_vertical.png
[145.024s] -- Up-to-date: /home/williamfbx/SLAM/slam_ws/install/grid_map_demos/share/grid_map_demos/data/eth_logo.png
[145.024s] -- Up-to-date: /home/williamfbx/SLAM/slam_ws/install/grid_map_demos/share/grid_map_demos/data/linearGradient_horizontal.png
[145.024s] -- Up-to-date: /home/williamfbx/SLAM/slam_ws/install/grid_map_demos/share/grid_map_demos/data/freiburg1_360.bt
[145.024s] -- Up-to-date: /home/williamfbx/SLAM/slam_ws/install/grid_map_demos/share/grid_map_demos/data/radialGradient_circle.png
[145.025s] -- Up-to-date: /home/williamfbx/SLAM/slam_ws/install/grid_map_demos/share/grid_map_demos/data/radialGradient_horizontal.png
[145.025s] -- Up-to-date: /home/williamfbx/SLAM/slam_ws/install/grid_map_demos/share/grid_map_demos/data/grid_map_bag
[145.025s] -- Up-to-date: /home/williamfbx/SLAM/slam_ws/install/grid_map_demos/share/grid_map_demos/data/grid_map_bag/metadata.yaml
[145.025s] -- Up-to-date: /home/williamfbx/SLAM/slam_ws/install/grid_map_demos/share/grid_map_demos/data/grid_map_bag/grid_map_bag.db3
[145.025s] -- Up-to-date: /home/williamfbx/SLAM/slam_ws/install/grid_map_demos/share/grid_map_demos/doc
[145.025s] -- Up-to-date: /home/williamfbx/SLAM/slam_ws/install/grid_map_demos/share/grid_map_demos/doc/image_to_grid_map_demo_result.png
[145.025s] -- Up-to-date: /home/williamfbx/SLAM/slam_ws/install/grid_map_demos/share/grid_map_demos/doc/filters_demo.gif
[145.025s] -- Up-to-date: /home/williamfbx/SLAM/slam_ws/install/grid_map_demos/share/grid_map_demos/doc/opencv_demo_result.gif
[145.025s] -- Up-to-date: /home/williamfbx/SLAM/slam_ws/install/grid_map_demos/share/grid_map_demos/doc/filters_demo_preview.gif
[145.025s] -- Up-to-date: /home/williamfbx/SLAM/slam_ws/install/grid_map_demos/share/grid_map_demos/launch
[145.025s] -- Up-to-date: /home/williamfbx/SLAM/slam_ws/install/grid_map_demos/share/grid_map_demos/launch/octomap_to_gridmap_demo_launch.py
[145.025s] -- Up-to-date: /home/williamfbx/SLAM/slam_ws/install/grid_map_demos/share/grid_map_demos/launch/simple_demo_launch.py
[145.025s] -- Up-to-date: /home/williamfbx/SLAM/slam_ws/install/grid_map_demos/share/grid_map_demos/launch/iterators_demo_launch.py
[145.025s] -- Up-to-date: /home/williamfbx/SLAM/slam_ws/install/grid_map_demos/share/grid_map_demos/launch/normal_filter_comparison_launch.py
[145.025s] -- Up-to-date: /home/williamfbx/SLAM/slam_ws/install/grid_map_demos/share/grid_map_demos/launch/grid_map_loader_demo_launch.py
[145.025s] -- Up-to-date: /home/williamfbx/SLAM/slam_ws/install/grid_map_demos/share/grid_map_demos/launch/interpolation_demo_launch.py
[145.025s] -- Up-to-date: /home/williamfbx/SLAM/slam_ws/install/grid_map_demos/share/grid_map_demos/launch/image_to_gridmap_demo_launch.py
[145.025s] -- Up-to-date: /home/williamfbx/SLAM/slam_ws/install/grid_map_demos/share/grid_map_demos/launch/tutorial_demo_launch.py
[145.025s] -- Up-to-date: /home/williamfbx/SLAM/slam_ws/install/grid_map_demos/share/grid_map_demos/launch/resolution_change_demo_launch.py
[145.025s] -- Up-to-date: /home/williamfbx/SLAM/slam_ws/install/grid_map_demos/share/grid_map_demos/launch/opencv_demo_launch.py
[145.025s] -- Up-to-date: /home/williamfbx/SLAM/slam_ws/install/grid_map_demos/share/grid_map_demos/launch/filters_demo_launch.py
[145.025s] -- Up-to-date: /home/williamfbx/SLAM/slam_ws/install/grid_map_demos/share/grid_map_demos/launch/move_demo_launch.py
[145.025s] -- Up-to-date: /home/williamfbx/SLAM/slam_ws/install/grid_map_demos/share/grid_map_demos/rviz
[145.025s] -- Up-to-date: /home/williamfbx/SLAM/slam_ws/install/grid_map_demos/share/grid_map_demos/rviz/interpolation_demo.rviz
[145.026s] -- Up-to-date: /home/williamfbx/SLAM/slam_ws/install/grid_map_demos/share/grid_map_demos/rviz/normal_filter_comparison_demo.rviz
[145.026s] -- Up-to-date: /home/williamfbx/SLAM/slam_ws/install/grid_map_demos/share/grid_map_demos/rviz/octomap_to_gridmap_demo.rviz
[145.026s] -- Up-to-date: /home/williamfbx/SLAM/slam_ws/install/grid_map_demos/share/grid_map_demos/rviz/filters_demo.rviz
[145.026s] -- Up-to-date: /home/williamfbx/SLAM/slam_ws/install/grid_map_demos/share/grid_map_demos/rviz/grid_map_demo.rviz
[145.026s] -- Up-to-date: /home/williamfbx/SLAM/slam_ws/install/grid_map_demos/share/grid_map_demos/rviz/grid_map_iterators_demo.rviz
[145.026s] -- Up-to-date: /home/williamfbx/SLAM/slam_ws/install/grid_map_demos/lib/grid_map_demos/image_publisher.py
[145.026s] -- Up-to-date: /home/williamfbx/SLAM/slam_ws/install/grid_map_demos/share/ament_index/resource_index/package_run_dependencies/grid_map_demos
[145.026s] -- Installing: /home/williamfbx/SLAM/slam_ws/install/grid_map_demos/share/ament_index/resource_index/parent_prefix_path/grid_map_demos
[145.026s] -- Up-to-date: /home/williamfbx/SLAM/slam_ws/install/grid_map_demos/share/grid_map_demos/environment/ament_prefix_path.sh
[145.026s] -- Installing: /home/williamfbx/SLAM/slam_ws/install/grid_map_demos/share/grid_map_demos/environment/ament_prefix_path.dsv
[145.026s] -- Up-to-date: /home/williamfbx/SLAM/slam_ws/install/grid_map_demos/share/grid_map_demos/environment/path.sh
[145.026s] -- Installing: /home/williamfbx/SLAM/slam_ws/install/grid_map_demos/share/grid_map_demos/environment/path.dsv
[145.026s] -- Up-to-date: /home/williamfbx/SLAM/slam_ws/install/grid_map_demos/share/grid_map_demos/local_setup.bash
[145.026s] -- Up-to-date: /home/williamfbx/SLAM/slam_ws/install/grid_map_demos/share/grid_map_demos/local_setup.sh
[145.026s] -- Up-to-date: /home/williamfbx/SLAM/slam_ws/install/grid_map_demos/share/grid_map_demos/local_setup.zsh
[145.026s] -- Installing: /home/williamfbx/SLAM/slam_ws/install/grid_map_demos/share/grid_map_demos/local_setup.dsv
[145.026s] -- Installing: /home/williamfbx/SLAM/slam_ws/install/grid_map_demos/share/grid_map_demos/package.dsv
[145.026s] -- Up-to-date: /home/williamfbx/SLAM/slam_ws/install/grid_map_demos/share/ament_index/resource_index/packages/grid_map_demos
[145.026s] -- Up-to-date: /home/williamfbx/SLAM/slam_ws/install/grid_map_demos/share/grid_map_demos/cmake/ament_cmake_export_include_directories-extras.cmake
[145.026s] -- Up-to-date: /home/williamfbx/SLAM/slam_ws/install/grid_map_demos/share/grid_map_demos/cmake/grid_map_demosConfig.cmake
[145.026s] -- Up-to-date: /home/williamfbx/SLAM/slam_ws/install/grid_map_demos/share/grid_map_demos/cmake/grid_map_demosConfig-version.cmake
[145.026s] -- Up-to-date: /home/williamfbx/SLAM/slam_ws/install/grid_map_demos/share/grid_map_demos/package.xml
[145.027s] Invoked command in '/home/williamfbx/SLAM/slam_ws/build/grid_map_demos' returned '0': AMENT_PREFIX_PATH=/home/williamfbx/SLAM/slam_ws/install/grid_map_visualization:/home/williamfbx/SLAM/slam_ws/install/grid_map_rviz_plugin:/home/williamfbx/SLAM/slam_ws/install/grid_map_loader:/home/williamfbx/SLAM/slam_ws/install/grid_map_filters:/home/williamfbx/SLAM/slam_ws/install/grid_map_ros:/home/williamfbx/SLAM/slam_ws/install/grid_map_octomap:/home/williamfbx/SLAM/slam_ws/install/grid_map_cv:/home/williamfbx/SLAM/slam_ws/install/grid_map_msgs:/home/williamfbx/SLAM/slam_ws/install/grid_map_core:/home/williamfbx/SLAM/slam_ws/install/grid_map_cmake_helpers:${AMENT_PREFIX_PATH} CMAKE_PREFIX_PATH=/home/williamfbx/SLAM/slam_ws/install/grid_map_visualization:/home/williamfbx/SLAM/slam_ws/install/grid_map_rviz_plugin:/home/williamfbx/SLAM/slam_ws/install/grid_map_loader:/home/williamfbx/SLAM/slam_ws/install/grid_map_filters:/home/williamfbx/SLAM/slam_ws/install/grid_map_ros:/home/williamfbx/SLAM/slam_ws/install/grid_map_octomap:/home/williamfbx/SLAM/slam_ws/install/grid_map_cv:/home/williamfbx/SLAM/slam_ws/install/grid_map_msgs:/home/williamfbx/SLAM/slam_ws/install/grid_map_core:/home/williamfbx/SLAM/slam_ws/install/grid_map_cmake_helpers:/opt/ros/humble LD_LIBRARY_PATH=/home/williamfbx/SLAM/slam_ws/install/grid_map_visualization/lib:/home/williamfbx/SLAM/slam_ws/install/grid_map_rviz_plugin/lib:/home/williamfbx/SLAM/slam_ws/install/grid_map_loader/lib:/home/williamfbx/SLAM/slam_ws/install/grid_map_filters/lib:/home/williamfbx/SLAM/slam_ws/install/grid_map_ros/lib:/home/williamfbx/SLAM/slam_ws/install/grid_map_octomap/lib:/home/williamfbx/SLAM/slam_ws/install/grid_map_cv/lib:/home/williamfbx/SLAM/slam_ws/install/grid_map_msgs/lib:/home/williamfbx/SLAM/slam_ws/install/grid_map_core/lib:${LD_LIBRARY_PATH} PYTHONPATH=/home/williamfbx/SLAM/slam_ws/install/grid_map_msgs/local/lib/python3.10/dist-packages:${PYTHONPATH} /usr/bin/cmake --install /home/williamfbx/SLAM/slam_ws/build/grid_map_demos
