[0.034s] Invoking command in '/home/williamfbx/SLAM/slam_ws/build/kindr': CMAKE_PREFIX_PATH=${CMAKE_PREFIX_PATH}:/opt/ros/humble /usr/bin/cmake --build /home/williamfbx/SLAM/slam_ws/build/kindr -- -j12 -l12
[0.085s] [  5%] Built target gtest
[0.089s] [ 11%] Built target gtest_main
[0.157s] [100%] Built target test_kindr
[0.201s] Invoked command in '/home/williamfbx/SLAM/slam_ws/build/kindr' returned '0': CMAKE_PREFIX_PATH=${CMAKE_PREFIX_PATH}:/opt/ros/humble /usr/bin/cmake --build /home/williamfbx/SLAM/slam_ws/build/kindr -- -j12 -l12
[0.202s] Invoking command in '/home/williamfbx/SLAM/slam_ws/build/kindr': CMAKE_PREFIX_PATH=${CMAKE_PREFIX_PATH}:/opt/ros/humble /usr/bin/cmake --install /home/williamfbx/SLAM/slam_ws/build/kindr
[0.215s] -- Install configuration: ""
[0.215s] -- Up-to-date: /home/williamfbx/SLAM/slam_ws/install/kindr/include/kindr
[0.216s] -- Up-to-date: /home/williamfbx/SLAM/slam_ws/install/kindr/include/kindr/kindr
[0.216s] -- Up-to-date: /home/williamfbx/SLAM/slam_ws/install/kindr/include/kindr/kindr/vectors
[0.216s] -- Up-to-date: /home/williamfbx/SLAM/slam_ws/install/kindr/include/kindr/kindr/vectors/Vector.hpp
[0.217s] -- Up-to-date: /home/williamfbx/SLAM/slam_ws/install/kindr/include/kindr/kindr/vectors/VectorBase.hpp
[0.217s] -- Up-to-date: /home/williamfbx/SLAM/slam_ws/install/kindr/include/kindr/kindr/math
[0.217s] -- Up-to-date: /home/williamfbx/SLAM/slam_ws/install/kindr/include/kindr/kindr/math/LinearAlgebra.hpp
[0.217s] -- Up-to-date: /home/williamfbx/SLAM/slam_ws/install/kindr/include/kindr/kindr/Core
[0.217s] -- Up-to-date: /home/williamfbx/SLAM/slam_ws/install/kindr/include/kindr/kindr/common
[0.217s] -- Up-to-date: /home/williamfbx/SLAM/slam_ws/install/kindr/include/kindr/kindr/common/source_file_pos.hpp
[0.217s] -- Up-to-date: /home/williamfbx/SLAM/slam_ws/install/kindr/include/kindr/kindr/common/common.hpp
[0.217s] -- Up-to-date: /home/williamfbx/SLAM/slam_ws/install/kindr/include/kindr/kindr/common/assert_macros_eigen.hpp
[0.217s] -- Up-to-date: /home/williamfbx/SLAM/slam_ws/install/kindr/include/kindr/kindr/common/assert_macros.hpp
[0.218s] -- Up-to-date: /home/williamfbx/SLAM/slam_ws/install/kindr/include/kindr/kindr/common/gtest_eigen.hpp
[0.218s] -- Up-to-date: /home/williamfbx/SLAM/slam_ws/install/kindr/include/kindr/kindr/quaternions
[0.218s] -- Up-to-date: /home/williamfbx/SLAM/slam_ws/install/kindr/include/kindr/kindr/quaternions/QuaternionBase.hpp
[0.218s] -- Up-to-date: /home/williamfbx/SLAM/slam_ws/install/kindr/include/kindr/kindr/quaternions/Quaternion.hpp
[0.218s] -- Up-to-date: /home/williamfbx/SLAM/slam_ws/install/kindr/include/kindr/kindr/poses
[0.218s] -- Up-to-date: /home/williamfbx/SLAM/slam_ws/install/kindr/include/kindr/kindr/poses/PoseDiffBase.hpp
[0.218s] -- Up-to-date: /home/williamfbx/SLAM/slam_ws/install/kindr/include/kindr/kindr/poses/PoseBase.hpp
[0.218s] -- Up-to-date: /home/williamfbx/SLAM/slam_ws/install/kindr/include/kindr/kindr/poses/PoseDiff.hpp
[0.218s] -- Up-to-date: /home/williamfbx/SLAM/slam_ws/install/kindr/include/kindr/kindr/poses/Pose.hpp
[0.218s] -- Up-to-date: /home/williamfbx/SLAM/slam_ws/install/kindr/include/kindr/kindr/poses/Twist.hpp
[0.219s] -- Up-to-date: /home/williamfbx/SLAM/slam_ws/install/kindr/include/kindr/kindr/poses/HomogeneousTransformation.hpp
[0.219s] -- Up-to-date: /home/williamfbx/SLAM/slam_ws/install/kindr/include/kindr/kindr/phys_quant
[0.219s] -- Up-to-date: /home/williamfbx/SLAM/slam_ws/install/kindr/include/kindr/kindr/phys_quant/Wrench.hpp
[0.219s] -- Up-to-date: /home/williamfbx/SLAM/slam_ws/install/kindr/include/kindr/kindr/phys_quant/PhysicalQuantities.hpp
[0.219s] -- Up-to-date: /home/williamfbx/SLAM/slam_ws/install/kindr/include/kindr/kindr/phys_quant/WrenchBase.hpp
[0.219s] -- Up-to-date: /home/williamfbx/SLAM/slam_ws/install/kindr/include/kindr/kindr/phys_quant/PhysicalType.hpp
[0.219s] -- Up-to-date: /home/williamfbx/SLAM/slam_ws/install/kindr/include/kindr/kindr/rotations
[0.219s] -- Up-to-date: /home/williamfbx/SLAM/slam_ws/install/kindr/include/kindr/kindr/rotations/RotationDiffBase.hpp
[0.219s] -- Up-to-date: /home/williamfbx/SLAM/slam_ws/install/kindr/include/kindr/kindr/rotations/RotationDiff.hpp
[0.219s] -- Up-to-date: /home/williamfbx/SLAM/slam_ws/install/kindr/include/kindr/kindr/rotations/RotationQuaternion.hpp
[0.220s] -- Up-to-date: /home/williamfbx/SLAM/slam_ws/install/kindr/include/kindr/kindr/rotations/GlobalAngularVelocity.hpp
[0.220s] -- Up-to-date: /home/williamfbx/SLAM/slam_ws/install/kindr/include/kindr/kindr/rotations/RotationMatrix.hpp
[0.220s] -- Up-to-date: /home/williamfbx/SLAM/slam_ws/install/kindr/include/kindr/kindr/rotations/gtest_rotations.hpp
[0.220s] -- Up-to-date: /home/williamfbx/SLAM/slam_ws/install/kindr/include/kindr/kindr/rotations/RotationMatrixDiff.hpp
[0.220s] -- Up-to-date: /home/williamfbx/SLAM/slam_ws/install/kindr/include/kindr/kindr/rotations/Rotation.hpp
[0.220s] -- Up-to-date: /home/williamfbx/SLAM/slam_ws/install/kindr/include/kindr/kindr/rotations/RotationImpl.hpp
[0.220s] -- Up-to-date: /home/williamfbx/SLAM/slam_ws/install/kindr/include/kindr/kindr/rotations/RotationBase.hpp
[0.220s] -- Up-to-date: /home/williamfbx/SLAM/slam_ws/install/kindr/include/kindr/kindr/rotations/EulerAnglesZyx.hpp
[0.220s] -- Up-to-date: /home/williamfbx/SLAM/slam_ws/install/kindr/include/kindr/kindr/rotations/RotationQuaternionDiff.hpp
[0.220s] -- Up-to-date: /home/williamfbx/SLAM/slam_ws/install/kindr/include/kindr/kindr/rotations/RotationVector.hpp
[0.221s] -- Up-to-date: /home/williamfbx/SLAM/slam_ws/install/kindr/include/kindr/kindr/rotations/AngleAxis.hpp
[0.221s] -- Up-to-date: /home/williamfbx/SLAM/slam_ws/install/kindr/include/kindr/kindr/rotations/EulerAnglesXyz.hpp
[0.221s] -- Up-to-date: /home/williamfbx/SLAM/slam_ws/install/kindr/include/kindr/kindr/rotations/LocalAngularVelocity.hpp
[0.221s] -- Up-to-date: /home/williamfbx/SLAM/slam_ws/install/kindr/include/kindr/kindr/rotations/EulerAnglesXyzDiff.hpp
[0.221s] -- Up-to-date: /home/williamfbx/SLAM/slam_ws/install/kindr/include/kindr/kindr/rotations/RotationConversion.hpp
[0.221s] -- Up-to-date: /home/williamfbx/SLAM/slam_ws/install/kindr/include/kindr/kindr/rotations/EulerAnglesZyxDiff.hpp
[0.221s] -- Up-to-date: /home/williamfbx/SLAM/slam_ws/install/kindr/share/kindr/environment/library_path.sh
[0.221s] -- Up-to-date: /home/williamfbx/SLAM/slam_ws/install/kindr/share/kindr/environment/library_path.dsv
[0.221s] -- Up-to-date: /home/williamfbx/SLAM/slam_ws/install/kindr/share/ament_index/resource_index/package_run_dependencies/kindr
[0.221s] -- Up-to-date: /home/williamfbx/SLAM/slam_ws/install/kindr/share/ament_index/resource_index/parent_prefix_path/kindr
[0.221s] -- Up-to-date: /home/williamfbx/SLAM/slam_ws/install/kindr/share/kindr/environment/ament_prefix_path.sh
[0.222s] -- Up-to-date: /home/williamfbx/SLAM/slam_ws/install/kindr/share/kindr/environment/ament_prefix_path.dsv
[0.222s] -- Up-to-date: /home/williamfbx/SLAM/slam_ws/install/kindr/share/kindr/environment/path.sh
[0.222s] -- Up-to-date: /home/williamfbx/SLAM/slam_ws/install/kindr/share/kindr/environment/path.dsv
[0.222s] -- Up-to-date: /home/williamfbx/SLAM/slam_ws/install/kindr/share/kindr/local_setup.bash
[0.222s] -- Up-to-date: /home/williamfbx/SLAM/slam_ws/install/kindr/share/kindr/local_setup.sh
[0.222s] -- Up-to-date: /home/williamfbx/SLAM/slam_ws/install/kindr/share/kindr/local_setup.zsh
[0.222s] -- Up-to-date: /home/williamfbx/SLAM/slam_ws/install/kindr/share/kindr/local_setup.dsv
[0.222s] -- Installing: /home/williamfbx/SLAM/slam_ws/install/kindr/share/kindr/package.dsv
[0.222s] -- Up-to-date: /home/williamfbx/SLAM/slam_ws/install/kindr/share/ament_index/resource_index/packages/kindr
[0.222s] -- Up-to-date: /home/williamfbx/SLAM/slam_ws/install/kindr/share/kindr/cmake/export_kindrExport.cmake
[0.222s] -- Up-to-date: /home/williamfbx/SLAM/slam_ws/install/kindr/share/kindr/cmake/ament_cmake_export_targets-extras.cmake
[0.223s] -- Up-to-date: /home/williamfbx/SLAM/slam_ws/install/kindr/share/kindr/cmake/ament_cmake_export_dependencies-extras.cmake
[0.223s] -- Up-to-date: /home/williamfbx/SLAM/slam_ws/install/kindr/share/kindr/cmake/kindrConfig.cmake
[0.223s] -- Up-to-date: /home/williamfbx/SLAM/slam_ws/install/kindr/share/kindr/cmake/kindrConfig-version.cmake
[0.223s] -- Up-to-date: /home/williamfbx/SLAM/slam_ws/install/kindr/share/kindr/package.xml
[0.282s] Invoked command in '/home/williamfbx/SLAM/slam_ws/build/kindr' returned '0': CMAKE_PREFIX_PATH=${CMAKE_PREFIX_PATH}:/opt/ros/humble /usr/bin/cmake --install /home/williamfbx/SLAM/slam_ws/build/kindr
