[0.024s] Invoking command in '/home/williamfbx/SLAM/slam_ws/build/launcher': CMAKE_PREFIX_PATH=${CMAKE_PREFIX_PATH}:/opt/ros/humble /usr/bin/cmake /home/williamfbx/SLAM/slam_ws/src/launcher -DCMAKE_INSTALL_PREFIX=/home/williamfbx/SLAM/slam_ws/install/launcher
[0.139s] -- The C compiler identification is GNU 11.4.0
[0.184s] -- The CXX compiler identification is GNU 11.4.0
[0.191s] -- Detecting C compiler ABI info
[0.258s] -- Detecting C compiler ABI info - done
[0.266s] -- Check for working C compiler: /usr/bin/cc - skipped
[0.266s] -- Detecting C compile features
[0.267s] -- Detecting C compile features - done
[0.271s] -- Detecting CXX compiler ABI info
[0.339s] -- Detecting CXX compiler ABI info - done
[0.349s] -- Check for working CXX compiler: /usr/bin/c++ - skipped
[0.349s] -- Detecting CXX compile features
[0.349s] -- Detecting CXX compile features - done
[0.350s] -- Found ament_cmake: 1.3.11 (/opt/ros/humble/share/ament_cmake/cmake)
[0.481s] -- Found Python3: /usr/bin/python3 (found version "3.10.12") found components: Interpreter 
[0.550s] -- Found ament_lint_auto: 0.12.11 (/opt/ros/humble/share/ament_lint_auto/cmake)
[0.593s] -- Configuring done
[0.594s] -- Generating done
[0.595s] -- Build files have been written to: /home/williamfbx/SLAM/slam_ws/build/launcher
[0.598s] Invoked command in '/home/williamfbx/SLAM/slam_ws/build/launcher' returned '0': CMAKE_PREFIX_PATH=${CMAKE_PREFIX_PATH}:/opt/ros/humble /usr/bin/cmake /home/williamfbx/SLAM/slam_ws/src/launcher -DCMAKE_INSTALL_PREFIX=/home/williamfbx/SLAM/slam_ws/install/launcher
[0.599s] Invoking command in '/home/williamfbx/SLAM/slam_ws/build/launcher': CMAKE_PREFIX_PATH=${CMAKE_PREFIX_PATH}:/opt/ros/humble /usr/bin/cmake --build /home/williamfbx/SLAM/slam_ws/build/launcher -- -j12 -l12
[0.631s] Invoked command in '/home/williamfbx/SLAM/slam_ws/build/launcher' returned '0': CMAKE_PREFIX_PATH=${CMAKE_PREFIX_PATH}:/opt/ros/humble /usr/bin/cmake --build /home/williamfbx/SLAM/slam_ws/build/launcher -- -j12 -l12
[0.633s] Invoking command in '/home/williamfbx/SLAM/slam_ws/build/launcher': CMAKE_PREFIX_PATH=${CMAKE_PREFIX_PATH}:/opt/ros/humble /usr/bin/cmake --install /home/williamfbx/SLAM/slam_ws/build/launcher
[0.639s] -- Install configuration: ""
[0.639s] -- Installing: /home/williamfbx/SLAM/slam_ws/install/launcher/share/launcher/launch
[0.639s] -- Installing: /home/williamfbx/SLAM/slam_ws/install/launcher/share/launcher/launch/launch.py
[0.639s] -- Installing: /home/williamfbx/SLAM/slam_ws/install/launcher/share/ament_index/resource_index/package_run_dependencies/launcher
[0.639s] -- Installing: /home/williamfbx/SLAM/slam_ws/install/launcher/share/ament_index/resource_index/parent_prefix_path/launcher
[0.639s] -- Installing: /home/williamfbx/SLAM/slam_ws/install/launcher/share/launcher/environment/ament_prefix_path.sh
[0.639s] -- Installing: /home/williamfbx/SLAM/slam_ws/install/launcher/share/launcher/environment/ament_prefix_path.dsv
[0.639s] -- Installing: /home/williamfbx/SLAM/slam_ws/install/launcher/share/launcher/environment/path.sh
[0.639s] -- Installing: /home/williamfbx/SLAM/slam_ws/install/launcher/share/launcher/environment/path.dsv
[0.640s] -- Installing: /home/williamfbx/SLAM/slam_ws/install/launcher/share/launcher/local_setup.bash
[0.640s] -- Installing: /home/williamfbx/SLAM/slam_ws/install/launcher/share/launcher/local_setup.sh
[0.640s] -- Installing: /home/williamfbx/SLAM/slam_ws/install/launcher/share/launcher/local_setup.zsh
[0.640s] -- Installing: /home/williamfbx/SLAM/slam_ws/install/launcher/share/launcher/local_setup.dsv
[0.640s] -- Installing: /home/williamfbx/SLAM/slam_ws/install/launcher/share/launcher/package.dsv
[0.640s] -- Installing: /home/williamfbx/SLAM/slam_ws/install/launcher/share/ament_index/resource_index/packages/launcher
[0.640s] -- Installing: /home/williamfbx/SLAM/slam_ws/install/launcher/share/launcher/cmake/launcherConfig.cmake
[0.640s] -- Installing: /home/williamfbx/SLAM/slam_ws/install/launcher/share/launcher/cmake/launcherConfig-version.cmake
[0.640s] -- Installing: /home/williamfbx/SLAM/slam_ws/install/launcher/share/launcher/package.xml
[0.642s] Invoked command in '/home/williamfbx/SLAM/slam_ws/build/launcher' returned '0': CMAKE_PREFIX_PATH=${CMAKE_PREFIX_PATH}:/opt/ros/humble /usr/bin/cmake --install /home/williamfbx/SLAM/slam_ws/build/launcher
