[0.046s] Invoking command in '/home/williamfbx/SLAM/slam_ws/build/grid_map_msgs': CMAKE_PREFIX_PATH=/home/williamfbx/SLAM/slam_ws/install/grid_map_cmake_helpers:/home/williamfbx/SLAM/slam_ws/install/visualization:/home/williamfbx/SLAM/slam_ws/install/sensing:/home/williamfbx/SLAM/slam_ws/install/realsense2_description:/home/williamfbx/SLAM/slam_ws/install/realsense2_camera:/home/williamfbx/SLAM/slam_ws/install/realsense2_camera_msgs:/home/williamfbx/SLAM/slam_ws/install/realsense:/home/williamfbx/SLAM/slam_ws/install/mapping:/home/williamfbx/SLAM/slam_ws/install/localization:/home/williamfbx/SLAM/slam_ws/install/launcher:/home/williamfbx/SLAM/slam_ws/install/elevation_mapping:/home/williamfbx/SLAM/slam_ws/install/kindr_ros:/home/williamfbx/SLAM/slam_ws/install/kindr_msgs:/home/williamfbx/SLAM/slam_ws/install/kindr:/home/williamfbx/SLAM/slam_ws/install/grid_map:/home/williamfbx/SLAM/slam_ws/install/grid_map_demos:/home/williamfbx/SLAM/slam_ws/install/grid_map_visualization:/home/williamfbx/SLAM/slam_ws/install/grid_map_sdf:/home/williamfbx/SLAM/slam_ws/install/grid_map_rviz_plugin:/home/williamfbx/SLAM/slam_ws/install/grid_map_pcl:/home/williamfbx/SLAM/slam_ws/install/grid_map_loader:/home/williamfbx/SLAM/slam_ws/install/grid_map_filters:/home/williamfbx/SLAM/slam_ws/install/grid_map_ros:/home/williamfbx/SLAM/slam_ws/install/grid_map_octomap:/home/williamfbx/SLAM/slam_ws/install/grid_map_msgs:/home/williamfbx/SLAM/slam_ws/install/grid_map_cv:/home/williamfbx/SLAM/slam_ws/install/grid_map_costmap_2d:/home/williamfbx/SLAM/slam_ws/install/grid_map_core:/opt/ros/humble /usr/bin/cmake --build /home/williamfbx/SLAM/slam_ws/build/grid_map_msgs -- -j12 -l12
[0.117s] [  1%] Built target grid_map_msgs__cpp
[0.120s] [ 12%] Built target grid_map_msgs__rosidl_generator_c
[0.126s] [ 12%] Built target ament_cmake_python_copy_grid_map_msgs
[0.148s] [ 23%] Built target grid_map_msgs__rosidl_typesupport_cpp
[0.149s] [ 35%] Built target grid_map_msgs__rosidl_typesupport_fastrtps_cpp
[0.149s] [ 46%] Built target grid_map_msgs__rosidl_typesupport_introspection_cpp
[0.153s] [ 57%] Built target grid_map_msgs__rosidl_typesupport_c
[0.158s] [ 69%] Built target grid_map_msgs__rosidl_typesupport_fastrtps_c
[0.159s] [ 80%] Built target grid_map_msgs__rosidl_typesupport_introspection_c
[0.189s] [ 80%] Built target grid_map_msgs
[0.213s] [ 81%] Built target grid_map_msgs__py
[0.250s] [ 91%] Built target grid_map_msgs__rosidl_generator_py
[0.282s] [ 94%] Built target grid_map_msgs__rosidl_typesupport_c__pyext
[0.283s] [ 97%] Built target grid_map_msgs__rosidl_typesupport_introspection_c__pyext
[0.284s] [100%] Built target grid_map_msgs__rosidl_typesupport_fastrtps_c__pyext
[0.468s] running egg_info
[0.468s] writing grid_map_msgs.egg-info/PKG-INFO
[0.468s] writing dependency_links to grid_map_msgs.egg-info/dependency_links.txt
[0.469s] writing top-level names to grid_map_msgs.egg-info/top_level.txt
[0.472s] reading manifest file 'grid_map_msgs.egg-info/SOURCES.txt'
[0.473s] writing manifest file 'grid_map_msgs.egg-info/SOURCES.txt'
[0.500s] [100%] Built target ament_cmake_python_build_grid_map_msgs_egg
[0.518s] Invoked command in '/home/williamfbx/SLAM/slam_ws/build/grid_map_msgs' returned '0': CMAKE_PREFIX_PATH=/home/williamfbx/SLAM/slam_ws/install/grid_map_cmake_helpers:/home/williamfbx/SLAM/slam_ws/install/visualization:/home/williamfbx/SLAM/slam_ws/install/sensing:/home/williamfbx/SLAM/slam_ws/install/realsense2_description:/home/williamfbx/SLAM/slam_ws/install/realsense2_camera:/home/williamfbx/SLAM/slam_ws/install/realsense2_camera_msgs:/home/williamfbx/SLAM/slam_ws/install/realsense:/home/williamfbx/SLAM/slam_ws/install/mapping:/home/williamfbx/SLAM/slam_ws/install/localization:/home/williamfbx/SLAM/slam_ws/install/launcher:/home/williamfbx/SLAM/slam_ws/install/elevation_mapping:/home/williamfbx/SLAM/slam_ws/install/kindr_ros:/home/williamfbx/SLAM/slam_ws/install/kindr_msgs:/home/williamfbx/SLAM/slam_ws/install/kindr:/home/williamfbx/SLAM/slam_ws/install/grid_map:/home/williamfbx/SLAM/slam_ws/install/grid_map_demos:/home/williamfbx/SLAM/slam_ws/install/grid_map_visualization:/home/williamfbx/SLAM/slam_ws/install/grid_map_sdf:/home/williamfbx/SLAM/slam_ws/install/grid_map_rviz_plugin:/home/williamfbx/SLAM/slam_ws/install/grid_map_pcl:/home/williamfbx/SLAM/slam_ws/install/grid_map_loader:/home/williamfbx/SLAM/slam_ws/install/grid_map_filters:/home/williamfbx/SLAM/slam_ws/install/grid_map_ros:/home/williamfbx/SLAM/slam_ws/install/grid_map_octomap:/home/williamfbx/SLAM/slam_ws/install/grid_map_msgs:/home/williamfbx/SLAM/slam_ws/install/grid_map_cv:/home/williamfbx/SLAM/slam_ws/install/grid_map_costmap_2d:/home/williamfbx/SLAM/slam_ws/install/grid_map_core:/opt/ros/humble /usr/bin/cmake --build /home/williamfbx/SLAM/slam_ws/build/grid_map_msgs -- -j12 -l12
[0.519s] Invoking command in '/home/williamfbx/SLAM/slam_ws/build/grid_map_msgs': CMAKE_PREFIX_PATH=/home/williamfbx/SLAM/slam_ws/install/grid_map_cmake_helpers:/home/williamfbx/SLAM/slam_ws/install/visualization:/home/williamfbx/SLAM/slam_ws/install/sensing:/home/williamfbx/SLAM/slam_ws/install/realsense2_description:/home/williamfbx/SLAM/slam_ws/install/realsense2_camera:/home/williamfbx/SLAM/slam_ws/install/realsense2_camera_msgs:/home/williamfbx/SLAM/slam_ws/install/realsense:/home/williamfbx/SLAM/slam_ws/install/mapping:/home/williamfbx/SLAM/slam_ws/install/localization:/home/williamfbx/SLAM/slam_ws/install/launcher:/home/williamfbx/SLAM/slam_ws/install/elevation_mapping:/home/williamfbx/SLAM/slam_ws/install/kindr_ros:/home/williamfbx/SLAM/slam_ws/install/kindr_msgs:/home/williamfbx/SLAM/slam_ws/install/kindr:/home/williamfbx/SLAM/slam_ws/install/grid_map:/home/williamfbx/SLAM/slam_ws/install/grid_map_demos:/home/williamfbx/SLAM/slam_ws/install/grid_map_visualization:/home/williamfbx/SLAM/slam_ws/install/grid_map_sdf:/home/williamfbx/SLAM/slam_ws/install/grid_map_rviz_plugin:/home/williamfbx/SLAM/slam_ws/install/grid_map_pcl:/home/williamfbx/SLAM/slam_ws/install/grid_map_loader:/home/williamfbx/SLAM/slam_ws/install/grid_map_filters:/home/williamfbx/SLAM/slam_ws/install/grid_map_ros:/home/williamfbx/SLAM/slam_ws/install/grid_map_octomap:/home/williamfbx/SLAM/slam_ws/install/grid_map_msgs:/home/williamfbx/SLAM/slam_ws/install/grid_map_cv:/home/williamfbx/SLAM/slam_ws/install/grid_map_costmap_2d:/home/williamfbx/SLAM/slam_ws/install/grid_map_core:/opt/ros/humble /usr/bin/cmake --install /home/williamfbx/SLAM/slam_ws/build/grid_map_msgs
[0.528s] -- Install configuration: "Release"
[0.528s] -- Up-to-date: /home/williamfbx/SLAM/slam_ws/install/grid_map_msgs/share/ament_index/resource_index/rosidl_interfaces/grid_map_msgs
[0.528s] -- Up-to-date: /home/williamfbx/SLAM/slam_ws/install/grid_map_msgs/include/grid_map_msgs/grid_map_msgs
[0.528s] -- Up-to-date: /home/williamfbx/SLAM/slam_ws/install/grid_map_msgs/include/grid_map_msgs/grid_map_msgs/srv
[0.528s] -- Up-to-date: /home/williamfbx/SLAM/slam_ws/install/grid_map_msgs/include/grid_map_msgs/grid_map_msgs/srv/get_grid_map.h
[0.528s] -- Up-to-date: /home/williamfbx/SLAM/slam_ws/install/grid_map_msgs/include/grid_map_msgs/grid_map_msgs/srv/get_grid_map_info.h
[0.528s] -- Up-to-date: /home/williamfbx/SLAM/slam_ws/install/grid_map_msgs/include/grid_map_msgs/grid_map_msgs/srv/process_file.h
[0.528s] -- Up-to-date: /home/williamfbx/SLAM/slam_ws/install/grid_map_msgs/include/grid_map_msgs/grid_map_msgs/srv/detail
[0.528s] -- Up-to-date: /home/williamfbx/SLAM/slam_ws/install/grid_map_msgs/include/grid_map_msgs/grid_map_msgs/srv/detail/get_grid_map_info__type_support.h
[0.528s] -- Up-to-date: /home/williamfbx/SLAM/slam_ws/install/grid_map_msgs/include/grid_map_msgs/grid_map_msgs/srv/detail/process_file__struct.h
[0.528s] -- Up-to-date: /home/williamfbx/SLAM/slam_ws/install/grid_map_msgs/include/grid_map_msgs/grid_map_msgs/srv/detail/set_grid_map__functions.h
[0.528s] -- Up-to-date: /home/williamfbx/SLAM/slam_ws/install/grid_map_msgs/include/grid_map_msgs/grid_map_msgs/srv/detail/get_grid_map__type_support.h
[0.528s] -- Up-to-date: /home/williamfbx/SLAM/slam_ws/install/grid_map_msgs/include/grid_map_msgs/grid_map_msgs/srv/detail/get_grid_map__functions.h
[0.528s] -- Up-to-date: /home/williamfbx/SLAM/slam_ws/install/grid_map_msgs/include/grid_map_msgs/grid_map_msgs/srv/detail/get_grid_map_info__functions.h
[0.529s] -- Up-to-date: /home/williamfbx/SLAM/slam_ws/install/grid_map_msgs/include/grid_map_msgs/grid_map_msgs/srv/detail/process_file__functions.h
[0.529s] -- Up-to-date: /home/williamfbx/SLAM/slam_ws/install/grid_map_msgs/include/grid_map_msgs/grid_map_msgs/srv/detail/get_grid_map__struct.h
[0.529s] -- Up-to-date: /home/williamfbx/SLAM/slam_ws/install/grid_map_msgs/include/grid_map_msgs/grid_map_msgs/srv/detail/set_grid_map__struct.h
[0.529s] -- Up-to-date: /home/williamfbx/SLAM/slam_ws/install/grid_map_msgs/include/grid_map_msgs/grid_map_msgs/srv/detail/get_grid_map_info__struct.h
[0.529s] -- Up-to-date: /home/williamfbx/SLAM/slam_ws/install/grid_map_msgs/include/grid_map_msgs/grid_map_msgs/srv/detail/process_file__type_support.h
[0.529s] -- Up-to-date: /home/williamfbx/SLAM/slam_ws/install/grid_map_msgs/include/grid_map_msgs/grid_map_msgs/srv/detail/set_grid_map__type_support.h
[0.529s] -- Up-to-date: /home/williamfbx/SLAM/slam_ws/install/grid_map_msgs/include/grid_map_msgs/grid_map_msgs/srv/detail/process_file__functions.c
[0.529s] -- Up-to-date: /home/williamfbx/SLAM/slam_ws/install/grid_map_msgs/include/grid_map_msgs/grid_map_msgs/srv/detail/set_grid_map__functions.c
[0.529s] -- Up-to-date: /home/williamfbx/SLAM/slam_ws/install/grid_map_msgs/include/grid_map_msgs/grid_map_msgs/srv/detail/get_grid_map__functions.c
[0.529s] -- Up-to-date: /home/williamfbx/SLAM/slam_ws/install/grid_map_msgs/include/grid_map_msgs/grid_map_msgs/srv/detail/get_grid_map_info__functions.c
[0.530s] -- Up-to-date: /home/williamfbx/SLAM/slam_ws/install/grid_map_msgs/include/grid_map_msgs/grid_map_msgs/srv/set_grid_map.h
[0.530s] -- Up-to-date: /home/williamfbx/SLAM/slam_ws/install/grid_map_msgs/include/grid_map_msgs/grid_map_msgs/msg
[0.530s] -- Up-to-date: /home/williamfbx/SLAM/slam_ws/install/grid_map_msgs/include/grid_map_msgs/grid_map_msgs/msg/grid_map.h
[0.530s] -- Up-to-date: /home/williamfbx/SLAM/slam_ws/install/grid_map_msgs/include/grid_map_msgs/grid_map_msgs/msg/detail
[0.530s] -- Up-to-date: /home/williamfbx/SLAM/slam_ws/install/grid_map_msgs/include/grid_map_msgs/grid_map_msgs/msg/detail/grid_map__type_support.h
[0.530s] -- Up-to-date: /home/williamfbx/SLAM/slam_ws/install/grid_map_msgs/include/grid_map_msgs/grid_map_msgs/msg/detail/grid_map__struct.h
[0.530s] -- Up-to-date: /home/williamfbx/SLAM/slam_ws/install/grid_map_msgs/include/grid_map_msgs/grid_map_msgs/msg/detail/grid_map_info__struct.h
[0.530s] -- Up-to-date: /home/williamfbx/SLAM/slam_ws/install/grid_map_msgs/include/grid_map_msgs/grid_map_msgs/msg/detail/grid_map_info__functions.h
[0.530s] -- Up-to-date: /home/williamfbx/SLAM/slam_ws/install/grid_map_msgs/include/grid_map_msgs/grid_map_msgs/msg/detail/grid_map__functions.h
[0.530s] -- Up-to-date: /home/williamfbx/SLAM/slam_ws/install/grid_map_msgs/include/grid_map_msgs/grid_map_msgs/msg/detail/grid_map__functions.c
[0.530s] -- Up-to-date: /home/williamfbx/SLAM/slam_ws/install/grid_map_msgs/include/grid_map_msgs/grid_map_msgs/msg/detail/grid_map_info__functions.c
[0.530s] -- Up-to-date: /home/williamfbx/SLAM/slam_ws/install/grid_map_msgs/include/grid_map_msgs/grid_map_msgs/msg/detail/grid_map_info__type_support.h
[0.530s] -- Up-to-date: /home/williamfbx/SLAM/slam_ws/install/grid_map_msgs/include/grid_map_msgs/grid_map_msgs/msg/rosidl_generator_c__visibility_control.h
[0.530s] -- Up-to-date: /home/williamfbx/SLAM/slam_ws/install/grid_map_msgs/include/grid_map_msgs/grid_map_msgs/msg/grid_map_info.h
[0.530s] -- Up-to-date: /home/williamfbx/SLAM/slam_ws/install/grid_map_msgs/share/grid_map_msgs/environment/library_path.sh
[0.530s] -- Up-to-date: /home/williamfbx/SLAM/slam_ws/install/grid_map_msgs/share/grid_map_msgs/environment/library_path.dsv
[0.530s] -- Up-to-date: /home/williamfbx/SLAM/slam_ws/install/grid_map_msgs/lib/libgrid_map_msgs__rosidl_generator_c.so
[0.531s] -- Up-to-date: /home/williamfbx/SLAM/slam_ws/install/grid_map_msgs/include/grid_map_msgs/grid_map_msgs
[0.531s] -- Up-to-date: /home/williamfbx/SLAM/slam_ws/install/grid_map_msgs/include/grid_map_msgs/grid_map_msgs/srv
[0.531s] -- Up-to-date: /home/williamfbx/SLAM/slam_ws/install/grid_map_msgs/include/grid_map_msgs/grid_map_msgs/srv/detail
[0.531s] -- Up-to-date: /home/williamfbx/SLAM/slam_ws/install/grid_map_msgs/include/grid_map_msgs/grid_map_msgs/srv/detail/get_grid_map__rosidl_typesupport_fastrtps_c.h
[0.531s] -- Up-to-date: /home/williamfbx/SLAM/slam_ws/install/grid_map_msgs/include/grid_map_msgs/grid_map_msgs/srv/detail/set_grid_map__rosidl_typesupport_fastrtps_c.h
[0.531s] -- Up-to-date: /home/williamfbx/SLAM/slam_ws/install/grid_map_msgs/include/grid_map_msgs/grid_map_msgs/srv/detail/process_file__rosidl_typesupport_fastrtps_c.h
[0.531s] -- Up-to-date: /home/williamfbx/SLAM/slam_ws/install/grid_map_msgs/include/grid_map_msgs/grid_map_msgs/srv/detail/get_grid_map_info__rosidl_typesupport_fastrtps_c.h
[0.531s] -- Up-to-date: /home/williamfbx/SLAM/slam_ws/install/grid_map_msgs/include/grid_map_msgs/grid_map_msgs/msg
[0.531s] -- Up-to-date: /home/williamfbx/SLAM/slam_ws/install/grid_map_msgs/include/grid_map_msgs/grid_map_msgs/msg/detail
[0.531s] -- Up-to-date: /home/williamfbx/SLAM/slam_ws/install/grid_map_msgs/include/grid_map_msgs/grid_map_msgs/msg/detail/grid_map__rosidl_typesupport_fastrtps_c.h
[0.531s] -- Up-to-date: /home/williamfbx/SLAM/slam_ws/install/grid_map_msgs/include/grid_map_msgs/grid_map_msgs/msg/detail/grid_map_info__rosidl_typesupport_fastrtps_c.h
[0.531s] -- Up-to-date: /home/williamfbx/SLAM/slam_ws/install/grid_map_msgs/include/grid_map_msgs/grid_map_msgs/msg/rosidl_typesupport_fastrtps_c__visibility_control.h
[0.531s] -- Up-to-date: /home/williamfbx/SLAM/slam_ws/install/grid_map_msgs/lib/libgrid_map_msgs__rosidl_typesupport_fastrtps_c.so
[0.531s] -- Up-to-date: /home/williamfbx/SLAM/slam_ws/install/grid_map_msgs/include/grid_map_msgs/grid_map_msgs
[0.532s] -- Up-to-date: /home/williamfbx/SLAM/slam_ws/install/grid_map_msgs/include/grid_map_msgs/grid_map_msgs/srv
[0.532s] -- Up-to-date: /home/williamfbx/SLAM/slam_ws/install/grid_map_msgs/include/grid_map_msgs/grid_map_msgs/srv/get_grid_map_info.hpp
[0.532s] -- Up-to-date: /home/williamfbx/SLAM/slam_ws/install/grid_map_msgs/include/grid_map_msgs/grid_map_msgs/srv/get_grid_map.hpp
[0.532s] -- Up-to-date: /home/williamfbx/SLAM/slam_ws/install/grid_map_msgs/include/grid_map_msgs/grid_map_msgs/srv/detail
[0.532s] -- Up-to-date: /home/williamfbx/SLAM/slam_ws/install/grid_map_msgs/include/grid_map_msgs/grid_map_msgs/srv/detail/set_grid_map__type_support.hpp
[0.532s] -- Up-to-date: /home/williamfbx/SLAM/slam_ws/install/grid_map_msgs/include/grid_map_msgs/grid_map_msgs/srv/detail/set_grid_map__struct.hpp
[0.532s] -- Up-to-date: /home/williamfbx/SLAM/slam_ws/install/grid_map_msgs/include/grid_map_msgs/grid_map_msgs/srv/detail/process_file__struct.hpp
[0.532s] -- Up-to-date: /home/williamfbx/SLAM/slam_ws/install/grid_map_msgs/include/grid_map_msgs/grid_map_msgs/srv/detail/get_grid_map__builder.hpp
[0.532s] -- Up-to-date: /home/williamfbx/SLAM/slam_ws/install/grid_map_msgs/include/grid_map_msgs/grid_map_msgs/srv/detail/get_grid_map_info__traits.hpp
[0.532s] -- Up-to-date: /home/williamfbx/SLAM/slam_ws/install/grid_map_msgs/include/grid_map_msgs/grid_map_msgs/srv/detail/set_grid_map__traits.hpp
[0.532s] -- Up-to-date: /home/williamfbx/SLAM/slam_ws/install/grid_map_msgs/include/grid_map_msgs/grid_map_msgs/srv/detail/get_grid_map_info__builder.hpp
[0.532s] -- Up-to-date: /home/williamfbx/SLAM/slam_ws/install/grid_map_msgs/include/grid_map_msgs/grid_map_msgs/srv/detail/get_grid_map__struct.hpp
[0.532s] -- Up-to-date: /home/williamfbx/SLAM/slam_ws/install/grid_map_msgs/include/grid_map_msgs/grid_map_msgs/srv/detail/get_grid_map_info__type_support.hpp
[0.532s] -- Up-to-date: /home/williamfbx/SLAM/slam_ws/install/grid_map_msgs/include/grid_map_msgs/grid_map_msgs/srv/detail/get_grid_map_info__struct.hpp
[0.532s] -- Up-to-date: /home/williamfbx/SLAM/slam_ws/install/grid_map_msgs/include/grid_map_msgs/grid_map_msgs/srv/detail/process_file__type_support.hpp
[0.532s] -- Up-to-date: /home/williamfbx/SLAM/slam_ws/install/grid_map_msgs/include/grid_map_msgs/grid_map_msgs/srv/detail/process_file__builder.hpp
[0.532s] -- Up-to-date: /home/williamfbx/SLAM/slam_ws/install/grid_map_msgs/include/grid_map_msgs/grid_map_msgs/srv/detail/process_file__traits.hpp
[0.532s] -- Up-to-date: /home/williamfbx/SLAM/slam_ws/install/grid_map_msgs/include/grid_map_msgs/grid_map_msgs/srv/detail/set_grid_map__builder.hpp
[0.532s] -- Up-to-date: /home/williamfbx/SLAM/slam_ws/install/grid_map_msgs/include/grid_map_msgs/grid_map_msgs/srv/detail/get_grid_map__traits.hpp
[0.532s] -- Up-to-date: /home/williamfbx/SLAM/slam_ws/install/grid_map_msgs/include/grid_map_msgs/grid_map_msgs/srv/detail/get_grid_map__type_support.hpp
[0.532s] -- Up-to-date: /home/williamfbx/SLAM/slam_ws/install/grid_map_msgs/include/grid_map_msgs/grid_map_msgs/srv/set_grid_map.hpp
[0.533s] -- Up-to-date: /home/williamfbx/SLAM/slam_ws/install/grid_map_msgs/include/grid_map_msgs/grid_map_msgs/srv/process_file.hpp
[0.533s] -- Up-to-date: /home/williamfbx/SLAM/slam_ws/install/grid_map_msgs/include/grid_map_msgs/grid_map_msgs/msg
[0.533s] -- Up-to-date: /home/williamfbx/SLAM/slam_ws/install/grid_map_msgs/include/grid_map_msgs/grid_map_msgs/msg/grid_map.hpp
[0.533s] -- Up-to-date: /home/williamfbx/SLAM/slam_ws/install/grid_map_msgs/include/grid_map_msgs/grid_map_msgs/msg/rosidl_generator_cpp__visibility_control.hpp
[0.533s] -- Up-to-date: /home/williamfbx/SLAM/slam_ws/install/grid_map_msgs/include/grid_map_msgs/grid_map_msgs/msg/grid_map_info.hpp
[0.533s] -- Up-to-date: /home/williamfbx/SLAM/slam_ws/install/grid_map_msgs/include/grid_map_msgs/grid_map_msgs/msg/detail
[0.533s] -- Up-to-date: /home/williamfbx/SLAM/slam_ws/install/grid_map_msgs/include/grid_map_msgs/grid_map_msgs/msg/detail/grid_map_info__struct.hpp
[0.533s] -- Up-to-date: /home/williamfbx/SLAM/slam_ws/install/grid_map_msgs/include/grid_map_msgs/grid_map_msgs/msg/detail/grid_map__type_support.hpp
[0.533s] -- Up-to-date: /home/williamfbx/SLAM/slam_ws/install/grid_map_msgs/include/grid_map_msgs/grid_map_msgs/msg/detail/grid_map_info__type_support.hpp
[0.533s] -- Up-to-date: /home/williamfbx/SLAM/slam_ws/install/grid_map_msgs/include/grid_map_msgs/grid_map_msgs/msg/detail/grid_map_info__traits.hpp
[0.533s] -- Up-to-date: /home/williamfbx/SLAM/slam_ws/install/grid_map_msgs/include/grid_map_msgs/grid_map_msgs/msg/detail/grid_map__traits.hpp
[0.533s] -- Up-to-date: /home/williamfbx/SLAM/slam_ws/install/grid_map_msgs/include/grid_map_msgs/grid_map_msgs/msg/detail/grid_map_info__builder.hpp
[0.533s] -- Up-to-date: /home/williamfbx/SLAM/slam_ws/install/grid_map_msgs/include/grid_map_msgs/grid_map_msgs/msg/detail/grid_map__builder.hpp
[0.533s] -- Up-to-date: /home/williamfbx/SLAM/slam_ws/install/grid_map_msgs/include/grid_map_msgs/grid_map_msgs/msg/detail/grid_map__struct.hpp
[0.533s] -- Up-to-date: /home/williamfbx/SLAM/slam_ws/install/grid_map_msgs/include/grid_map_msgs/grid_map_msgs
[0.533s] -- Up-to-date: /home/williamfbx/SLAM/slam_ws/install/grid_map_msgs/include/grid_map_msgs/grid_map_msgs/srv
[0.533s] -- Up-to-date: /home/williamfbx/SLAM/slam_ws/install/grid_map_msgs/include/grid_map_msgs/grid_map_msgs/srv/detail
[0.533s] -- Up-to-date: /home/williamfbx/SLAM/slam_ws/install/grid_map_msgs/include/grid_map_msgs/grid_map_msgs/srv/detail/dds_fastrtps
[0.533s] -- Up-to-date: /home/williamfbx/SLAM/slam_ws/install/grid_map_msgs/include/grid_map_msgs/grid_map_msgs/srv/detail/get_grid_map__rosidl_typesupport_fastrtps_cpp.hpp
[0.533s] -- Up-to-date: /home/williamfbx/SLAM/slam_ws/install/grid_map_msgs/include/grid_map_msgs/grid_map_msgs/srv/detail/get_grid_map_info__rosidl_typesupport_fastrtps_cpp.hpp
[0.533s] -- Up-to-date: /home/williamfbx/SLAM/slam_ws/install/grid_map_msgs/include/grid_map_msgs/grid_map_msgs/srv/detail/set_grid_map__rosidl_typesupport_fastrtps_cpp.hpp
[0.533s] -- Up-to-date: /home/williamfbx/SLAM/slam_ws/install/grid_map_msgs/include/grid_map_msgs/grid_map_msgs/srv/detail/process_file__rosidl_typesupport_fastrtps_cpp.hpp
[0.533s] -- Up-to-date: /home/williamfbx/SLAM/slam_ws/install/grid_map_msgs/include/grid_map_msgs/grid_map_msgs/msg
[0.533s] -- Up-to-date: /home/williamfbx/SLAM/slam_ws/install/grid_map_msgs/include/grid_map_msgs/grid_map_msgs/msg/rosidl_typesupport_fastrtps_cpp__visibility_control.h
[0.533s] -- Up-to-date: /home/williamfbx/SLAM/slam_ws/install/grid_map_msgs/include/grid_map_msgs/grid_map_msgs/msg/detail
[0.533s] -- Up-to-date: /home/williamfbx/SLAM/slam_ws/install/grid_map_msgs/include/grid_map_msgs/grid_map_msgs/msg/detail/dds_fastrtps
[0.534s] -- Up-to-date: /home/williamfbx/SLAM/slam_ws/install/grid_map_msgs/include/grid_map_msgs/grid_map_msgs/msg/detail/grid_map__rosidl_typesupport_fastrtps_cpp.hpp
[0.534s] -- Up-to-date: /home/williamfbx/SLAM/slam_ws/install/grid_map_msgs/include/grid_map_msgs/grid_map_msgs/msg/detail/grid_map_info__rosidl_typesupport_fastrtps_cpp.hpp
[0.534s] -- Up-to-date: /home/williamfbx/SLAM/slam_ws/install/grid_map_msgs/lib/libgrid_map_msgs__rosidl_typesupport_fastrtps_cpp.so
[0.534s] -- Up-to-date: /home/williamfbx/SLAM/slam_ws/install/grid_map_msgs/include/grid_map_msgs/grid_map_msgs
[0.534s] -- Up-to-date: /home/williamfbx/SLAM/slam_ws/install/grid_map_msgs/include/grid_map_msgs/grid_map_msgs/srv
[0.534s] -- Up-to-date: /home/williamfbx/SLAM/slam_ws/install/grid_map_msgs/include/grid_map_msgs/grid_map_msgs/srv/detail
[0.534s] -- Up-to-date: /home/williamfbx/SLAM/slam_ws/install/grid_map_msgs/include/grid_map_msgs/grid_map_msgs/srv/detail/get_grid_map_info__type_support.c
[0.534s] -- Up-to-date: /home/williamfbx/SLAM/slam_ws/install/grid_map_msgs/include/grid_map_msgs/grid_map_msgs/srv/detail/set_grid_map__rosidl_typesupport_introspection_c.h
[0.534s] -- Up-to-date: /home/williamfbx/SLAM/slam_ws/install/grid_map_msgs/include/grid_map_msgs/grid_map_msgs/srv/detail/process_file__type_support.c
[0.534s] -- Up-to-date: /home/williamfbx/SLAM/slam_ws/install/grid_map_msgs/include/grid_map_msgs/grid_map_msgs/srv/detail/set_grid_map__type_support.c
[0.534s] -- Up-to-date: /home/williamfbx/SLAM/slam_ws/install/grid_map_msgs/include/grid_map_msgs/grid_map_msgs/srv/detail/get_grid_map__rosidl_typesupport_introspection_c.h
[0.534s] -- Up-to-date: /home/williamfbx/SLAM/slam_ws/install/grid_map_msgs/include/grid_map_msgs/grid_map_msgs/srv/detail/get_grid_map__type_support.c
[0.534s] -- Up-to-date: /home/williamfbx/SLAM/slam_ws/install/grid_map_msgs/include/grid_map_msgs/grid_map_msgs/srv/detail/get_grid_map_info__rosidl_typesupport_introspection_c.h
[0.534s] -- Up-to-date: /home/williamfbx/SLAM/slam_ws/install/grid_map_msgs/include/grid_map_msgs/grid_map_msgs/srv/detail/process_file__rosidl_typesupport_introspection_c.h
[0.534s] -- Up-to-date: /home/williamfbx/SLAM/slam_ws/install/grid_map_msgs/include/grid_map_msgs/grid_map_msgs/msg
[0.534s] -- Up-to-date: /home/williamfbx/SLAM/slam_ws/install/grid_map_msgs/include/grid_map_msgs/grid_map_msgs/msg/detail
[0.534s] -- Up-to-date: /home/williamfbx/SLAM/slam_ws/install/grid_map_msgs/include/grid_map_msgs/grid_map_msgs/msg/detail/grid_map__type_support.c
[0.534s] -- Up-to-date: /home/williamfbx/SLAM/slam_ws/install/grid_map_msgs/include/grid_map_msgs/grid_map_msgs/msg/detail/grid_map_info__rosidl_typesupport_introspection_c.h
[0.534s] -- Up-to-date: /home/williamfbx/SLAM/slam_ws/install/grid_map_msgs/include/grid_map_msgs/grid_map_msgs/msg/detail/grid_map__rosidl_typesupport_introspection_c.h
[0.534s] -- Up-to-date: /home/williamfbx/SLAM/slam_ws/install/grid_map_msgs/include/grid_map_msgs/grid_map_msgs/msg/detail/grid_map_info__type_support.c
[0.535s] -- Up-to-date: /home/williamfbx/SLAM/slam_ws/install/grid_map_msgs/include/grid_map_msgs/grid_map_msgs/msg/rosidl_typesupport_introspection_c__visibility_control.h
[0.535s] -- Up-to-date: /home/williamfbx/SLAM/slam_ws/install/grid_map_msgs/lib/libgrid_map_msgs__rosidl_typesupport_introspection_c.so
[0.535s] -- Up-to-date: /home/williamfbx/SLAM/slam_ws/install/grid_map_msgs/lib/libgrid_map_msgs__rosidl_typesupport_c.so
[0.535s] -- Up-to-date: /home/williamfbx/SLAM/slam_ws/install/grid_map_msgs/include/grid_map_msgs/grid_map_msgs
[0.535s] -- Up-to-date: /home/williamfbx/SLAM/slam_ws/install/grid_map_msgs/include/grid_map_msgs/grid_map_msgs/srv
[0.535s] -- Up-to-date: /home/williamfbx/SLAM/slam_ws/install/grid_map_msgs/include/grid_map_msgs/grid_map_msgs/srv/detail
[0.535s] -- Up-to-date: /home/williamfbx/SLAM/slam_ws/install/grid_map_msgs/include/grid_map_msgs/grid_map_msgs/srv/detail/set_grid_map__rosidl_typesupport_introspection_cpp.hpp
[0.535s] -- Up-to-date: /home/williamfbx/SLAM/slam_ws/install/grid_map_msgs/include/grid_map_msgs/grid_map_msgs/srv/detail/get_grid_map__rosidl_typesupport_introspection_cpp.hpp
[0.535s] -- Up-to-date: /home/williamfbx/SLAM/slam_ws/install/grid_map_msgs/include/grid_map_msgs/grid_map_msgs/srv/detail/process_file__type_support.cpp
[0.535s] -- Up-to-date: /home/williamfbx/SLAM/slam_ws/install/grid_map_msgs/include/grid_map_msgs/grid_map_msgs/srv/detail/get_grid_map_info__rosidl_typesupport_introspection_cpp.hpp
[0.535s] -- Up-to-date: /home/williamfbx/SLAM/slam_ws/install/grid_map_msgs/include/grid_map_msgs/grid_map_msgs/srv/detail/get_grid_map__type_support.cpp
[0.535s] -- Up-to-date: /home/williamfbx/SLAM/slam_ws/install/grid_map_msgs/include/grid_map_msgs/grid_map_msgs/srv/detail/process_file__rosidl_typesupport_introspection_cpp.hpp
[0.535s] -- Up-to-date: /home/williamfbx/SLAM/slam_ws/install/grid_map_msgs/include/grid_map_msgs/grid_map_msgs/srv/detail/set_grid_map__type_support.cpp
[0.535s] -- Up-to-date: /home/williamfbx/SLAM/slam_ws/install/grid_map_msgs/include/grid_map_msgs/grid_map_msgs/srv/detail/get_grid_map_info__type_support.cpp
[0.535s] -- Up-to-date: /home/williamfbx/SLAM/slam_ws/install/grid_map_msgs/include/grid_map_msgs/grid_map_msgs/msg
[0.535s] -- Up-to-date: /home/williamfbx/SLAM/slam_ws/install/grid_map_msgs/include/grid_map_msgs/grid_map_msgs/msg/detail
[0.535s] -- Up-to-date: /home/williamfbx/SLAM/slam_ws/install/grid_map_msgs/include/grid_map_msgs/grid_map_msgs/msg/detail/grid_map_info__rosidl_typesupport_introspection_cpp.hpp
[0.535s] -- Up-to-date: /home/williamfbx/SLAM/slam_ws/install/grid_map_msgs/include/grid_map_msgs/grid_map_msgs/msg/detail/grid_map__type_support.cpp
[0.535s] -- Up-to-date: /home/williamfbx/SLAM/slam_ws/install/grid_map_msgs/include/grid_map_msgs/grid_map_msgs/msg/detail/grid_map__rosidl_typesupport_introspection_cpp.hpp
[0.535s] -- Up-to-date: /home/williamfbx/SLAM/slam_ws/install/grid_map_msgs/include/grid_map_msgs/grid_map_msgs/msg/detail/grid_map_info__type_support.cpp
[0.535s] -- Up-to-date: /home/williamfbx/SLAM/slam_ws/install/grid_map_msgs/lib/libgrid_map_msgs__rosidl_typesupport_introspection_cpp.so
[0.535s] -- Up-to-date: /home/williamfbx/SLAM/slam_ws/install/grid_map_msgs/lib/libgrid_map_msgs__rosidl_typesupport_cpp.so
[0.535s] -- Up-to-date: /home/williamfbx/SLAM/slam_ws/install/grid_map_msgs/share/grid_map_msgs/environment/pythonpath.sh
[0.535s] -- Up-to-date: /home/williamfbx/SLAM/slam_ws/install/grid_map_msgs/share/grid_map_msgs/environment/pythonpath.dsv
[0.535s] -- Up-to-date: /home/williamfbx/SLAM/slam_ws/install/grid_map_msgs/local/lib/python3.10/dist-packages/grid_map_msgs-2.0.1-py3.10.egg-info
[0.535s] -- Installing: /home/williamfbx/SLAM/slam_ws/install/grid_map_msgs/local/lib/python3.10/dist-packages/grid_map_msgs-2.0.1-py3.10.egg-info/dependency_links.txt
[0.535s] -- Installing: /home/williamfbx/SLAM/slam_ws/install/grid_map_msgs/local/lib/python3.10/dist-packages/grid_map_msgs-2.0.1-py3.10.egg-info/SOURCES.txt
[0.535s] -- Installing: /home/williamfbx/SLAM/slam_ws/install/grid_map_msgs/local/lib/python3.10/dist-packages/grid_map_msgs-2.0.1-py3.10.egg-info/PKG-INFO
[0.536s] -- Installing: /home/williamfbx/SLAM/slam_ws/install/grid_map_msgs/local/lib/python3.10/dist-packages/grid_map_msgs-2.0.1-py3.10.egg-info/top_level.txt
[0.536s] -- Up-to-date: /home/williamfbx/SLAM/slam_ws/install/grid_map_msgs/local/lib/python3.10/dist-packages/grid_map_msgs
[0.536s] -- Up-to-date: /home/williamfbx/SLAM/slam_ws/install/grid_map_msgs/local/lib/python3.10/dist-packages/grid_map_msgs/srv
[0.536s] -- Up-to-date: /home/williamfbx/SLAM/slam_ws/install/grid_map_msgs/local/lib/python3.10/dist-packages/grid_map_msgs/srv/_get_grid_map_info_s.c
[0.536s] -- Up-to-date: /home/williamfbx/SLAM/slam_ws/install/grid_map_msgs/local/lib/python3.10/dist-packages/grid_map_msgs/srv/_process_file_s.c
[0.536s] -- Up-to-date: /home/williamfbx/SLAM/slam_ws/install/grid_map_msgs/local/lib/python3.10/dist-packages/grid_map_msgs/srv/_set_grid_map_s.c
[0.536s] -- Up-to-date: /home/williamfbx/SLAM/slam_ws/install/grid_map_msgs/local/lib/python3.10/dist-packages/grid_map_msgs/srv/_get_grid_map_s.c
[0.536s] -- Up-to-date: /home/williamfbx/SLAM/slam_ws/install/grid_map_msgs/local/lib/python3.10/dist-packages/grid_map_msgs/srv/_set_grid_map.py
[0.536s] -- Up-to-date: /home/williamfbx/SLAM/slam_ws/install/grid_map_msgs/local/lib/python3.10/dist-packages/grid_map_msgs/srv/_get_grid_map_info.py
[0.536s] -- Up-to-date: /home/williamfbx/SLAM/slam_ws/install/grid_map_msgs/local/lib/python3.10/dist-packages/grid_map_msgs/srv/_get_grid_map.py
[0.536s] -- Up-to-date: /home/williamfbx/SLAM/slam_ws/install/grid_map_msgs/local/lib/python3.10/dist-packages/grid_map_msgs/srv/_process_file.py
[0.536s] -- Up-to-date: /home/williamfbx/SLAM/slam_ws/install/grid_map_msgs/local/lib/python3.10/dist-packages/grid_map_msgs/srv/__init__.py
[0.536s] -- Up-to-date: /home/williamfbx/SLAM/slam_ws/install/grid_map_msgs/local/lib/python3.10/dist-packages/grid_map_msgs/libgrid_map_msgs__rosidl_generator_py.so
[0.536s] -- Up-to-date: /home/williamfbx/SLAM/slam_ws/install/grid_map_msgs/local/lib/python3.10/dist-packages/grid_map_msgs/grid_map_msgs_s__rosidl_typesupport_fastrtps_c.cpython-310-x86_64-linux-gnu.so
[0.537s] -- Up-to-date: /home/williamfbx/SLAM/slam_ws/install/grid_map_msgs/local/lib/python3.10/dist-packages/grid_map_msgs/_grid_map_msgs_s.ep.rosidl_typesupport_introspection_c.c
[0.537s] -- Up-to-date: /home/williamfbx/SLAM/slam_ws/install/grid_map_msgs/local/lib/python3.10/dist-packages/grid_map_msgs/_grid_map_msgs_s.ep.rosidl_typesupport_fastrtps_c.c
[0.537s] -- Up-to-date: /home/williamfbx/SLAM/slam_ws/install/grid_map_msgs/local/lib/python3.10/dist-packages/grid_map_msgs/_grid_map_msgs_s.ep.rosidl_typesupport_c.c
[0.537s] -- Up-to-date: /home/williamfbx/SLAM/slam_ws/install/grid_map_msgs/local/lib/python3.10/dist-packages/grid_map_msgs/grid_map_msgs_s__rosidl_typesupport_c.cpython-310-x86_64-linux-gnu.so
[0.537s] -- Up-to-date: /home/williamfbx/SLAM/slam_ws/install/grid_map_msgs/local/lib/python3.10/dist-packages/grid_map_msgs/grid_map_msgs_s__rosidl_typesupport_introspection_c.cpython-310-x86_64-linux-gnu.so
[0.537s] -- Up-to-date: /home/williamfbx/SLAM/slam_ws/install/grid_map_msgs/local/lib/python3.10/dist-packages/grid_map_msgs/__init__.py
[0.537s] -- Up-to-date: /home/williamfbx/SLAM/slam_ws/install/grid_map_msgs/local/lib/python3.10/dist-packages/grid_map_msgs/msg
[0.537s] -- Up-to-date: /home/williamfbx/SLAM/slam_ws/install/grid_map_msgs/local/lib/python3.10/dist-packages/grid_map_msgs/msg/_grid_map.py
[0.537s] -- Up-to-date: /home/williamfbx/SLAM/slam_ws/install/grid_map_msgs/local/lib/python3.10/dist-packages/grid_map_msgs/msg/_grid_map_info.py
[0.537s] -- Up-to-date: /home/williamfbx/SLAM/slam_ws/install/grid_map_msgs/local/lib/python3.10/dist-packages/grid_map_msgs/msg/_grid_map_info_s.c
[0.537s] -- Up-to-date: /home/williamfbx/SLAM/slam_ws/install/grid_map_msgs/local/lib/python3.10/dist-packages/grid_map_msgs/msg/_grid_map_s.c
[0.537s] -- Up-to-date: /home/williamfbx/SLAM/slam_ws/install/grid_map_msgs/local/lib/python3.10/dist-packages/grid_map_msgs/msg/__init__.py
[0.560s] Listing '/home/williamfbx/SLAM/slam_ws/install/grid_map_msgs/local/lib/python3.10/dist-packages/grid_map_msgs'...
[0.560s] Listing '/home/williamfbx/SLAM/slam_ws/install/grid_map_msgs/local/lib/python3.10/dist-packages/grid_map_msgs/msg'...
[0.560s] Listing '/home/williamfbx/SLAM/slam_ws/install/grid_map_msgs/local/lib/python3.10/dist-packages/grid_map_msgs/srv'...
[0.565s] -- Up-to-date: /home/williamfbx/SLAM/slam_ws/install/grid_map_msgs/local/lib/python3.10/dist-packages/grid_map_msgs/grid_map_msgs_s__rosidl_typesupport_fastrtps_c.cpython-310-x86_64-linux-gnu.so
[0.565s] -- Up-to-date: /home/williamfbx/SLAM/slam_ws/install/grid_map_msgs/local/lib/python3.10/dist-packages/grid_map_msgs/grid_map_msgs_s__rosidl_typesupport_introspection_c.cpython-310-x86_64-linux-gnu.so
[0.565s] -- Up-to-date: /home/williamfbx/SLAM/slam_ws/install/grid_map_msgs/local/lib/python3.10/dist-packages/grid_map_msgs/grid_map_msgs_s__rosidl_typesupport_c.cpython-310-x86_64-linux-gnu.so
[0.565s] -- Up-to-date: /home/williamfbx/SLAM/slam_ws/install/grid_map_msgs/lib/libgrid_map_msgs__rosidl_generator_py.so
[0.565s] -- Up-to-date: /home/williamfbx/SLAM/slam_ws/install/grid_map_msgs/share/grid_map_msgs/msg/GridMapInfo.idl
[0.565s] -- Up-to-date: /home/williamfbx/SLAM/slam_ws/install/grid_map_msgs/share/grid_map_msgs/msg/GridMap.idl
[0.565s] -- Up-to-date: /home/williamfbx/SLAM/slam_ws/install/grid_map_msgs/share/grid_map_msgs/srv/SetGridMap.idl
[0.565s] -- Up-to-date: /home/williamfbx/SLAM/slam_ws/install/grid_map_msgs/share/grid_map_msgs/srv/GetGridMap.idl
[0.565s] -- Up-to-date: /home/williamfbx/SLAM/slam_ws/install/grid_map_msgs/share/grid_map_msgs/srv/GetGridMapInfo.idl
[0.565s] -- Up-to-date: /home/williamfbx/SLAM/slam_ws/install/grid_map_msgs/share/grid_map_msgs/srv/ProcessFile.idl
[0.565s] -- Up-to-date: /home/williamfbx/SLAM/slam_ws/install/grid_map_msgs/share/grid_map_msgs/msg/GridMapInfo.msg
[0.565s] -- Up-to-date: /home/williamfbx/SLAM/slam_ws/install/grid_map_msgs/share/grid_map_msgs/msg/GridMap.msg
[0.565s] -- Up-to-date: /home/williamfbx/SLAM/slam_ws/install/grid_map_msgs/share/grid_map_msgs/srv/SetGridMap.srv
[0.566s] -- Up-to-date: /home/williamfbx/SLAM/slam_ws/install/grid_map_msgs/share/grid_map_msgs/srv/SetGridMap_Request.msg
[0.566s] -- Up-to-date: /home/williamfbx/SLAM/slam_ws/install/grid_map_msgs/share/grid_map_msgs/srv/SetGridMap_Response.msg
[0.566s] -- Up-to-date: /home/williamfbx/SLAM/slam_ws/install/grid_map_msgs/share/grid_map_msgs/srv/GetGridMap.srv
[0.566s] -- Up-to-date: /home/williamfbx/SLAM/slam_ws/install/grid_map_msgs/share/grid_map_msgs/srv/GetGridMap_Request.msg
[0.566s] -- Up-to-date: /home/williamfbx/SLAM/slam_ws/install/grid_map_msgs/share/grid_map_msgs/srv/GetGridMap_Response.msg
[0.566s] -- Up-to-date: /home/williamfbx/SLAM/slam_ws/install/grid_map_msgs/share/grid_map_msgs/srv/GetGridMapInfo.srv
[0.566s] -- Up-to-date: /home/williamfbx/SLAM/slam_ws/install/grid_map_msgs/share/grid_map_msgs/srv/GetGridMapInfo_Request.msg
[0.566s] -- Up-to-date: /home/williamfbx/SLAM/slam_ws/install/grid_map_msgs/share/grid_map_msgs/srv/GetGridMapInfo_Response.msg
[0.566s] -- Up-to-date: /home/williamfbx/SLAM/slam_ws/install/grid_map_msgs/share/grid_map_msgs/srv/ProcessFile.srv
[0.566s] -- Up-to-date: /home/williamfbx/SLAM/slam_ws/install/grid_map_msgs/share/grid_map_msgs/srv/ProcessFile_Request.msg
[0.566s] -- Up-to-date: /home/williamfbx/SLAM/slam_ws/install/grid_map_msgs/share/grid_map_msgs/srv/ProcessFile_Response.msg
[0.567s] -- Up-to-date: /home/williamfbx/SLAM/slam_ws/install/grid_map_msgs/share/ament_index/resource_index/package_run_dependencies/grid_map_msgs
[0.567s] -- Up-to-date: /home/williamfbx/SLAM/slam_ws/install/grid_map_msgs/share/ament_index/resource_index/parent_prefix_path/grid_map_msgs
[0.567s] -- Up-to-date: /home/williamfbx/SLAM/slam_ws/install/grid_map_msgs/share/grid_map_msgs/environment/ament_prefix_path.sh
[0.567s] -- Up-to-date: /home/williamfbx/SLAM/slam_ws/install/grid_map_msgs/share/grid_map_msgs/environment/ament_prefix_path.dsv
[0.567s] -- Up-to-date: /home/williamfbx/SLAM/slam_ws/install/grid_map_msgs/share/grid_map_msgs/environment/path.sh
[0.567s] -- Up-to-date: /home/williamfbx/SLAM/slam_ws/install/grid_map_msgs/share/grid_map_msgs/environment/path.dsv
[0.567s] -- Up-to-date: /home/williamfbx/SLAM/slam_ws/install/grid_map_msgs/share/grid_map_msgs/local_setup.bash
[0.567s] -- Up-to-date: /home/williamfbx/SLAM/slam_ws/install/grid_map_msgs/share/grid_map_msgs/local_setup.sh
[0.567s] -- Up-to-date: /home/williamfbx/SLAM/slam_ws/install/grid_map_msgs/share/grid_map_msgs/local_setup.zsh
[0.567s] -- Up-to-date: /home/williamfbx/SLAM/slam_ws/install/grid_map_msgs/share/grid_map_msgs/local_setup.dsv
[0.567s] -- Installing: /home/williamfbx/SLAM/slam_ws/install/grid_map_msgs/share/grid_map_msgs/package.dsv
[0.567s] -- Up-to-date: /home/williamfbx/SLAM/slam_ws/install/grid_map_msgs/share/ament_index/resource_index/packages/grid_map_msgs
[0.567s] -- Up-to-date: /home/williamfbx/SLAM/slam_ws/install/grid_map_msgs/share/grid_map_msgs/cmake/export_grid_map_msgs__rosidl_generator_cExport.cmake
[0.567s] -- Up-to-date: /home/williamfbx/SLAM/slam_ws/install/grid_map_msgs/share/grid_map_msgs/cmake/export_grid_map_msgs__rosidl_generator_cExport-release.cmake
[0.567s] -- Up-to-date: /home/williamfbx/SLAM/slam_ws/install/grid_map_msgs/share/grid_map_msgs/cmake/export_grid_map_msgs__rosidl_typesupport_fastrtps_cExport.cmake
[0.567s] -- Up-to-date: /home/williamfbx/SLAM/slam_ws/install/grid_map_msgs/share/grid_map_msgs/cmake/export_grid_map_msgs__rosidl_typesupport_fastrtps_cExport-release.cmake
[0.567s] -- Up-to-date: /home/williamfbx/SLAM/slam_ws/install/grid_map_msgs/share/grid_map_msgs/cmake/export_grid_map_msgs__rosidl_generator_cppExport.cmake
[0.567s] -- Up-to-date: /home/williamfbx/SLAM/slam_ws/install/grid_map_msgs/share/grid_map_msgs/cmake/export_grid_map_msgs__rosidl_typesupport_fastrtps_cppExport.cmake
[0.568s] -- Up-to-date: /home/williamfbx/SLAM/slam_ws/install/grid_map_msgs/share/grid_map_msgs/cmake/export_grid_map_msgs__rosidl_typesupport_fastrtps_cppExport-release.cmake
[0.568s] -- Up-to-date: /home/williamfbx/SLAM/slam_ws/install/grid_map_msgs/share/grid_map_msgs/cmake/grid_map_msgs__rosidl_typesupport_introspection_cExport.cmake
[0.568s] -- Up-to-date: /home/williamfbx/SLAM/slam_ws/install/grid_map_msgs/share/grid_map_msgs/cmake/grid_map_msgs__rosidl_typesupport_introspection_cExport-release.cmake
[0.568s] -- Up-to-date: /home/williamfbx/SLAM/slam_ws/install/grid_map_msgs/share/grid_map_msgs/cmake/grid_map_msgs__rosidl_typesupport_cExport.cmake
[0.568s] -- Up-to-date: /home/williamfbx/SLAM/slam_ws/install/grid_map_msgs/share/grid_map_msgs/cmake/grid_map_msgs__rosidl_typesupport_cExport-release.cmake
[0.568s] -- Up-to-date: /home/williamfbx/SLAM/slam_ws/install/grid_map_msgs/share/grid_map_msgs/cmake/grid_map_msgs__rosidl_typesupport_introspection_cppExport.cmake
[0.568s] -- Up-to-date: /home/williamfbx/SLAM/slam_ws/install/grid_map_msgs/share/grid_map_msgs/cmake/grid_map_msgs__rosidl_typesupport_introspection_cppExport-release.cmake
[0.568s] -- Up-to-date: /home/williamfbx/SLAM/slam_ws/install/grid_map_msgs/share/grid_map_msgs/cmake/grid_map_msgs__rosidl_typesupport_cppExport.cmake
[0.568s] -- Up-to-date: /home/williamfbx/SLAM/slam_ws/install/grid_map_msgs/share/grid_map_msgs/cmake/grid_map_msgs__rosidl_typesupport_cppExport-release.cmake
[0.568s] -- Up-to-date: /home/williamfbx/SLAM/slam_ws/install/grid_map_msgs/share/grid_map_msgs/cmake/export_grid_map_msgs__rosidl_generator_pyExport.cmake
[0.568s] -- Up-to-date: /home/williamfbx/SLAM/slam_ws/install/grid_map_msgs/share/grid_map_msgs/cmake/export_grid_map_msgs__rosidl_generator_pyExport-release.cmake
[0.568s] -- Up-to-date: /home/williamfbx/SLAM/slam_ws/install/grid_map_msgs/share/grid_map_msgs/cmake/rosidl_cmake-extras.cmake
[0.568s] -- Up-to-date: /home/williamfbx/SLAM/slam_ws/install/grid_map_msgs/share/grid_map_msgs/cmake/ament_cmake_export_dependencies-extras.cmake
[0.569s] -- Up-to-date: /home/williamfbx/SLAM/slam_ws/install/grid_map_msgs/share/grid_map_msgs/cmake/ament_cmake_export_include_directories-extras.cmake
[0.569s] -- Up-to-date: /home/williamfbx/SLAM/slam_ws/install/grid_map_msgs/share/grid_map_msgs/cmake/ament_cmake_export_libraries-extras.cmake
[0.569s] -- Up-to-date: /home/williamfbx/SLAM/slam_ws/install/grid_map_msgs/share/grid_map_msgs/cmake/ament_cmake_export_targets-extras.cmake
[0.569s] -- Up-to-date: /home/williamfbx/SLAM/slam_ws/install/grid_map_msgs/share/grid_map_msgs/cmake/rosidl_cmake_export_typesupport_targets-extras.cmake
[0.569s] -- Up-to-date: /home/williamfbx/SLAM/slam_ws/install/grid_map_msgs/share/grid_map_msgs/cmake/rosidl_cmake_export_typesupport_libraries-extras.cmake
[0.569s] -- Up-to-date: /home/williamfbx/SLAM/slam_ws/install/grid_map_msgs/share/grid_map_msgs/cmake/grid_map_msgsConfig.cmake
[0.569s] -- Up-to-date: /home/williamfbx/SLAM/slam_ws/install/grid_map_msgs/share/grid_map_msgs/cmake/grid_map_msgsConfig-version.cmake
[0.569s] -- Up-to-date: /home/williamfbx/SLAM/slam_ws/install/grid_map_msgs/share/grid_map_msgs/package.xml
[0.578s] Invoked command in '/home/williamfbx/SLAM/slam_ws/build/grid_map_msgs' returned '0': CMAKE_PREFIX_PATH=/home/williamfbx/SLAM/slam_ws/install/grid_map_cmake_helpers:/home/williamfbx/SLAM/slam_ws/install/visualization:/home/williamfbx/SLAM/slam_ws/install/sensing:/home/williamfbx/SLAM/slam_ws/install/realsense2_description:/home/williamfbx/SLAM/slam_ws/install/realsense2_camera:/home/williamfbx/SLAM/slam_ws/install/realsense2_camera_msgs:/home/williamfbx/SLAM/slam_ws/install/realsense:/home/williamfbx/SLAM/slam_ws/install/mapping:/home/williamfbx/SLAM/slam_ws/install/localization:/home/williamfbx/SLAM/slam_ws/install/launcher:/home/williamfbx/SLAM/slam_ws/install/elevation_mapping:/home/williamfbx/SLAM/slam_ws/install/kindr_ros:/home/williamfbx/SLAM/slam_ws/install/kindr_msgs:/home/williamfbx/SLAM/slam_ws/install/kindr:/home/williamfbx/SLAM/slam_ws/install/grid_map:/home/williamfbx/SLAM/slam_ws/install/grid_map_demos:/home/williamfbx/SLAM/slam_ws/install/grid_map_visualization:/home/williamfbx/SLAM/slam_ws/install/grid_map_sdf:/home/williamfbx/SLAM/slam_ws/install/grid_map_rviz_plugin:/home/williamfbx/SLAM/slam_ws/install/grid_map_pcl:/home/williamfbx/SLAM/slam_ws/install/grid_map_loader:/home/williamfbx/SLAM/slam_ws/install/grid_map_filters:/home/williamfbx/SLAM/slam_ws/install/grid_map_ros:/home/williamfbx/SLAM/slam_ws/install/grid_map_octomap:/home/williamfbx/SLAM/slam_ws/install/grid_map_msgs:/home/williamfbx/SLAM/slam_ws/install/grid_map_cv:/home/williamfbx/SLAM/slam_ws/install/grid_map_costmap_2d:/home/williamfbx/SLAM/slam_ws/install/grid_map_core:/opt/ros/humble /usr/bin/cmake --install /home/williamfbx/SLAM/slam_ws/build/grid_map_msgs
