[0.036s] Invoking command in '/home/williamfbx/SLAM/slam_ws/build/launcher': CMAKE_PREFIX_PATH=${CMAKE_PREFIX_PATH}:/opt/ros/humble /usr/bin/cmake --build /home/williamfbx/SLAM/slam_ws/build/launcher -- -j12 -l12
[0.136s] Invoked command in '/home/williamfbx/SLAM/slam_ws/build/launcher' returned '0': CMAKE_PREFIX_PATH=${CMAKE_PREFIX_PATH}:/opt/ros/humble /usr/bin/cmake --build /home/williamfbx/SLAM/slam_ws/build/launcher -- -j12 -l12
[0.137s] Invoking command in '/home/williamfbx/SLAM/slam_ws/build/launcher': CMAKE_PREFIX_PATH=${CMAKE_PREFIX_PATH}:/opt/ros/humble /usr/bin/cmake --install /home/williamfbx/SLAM/slam_ws/build/launcher
[0.144s] -- Install configuration: ""
[0.144s] -- Up-to-date: /home/williamfbx/SLAM/slam_ws/install/launcher/share/launcher/launch
[0.144s] -- Up-to-date: /home/williamfbx/SLAM/slam_ws/install/launcher/share/launcher/launch/launch.py
[0.144s] -- Up-to-date: /home/williamfbx/SLAM/slam_ws/install/launcher/share/launcher/launch/gridmap.rviz
[0.144s] -- Up-to-date: /home/williamfbx/SLAM/slam_ws/install/launcher/share/launcher/launch/occupancygrid.rviz
[0.144s] -- Up-to-date: /home/williamfbx/SLAM/slam_ws/install/launcher/share/ament_index/resource_index/package_run_dependencies/launcher
[0.144s] -- Up-to-date: /home/williamfbx/SLAM/slam_ws/install/launcher/share/ament_index/resource_index/parent_prefix_path/launcher
[0.144s] -- Up-to-date: /home/williamfbx/SLAM/slam_ws/install/launcher/share/launcher/environment/ament_prefix_path.sh
[0.145s] -- Up-to-date: /home/williamfbx/SLAM/slam_ws/install/launcher/share/launcher/environment/ament_prefix_path.dsv
[0.145s] -- Up-to-date: /home/williamfbx/SLAM/slam_ws/install/launcher/share/launcher/environment/path.sh
[0.145s] -- Up-to-date: /home/williamfbx/SLAM/slam_ws/install/launcher/share/launcher/environment/path.dsv
[0.145s] -- Up-to-date: /home/williamfbx/SLAM/slam_ws/install/launcher/share/launcher/local_setup.bash
[0.145s] -- Up-to-date: /home/williamfbx/SLAM/slam_ws/install/launcher/share/launcher/local_setup.sh
[0.147s] -- Up-to-date: /home/williamfbx/SLAM/slam_ws/install/launcher/share/launcher/local_setup.zsh
[0.147s] -- Up-to-date: /home/williamfbx/SLAM/slam_ws/install/launcher/share/launcher/local_setup.dsv
[0.147s] -- Installing: /home/williamfbx/SLAM/slam_ws/install/launcher/share/launcher/package.dsv
[0.148s] -- Up-to-date: /home/williamfbx/SLAM/slam_ws/install/launcher/share/ament_index/resource_index/packages/launcher
[0.148s] -- Up-to-date: /home/williamfbx/SLAM/slam_ws/install/launcher/share/launcher/cmake/launcherConfig.cmake
[0.148s] -- Up-to-date: /home/williamfbx/SLAM/slam_ws/install/launcher/share/launcher/cmake/launcherConfig-version.cmake
[0.148s] -- Up-to-date: /home/williamfbx/SLAM/slam_ws/install/launcher/share/launcher/package.xml
[0.202s] Invoked command in '/home/williamfbx/SLAM/slam_ws/build/launcher' returned '0': CMAKE_PREFIX_PATH=${CMAKE_PREFIX_PATH}:/opt/ros/humble /usr/bin/cmake --install /home/williamfbx/SLAM/slam_ws/build/launcher
