[0.028s] Invoking command in '/home/williamfbx/SLAM/slam_ws/build/visualization': CMAKE_PREFIX_PATH=${CMAKE_PREFIX_PATH}:/opt/ros/humble /usr/bin/cmake --build /home/williamfbx/SLAM/slam_ws/build/visualization -- -j12 -l12
[0.059s] [35m[1mConsolidate compiler generated dependencies of target visualization_node[0m
[0.084s] [100%] Built target visualization_node
[0.148s] Invoked command in '/home/williamfbx/SLAM/slam_ws/build/visualization' returned '0': CMAKE_PREFIX_PATH=${CMAKE_PREFIX_PATH}:/opt/ros/humble /usr/bin/cmake --build /home/williamfbx/SLAM/slam_ws/build/visualization -- -j12 -l12
[0.150s] Invoking command in '/home/williamfbx/SLAM/slam_ws/build/visualization': CMAKE_PREFIX_PATH=${CMAKE_PREFIX_PATH}:/opt/ros/humble /usr/bin/cmake --install /home/williamfbx/SLAM/slam_ws/build/visualization
[0.158s] -- Install configuration: ""
[0.159s] -- Up-to-date: /home/williamfbx/SLAM/slam_ws/install/visualization/lib/visualization/visualization_node
[0.159s] -- Up-to-date: /home/williamfbx/SLAM/slam_ws/install/visualization/include/visualization
[0.159s] -- Up-to-date: /home/williamfbx/SLAM/slam_ws/install/visualization/include/visualization/visualization.hpp
[0.159s] -- Up-to-date: /home/williamfbx/SLAM/slam_ws/install/visualization/share/visualization/launch
[0.159s] -- Up-to-date: /home/williamfbx/SLAM/slam_ws/install/visualization/share/visualization/launch/visualization.launch.py
[0.160s] -- Up-to-date: /home/williamfbx/SLAM/slam_ws/install/visualization/share/ament_index/resource_index/package_run_dependencies/visualization
[0.160s] -- Up-to-date: /home/williamfbx/SLAM/slam_ws/install/visualization/share/ament_index/resource_index/parent_prefix_path/visualization
[0.160s] -- Up-to-date: /home/williamfbx/SLAM/slam_ws/install/visualization/share/visualization/environment/ament_prefix_path.sh
[0.160s] -- Up-to-date: /home/williamfbx/SLAM/slam_ws/install/visualization/share/visualization/environment/ament_prefix_path.dsv
[0.160s] -- Up-to-date: /home/williamfbx/SLAM/slam_ws/install/visualization/share/visualization/environment/path.sh
[0.160s] -- Up-to-date: /home/williamfbx/SLAM/slam_ws/install/visualization/share/visualization/environment/path.dsv
[0.160s] -- Up-to-date: /home/williamfbx/SLAM/slam_ws/install/visualization/share/visualization/local_setup.bash
[0.160s] -- Up-to-date: /home/williamfbx/SLAM/slam_ws/install/visualization/share/visualization/local_setup.sh
[0.161s] -- Up-to-date: /home/williamfbx/SLAM/slam_ws/install/visualization/share/visualization/local_setup.zsh
[0.162s] -- Up-to-date: /home/williamfbx/SLAM/slam_ws/install/visualization/share/visualization/local_setup.dsv
[0.162s] -- Installing: /home/williamfbx/SLAM/slam_ws/install/visualization/share/visualization/package.dsv
[0.162s] -- Up-to-date: /home/williamfbx/SLAM/slam_ws/install/visualization/share/ament_index/resource_index/packages/visualization
[0.162s] -- Up-to-date: /home/williamfbx/SLAM/slam_ws/install/visualization/share/visualization/cmake/visualizationConfig.cmake
[0.162s] -- Up-to-date: /home/williamfbx/SLAM/slam_ws/install/visualization/share/visualization/cmake/visualizationConfig-version.cmake
[0.162s] -- Up-to-date: /home/williamfbx/SLAM/slam_ws/install/visualization/share/visualization/package.xml
[0.178s] Invoked command in '/home/williamfbx/SLAM/slam_ws/build/visualization' returned '0': CMAKE_PREFIX_PATH=${CMAKE_PREFIX_PATH}:/opt/ros/humble /usr/bin/cmake --install /home/williamfbx/SLAM/slam_ws/build/visualization
