[0.231s] DEBUG:colcon:Command line arguments: ['/usr/bin/colcon', 'build', '--packages-select', 'localization']
[0.231s] DEBUG:colcon:Parsed command line arguments: Namespace(log_base=None, log_level=None, verb_name='build', build_base='build', install_base='install', merge_install=False, symlink_install=False, test_result_base=None, continue_on_error=False, executor='parallel', parallel_workers=12, event_handlers=None, ignore_user_meta=False, metas=['./colcon.meta'], base_paths=['.'], packages_ignore=None, packages_ignore_regex=None, paths=None, packages_up_to=None, packages_up_to_regex=None, packages_above=None, packages_above_and_dependencies=None, packages_above_depth=None, packages_select_by_dep=None, packages_skip_by_dep=None, packages_skip_up_to=None, packages_select_build_failed=False, packages_skip_build_finished=False, packages_select_test_failures=False, packages_skip_test_passed=False, packages_select=['localization'], packages_skip=None, packages_select_regex=None, packages_skip_regex=None, packages_start=None, packages_end=None, allow_overriding=[], cmake_args=None, cmake_target=None, cmake_target_skip_unavailable=False, cmake_clean_cache=False, cmake_clean_first=False, cmake_force_configure=False, ament_cmake_args=None, catkin_cmake_args=None, catkin_skip_building_tests=False, verb_parser=<colcon_defaults.argument_parser.defaults.DefaultArgumentsDecorator object at 0x7f7e20568400>, verb_extension=<colcon_core.verb.build.BuildVerb object at 0x7f7e2052feb0>, main=<bound method BuildVerb.main of <colcon_core.verb.build.BuildVerb object at 0x7f7e2052feb0>>)
[0.394s] Level 1:colcon.colcon_core.package_discovery:discover_packages(colcon_meta) check parameters
[0.394s] Level 1:colcon.colcon_core.package_discovery:discover_packages(recursive) check parameters
[0.394s] Level 1:colcon.colcon_core.package_discovery:discover_packages(ignore) check parameters
[0.394s] Level 1:colcon.colcon_core.package_discovery:discover_packages(path) check parameters
[0.394s] Level 1:colcon.colcon_core.package_discovery:discover_packages(colcon_meta) discover
[0.394s] Level 1:colcon.colcon_core.package_discovery:discover_packages(recursive) discover
[0.394s] INFO:colcon.colcon_core.package_discovery:Crawling recursively for packages in '/home/williamfbx/SLAM/slam_ws'
[0.394s] Level 1:colcon.colcon_core.package_identification:_identify(.) by extensions ['ignore', 'ignore_ament_install']
[0.394s] Level 1:colcon.colcon_core.package_identification:_identify(.) by extension 'ignore'
[0.394s] Level 1:colcon.colcon_core.package_identification:_identify(.) by extension 'ignore_ament_install'
[0.394s] Level 1:colcon.colcon_core.package_identification:_identify(.) by extensions ['colcon_pkg']
[0.394s] Level 1:colcon.colcon_core.package_identification:_identify(.) by extension 'colcon_pkg'
[0.394s] Level 1:colcon.colcon_core.package_identification:_identify(.) by extensions ['colcon_meta']
[0.394s] Level 1:colcon.colcon_core.package_identification:_identify(.) by extension 'colcon_meta'
[0.394s] Level 1:colcon.colcon_core.package_identification:_identify(.) by extensions ['ros']
[0.394s] Level 1:colcon.colcon_core.package_identification:_identify(.) by extension 'ros'
[0.403s] Level 1:colcon.colcon_core.package_identification:_identify(.) by extensions ['cmake', 'python']
[0.403s] Level 1:colcon.colcon_core.package_identification:_identify(.) by extension 'cmake'
[0.403s] Level 1:colcon.colcon_core.package_identification:_identify(.) by extension 'python'
[0.403s] Level 1:colcon.colcon_core.package_identification:_identify(.) by extensions ['python_setup_py']
[0.403s] Level 1:colcon.colcon_core.package_identification:_identify(.) by extension 'python_setup_py'
[0.403s] Level 1:colcon.colcon_core.package_identification:_identify(build) by extensions ['ignore', 'ignore_ament_install']
[0.403s] Level 1:colcon.colcon_core.package_identification:_identify(build) by extension 'ignore'
[0.403s] Level 1:colcon.colcon_core.package_identification:_identify(build) ignored
[0.403s] Level 1:colcon.colcon_core.package_identification:_identify(install) by extensions ['ignore', 'ignore_ament_install']
[0.403s] Level 1:colcon.colcon_core.package_identification:_identify(install) by extension 'ignore'
[0.404s] Level 1:colcon.colcon_core.package_identification:_identify(install) ignored
[0.404s] Level 1:colcon.colcon_core.package_identification:_identify(log) by extensions ['ignore', 'ignore_ament_install']
[0.404s] Level 1:colcon.colcon_core.package_identification:_identify(log) by extension 'ignore'
[0.404s] Level 1:colcon.colcon_core.package_identification:_identify(log) ignored
[0.404s] Level 1:colcon.colcon_core.package_identification:_identify(src) by extensions ['ignore', 'ignore_ament_install']
[0.404s] Level 1:colcon.colcon_core.package_identification:_identify(src) by extension 'ignore'
[0.404s] Level 1:colcon.colcon_core.package_identification:_identify(src) by extension 'ignore_ament_install'
[0.404s] Level 1:colcon.colcon_core.package_identification:_identify(src) by extensions ['colcon_pkg']
[0.404s] Level 1:colcon.colcon_core.package_identification:_identify(src) by extension 'colcon_pkg'
[0.404s] Level 1:colcon.colcon_core.package_identification:_identify(src) by extensions ['colcon_meta']
[0.404s] Level 1:colcon.colcon_core.package_identification:_identify(src) by extension 'colcon_meta'
[0.404s] Level 1:colcon.colcon_core.package_identification:_identify(src) by extensions ['ros']
[0.404s] Level 1:colcon.colcon_core.package_identification:_identify(src) by extension 'ros'
[0.404s] Level 1:colcon.colcon_core.package_identification:_identify(src) by extensions ['cmake', 'python']
[0.404s] Level 1:colcon.colcon_core.package_identification:_identify(src) by extension 'cmake'
[0.404s] Level 1:colcon.colcon_core.package_identification:_identify(src) by extension 'python'
[0.404s] Level 1:colcon.colcon_core.package_identification:_identify(src) by extensions ['python_setup_py']
[0.404s] Level 1:colcon.colcon_core.package_identification:_identify(src) by extension 'python_setup_py'
[0.404s] Level 1:colcon.colcon_core.package_identification:_identify(src/drivers) by extensions ['ignore', 'ignore_ament_install']
[0.404s] Level 1:colcon.colcon_core.package_identification:_identify(src/drivers) by extension 'ignore'
[0.404s] Level 1:colcon.colcon_core.package_identification:_identify(src/drivers) by extension 'ignore_ament_install'
[0.404s] Level 1:colcon.colcon_core.package_identification:_identify(src/drivers) by extensions ['colcon_pkg']
[0.404s] Level 1:colcon.colcon_core.package_identification:_identify(src/drivers) by extension 'colcon_pkg'
[0.404s] Level 1:colcon.colcon_core.package_identification:_identify(src/drivers) by extensions ['colcon_meta']
[0.404s] Level 1:colcon.colcon_core.package_identification:_identify(src/drivers) by extension 'colcon_meta'
[0.404s] Level 1:colcon.colcon_core.package_identification:_identify(src/drivers) by extensions ['ros']
[0.404s] Level 1:colcon.colcon_core.package_identification:_identify(src/drivers) by extension 'ros'
[0.404s] Level 1:colcon.colcon_core.package_identification:_identify(src/drivers) by extensions ['cmake', 'python']
[0.404s] Level 1:colcon.colcon_core.package_identification:_identify(src/drivers) by extension 'cmake'
[0.404s] Level 1:colcon.colcon_core.package_identification:_identify(src/drivers) by extension 'python'
[0.404s] Level 1:colcon.colcon_core.package_identification:_identify(src/drivers) by extensions ['python_setup_py']
[0.404s] Level 1:colcon.colcon_core.package_identification:_identify(src/drivers) by extension 'python_setup_py'
[0.404s] Level 1:colcon.colcon_core.package_identification:_identify(src/drivers/elevation_mapping) by extensions ['ignore', 'ignore_ament_install']
[0.404s] Level 1:colcon.colcon_core.package_identification:_identify(src/drivers/elevation_mapping) by extension 'ignore'
[0.405s] Level 1:colcon.colcon_core.package_identification:_identify(src/drivers/elevation_mapping) by extension 'ignore_ament_install'
[0.405s] Level 1:colcon.colcon_core.package_identification:_identify(src/drivers/elevation_mapping) by extensions ['colcon_pkg']
[0.405s] Level 1:colcon.colcon_core.package_identification:_identify(src/drivers/elevation_mapping) by extension 'colcon_pkg'
[0.405s] Level 1:colcon.colcon_core.package_identification:_identify(src/drivers/elevation_mapping) by extensions ['colcon_meta']
[0.405s] Level 1:colcon.colcon_core.package_identification:_identify(src/drivers/elevation_mapping) by extension 'colcon_meta'
[0.405s] Level 1:colcon.colcon_core.package_identification:_identify(src/drivers/elevation_mapping) by extensions ['ros']
[0.405s] Level 1:colcon.colcon_core.package_identification:_identify(src/drivers/elevation_mapping) by extension 'ros'
[0.407s] DEBUG:colcon.colcon_core.package_identification:Package 'src/drivers/elevation_mapping' with type 'ros.ament_cmake' and name 'elevation_mapping'
[0.408s] Level 1:colcon.colcon_core.package_identification:_identify(src/drivers/grid_map) by extensions ['ignore', 'ignore_ament_install']
[0.408s] Level 1:colcon.colcon_core.package_identification:_identify(src/drivers/grid_map) by extension 'ignore'
[0.408s] Level 1:colcon.colcon_core.package_identification:_identify(src/drivers/grid_map) by extension 'ignore_ament_install'
[0.408s] Level 1:colcon.colcon_core.package_identification:_identify(src/drivers/grid_map) by extensions ['colcon_pkg']
[0.408s] Level 1:colcon.colcon_core.package_identification:_identify(src/drivers/grid_map) by extension 'colcon_pkg'
[0.408s] Level 1:colcon.colcon_core.package_identification:_identify(src/drivers/grid_map) by extensions ['colcon_meta']
[0.408s] Level 1:colcon.colcon_core.package_identification:_identify(src/drivers/grid_map) by extension 'colcon_meta'
[0.408s] Level 1:colcon.colcon_core.package_identification:_identify(src/drivers/grid_map) by extensions ['ros']
[0.408s] Level 1:colcon.colcon_core.package_identification:_identify(src/drivers/grid_map) by extension 'ros'
[0.408s] Level 1:colcon.colcon_core.package_identification:_identify(src/drivers/grid_map) by extensions ['cmake', 'python']
[0.408s] Level 1:colcon.colcon_core.package_identification:_identify(src/drivers/grid_map) by extension 'cmake'
[0.408s] Level 1:colcon.colcon_core.package_identification:_identify(src/drivers/grid_map) by extension 'python'
[0.408s] Level 1:colcon.colcon_core.package_identification:_identify(src/drivers/grid_map) by extensions ['python_setup_py']
[0.408s] Level 1:colcon.colcon_core.package_identification:_identify(src/drivers/grid_map) by extension 'python_setup_py'
[0.408s] Level 1:colcon.colcon_core.package_identification:_identify(src/drivers/grid_map/grid_map) by extensions ['ignore', 'ignore_ament_install']
[0.408s] Level 1:colcon.colcon_core.package_identification:_identify(src/drivers/grid_map/grid_map) by extension 'ignore'
[0.408s] Level 1:colcon.colcon_core.package_identification:_identify(src/drivers/grid_map/grid_map) by extension 'ignore_ament_install'
[0.408s] Level 1:colcon.colcon_core.package_identification:_identify(src/drivers/grid_map/grid_map) by extensions ['colcon_pkg']
[0.408s] Level 1:colcon.colcon_core.package_identification:_identify(src/drivers/grid_map/grid_map) by extension 'colcon_pkg'
[0.408s] Level 1:colcon.colcon_core.package_identification:_identify(src/drivers/grid_map/grid_map) by extensions ['colcon_meta']
[0.408s] Level 1:colcon.colcon_core.package_identification:_identify(src/drivers/grid_map/grid_map) by extension 'colcon_meta'
[0.408s] Level 1:colcon.colcon_core.package_identification:_identify(src/drivers/grid_map/grid_map) by extensions ['ros']
[0.408s] Level 1:colcon.colcon_core.package_identification:_identify(src/drivers/grid_map/grid_map) by extension 'ros'
[0.409s] DEBUG:colcon.colcon_core.package_identification:Package 'src/drivers/grid_map/grid_map' with type 'ros.ament_cmake' and name 'grid_map'
[0.409s] Level 1:colcon.colcon_core.package_identification:_identify(src/drivers/grid_map/grid_map_cmake_helpers) by extensions ['ignore', 'ignore_ament_install']
[0.409s] Level 1:colcon.colcon_core.package_identification:_identify(src/drivers/grid_map/grid_map_cmake_helpers) by extension 'ignore'
[0.409s] Level 1:colcon.colcon_core.package_identification:_identify(src/drivers/grid_map/grid_map_cmake_helpers) by extension 'ignore_ament_install'
[0.409s] Level 1:colcon.colcon_core.package_identification:_identify(src/drivers/grid_map/grid_map_cmake_helpers) by extensions ['colcon_pkg']
[0.409s] Level 1:colcon.colcon_core.package_identification:_identify(src/drivers/grid_map/grid_map_cmake_helpers) by extension 'colcon_pkg'
[0.409s] Level 1:colcon.colcon_core.package_identification:_identify(src/drivers/grid_map/grid_map_cmake_helpers) by extensions ['colcon_meta']
[0.409s] Level 1:colcon.colcon_core.package_identification:_identify(src/drivers/grid_map/grid_map_cmake_helpers) by extension 'colcon_meta'
[0.409s] Level 1:colcon.colcon_core.package_identification:_identify(src/drivers/grid_map/grid_map_cmake_helpers) by extensions ['ros']
[0.409s] Level 1:colcon.colcon_core.package_identification:_identify(src/drivers/grid_map/grid_map_cmake_helpers) by extension 'ros'
[0.410s] DEBUG:colcon.colcon_core.package_identification:Package 'src/drivers/grid_map/grid_map_cmake_helpers' with type 'ros.ament_cmake' and name 'grid_map_cmake_helpers'
[0.410s] Level 1:colcon.colcon_core.package_identification:_identify(src/drivers/grid_map/grid_map_core) by extensions ['ignore', 'ignore_ament_install']
[0.410s] Level 1:colcon.colcon_core.package_identification:_identify(src/drivers/grid_map/grid_map_core) by extension 'ignore'
[0.410s] Level 1:colcon.colcon_core.package_identification:_identify(src/drivers/grid_map/grid_map_core) by extension 'ignore_ament_install'
[0.410s] Level 1:colcon.colcon_core.package_identification:_identify(src/drivers/grid_map/grid_map_core) by extensions ['colcon_pkg']
[0.410s] Level 1:colcon.colcon_core.package_identification:_identify(src/drivers/grid_map/grid_map_core) by extension 'colcon_pkg'
[0.410s] Level 1:colcon.colcon_core.package_identification:_identify(src/drivers/grid_map/grid_map_core) by extensions ['colcon_meta']
[0.410s] Level 1:colcon.colcon_core.package_identification:_identify(src/drivers/grid_map/grid_map_core) by extension 'colcon_meta'
[0.410s] Level 1:colcon.colcon_core.package_identification:_identify(src/drivers/grid_map/grid_map_core) by extensions ['ros']
[0.410s] Level 1:colcon.colcon_core.package_identification:_identify(src/drivers/grid_map/grid_map_core) by extension 'ros'
[0.411s] DEBUG:colcon.colcon_core.package_identification:Package 'src/drivers/grid_map/grid_map_core' with type 'ros.ament_cmake' and name 'grid_map_core'
[0.411s] Level 1:colcon.colcon_core.package_identification:_identify(src/drivers/grid_map/grid_map_costmap_2d) by extensions ['ignore', 'ignore_ament_install']
[0.411s] Level 1:colcon.colcon_core.package_identification:_identify(src/drivers/grid_map/grid_map_costmap_2d) by extension 'ignore'
[0.411s] Level 1:colcon.colcon_core.package_identification:_identify(src/drivers/grid_map/grid_map_costmap_2d) by extension 'ignore_ament_install'
[0.411s] Level 1:colcon.colcon_core.package_identification:_identify(src/drivers/grid_map/grid_map_costmap_2d) by extensions ['colcon_pkg']
[0.411s] Level 1:colcon.colcon_core.package_identification:_identify(src/drivers/grid_map/grid_map_costmap_2d) by extension 'colcon_pkg'
[0.411s] Level 1:colcon.colcon_core.package_identification:_identify(src/drivers/grid_map/grid_map_costmap_2d) by extensions ['colcon_meta']
[0.411s] Level 1:colcon.colcon_core.package_identification:_identify(src/drivers/grid_map/grid_map_costmap_2d) by extension 'colcon_meta'
[0.411s] Level 1:colcon.colcon_core.package_identification:_identify(src/drivers/grid_map/grid_map_costmap_2d) by extensions ['ros']
[0.411s] Level 1:colcon.colcon_core.package_identification:_identify(src/drivers/grid_map/grid_map_costmap_2d) by extension 'ros'
[0.412s] DEBUG:colcon.colcon_core.package_identification:Package 'src/drivers/grid_map/grid_map_costmap_2d' with type 'ros.ament_cmake' and name 'grid_map_costmap_2d'
[0.413s] Level 1:colcon.colcon_core.package_identification:_identify(src/drivers/grid_map/grid_map_cv) by extensions ['ignore', 'ignore_ament_install']
[0.413s] Level 1:colcon.colcon_core.package_identification:_identify(src/drivers/grid_map/grid_map_cv) by extension 'ignore'
[0.413s] Level 1:colcon.colcon_core.package_identification:_identify(src/drivers/grid_map/grid_map_cv) by extension 'ignore_ament_install'
[0.413s] Level 1:colcon.colcon_core.package_identification:_identify(src/drivers/grid_map/grid_map_cv) by extensions ['colcon_pkg']
[0.413s] Level 1:colcon.colcon_core.package_identification:_identify(src/drivers/grid_map/grid_map_cv) by extension 'colcon_pkg'
[0.413s] Level 1:colcon.colcon_core.package_identification:_identify(src/drivers/grid_map/grid_map_cv) by extensions ['colcon_meta']
[0.413s] Level 1:colcon.colcon_core.package_identification:_identify(src/drivers/grid_map/grid_map_cv) by extension 'colcon_meta'
[0.413s] Level 1:colcon.colcon_core.package_identification:_identify(src/drivers/grid_map/grid_map_cv) by extensions ['ros']
[0.413s] Level 1:colcon.colcon_core.package_identification:_identify(src/drivers/grid_map/grid_map_cv) by extension 'ros'
[0.414s] DEBUG:colcon.colcon_core.package_identification:Package 'src/drivers/grid_map/grid_map_cv' with type 'ros.ament_cmake' and name 'grid_map_cv'
[0.414s] Level 1:colcon.colcon_core.package_identification:_identify(src/drivers/grid_map/grid_map_demos) by extensions ['ignore', 'ignore_ament_install']
[0.414s] Level 1:colcon.colcon_core.package_identification:_identify(src/drivers/grid_map/grid_map_demos) by extension 'ignore'
[0.414s] Level 1:colcon.colcon_core.package_identification:_identify(src/drivers/grid_map/grid_map_demos) by extension 'ignore_ament_install'
[0.414s] Level 1:colcon.colcon_core.package_identification:_identify(src/drivers/grid_map/grid_map_demos) by extensions ['colcon_pkg']
[0.414s] Level 1:colcon.colcon_core.package_identification:_identify(src/drivers/grid_map/grid_map_demos) by extension 'colcon_pkg'
[0.414s] Level 1:colcon.colcon_core.package_identification:_identify(src/drivers/grid_map/grid_map_demos) by extensions ['colcon_meta']
[0.414s] Level 1:colcon.colcon_core.package_identification:_identify(src/drivers/grid_map/grid_map_demos) by extension 'colcon_meta'
[0.414s] Level 1:colcon.colcon_core.package_identification:_identify(src/drivers/grid_map/grid_map_demos) by extensions ['ros']
[0.414s] Level 1:colcon.colcon_core.package_identification:_identify(src/drivers/grid_map/grid_map_demos) by extension 'ros'
[0.415s] DEBUG:colcon.colcon_core.package_identification:Package 'src/drivers/grid_map/grid_map_demos' with type 'ros.ament_cmake' and name 'grid_map_demos'
[0.415s] Level 1:colcon.colcon_core.package_identification:_identify(src/drivers/grid_map/grid_map_filters) by extensions ['ignore', 'ignore_ament_install']
[0.416s] Level 1:colcon.colcon_core.package_identification:_identify(src/drivers/grid_map/grid_map_filters) by extension 'ignore'
[0.416s] Level 1:colcon.colcon_core.package_identification:_identify(src/drivers/grid_map/grid_map_filters) by extension 'ignore_ament_install'
[0.416s] Level 1:colcon.colcon_core.package_identification:_identify(src/drivers/grid_map/grid_map_filters) by extensions ['colcon_pkg']
[0.416s] Level 1:colcon.colcon_core.package_identification:_identify(src/drivers/grid_map/grid_map_filters) by extension 'colcon_pkg'
[0.416s] Level 1:colcon.colcon_core.package_identification:_identify(src/drivers/grid_map/grid_map_filters) by extensions ['colcon_meta']
[0.416s] Level 1:colcon.colcon_core.package_identification:_identify(src/drivers/grid_map/grid_map_filters) by extension 'colcon_meta'
[0.416s] Level 1:colcon.colcon_core.package_identification:_identify(src/drivers/grid_map/grid_map_filters) by extensions ['ros']
[0.416s] Level 1:colcon.colcon_core.package_identification:_identify(src/drivers/grid_map/grid_map_filters) by extension 'ros'
[0.423s] DEBUG:colcon.colcon_core.package_identification:Package 'src/drivers/grid_map/grid_map_filters' with type 'ros.ament_cmake' and name 'grid_map_filters'
[0.423s] Level 1:colcon.colcon_core.package_identification:_identify(src/drivers/grid_map/grid_map_loader) by extensions ['ignore', 'ignore_ament_install']
[0.423s] Level 1:colcon.colcon_core.package_identification:_identify(src/drivers/grid_map/grid_map_loader) by extension 'ignore'
[0.423s] Level 1:colcon.colcon_core.package_identification:_identify(src/drivers/grid_map/grid_map_loader) by extension 'ignore_ament_install'
[0.423s] Level 1:colcon.colcon_core.package_identification:_identify(src/drivers/grid_map/grid_map_loader) by extensions ['colcon_pkg']
[0.423s] Level 1:colcon.colcon_core.package_identification:_identify(src/drivers/grid_map/grid_map_loader) by extension 'colcon_pkg'
[0.423s] Level 1:colcon.colcon_core.package_identification:_identify(src/drivers/grid_map/grid_map_loader) by extensions ['colcon_meta']
[0.423s] Level 1:colcon.colcon_core.package_identification:_identify(src/drivers/grid_map/grid_map_loader) by extension 'colcon_meta'
[0.423s] Level 1:colcon.colcon_core.package_identification:_identify(src/drivers/grid_map/grid_map_loader) by extensions ['ros']
[0.423s] Level 1:colcon.colcon_core.package_identification:_identify(src/drivers/grid_map/grid_map_loader) by extension 'ros'
[0.424s] DEBUG:colcon.colcon_core.package_identification:Package 'src/drivers/grid_map/grid_map_loader' with type 'ros.ament_cmake' and name 'grid_map_loader'
[0.424s] Level 1:colcon.colcon_core.package_identification:_identify(src/drivers/grid_map/grid_map_msgs) by extensions ['ignore', 'ignore_ament_install']
[0.424s] Level 1:colcon.colcon_core.package_identification:_identify(src/drivers/grid_map/grid_map_msgs) by extension 'ignore'
[0.424s] Level 1:colcon.colcon_core.package_identification:_identify(src/drivers/grid_map/grid_map_msgs) by extension 'ignore_ament_install'
[0.424s] Level 1:colcon.colcon_core.package_identification:_identify(src/drivers/grid_map/grid_map_msgs) by extensions ['colcon_pkg']
[0.424s] Level 1:colcon.colcon_core.package_identification:_identify(src/drivers/grid_map/grid_map_msgs) by extension 'colcon_pkg'
[0.424s] Level 1:colcon.colcon_core.package_identification:_identify(src/drivers/grid_map/grid_map_msgs) by extensions ['colcon_meta']
[0.424s] Level 1:colcon.colcon_core.package_identification:_identify(src/drivers/grid_map/grid_map_msgs) by extension 'colcon_meta'
[0.425s] Level 1:colcon.colcon_core.package_identification:_identify(src/drivers/grid_map/grid_map_msgs) by extensions ['ros']
[0.425s] Level 1:colcon.colcon_core.package_identification:_identify(src/drivers/grid_map/grid_map_msgs) by extension 'ros'
[0.425s] DEBUG:colcon.colcon_core.package_identification:Package 'src/drivers/grid_map/grid_map_msgs' with type 'ros.ament_cmake' and name 'grid_map_msgs'
[0.425s] Level 1:colcon.colcon_core.package_identification:_identify(src/drivers/grid_map/grid_map_octomap) by extensions ['ignore', 'ignore_ament_install']
[0.425s] Level 1:colcon.colcon_core.package_identification:_identify(src/drivers/grid_map/grid_map_octomap) by extension 'ignore'
[0.425s] Level 1:colcon.colcon_core.package_identification:_identify(src/drivers/grid_map/grid_map_octomap) by extension 'ignore_ament_install'
[0.425s] Level 1:colcon.colcon_core.package_identification:_identify(src/drivers/grid_map/grid_map_octomap) by extensions ['colcon_pkg']
[0.425s] Level 1:colcon.colcon_core.package_identification:_identify(src/drivers/grid_map/grid_map_octomap) by extension 'colcon_pkg'
[0.426s] Level 1:colcon.colcon_core.package_identification:_identify(src/drivers/grid_map/grid_map_octomap) by extensions ['colcon_meta']
[0.426s] Level 1:colcon.colcon_core.package_identification:_identify(src/drivers/grid_map/grid_map_octomap) by extension 'colcon_meta'
[0.426s] Level 1:colcon.colcon_core.package_identification:_identify(src/drivers/grid_map/grid_map_octomap) by extensions ['ros']
[0.426s] Level 1:colcon.colcon_core.package_identification:_identify(src/drivers/grid_map/grid_map_octomap) by extension 'ros'
[0.426s] DEBUG:colcon.colcon_core.package_identification:Package 'src/drivers/grid_map/grid_map_octomap' with type 'ros.ament_cmake' and name 'grid_map_octomap'
[0.426s] Level 1:colcon.colcon_core.package_identification:_identify(src/drivers/grid_map/grid_map_pcl) by extensions ['ignore', 'ignore_ament_install']
[0.426s] Level 1:colcon.colcon_core.package_identification:_identify(src/drivers/grid_map/grid_map_pcl) by extension 'ignore'
[0.426s] Level 1:colcon.colcon_core.package_identification:_identify(src/drivers/grid_map/grid_map_pcl) by extension 'ignore_ament_install'
[0.426s] Level 1:colcon.colcon_core.package_identification:_identify(src/drivers/grid_map/grid_map_pcl) by extensions ['colcon_pkg']
[0.426s] Level 1:colcon.colcon_core.package_identification:_identify(src/drivers/grid_map/grid_map_pcl) by extension 'colcon_pkg'
[0.427s] Level 1:colcon.colcon_core.package_identification:_identify(src/drivers/grid_map/grid_map_pcl) by extensions ['colcon_meta']
[0.427s] Level 1:colcon.colcon_core.package_identification:_identify(src/drivers/grid_map/grid_map_pcl) by extension 'colcon_meta'
[0.427s] Level 1:colcon.colcon_core.package_identification:_identify(src/drivers/grid_map/grid_map_pcl) by extensions ['ros']
[0.427s] Level 1:colcon.colcon_core.package_identification:_identify(src/drivers/grid_map/grid_map_pcl) by extension 'ros'
[0.428s] DEBUG:colcon.colcon_core.package_identification:Package 'src/drivers/grid_map/grid_map_pcl' with type 'ros.ament_cmake' and name 'grid_map_pcl'
[0.428s] Level 1:colcon.colcon_core.package_identification:_identify(src/drivers/grid_map/grid_map_ros) by extensions ['ignore', 'ignore_ament_install']
[0.428s] Level 1:colcon.colcon_core.package_identification:_identify(src/drivers/grid_map/grid_map_ros) by extension 'ignore'
[0.428s] Level 1:colcon.colcon_core.package_identification:_identify(src/drivers/grid_map/grid_map_ros) by extension 'ignore_ament_install'
[0.428s] Level 1:colcon.colcon_core.package_identification:_identify(src/drivers/grid_map/grid_map_ros) by extensions ['colcon_pkg']
[0.428s] Level 1:colcon.colcon_core.package_identification:_identify(src/drivers/grid_map/grid_map_ros) by extension 'colcon_pkg'
[0.428s] Level 1:colcon.colcon_core.package_identification:_identify(src/drivers/grid_map/grid_map_ros) by extensions ['colcon_meta']
[0.428s] Level 1:colcon.colcon_core.package_identification:_identify(src/drivers/grid_map/grid_map_ros) by extension 'colcon_meta'
[0.428s] Level 1:colcon.colcon_core.package_identification:_identify(src/drivers/grid_map/grid_map_ros) by extensions ['ros']
[0.428s] Level 1:colcon.colcon_core.package_identification:_identify(src/drivers/grid_map/grid_map_ros) by extension 'ros'
[0.429s] DEBUG:colcon.colcon_core.package_identification:Package 'src/drivers/grid_map/grid_map_ros' with type 'ros.ament_cmake' and name 'grid_map_ros'
[0.429s] Level 1:colcon.colcon_core.package_identification:_identify(src/drivers/grid_map/grid_map_rviz_plugin) by extensions ['ignore', 'ignore_ament_install']
[0.429s] Level 1:colcon.colcon_core.package_identification:_identify(src/drivers/grid_map/grid_map_rviz_plugin) by extension 'ignore'
[0.429s] Level 1:colcon.colcon_core.package_identification:_identify(src/drivers/grid_map/grid_map_rviz_plugin) by extension 'ignore_ament_install'
[0.429s] Level 1:colcon.colcon_core.package_identification:_identify(src/drivers/grid_map/grid_map_rviz_plugin) by extensions ['colcon_pkg']
[0.429s] Level 1:colcon.colcon_core.package_identification:_identify(src/drivers/grid_map/grid_map_rviz_plugin) by extension 'colcon_pkg'
[0.429s] Level 1:colcon.colcon_core.package_identification:_identify(src/drivers/grid_map/grid_map_rviz_plugin) by extensions ['colcon_meta']
[0.429s] Level 1:colcon.colcon_core.package_identification:_identify(src/drivers/grid_map/grid_map_rviz_plugin) by extension 'colcon_meta'
[0.429s] Level 1:colcon.colcon_core.package_identification:_identify(src/drivers/grid_map/grid_map_rviz_plugin) by extensions ['ros']
[0.429s] Level 1:colcon.colcon_core.package_identification:_identify(src/drivers/grid_map/grid_map_rviz_plugin) by extension 'ros'
[0.430s] DEBUG:colcon.colcon_core.package_identification:Package 'src/drivers/grid_map/grid_map_rviz_plugin' with type 'ros.ament_cmake' and name 'grid_map_rviz_plugin'
[0.430s] Level 1:colcon.colcon_core.package_identification:_identify(src/drivers/grid_map/grid_map_sdf) by extensions ['ignore', 'ignore_ament_install']
[0.430s] Level 1:colcon.colcon_core.package_identification:_identify(src/drivers/grid_map/grid_map_sdf) by extension 'ignore'
[0.430s] Level 1:colcon.colcon_core.package_identification:_identify(src/drivers/grid_map/grid_map_sdf) by extension 'ignore_ament_install'
[0.430s] Level 1:colcon.colcon_core.package_identification:_identify(src/drivers/grid_map/grid_map_sdf) by extensions ['colcon_pkg']
[0.430s] Level 1:colcon.colcon_core.package_identification:_identify(src/drivers/grid_map/grid_map_sdf) by extension 'colcon_pkg'
[0.430s] Level 1:colcon.colcon_core.package_identification:_identify(src/drivers/grid_map/grid_map_sdf) by extensions ['colcon_meta']
[0.430s] Level 1:colcon.colcon_core.package_identification:_identify(src/drivers/grid_map/grid_map_sdf) by extension 'colcon_meta'
[0.430s] Level 1:colcon.colcon_core.package_identification:_identify(src/drivers/grid_map/grid_map_sdf) by extensions ['ros']
[0.430s] Level 1:colcon.colcon_core.package_identification:_identify(src/drivers/grid_map/grid_map_sdf) by extension 'ros'
[0.431s] DEBUG:colcon.colcon_core.package_identification:Package 'src/drivers/grid_map/grid_map_sdf' with type 'ros.ament_cmake' and name 'grid_map_sdf'
[0.431s] Level 1:colcon.colcon_core.package_identification:_identify(src/drivers/grid_map/grid_map_visualization) by extensions ['ignore', 'ignore_ament_install']
[0.431s] Level 1:colcon.colcon_core.package_identification:_identify(src/drivers/grid_map/grid_map_visualization) by extension 'ignore'
[0.431s] Level 1:colcon.colcon_core.package_identification:_identify(src/drivers/grid_map/grid_map_visualization) by extension 'ignore_ament_install'
[0.431s] Level 1:colcon.colcon_core.package_identification:_identify(src/drivers/grid_map/grid_map_visualization) by extensions ['colcon_pkg']
[0.431s] Level 1:colcon.colcon_core.package_identification:_identify(src/drivers/grid_map/grid_map_visualization) by extension 'colcon_pkg'
[0.431s] Level 1:colcon.colcon_core.package_identification:_identify(src/drivers/grid_map/grid_map_visualization) by extensions ['colcon_meta']
[0.431s] Level 1:colcon.colcon_core.package_identification:_identify(src/drivers/grid_map/grid_map_visualization) by extension 'colcon_meta'
[0.431s] Level 1:colcon.colcon_core.package_identification:_identify(src/drivers/grid_map/grid_map_visualization) by extensions ['ros']
[0.431s] Level 1:colcon.colcon_core.package_identification:_identify(src/drivers/grid_map/grid_map_visualization) by extension 'ros'
[0.432s] DEBUG:colcon.colcon_core.package_identification:Package 'src/drivers/grid_map/grid_map_visualization' with type 'ros.ament_cmake' and name 'grid_map_visualization'
[0.432s] Level 1:colcon.colcon_core.package_identification:_identify(src/drivers/kindr) by extensions ['ignore', 'ignore_ament_install']
[0.432s] Level 1:colcon.colcon_core.package_identification:_identify(src/drivers/kindr) by extension 'ignore'
[0.432s] Level 1:colcon.colcon_core.package_identification:_identify(src/drivers/kindr) by extension 'ignore_ament_install'
[0.432s] Level 1:colcon.colcon_core.package_identification:_identify(src/drivers/kindr) by extensions ['colcon_pkg']
[0.432s] Level 1:colcon.colcon_core.package_identification:_identify(src/drivers/kindr) by extension 'colcon_pkg'
[0.432s] Level 1:colcon.colcon_core.package_identification:_identify(src/drivers/kindr) by extensions ['colcon_meta']
[0.432s] Level 1:colcon.colcon_core.package_identification:_identify(src/drivers/kindr) by extension 'colcon_meta'
[0.432s] Level 1:colcon.colcon_core.package_identification:_identify(src/drivers/kindr) by extensions ['ros']
[0.432s] Level 1:colcon.colcon_core.package_identification:_identify(src/drivers/kindr) by extension 'ros'
[0.434s] DEBUG:colcon.colcon_core.package_identification:Package 'src/drivers/kindr' with type 'ros.ament_cmake' and name 'kindr'
[0.435s] Level 1:colcon.colcon_core.package_identification:_identify(src/drivers/kindr_ros) by extensions ['ignore', 'ignore_ament_install']
[0.435s] Level 1:colcon.colcon_core.package_identification:_identify(src/drivers/kindr_ros) by extension 'ignore'
[0.435s] Level 1:colcon.colcon_core.package_identification:_identify(src/drivers/kindr_ros) by extension 'ignore_ament_install'
[0.435s] Level 1:colcon.colcon_core.package_identification:_identify(src/drivers/kindr_ros) by extensions ['colcon_pkg']
[0.435s] Level 1:colcon.colcon_core.package_identification:_identify(src/drivers/kindr_ros) by extension 'colcon_pkg'
[0.435s] Level 1:colcon.colcon_core.package_identification:_identify(src/drivers/kindr_ros) by extensions ['colcon_meta']
[0.435s] Level 1:colcon.colcon_core.package_identification:_identify(src/drivers/kindr_ros) by extension 'colcon_meta'
[0.435s] Level 1:colcon.colcon_core.package_identification:_identify(src/drivers/kindr_ros) by extensions ['ros']
[0.435s] Level 1:colcon.colcon_core.package_identification:_identify(src/drivers/kindr_ros) by extension 'ros'
[0.435s] Level 1:colcon.colcon_core.package_identification:_identify(src/drivers/kindr_ros) by extensions ['cmake', 'python']
[0.435s] Level 1:colcon.colcon_core.package_identification:_identify(src/drivers/kindr_ros) by extension 'cmake'
[0.435s] Level 1:colcon.colcon_core.package_identification:_identify(src/drivers/kindr_ros) by extension 'python'
[0.435s] Level 1:colcon.colcon_core.package_identification:_identify(src/drivers/kindr_ros) by extensions ['python_setup_py']
[0.435s] Level 1:colcon.colcon_core.package_identification:_identify(src/drivers/kindr_ros) by extension 'python_setup_py'
[0.435s] Level 1:colcon.colcon_core.package_identification:_identify(src/drivers/kindr_ros/kindr_msgs) by extensions ['ignore', 'ignore_ament_install']
[0.435s] Level 1:colcon.colcon_core.package_identification:_identify(src/drivers/kindr_ros/kindr_msgs) by extension 'ignore'
[0.435s] Level 1:colcon.colcon_core.package_identification:_identify(src/drivers/kindr_ros/kindr_msgs) by extension 'ignore_ament_install'
[0.435s] Level 1:colcon.colcon_core.package_identification:_identify(src/drivers/kindr_ros/kindr_msgs) by extensions ['colcon_pkg']
[0.435s] Level 1:colcon.colcon_core.package_identification:_identify(src/drivers/kindr_ros/kindr_msgs) by extension 'colcon_pkg'
[0.435s] Level 1:colcon.colcon_core.package_identification:_identify(src/drivers/kindr_ros/kindr_msgs) by extensions ['colcon_meta']
[0.435s] Level 1:colcon.colcon_core.package_identification:_identify(src/drivers/kindr_ros/kindr_msgs) by extension 'colcon_meta'
[0.435s] Level 1:colcon.colcon_core.package_identification:_identify(src/drivers/kindr_ros/kindr_msgs) by extensions ['ros']
[0.435s] Level 1:colcon.colcon_core.package_identification:_identify(src/drivers/kindr_ros/kindr_msgs) by extension 'ros'
[0.436s] DEBUG:colcon.colcon_core.package_identification:Package 'src/drivers/kindr_ros/kindr_msgs' with type 'ros.ament_cmake' and name 'kindr_msgs'
[0.436s] Level 1:colcon.colcon_core.package_identification:_identify(src/drivers/kindr_ros/kindr_ros) by extensions ['ignore', 'ignore_ament_install']
[0.436s] Level 1:colcon.colcon_core.package_identification:_identify(src/drivers/kindr_ros/kindr_ros) by extension 'ignore'
[0.436s] Level 1:colcon.colcon_core.package_identification:_identify(src/drivers/kindr_ros/kindr_ros) by extension 'ignore_ament_install'
[0.436s] Level 1:colcon.colcon_core.package_identification:_identify(src/drivers/kindr_ros/kindr_ros) by extensions ['colcon_pkg']
[0.436s] Level 1:colcon.colcon_core.package_identification:_identify(src/drivers/kindr_ros/kindr_ros) by extension 'colcon_pkg'
[0.436s] Level 1:colcon.colcon_core.package_identification:_identify(src/drivers/kindr_ros/kindr_ros) by extensions ['colcon_meta']
[0.436s] Level 1:colcon.colcon_core.package_identification:_identify(src/drivers/kindr_ros/kindr_ros) by extension 'colcon_meta'
[0.436s] Level 1:colcon.colcon_core.package_identification:_identify(src/drivers/kindr_ros/kindr_ros) by extensions ['ros']
[0.436s] Level 1:colcon.colcon_core.package_identification:_identify(src/drivers/kindr_ros/kindr_ros) by extension 'ros'
[0.437s] DEBUG:colcon.colcon_core.package_identification:Package 'src/drivers/kindr_ros/kindr_ros' with type 'ros.ament_cmake' and name 'kindr_ros'
[0.437s] Level 1:colcon.colcon_core.package_identification:_identify(src/drivers/kindr_ros/kindr_rviz_plugins) by extensions ['ignore', 'ignore_ament_install']
[0.437s] Level 1:colcon.colcon_core.package_identification:_identify(src/drivers/kindr_ros/kindr_rviz_plugins) by extension 'ignore'
[0.437s] Level 1:colcon.colcon_core.package_identification:_identify(src/drivers/kindr_ros/kindr_rviz_plugins) ignored
[0.437s] Level 1:colcon.colcon_core.package_identification:_identify(src/drivers/kindr_ros/multi_dof_joint_trajectory_rviz_plugins) by extensions ['ignore', 'ignore_ament_install']
[0.437s] Level 1:colcon.colcon_core.package_identification:_identify(src/drivers/kindr_ros/multi_dof_joint_trajectory_rviz_plugins) by extension 'ignore'
[0.437s] Level 1:colcon.colcon_core.package_identification:_identify(src/drivers/kindr_ros/multi_dof_joint_trajectory_rviz_plugins) ignored
[0.438s] Level 1:colcon.colcon_core.package_identification:_identify(src/drivers/realsense) by extensions ['ignore', 'ignore_ament_install']
[0.438s] Level 1:colcon.colcon_core.package_identification:_identify(src/drivers/realsense) by extension 'ignore'
[0.438s] Level 1:colcon.colcon_core.package_identification:_identify(src/drivers/realsense) by extension 'ignore_ament_install'
[0.438s] Level 1:colcon.colcon_core.package_identification:_identify(src/drivers/realsense) by extensions ['colcon_pkg']
[0.438s] Level 1:colcon.colcon_core.package_identification:_identify(src/drivers/realsense) by extension 'colcon_pkg'
[0.438s] Level 1:colcon.colcon_core.package_identification:_identify(src/drivers/realsense) by extensions ['colcon_meta']
[0.438s] Level 1:colcon.colcon_core.package_identification:_identify(src/drivers/realsense) by extension 'colcon_meta'
[0.438s] Level 1:colcon.colcon_core.package_identification:_identify(src/drivers/realsense) by extensions ['ros']
[0.438s] Level 1:colcon.colcon_core.package_identification:_identify(src/drivers/realsense) by extension 'ros'
[0.438s] DEBUG:colcon.colcon_core.package_identification:Package 'src/drivers/realsense' with type 'ros.ament_cmake' and name 'realsense'
[0.438s] Level 1:colcon.colcon_core.package_identification:_identify(src/drivers/realsense-ros) by extensions ['ignore', 'ignore_ament_install']
[0.438s] Level 1:colcon.colcon_core.package_identification:_identify(src/drivers/realsense-ros) by extension 'ignore'
[0.438s] Level 1:colcon.colcon_core.package_identification:_identify(src/drivers/realsense-ros) by extension 'ignore_ament_install'
[0.438s] Level 1:colcon.colcon_core.package_identification:_identify(src/drivers/realsense-ros) by extensions ['colcon_pkg']
[0.438s] Level 1:colcon.colcon_core.package_identification:_identify(src/drivers/realsense-ros) by extension 'colcon_pkg'
[0.438s] Level 1:colcon.colcon_core.package_identification:_identify(src/drivers/realsense-ros) by extensions ['colcon_meta']
[0.438s] Level 1:colcon.colcon_core.package_identification:_identify(src/drivers/realsense-ros) by extension 'colcon_meta'
[0.438s] Level 1:colcon.colcon_core.package_identification:_identify(src/drivers/realsense-ros) by extensions ['ros']
[0.438s] Level 1:colcon.colcon_core.package_identification:_identify(src/drivers/realsense-ros) by extension 'ros'
[0.438s] Level 1:colcon.colcon_core.package_identification:_identify(src/drivers/realsense-ros) by extensions ['cmake', 'python']
[0.438s] Level 1:colcon.colcon_core.package_identification:_identify(src/drivers/realsense-ros) by extension 'cmake'
[0.439s] Level 1:colcon.colcon_core.package_identification:_identify(src/drivers/realsense-ros) by extension 'python'
[0.439s] Level 1:colcon.colcon_core.package_identification:_identify(src/drivers/realsense-ros) by extensions ['python_setup_py']
[0.439s] Level 1:colcon.colcon_core.package_identification:_identify(src/drivers/realsense-ros) by extension 'python_setup_py'
[0.439s] Level 1:colcon.colcon_core.package_identification:_identify(src/drivers/realsense-ros/realsense2_camera) by extensions ['ignore', 'ignore_ament_install']
[0.439s] Level 1:colcon.colcon_core.package_identification:_identify(src/drivers/realsense-ros/realsense2_camera) by extension 'ignore'
[0.439s] Level 1:colcon.colcon_core.package_identification:_identify(src/drivers/realsense-ros/realsense2_camera) by extension 'ignore_ament_install'
[0.439s] Level 1:colcon.colcon_core.package_identification:_identify(src/drivers/realsense-ros/realsense2_camera) by extensions ['colcon_pkg']
[0.439s] Level 1:colcon.colcon_core.package_identification:_identify(src/drivers/realsense-ros/realsense2_camera) by extension 'colcon_pkg'
[0.439s] Level 1:colcon.colcon_core.package_identification:_identify(src/drivers/realsense-ros/realsense2_camera) by extensions ['colcon_meta']
[0.439s] Level 1:colcon.colcon_core.package_identification:_identify(src/drivers/realsense-ros/realsense2_camera) by extension 'colcon_meta'
[0.439s] Level 1:colcon.colcon_core.package_identification:_identify(src/drivers/realsense-ros/realsense2_camera) by extensions ['ros']
[0.439s] Level 1:colcon.colcon_core.package_identification:_identify(src/drivers/realsense-ros/realsense2_camera) by extension 'ros'
[0.441s] DEBUG:colcon.colcon_core.package_identification:Package 'src/drivers/realsense-ros/realsense2_camera' with type 'ros.ament_cmake' and name 'realsense2_camera'
[0.442s] Level 1:colcon.colcon_core.package_identification:_identify(src/drivers/realsense-ros/realsense2_camera_msgs) by extensions ['ignore', 'ignore_ament_install']
[0.442s] Level 1:colcon.colcon_core.package_identification:_identify(src/drivers/realsense-ros/realsense2_camera_msgs) by extension 'ignore'
[0.442s] Level 1:colcon.colcon_core.package_identification:_identify(src/drivers/realsense-ros/realsense2_camera_msgs) by extension 'ignore_ament_install'
[0.442s] Level 1:colcon.colcon_core.package_identification:_identify(src/drivers/realsense-ros/realsense2_camera_msgs) by extensions ['colcon_pkg']
[0.442s] Level 1:colcon.colcon_core.package_identification:_identify(src/drivers/realsense-ros/realsense2_camera_msgs) by extension 'colcon_pkg'
[0.442s] Level 1:colcon.colcon_core.package_identification:_identify(src/drivers/realsense-ros/realsense2_camera_msgs) by extensions ['colcon_meta']
[0.442s] Level 1:colcon.colcon_core.package_identification:_identify(src/drivers/realsense-ros/realsense2_camera_msgs) by extension 'colcon_meta'
[0.442s] Level 1:colcon.colcon_core.package_identification:_identify(src/drivers/realsense-ros/realsense2_camera_msgs) by extensions ['ros']
[0.442s] Level 1:colcon.colcon_core.package_identification:_identify(src/drivers/realsense-ros/realsense2_camera_msgs) by extension 'ros'
[0.442s] DEBUG:colcon.colcon_core.package_identification:Package 'src/drivers/realsense-ros/realsense2_camera_msgs' with type 'ros.ament_cmake' and name 'realsense2_camera_msgs'
[0.443s] Level 1:colcon.colcon_core.package_identification:_identify(src/drivers/realsense-ros/realsense2_description) by extensions ['ignore', 'ignore_ament_install']
[0.443s] Level 1:colcon.colcon_core.package_identification:_identify(src/drivers/realsense-ros/realsense2_description) by extension 'ignore'
[0.443s] Level 1:colcon.colcon_core.package_identification:_identify(src/drivers/realsense-ros/realsense2_description) by extension 'ignore_ament_install'
[0.443s] Level 1:colcon.colcon_core.package_identification:_identify(src/drivers/realsense-ros/realsense2_description) by extensions ['colcon_pkg']
[0.443s] Level 1:colcon.colcon_core.package_identification:_identify(src/drivers/realsense-ros/realsense2_description) by extension 'colcon_pkg'
[0.443s] Level 1:colcon.colcon_core.package_identification:_identify(src/drivers/realsense-ros/realsense2_description) by extensions ['colcon_meta']
[0.443s] Level 1:colcon.colcon_core.package_identification:_identify(src/drivers/realsense-ros/realsense2_description) by extension 'colcon_meta'
[0.443s] Level 1:colcon.colcon_core.package_identification:_identify(src/drivers/realsense-ros/realsense2_description) by extensions ['ros']
[0.443s] Level 1:colcon.colcon_core.package_identification:_identify(src/drivers/realsense-ros/realsense2_description) by extension 'ros'
[0.443s] DEBUG:colcon.colcon_core.package_identification:Package 'src/drivers/realsense-ros/realsense2_description' with type 'ros.ament_cmake' and name 'realsense2_description'
[0.443s] Level 1:colcon.colcon_core.package_identification:_identify(src/drivers/realsense-ros/scripts) by extensions ['ignore', 'ignore_ament_install']
[0.444s] Level 1:colcon.colcon_core.package_identification:_identify(src/drivers/realsense-ros/scripts) by extension 'ignore'
[0.444s] Level 1:colcon.colcon_core.package_identification:_identify(src/drivers/realsense-ros/scripts) by extension 'ignore_ament_install'
[0.444s] Level 1:colcon.colcon_core.package_identification:_identify(src/drivers/realsense-ros/scripts) by extensions ['colcon_pkg']
[0.444s] Level 1:colcon.colcon_core.package_identification:_identify(src/drivers/realsense-ros/scripts) by extension 'colcon_pkg'
[0.444s] Level 1:colcon.colcon_core.package_identification:_identify(src/drivers/realsense-ros/scripts) by extensions ['colcon_meta']
[0.444s] Level 1:colcon.colcon_core.package_identification:_identify(src/drivers/realsense-ros/scripts) by extension 'colcon_meta'
[0.444s] Level 1:colcon.colcon_core.package_identification:_identify(src/drivers/realsense-ros/scripts) by extensions ['ros']
[0.444s] Level 1:colcon.colcon_core.package_identification:_identify(src/drivers/realsense-ros/scripts) by extension 'ros'
[0.444s] Level 1:colcon.colcon_core.package_identification:_identify(src/drivers/realsense-ros/scripts) by extensions ['cmake', 'python']
[0.444s] Level 1:colcon.colcon_core.package_identification:_identify(src/drivers/realsense-ros/scripts) by extension 'cmake'
[0.444s] Level 1:colcon.colcon_core.package_identification:_identify(src/drivers/realsense-ros/scripts) by extension 'python'
[0.444s] Level 1:colcon.colcon_core.package_identification:_identify(src/drivers/realsense-ros/scripts) by extensions ['python_setup_py']
[0.444s] Level 1:colcon.colcon_core.package_identification:_identify(src/drivers/realsense-ros/scripts) by extension 'python_setup_py'
[0.444s] Level 1:colcon.colcon_core.package_identification:_identify(src/launcher) by extensions ['ignore', 'ignore_ament_install']
[0.444s] Level 1:colcon.colcon_core.package_identification:_identify(src/launcher) by extension 'ignore'
[0.444s] Level 1:colcon.colcon_core.package_identification:_identify(src/launcher) by extension 'ignore_ament_install'
[0.444s] Level 1:colcon.colcon_core.package_identification:_identify(src/launcher) by extensions ['colcon_pkg']
[0.444s] Level 1:colcon.colcon_core.package_identification:_identify(src/launcher) by extension 'colcon_pkg'
[0.444s] Level 1:colcon.colcon_core.package_identification:_identify(src/launcher) by extensions ['colcon_meta']
[0.444s] Level 1:colcon.colcon_core.package_identification:_identify(src/launcher) by extension 'colcon_meta'
[0.444s] Level 1:colcon.colcon_core.package_identification:_identify(src/launcher) by extensions ['ros']
[0.444s] Level 1:colcon.colcon_core.package_identification:_identify(src/launcher) by extension 'ros'
[0.444s] DEBUG:colcon.colcon_core.package_identification:Package 'src/launcher' with type 'ros.ament_cmake' and name 'launcher'
[0.445s] Level 1:colcon.colcon_core.package_identification:_identify(src/localization) by extensions ['ignore', 'ignore_ament_install']
[0.445s] Level 1:colcon.colcon_core.package_identification:_identify(src/localization) by extension 'ignore'
[0.445s] Level 1:colcon.colcon_core.package_identification:_identify(src/localization) by extension 'ignore_ament_install'
[0.445s] Level 1:colcon.colcon_core.package_identification:_identify(src/localization) by extensions ['colcon_pkg']
[0.445s] Level 1:colcon.colcon_core.package_identification:_identify(src/localization) by extension 'colcon_pkg'
[0.445s] Level 1:colcon.colcon_core.package_identification:_identify(src/localization) by extensions ['colcon_meta']
[0.445s] Level 1:colcon.colcon_core.package_identification:_identify(src/localization) by extension 'colcon_meta'
[0.445s] Level 1:colcon.colcon_core.package_identification:_identify(src/localization) by extensions ['ros']
[0.445s] Level 1:colcon.colcon_core.package_identification:_identify(src/localization) by extension 'ros'
[0.445s] DEBUG:colcon.colcon_core.package_identification:Package 'src/localization' with type 'ros.ament_cmake' and name 'localization'
[0.445s] Level 1:colcon.colcon_core.package_identification:_identify(src/mapping) by extensions ['ignore', 'ignore_ament_install']
[0.445s] Level 1:colcon.colcon_core.package_identification:_identify(src/mapping) by extension 'ignore'
[0.445s] Level 1:colcon.colcon_core.package_identification:_identify(src/mapping) by extension 'ignore_ament_install'
[0.445s] Level 1:colcon.colcon_core.package_identification:_identify(src/mapping) by extensions ['colcon_pkg']
[0.445s] Level 1:colcon.colcon_core.package_identification:_identify(src/mapping) by extension 'colcon_pkg'
[0.445s] Level 1:colcon.colcon_core.package_identification:_identify(src/mapping) by extensions ['colcon_meta']
[0.445s] Level 1:colcon.colcon_core.package_identification:_identify(src/mapping) by extension 'colcon_meta'
[0.445s] Level 1:colcon.colcon_core.package_identification:_identify(src/mapping) by extensions ['ros']
[0.445s] Level 1:colcon.colcon_core.package_identification:_identify(src/mapping) by extension 'ros'
[0.446s] DEBUG:colcon.colcon_core.package_identification:Package 'src/mapping' with type 'ros.ament_cmake' and name 'mapping'
[0.446s] Level 1:colcon.colcon_core.package_identification:_identify(src/sensing) by extensions ['ignore', 'ignore_ament_install']
[0.446s] Level 1:colcon.colcon_core.package_identification:_identify(src/sensing) by extension 'ignore'
[0.446s] Level 1:colcon.colcon_core.package_identification:_identify(src/sensing) by extension 'ignore_ament_install'
[0.446s] Level 1:colcon.colcon_core.package_identification:_identify(src/sensing) by extensions ['colcon_pkg']
[0.446s] Level 1:colcon.colcon_core.package_identification:_identify(src/sensing) by extension 'colcon_pkg'
[0.446s] Level 1:colcon.colcon_core.package_identification:_identify(src/sensing) by extensions ['colcon_meta']
[0.446s] Level 1:colcon.colcon_core.package_identification:_identify(src/sensing) by extension 'colcon_meta'
[0.447s] Level 1:colcon.colcon_core.package_identification:_identify(src/sensing) by extensions ['ros']
[0.447s] Level 1:colcon.colcon_core.package_identification:_identify(src/sensing) by extension 'ros'
[0.447s] DEBUG:colcon.colcon_core.package_identification:Package 'src/sensing' with type 'ros.ament_cmake' and name 'sensing'
[0.447s] Level 1:colcon.colcon_core.package_identification:_identify(src/visualization) by extensions ['ignore', 'ignore_ament_install']
[0.447s] Level 1:colcon.colcon_core.package_identification:_identify(src/visualization) by extension 'ignore'
[0.447s] Level 1:colcon.colcon_core.package_identification:_identify(src/visualization) by extension 'ignore_ament_install'
[0.447s] Level 1:colcon.colcon_core.package_identification:_identify(src/visualization) by extensions ['colcon_pkg']
[0.447s] Level 1:colcon.colcon_core.package_identification:_identify(src/visualization) by extension 'colcon_pkg'
[0.447s] Level 1:colcon.colcon_core.package_identification:_identify(src/visualization) by extensions ['colcon_meta']
[0.447s] Level 1:colcon.colcon_core.package_identification:_identify(src/visualization) by extension 'colcon_meta'
[0.447s] Level 1:colcon.colcon_core.package_identification:_identify(src/visualization) by extensions ['ros']
[0.447s] Level 1:colcon.colcon_core.package_identification:_identify(src/visualization) by extension 'ros'
[0.448s] DEBUG:colcon.colcon_core.package_identification:Package 'src/visualization' with type 'ros.ament_cmake' and name 'visualization'
[0.448s] Level 1:colcon.colcon_core.package_discovery:discover_packages(recursive) using defaults
[0.448s] Level 1:colcon.colcon_core.package_discovery:discover_packages(ignore) discover
[0.448s] Level 1:colcon.colcon_core.package_discovery:discover_packages(ignore) using defaults
[0.448s] Level 1:colcon.colcon_core.package_discovery:discover_packages(path) discover
[0.448s] Level 1:colcon.colcon_core.package_discovery:discover_packages(path) using defaults
[0.472s] INFO:colcon.colcon_core.package_selection:Skipping not selected package 'grid_map_cmake_helpers' in 'src/drivers/grid_map/grid_map_cmake_helpers'
[0.472s] INFO:colcon.colcon_core.package_selection:Skipping not selected package 'kindr' in 'src/drivers/kindr'
[0.472s] INFO:colcon.colcon_core.package_selection:Skipping not selected package 'kindr_msgs' in 'src/drivers/kindr_ros/kindr_msgs'
[0.472s] INFO:colcon.colcon_core.package_selection:Skipping not selected package 'launcher' in 'src/launcher'
[0.472s] INFO:colcon.colcon_core.package_selection:Skipping not selected package 'mapping' in 'src/mapping'
[0.472s] INFO:colcon.colcon_core.package_selection:Skipping not selected package 'realsense' in 'src/drivers/realsense'
[0.472s] INFO:colcon.colcon_core.package_selection:Skipping not selected package 'realsense2_camera_msgs' in 'src/drivers/realsense-ros/realsense2_camera_msgs'
[0.472s] INFO:colcon.colcon_core.package_selection:Skipping not selected package 'sensing' in 'src/sensing'
[0.472s] INFO:colcon.colcon_core.package_selection:Skipping not selected package 'grid_map_core' in 'src/drivers/grid_map/grid_map_core'
[0.472s] INFO:colcon.colcon_core.package_selection:Skipping not selected package 'grid_map_msgs' in 'src/drivers/grid_map/grid_map_msgs'
[0.472s] INFO:colcon.colcon_core.package_selection:Skipping not selected package 'kindr_ros' in 'src/drivers/kindr_ros/kindr_ros'
[0.472s] INFO:colcon.colcon_core.package_selection:Skipping not selected package 'realsense2_camera' in 'src/drivers/realsense-ros/realsense2_camera'
[0.472s] INFO:colcon.colcon_core.package_selection:Skipping not selected package 'realsense2_description' in 'src/drivers/realsense-ros/realsense2_description'
[0.472s] INFO:colcon.colcon_core.package_selection:Skipping not selected package 'grid_map_costmap_2d' in 'src/drivers/grid_map/grid_map_costmap_2d'
[0.472s] INFO:colcon.colcon_core.package_selection:Skipping not selected package 'grid_map_cv' in 'src/drivers/grid_map/grid_map_cv'
[0.472s] INFO:colcon.colcon_core.package_selection:Skipping not selected package 'grid_map_octomap' in 'src/drivers/grid_map/grid_map_octomap'
[0.472s] INFO:colcon.colcon_core.package_selection:Skipping not selected package 'grid_map_sdf' in 'src/drivers/grid_map/grid_map_sdf'
[0.472s] INFO:colcon.colcon_core.package_selection:Skipping not selected package 'grid_map_ros' in 'src/drivers/grid_map/grid_map_ros'
[0.473s] INFO:colcon.colcon_core.package_selection:Skipping not selected package 'elevation_mapping' in 'src/drivers/elevation_mapping'
[0.473s] INFO:colcon.colcon_core.package_selection:Skipping not selected package 'grid_map_filters' in 'src/drivers/grid_map/grid_map_filters'
[0.473s] INFO:colcon.colcon_core.package_selection:Skipping not selected package 'grid_map_loader' in 'src/drivers/grid_map/grid_map_loader'
[0.473s] INFO:colcon.colcon_core.package_selection:Skipping not selected package 'grid_map_pcl' in 'src/drivers/grid_map/grid_map_pcl'
[0.473s] INFO:colcon.colcon_core.package_selection:Skipping not selected package 'grid_map_rviz_plugin' in 'src/drivers/grid_map/grid_map_rviz_plugin'
[0.473s] INFO:colcon.colcon_core.package_selection:Skipping not selected package 'grid_map_visualization' in 'src/drivers/grid_map/grid_map_visualization'
[0.473s] INFO:colcon.colcon_core.package_selection:Skipping not selected package 'visualization' in 'src/visualization'
[0.473s] INFO:colcon.colcon_core.package_selection:Skipping not selected package 'grid_map_demos' in 'src/drivers/grid_map/grid_map_demos'
[0.473s] INFO:colcon.colcon_core.package_selection:Skipping not selected package 'grid_map' in 'src/drivers/grid_map/grid_map'
[0.473s] Level 1:colcon.colcon_core.package_discovery:discover_packages(prefix_path) check parameters
[0.473s] Level 1:colcon.colcon_core.package_discovery:discover_packages(prefix_path) discover
[0.476s] DEBUG:colcon.colcon_installed_package_information.package_discovery:Found 423 installed packages in /opt/ros/humble
[0.477s] Level 1:colcon.colcon_core.package_discovery:discover_packages(prefix_path) using defaults
[0.506s] Level 5:colcon.colcon_core.verb:set package 'localization' build argument 'cmake_args' from command line to 'None'
[0.506s] Level 5:colcon.colcon_core.verb:set package 'localization' build argument 'cmake_target' from command line to 'None'
[0.506s] Level 5:colcon.colcon_core.verb:set package 'localization' build argument 'cmake_target_skip_unavailable' from command line to 'False'
[0.506s] Level 5:colcon.colcon_core.verb:set package 'localization' build argument 'cmake_clean_cache' from command line to 'False'
[0.506s] Level 5:colcon.colcon_core.verb:set package 'localization' build argument 'cmake_clean_first' from command line to 'False'
[0.506s] Level 5:colcon.colcon_core.verb:set package 'localization' build argument 'cmake_force_configure' from command line to 'False'
[0.506s] Level 5:colcon.colcon_core.verb:set package 'localization' build argument 'ament_cmake_args' from command line to 'None'
[0.506s] Level 5:colcon.colcon_core.verb:set package 'localization' build argument 'catkin_cmake_args' from command line to 'None'
[0.506s] Level 5:colcon.colcon_core.verb:set package 'localization' build argument 'catkin_skip_building_tests' from command line to 'False'
[0.506s] DEBUG:colcon.colcon_core.verb:Building package 'localization' with the following arguments: {'ament_cmake_args': None, 'build_base': '/home/williamfbx/SLAM/slam_ws/build/localization', 'catkin_cmake_args': None, 'catkin_skip_building_tests': False, 'cmake_args': None, 'cmake_clean_cache': False, 'cmake_clean_first': False, 'cmake_force_configure': False, 'cmake_target': None, 'cmake_target_skip_unavailable': False, 'install_base': '/home/williamfbx/SLAM/slam_ws/install/localization', 'merge_install': False, 'path': '/home/williamfbx/SLAM/slam_ws/src/localization', 'symlink_install': False, 'test_result_base': None}
[0.506s] INFO:colcon.colcon_core.executor:Executing jobs using 'parallel' executor
[0.507s] DEBUG:colcon.colcon_parallel_executor.executor.parallel:run_until_complete
[0.507s] INFO:colcon.colcon_ros.task.ament_cmake.build:Building ROS package in '/home/williamfbx/SLAM/slam_ws/src/localization' with build type 'ament_cmake'
[0.507s] INFO:colcon.colcon_cmake.task.cmake.build:Building CMake package in '/home/williamfbx/SLAM/slam_ws/src/localization'
[0.510s] INFO:colcon.colcon_core.plugin_system:Skipping extension 'colcon_core.shell.bat': Not used on non-Windows systems
[0.510s] INFO:colcon.colcon_core.shell:Skip shell extension 'powershell' for command environment: Not usable outside of PowerShell
[0.510s] DEBUG:colcon.colcon_core.shell:Skip shell extension 'dsv' for command environment
[0.518s] DEBUG:colcon.colcon_core.event_handler.log_command:Invoking command in '/home/williamfbx/SLAM/slam_ws/build/localization': CMAKE_PREFIX_PATH=/opt/ros/humble /usr/bin/cmake --build /home/williamfbx/SLAM/slam_ws/build/localization -- -j12 -l12
[28.965s] DEBUG:colcon.colcon_core.event_handler.log_command:Invoked command in '/home/williamfbx/SLAM/slam_ws/build/localization' returned '0': CMAKE_PREFIX_PATH=/opt/ros/humble /usr/bin/cmake --build /home/williamfbx/SLAM/slam_ws/build/localization -- -j12 -l12
[28.976s] DEBUG:colcon.colcon_core.event_handler.log_command:Invoking command in '/home/williamfbx/SLAM/slam_ws/build/localization': CMAKE_PREFIX_PATH=/opt/ros/humble /usr/bin/cmake --install /home/williamfbx/SLAM/slam_ws/build/localization
[29.006s] Level 1:colcon.colcon_core.environment:create_environment_scripts_only(localization)
[29.006s] DEBUG:colcon.colcon_core.event_handler.log_command:Invoked command in '/home/williamfbx/SLAM/slam_ws/build/localization' returned '0': CMAKE_PREFIX_PATH=/opt/ros/humble /usr/bin/cmake --install /home/williamfbx/SLAM/slam_ws/build/localization
[29.013s] Level 1:colcon.colcon_core.environment:checking '/home/williamfbx/SLAM/slam_ws/install/localization' for CMake module files
[29.013s] Level 1:colcon.colcon_core.environment:checking '/home/williamfbx/SLAM/slam_ws/install/localization' for CMake config files
[29.014s] Level 1:colcon.colcon_core.shell:create_environment_hook('localization', 'cmake_prefix_path')
[29.014s] INFO:colcon.colcon_core.shell:Creating environment hook '/home/williamfbx/SLAM/slam_ws/install/localization/share/localization/hook/cmake_prefix_path.ps1'
[29.015s] INFO:colcon.colcon_core.shell:Creating environment descriptor '/home/williamfbx/SLAM/slam_ws/install/localization/share/localization/hook/cmake_prefix_path.dsv'
[29.016s] INFO:colcon.colcon_core.shell:Creating environment hook '/home/williamfbx/SLAM/slam_ws/install/localization/share/localization/hook/cmake_prefix_path.sh'
[29.017s] Level 1:colcon.colcon_core.environment:checking '/home/williamfbx/SLAM/slam_ws/install/localization/lib'
[29.017s] Level 1:colcon.colcon_core.environment:checking '/home/williamfbx/SLAM/slam_ws/install/localization/bin'
[29.017s] Level 1:colcon.colcon_core.environment:checking '/home/williamfbx/SLAM/slam_ws/install/localization/lib/pkgconfig/localization.pc'
[29.017s] Level 1:colcon.colcon_core.environment:checking '/home/williamfbx/SLAM/slam_ws/install/localization/lib/python3.10/site-packages'
[29.017s] Level 1:colcon.colcon_core.environment:checking '/home/williamfbx/SLAM/slam_ws/install/localization/bin'
[29.017s] INFO:colcon.colcon_core.shell:Creating package script '/home/williamfbx/SLAM/slam_ws/install/localization/share/localization/package.ps1'
[29.018s] INFO:colcon.colcon_core.shell:Creating package descriptor '/home/williamfbx/SLAM/slam_ws/install/localization/share/localization/package.dsv'
[29.019s] INFO:colcon.colcon_core.shell:Creating package script '/home/williamfbx/SLAM/slam_ws/install/localization/share/localization/package.sh'
[29.019s] INFO:colcon.colcon_core.shell:Creating package script '/home/williamfbx/SLAM/slam_ws/install/localization/share/localization/package.bash'
[29.020s] INFO:colcon.colcon_core.shell:Creating package script '/home/williamfbx/SLAM/slam_ws/install/localization/share/localization/package.zsh'
[29.021s] Level 1:colcon.colcon_core.environment:create_file_with_runtime_dependencies(/home/williamfbx/SLAM/slam_ws/install/localization/share/colcon-core/packages/localization)
[29.021s] Level 1:colcon.colcon_core.environment:create_environment_scripts_only(localization)
[29.021s] Level 1:colcon.colcon_core.environment:checking '/home/williamfbx/SLAM/slam_ws/install/localization' for CMake module files
[29.022s] Level 1:colcon.colcon_core.environment:checking '/home/williamfbx/SLAM/slam_ws/install/localization' for CMake config files
[29.022s] Level 1:colcon.colcon_core.shell:create_environment_hook('localization', 'cmake_prefix_path')
[29.022s] INFO:colcon.colcon_core.shell:Creating environment hook '/home/williamfbx/SLAM/slam_ws/install/localization/share/localization/hook/cmake_prefix_path.ps1'
[29.022s] INFO:colcon.colcon_core.shell:Creating environment descriptor '/home/williamfbx/SLAM/slam_ws/install/localization/share/localization/hook/cmake_prefix_path.dsv'
[29.022s] INFO:colcon.colcon_core.shell:Creating environment hook '/home/williamfbx/SLAM/slam_ws/install/localization/share/localization/hook/cmake_prefix_path.sh'
[29.023s] Level 1:colcon.colcon_core.environment:checking '/home/williamfbx/SLAM/slam_ws/install/localization/lib'
[29.023s] Level 1:colcon.colcon_core.environment:checking '/home/williamfbx/SLAM/slam_ws/install/localization/bin'
[29.023s] Level 1:colcon.colcon_core.environment:checking '/home/williamfbx/SLAM/slam_ws/install/localization/lib/pkgconfig/localization.pc'
[29.023s] Level 1:colcon.colcon_core.environment:checking '/home/williamfbx/SLAM/slam_ws/install/localization/lib/python3.10/site-packages'
[29.023s] Level 1:colcon.colcon_core.environment:checking '/home/williamfbx/SLAM/slam_ws/install/localization/bin'
[29.023s] INFO:colcon.colcon_core.shell:Creating package script '/home/williamfbx/SLAM/slam_ws/install/localization/share/localization/package.ps1'
[29.024s] INFO:colcon.colcon_core.shell:Creating package descriptor '/home/williamfbx/SLAM/slam_ws/install/localization/share/localization/package.dsv'
[29.024s] INFO:colcon.colcon_core.shell:Creating package script '/home/williamfbx/SLAM/slam_ws/install/localization/share/localization/package.sh'
[29.024s] INFO:colcon.colcon_core.shell:Creating package script '/home/williamfbx/SLAM/slam_ws/install/localization/share/localization/package.bash'
[29.024s] INFO:colcon.colcon_core.shell:Creating package script '/home/williamfbx/SLAM/slam_ws/install/localization/share/localization/package.zsh'
[29.024s] Level 1:colcon.colcon_core.environment:create_file_with_runtime_dependencies(/home/williamfbx/SLAM/slam_ws/install/localization/share/colcon-core/packages/localization)
[29.025s] DEBUG:colcon.colcon_parallel_executor.executor.parallel:closing loop
[29.025s] DEBUG:colcon.colcon_parallel_executor.executor.parallel:loop closed
[29.025s] DEBUG:colcon.colcon_parallel_executor.executor.parallel:run_until_complete finished with '0'
[29.025s] DEBUG:colcon.colcon_core.event_reactor:joining thread
[29.030s] INFO:colcon.colcon_core.plugin_system:Skipping extension 'colcon_notification.desktop_notification.terminal_notifier': Not used on non-Darwin systems
[29.031s] INFO:colcon.colcon_core.plugin_system:Skipping extension 'colcon_notification.desktop_notification.win32': Not used on non-Windows systems
[29.031s] INFO:colcon.colcon_notification.desktop_notification:Sending desktop notification using 'notify2'
[29.069s] DEBUG:colcon.colcon_core.event_reactor:joined thread
[29.070s] INFO:colcon.colcon_core.shell:Creating prefix script '/home/williamfbx/SLAM/slam_ws/install/local_setup.ps1'
[29.072s] INFO:colcon.colcon_core.shell:Creating prefix util module '/home/williamfbx/SLAM/slam_ws/install/_local_setup_util_ps1.py'
[29.074s] INFO:colcon.colcon_core.shell:Creating prefix chain script '/home/williamfbx/SLAM/slam_ws/install/setup.ps1'
[29.076s] INFO:colcon.colcon_core.shell:Creating prefix script '/home/williamfbx/SLAM/slam_ws/install/local_setup.sh'
[29.077s] INFO:colcon.colcon_core.shell:Creating prefix util module '/home/williamfbx/SLAM/slam_ws/install/_local_setup_util_sh.py'
[29.077s] INFO:colcon.colcon_core.shell:Creating prefix chain script '/home/williamfbx/SLAM/slam_ws/install/setup.sh'
[29.079s] INFO:colcon.colcon_core.shell:Creating prefix script '/home/williamfbx/SLAM/slam_ws/install/local_setup.bash'
[29.079s] INFO:colcon.colcon_core.shell:Creating prefix chain script '/home/williamfbx/SLAM/slam_ws/install/setup.bash'
[29.080s] INFO:colcon.colcon_core.shell:Creating prefix script '/home/williamfbx/SLAM/slam_ws/install/local_setup.zsh'
[29.081s] INFO:colcon.colcon_core.shell:Creating prefix chain script '/home/williamfbx/SLAM/slam_ws/install/setup.zsh'
