[0.031s] Invoking command in '/home/williamfbx/SLAM/slam_ws/build/grid_map_loader': AMENT_PREFIX_PATH=/home/williamfbx/SLAM/slam_ws/install/grid_map_ros:/home/williamfbx/SLAM/slam_ws/install/grid_map_cv:/home/williamfbx/SLAM/slam_ws/install/grid_map_msgs:/home/williamfbx/SLAM/slam_ws/install/grid_map_core:/home/williamfbx/SLAM/slam_ws/install/grid_map_cmake_helpers:${AMENT_PREFIX_PATH} CMAKE_PREFIX_PATH=/home/williamfbx/SLAM/slam_ws/install/grid_map_ros:/home/williamfbx/SLAM/slam_ws/install/grid_map_cv:/home/williamfbx/SLAM/slam_ws/install/grid_map_msgs:/home/williamfbx/SLAM/slam_ws/install/grid_map_core:/home/williamfbx/SLAM/slam_ws/install/grid_map_cmake_helpers:/opt/ros/humble LD_LIBRARY_PATH=/home/williamfbx/SLAM/slam_ws/install/grid_map_ros/lib:/home/williamfbx/SLAM/slam_ws/install/grid_map_cv/lib:/home/williamfbx/SLAM/slam_ws/install/grid_map_msgs/lib:/home/williamfbx/SLAM/slam_ws/install/grid_map_core/lib:${LD_LIBRARY_PATH} PYTHONPATH=/home/williamfbx/SLAM/slam_ws/install/grid_map_msgs/local/lib/python3.10/dist-packages:${PYTHONPATH} /usr/bin/cmake --build /home/williamfbx/SLAM/slam_ws/build/grid_map_loader -- -j12 -l12
[0.082s] -- Found ament_cmake: 1.3.11 (/opt/ros/humble/share/ament_cmake/cmake)
[0.252s] -- Found grid_map_cmake_helpers: 2.0.1 (/home/williamfbx/SLAM/slam_ws/install/grid_map_cmake_helpers/share/grid_map_cmake_helpers/cmake)
[0.252s] -- Found grid_map_msgs: 2.0.1 (/home/williamfbx/SLAM/slam_ws/install/grid_map_msgs/share/grid_map_msgs/cmake)
[0.290s] -- Found rosidl_generator_c: 3.1.6 (/opt/ros/humble/share/rosidl_generator_c/cmake)
[0.294s] -- Found rosidl_adapter: 3.1.6 (/opt/ros/humble/share/rosidl_adapter/cmake)
[0.303s] -- Found rosidl_generator_cpp: 3.1.6 (/opt/ros/humble/share/rosidl_generator_cpp/cmake)
[0.317s] -- Using all available rosidl_typesupport_c: rosidl_typesupport_fastrtps_c;rosidl_typesupport_introspection_c
[0.336s] -- Using all available rosidl_typesupport_cpp: rosidl_typesupport_fastrtps_cpp;rosidl_typesupport_introspection_cpp
[0.412s] -- Found grid_map_ros: 2.0.1 (/home/williamfbx/SLAM/slam_ws/install/grid_map_ros/share/grid_map_ros/cmake)
[0.525s] -- Found rmw_implementation_cmake: 6.1.2 (/opt/ros/humble/share/rmw_implementation_cmake/cmake)
[0.527s] -- Found rmw_fastrtps_cpp: 6.2.7 (/opt/ros/humble/share/rmw_fastrtps_cpp/cmake)
[0.555s] -- Found TinyXML2 via Config file: TinyXML2_DIR-NOTFOUND
[0.568s] -- Found TinyXML2 via Config file: TinyXML2_DIR-NOTFOUND
[0.595s] -- Found TinyXML2 via Config file: TinyXML2_DIR-NOTFOUND
[0.607s] -- Found TinyXML2 via Config file: TinyXML2_DIR-NOTFOUND
[0.624s] -- Using RMW implementation 'rmw_fastrtps_cpp' as default
[0.821s] -- Found ament_lint_auto: 0.12.11 (/opt/ros/humble/share/ament_lint_auto/cmake)
[0.916s] -- Added test 'cppcheck' to perform static code analysis on C / C++ code
[0.920s] -- Configured cppcheck include dirs: /home/williamfbx/SLAM/slam_ws/src/drivers/grid_map/grid_map_loader/include
[0.920s] -- Configured cppcheck exclude dirs and/or files: 
[0.923s] -- Added test 'lint_cmake' to check CMake code style
[0.923s] -- Added test 'uncrustify' to check C / C++ code style
[0.923s] -- Configured uncrustify additional arguments: 
[0.924s] -- Added test 'xmllint' to check XML markup files
[0.931s] -- Configuring done
[1.210s] -- Generating done
[1.249s] -- Build files have been written to: /home/williamfbx/SLAM/slam_ws/build/grid_map_loader
[1.345s] [35m[1mConsolidate compiler generated dependencies of target grid_map_loader_core[0m
[1.413s] [ 25%] [32mBuilding CXX object CMakeFiles/grid_map_loader_core.dir/src/GridMapLoader.cpp.o[0m
[37.223s] [ 50%] [32m[1mLinking CXX shared library libgrid_map_loader_core.so[0m
[37.679s] [ 50%] Built target grid_map_loader_core
[37.716s] [35m[1mConsolidate compiler generated dependencies of target grid_map_loader[0m
[37.789s] [ 75%] [32mBuilding CXX object CMakeFiles/grid_map_loader.dir/src/grid_map_loader_node.cpp.o[0m
[49.999s] [100%] [32m[1mLinking CXX executable grid_map_loader[0m
[51.224s] [100%] Built target grid_map_loader
[51.262s] Invoked command in '/home/williamfbx/SLAM/slam_ws/build/grid_map_loader' returned '0': AMENT_PREFIX_PATH=/home/williamfbx/SLAM/slam_ws/install/grid_map_ros:/home/williamfbx/SLAM/slam_ws/install/grid_map_cv:/home/williamfbx/SLAM/slam_ws/install/grid_map_msgs:/home/williamfbx/SLAM/slam_ws/install/grid_map_core:/home/williamfbx/SLAM/slam_ws/install/grid_map_cmake_helpers:${AMENT_PREFIX_PATH} CMAKE_PREFIX_PATH=/home/williamfbx/SLAM/slam_ws/install/grid_map_ros:/home/williamfbx/SLAM/slam_ws/install/grid_map_cv:/home/williamfbx/SLAM/slam_ws/install/grid_map_msgs:/home/williamfbx/SLAM/slam_ws/install/grid_map_core:/home/williamfbx/SLAM/slam_ws/install/grid_map_cmake_helpers:/opt/ros/humble LD_LIBRARY_PATH=/home/williamfbx/SLAM/slam_ws/install/grid_map_ros/lib:/home/williamfbx/SLAM/slam_ws/install/grid_map_cv/lib:/home/williamfbx/SLAM/slam_ws/install/grid_map_msgs/lib:/home/williamfbx/SLAM/slam_ws/install/grid_map_core/lib:${LD_LIBRARY_PATH} PYTHONPATH=/home/williamfbx/SLAM/slam_ws/install/grid_map_msgs/local/lib/python3.10/dist-packages:${PYTHONPATH} /usr/bin/cmake --build /home/williamfbx/SLAM/slam_ws/build/grid_map_loader -- -j12 -l12
[51.268s] Invoking command in '/home/williamfbx/SLAM/slam_ws/build/grid_map_loader': AMENT_PREFIX_PATH=/home/williamfbx/SLAM/slam_ws/install/grid_map_ros:/home/williamfbx/SLAM/slam_ws/install/grid_map_cv:/home/williamfbx/SLAM/slam_ws/install/grid_map_msgs:/home/williamfbx/SLAM/slam_ws/install/grid_map_core:/home/williamfbx/SLAM/slam_ws/install/grid_map_cmake_helpers:${AMENT_PREFIX_PATH} CMAKE_PREFIX_PATH=/home/williamfbx/SLAM/slam_ws/install/grid_map_ros:/home/williamfbx/SLAM/slam_ws/install/grid_map_cv:/home/williamfbx/SLAM/slam_ws/install/grid_map_msgs:/home/williamfbx/SLAM/slam_ws/install/grid_map_core:/home/williamfbx/SLAM/slam_ws/install/grid_map_cmake_helpers:/opt/ros/humble LD_LIBRARY_PATH=/home/williamfbx/SLAM/slam_ws/install/grid_map_ros/lib:/home/williamfbx/SLAM/slam_ws/install/grid_map_cv/lib:/home/williamfbx/SLAM/slam_ws/install/grid_map_msgs/lib:/home/williamfbx/SLAM/slam_ws/install/grid_map_core/lib:${LD_LIBRARY_PATH} PYTHONPATH=/home/williamfbx/SLAM/slam_ws/install/grid_map_msgs/local/lib/python3.10/dist-packages:${PYTHONPATH} /usr/bin/cmake --install /home/williamfbx/SLAM/slam_ws/build/grid_map_loader
[51.290s] -- Install configuration: "Release"
[51.292s] -- Installing: /home/williamfbx/SLAM/slam_ws/install/grid_map_loader/lib/libgrid_map_loader_core.so
[51.292s] -- Set runtime path of "/home/williamfbx/SLAM/slam_ws/install/grid_map_loader/lib/libgrid_map_loader_core.so" to ""
[51.294s] -- Installing: /home/williamfbx/SLAM/slam_ws/install/grid_map_loader/lib/grid_map_loader/grid_map_loader
[51.298s] -- Set runtime path of "/home/williamfbx/SLAM/slam_ws/install/grid_map_loader/lib/grid_map_loader/grid_map_loader" to ""
[51.298s] -- Up-to-date: /home/williamfbx/SLAM/slam_ws/install/grid_map_loader/share/grid_map_loader/environment/library_path.sh
[51.298s] -- Installing: /home/williamfbx/SLAM/slam_ws/install/grid_map_loader/share/grid_map_loader/environment/library_path.dsv
[51.298s] -- Up-to-date: /home/williamfbx/SLAM/slam_ws/install/grid_map_loader/share/ament_index/resource_index/package_run_dependencies/grid_map_loader
[51.298s] -- Installing: /home/williamfbx/SLAM/slam_ws/install/grid_map_loader/share/ament_index/resource_index/parent_prefix_path/grid_map_loader
[51.298s] -- Up-to-date: /home/williamfbx/SLAM/slam_ws/install/grid_map_loader/share/grid_map_loader/environment/ament_prefix_path.sh
[51.299s] -- Installing: /home/williamfbx/SLAM/slam_ws/install/grid_map_loader/share/grid_map_loader/environment/ament_prefix_path.dsv
[51.299s] -- Up-to-date: /home/williamfbx/SLAM/slam_ws/install/grid_map_loader/share/grid_map_loader/environment/path.sh
[51.301s] -- Installing: /home/williamfbx/SLAM/slam_ws/install/grid_map_loader/share/grid_map_loader/environment/path.dsv
[51.303s] -- Up-to-date: /home/williamfbx/SLAM/slam_ws/install/grid_map_loader/share/grid_map_loader/local_setup.bash
[51.303s] -- Up-to-date: /home/williamfbx/SLAM/slam_ws/install/grid_map_loader/share/grid_map_loader/local_setup.sh
[51.303s] -- Up-to-date: /home/williamfbx/SLAM/slam_ws/install/grid_map_loader/share/grid_map_loader/local_setup.zsh
[51.303s] -- Installing: /home/williamfbx/SLAM/slam_ws/install/grid_map_loader/share/grid_map_loader/local_setup.dsv
[51.303s] -- Installing: /home/williamfbx/SLAM/slam_ws/install/grid_map_loader/share/grid_map_loader/package.dsv
[51.303s] -- Up-to-date: /home/williamfbx/SLAM/slam_ws/install/grid_map_loader/share/ament_index/resource_index/packages/grid_map_loader
[51.303s] -- Up-to-date: /home/williamfbx/SLAM/slam_ws/install/grid_map_loader/share/grid_map_loader/cmake/ament_cmake_export_include_directories-extras.cmake
[51.304s] -- Up-to-date: /home/williamfbx/SLAM/slam_ws/install/grid_map_loader/share/grid_map_loader/cmake/ament_cmake_export_dependencies-extras.cmake
[51.304s] -- Up-to-date: /home/williamfbx/SLAM/slam_ws/install/grid_map_loader/share/grid_map_loader/cmake/ament_cmake_export_libraries-extras.cmake
[51.305s] -- Up-to-date: /home/williamfbx/SLAM/slam_ws/install/grid_map_loader/share/grid_map_loader/cmake/grid_map_loaderConfig.cmake
[51.306s] -- Up-to-date: /home/williamfbx/SLAM/slam_ws/install/grid_map_loader/share/grid_map_loader/cmake/grid_map_loaderConfig-version.cmake
[51.309s] -- Up-to-date: /home/williamfbx/SLAM/slam_ws/install/grid_map_loader/share/grid_map_loader/package.xml
[51.310s] Invoked command in '/home/williamfbx/SLAM/slam_ws/build/grid_map_loader' returned '0': AMENT_PREFIX_PATH=/home/williamfbx/SLAM/slam_ws/install/grid_map_ros:/home/williamfbx/SLAM/slam_ws/install/grid_map_cv:/home/williamfbx/SLAM/slam_ws/install/grid_map_msgs:/home/williamfbx/SLAM/slam_ws/install/grid_map_core:/home/williamfbx/SLAM/slam_ws/install/grid_map_cmake_helpers:${AMENT_PREFIX_PATH} CMAKE_PREFIX_PATH=/home/williamfbx/SLAM/slam_ws/install/grid_map_ros:/home/williamfbx/SLAM/slam_ws/install/grid_map_cv:/home/williamfbx/SLAM/slam_ws/install/grid_map_msgs:/home/williamfbx/SLAM/slam_ws/install/grid_map_core:/home/williamfbx/SLAM/slam_ws/install/grid_map_cmake_helpers:/opt/ros/humble LD_LIBRARY_PATH=/home/williamfbx/SLAM/slam_ws/install/grid_map_ros/lib:/home/williamfbx/SLAM/slam_ws/install/grid_map_cv/lib:/home/williamfbx/SLAM/slam_ws/install/grid_map_msgs/lib:/home/williamfbx/SLAM/slam_ws/install/grid_map_core/lib:${LD_LIBRARY_PATH} PYTHONPATH=/home/williamfbx/SLAM/slam_ws/install/grid_map_msgs/local/lib/python3.10/dist-packages:${PYTHONPATH} /usr/bin/cmake --install /home/williamfbx/SLAM/slam_ws/build/grid_map_loader
