-- Found ament_cmake: 1.3.11 (/opt/ros/humble/share/ament_cmake/cmake)
-- Found cv_bridge: 3.2.1 (/opt/ros/humble/share/cv_bridge/cmake)
-- Found rosidl_generator_c: 3.1.6 (/opt/ros/humble/share/rosidl_generator_c/cmake)
-- Found rosidl_adapter: 3.1.6 (/opt/ros/humble/share/rosidl_adapter/cmake)
-- Found rosidl_generator_cpp: 3.1.6 (/opt/ros/humble/share/rosidl_generator_cpp/cmake)
-- Using all available rosidl_typesupport_c: rosidl_typesupport_fastrtps_c;rosidl_typesupport_introspection_c
-- Using all available rosidl_typesupport_cpp: rosidl_typesupport_fastrtps_cpp;rosidl_typesupport_introspection_cpp
-- Found filters: 2.1.0 (/opt/ros/humble/share/filters/cmake)
-- Found grid_map_cmake_helpers: 2.0.1 (/home/williamfbx/SLAM/slam_ws/install/grid_map_cmake_helpers/share/grid_map_cmake_helpers/cmake)
-- Found grid_map_core: 2.0.1 (/home/williamfbx/SLAM/slam_ws/install/grid_map_core/share/grid_map_core/cmake)
-- Found pluginlib: 5.1.0 (/opt/ros/humble/share/pluginlib/cmake)
-- Found rclcpp: 16.0.11 (/opt/ros/humble/share/rclcpp/cmake)
-- Found rmw_implementation_cmake: 6.1.2 (/opt/ros/humble/share/rmw_implementation_cmake/cmake)
-- Found rmw_fastrtps_cpp: 6.2.7 (/opt/ros/humble/share/rmw_fastrtps_cpp/cmake)
-- Found TinyXML2 via Config file: TinyXML2_DIR-NOTFOUND
-- Found TinyXML2 via Config file: TinyXML2_DIR-NOTFOUND
-- Found TinyXML2 via Config file: TinyXML2_DIR-NOTFOUND
-- Found TinyXML2 via Config file: TinyXML2_DIR-NOTFOUND
-- Using RMW implementation 'rmw_fastrtps_cpp' as default
-- Found ament_lint_auto: 0.12.11 (/opt/ros/humble/share/ament_lint_auto/cmake)
-- Found gtest sources under '/opt/ros/humble/src/gtest_vendor': C++ tests using 'Google Test' will be built
-- Added test 'cppcheck' to perform static code analysis on C / C++ code
-- Configured cppcheck include dirs: /home/williamfbx/SLAM/slam_ws/src/drivers/grid_map/grid_map_cv/include
-- Configured cppcheck exclude dirs and/or files: 
-- Added test 'lint_cmake' to check CMake code style
-- Added test 'uncrustify' to check C / C++ code style
-- Configured uncrustify additional arguments: 
-- Added test 'xmllint' to check XML markup files
-- Configuring done
-- Generating done
-- Build files have been written to: /home/williamfbx/SLAM/slam_ws/build/grid_map_cv
[35m[1mConsolidate compiler generated dependencies of target gtest_main[0m
[35m[1mConsolidate compiler generated dependencies of target gtest[0m
[35m[1mConsolidate compiler generated dependencies of target grid_map_cv[0m
[ 36%] Built target gtest
[ 36%] Built target gtest_main
[ 45%] [32mBuilding CXX object CMakeFiles/grid_map_cv.dir/src/GridMapCvProcessing.cpp.o[0m
[ 54%] [32mBuilding CXX object CMakeFiles/grid_map_cv.dir/src/InpaintFilter.cpp.o[0m
[ 63%] [32m[1mLinking CXX shared library libgrid_map_cv.so[0m
[ 63%] Built target grid_map_cv
[35m[1mConsolidate compiler generated dependencies of target grid_map_cv-test[0m
[ 72%] [32mBuilding CXX object CMakeFiles/grid_map_cv-test.dir/test/GridMapCvTest.cpp.o[0m
[ 81%] [32mBuilding CXX object CMakeFiles/grid_map_cv-test.dir/test/GridMapCvProcessingTest.cpp.o[0m
[ 90%] [32m[1mLinking CXX executable grid_map_cv-test[0m
[100%] Built target grid_map_cv-test
-- Install configuration: "Release"
-- Installing: /home/williamfbx/SLAM/slam_ws/install/grid_map_cv/lib/libgrid_map_cv.so
-- Set runtime path of "/home/williamfbx/SLAM/slam_ws/install/grid_map_cv/lib/libgrid_map_cv.so" to ""
-- Up-to-date: /home/williamfbx/SLAM/slam_ws/install/grid_map_cv/include/grid_map_cv
-- Up-to-date: /home/williamfbx/SLAM/slam_ws/install/grid_map_cv/include/grid_map_cv/GridMapCvProcessing.hpp
-- Up-to-date: /home/williamfbx/SLAM/slam_ws/install/grid_map_cv/include/grid_map_cv/grid_map_cv.hpp
-- Up-to-date: /home/williamfbx/SLAM/slam_ws/install/grid_map_cv/include/grid_map_cv/GridMapCvConverter.hpp
-- Up-to-date: /home/williamfbx/SLAM/slam_ws/install/grid_map_cv/include/grid_map_cv/InpaintFilter.hpp
-- Up-to-date: /home/williamfbx/SLAM/slam_ws/install/grid_map_cv/include/grid_map_cv/utilities.hpp
-- Up-to-date: /home/williamfbx/SLAM/slam_ws/install/grid_map_cv/share/grid_map_cv/filter_plugins.xml
-- Up-to-date: /home/williamfbx/SLAM/slam_ws/install/grid_map_cv/share/grid_map_cv/environment/library_path.sh
-- Installing: /home/williamfbx/SLAM/slam_ws/install/grid_map_cv/share/grid_map_cv/environment/library_path.dsv
-- Up-to-date: /home/williamfbx/SLAM/slam_ws/install/grid_map_cv/share/grid_map_cv/filter_plugins.xml
-- Up-to-date: /home/williamfbx/SLAM/slam_ws/install/grid_map_cv/share/ament_index/resource_index/package_run_dependencies/grid_map_cv
-- Installing: /home/williamfbx/SLAM/slam_ws/install/grid_map_cv/share/ament_index/resource_index/parent_prefix_path/grid_map_cv
-- Up-to-date: /home/williamfbx/SLAM/slam_ws/install/grid_map_cv/share/grid_map_cv/environment/ament_prefix_path.sh
-- Installing: /home/williamfbx/SLAM/slam_ws/install/grid_map_cv/share/grid_map_cv/environment/ament_prefix_path.dsv
-- Up-to-date: /home/williamfbx/SLAM/slam_ws/install/grid_map_cv/share/grid_map_cv/environment/path.sh
-- Installing: /home/williamfbx/SLAM/slam_ws/install/grid_map_cv/share/grid_map_cv/environment/path.dsv
-- Up-to-date: /home/williamfbx/SLAM/slam_ws/install/grid_map_cv/share/grid_map_cv/local_setup.bash
-- Up-to-date: /home/williamfbx/SLAM/slam_ws/install/grid_map_cv/share/grid_map_cv/local_setup.sh
-- Up-to-date: /home/williamfbx/SLAM/slam_ws/install/grid_map_cv/share/grid_map_cv/local_setup.zsh
-- Installing: /home/williamfbx/SLAM/slam_ws/install/grid_map_cv/share/grid_map_cv/local_setup.dsv
-- Installing: /home/williamfbx/SLAM/slam_ws/install/grid_map_cv/share/grid_map_cv/package.dsv
-- Up-to-date: /home/williamfbx/SLAM/slam_ws/install/grid_map_cv/share/ament_index/resource_index/packages/grid_map_cv
-- Up-to-date: /home/williamfbx/SLAM/slam_ws/install/grid_map_cv/share/ament_index/resource_index/filters__pluginlib__plugin/grid_map_cv
-- Up-to-date: /home/williamfbx/SLAM/slam_ws/install/grid_map_cv/share/grid_map_cv/cmake/ament_cmake_export_include_directories-extras.cmake
-- Up-to-date: /home/williamfbx/SLAM/slam_ws/install/grid_map_cv/share/grid_map_cv/cmake/ament_cmake_export_libraries-extras.cmake
-- Up-to-date: /home/williamfbx/SLAM/slam_ws/install/grid_map_cv/share/grid_map_cv/cmake/ament_cmake_export_dependencies-extras.cmake
-- Up-to-date: /home/williamfbx/SLAM/slam_ws/install/grid_map_cv/share/grid_map_cv/cmake/grid_map_cvConfig.cmake
-- Up-to-date: /home/williamfbx/SLAM/slam_ws/install/grid_map_cv/share/grid_map_cv/cmake/grid_map_cvConfig-version.cmake
-- Up-to-date: /home/williamfbx/SLAM/slam_ws/install/grid_map_cv/share/grid_map_cv/package.xml
