[0.016s] Invoking command in '/home/williamfbx/SLAM/slam_ws/build/grid_map_cv': AMENT_PREFIX_PATH=/home/williamfbx/SLAM/slam_ws/install/grid_map_core:/home/williamfbx/SLAM/slam_ws/install/grid_map_cmake_helpers:${AMENT_PREFIX_PATH} CMAKE_PREFIX_PATH=/home/williamfbx/SLAM/slam_ws/install/grid_map_core:/home/williamfbx/SLAM/slam_ws/install/grid_map_cmake_helpers:/opt/ros/humble LD_LIBRARY_PATH=/home/williamfbx/SLAM/slam_ws/install/grid_map_core/lib:${LD_LIBRARY_PATH} /usr/bin/cmake --build /home/williamfbx/SLAM/slam_ws/build/grid_map_cv -- -j12 -l12
[0.039s] -- Found ament_cmake: 1.3.11 (/opt/ros/humble/share/ament_cmake/cmake)
[0.189s] -- Found cv_bridge: 3.2.1 (/opt/ros/humble/share/cv_bridge/cmake)
[0.222s] -- Found rosidl_generator_c: 3.1.6 (/opt/ros/humble/share/rosidl_generator_c/cmake)
[0.224s] -- Found rosidl_adapter: 3.1.6 (/opt/ros/humble/share/rosidl_adapter/cmake)
[0.230s] -- Found rosidl_generator_cpp: 3.1.6 (/opt/ros/humble/share/rosidl_generator_cpp/cmake)
[0.239s] -- Using all available rosidl_typesupport_c: rosidl_typesupport_fastrtps_c;rosidl_typesupport_introspection_c
[0.250s] -- Using all available rosidl_typesupport_cpp: rosidl_typesupport_fastrtps_cpp;rosidl_typesupport_introspection_cpp
[0.298s] -- Found filters: 2.1.0 (/opt/ros/humble/share/filters/cmake)
[0.299s] -- Found grid_map_cmake_helpers: 2.0.1 (/home/williamfbx/SLAM/slam_ws/install/grid_map_cmake_helpers/share/grid_map_cmake_helpers/cmake)
[0.299s] -- Found grid_map_core: 2.0.1 (/home/williamfbx/SLAM/slam_ws/install/grid_map_core/share/grid_map_core/cmake)
[0.301s] -- Found pluginlib: 5.1.0 (/opt/ros/humble/share/pluginlib/cmake)
[0.320s] -- Found rclcpp: 16.0.11 (/opt/ros/humble/share/rclcpp/cmake)
[0.360s] -- Found rmw_implementation_cmake: 6.1.2 (/opt/ros/humble/share/rmw_implementation_cmake/cmake)
[0.362s] -- Found rmw_fastrtps_cpp: 6.2.7 (/opt/ros/humble/share/rmw_fastrtps_cpp/cmake)
[0.387s] -- Found TinyXML2 via Config file: TinyXML2_DIR-NOTFOUND
[0.398s] -- Found TinyXML2 via Config file: TinyXML2_DIR-NOTFOUND
[0.420s] -- Found TinyXML2 via Config file: TinyXML2_DIR-NOTFOUND
[0.430s] -- Found TinyXML2 via Config file: TinyXML2_DIR-NOTFOUND
[0.444s] -- Using RMW implementation 'rmw_fastrtps_cpp' as default
[0.480s] -- Found ament_lint_auto: 0.12.11 (/opt/ros/humble/share/ament_lint_auto/cmake)
[0.542s] -- Found gtest sources under '/opt/ros/humble/src/gtest_vendor': C++ tests using 'Google Test' will be built
[0.550s] -- Added test 'cppcheck' to perform static code analysis on C / C++ code
[0.550s] -- Configured cppcheck include dirs: /home/williamfbx/SLAM/slam_ws/src/drivers/grid_map/grid_map_cv/include
[0.550s] -- Configured cppcheck exclude dirs and/or files: 
[0.551s] -- Added test 'lint_cmake' to check CMake code style
[0.552s] -- Added test 'uncrustify' to check C / C++ code style
[0.552s] -- Configured uncrustify additional arguments: 
[0.552s] -- Added test 'xmllint' to check XML markup files
[0.554s] -- Configuring done
[0.571s] -- Generating done
[0.577s] -- Build files have been written to: /home/williamfbx/SLAM/slam_ws/build/grid_map_cv
[0.611s] [35m[1mConsolidate compiler generated dependencies of target gtest_main[0m
[0.611s] [35m[1mConsolidate compiler generated dependencies of target gtest[0m
[0.613s] [35m[1mConsolidate compiler generated dependencies of target grid_map_cv[0m
[0.629s] [ 36%] Built target gtest
[0.629s] [ 36%] Built target gtest_main
[0.642s] [ 45%] [32mBuilding CXX object CMakeFiles/grid_map_cv.dir/src/GridMapCvProcessing.cpp.o[0m
[0.645s] [ 54%] [32mBuilding CXX object CMakeFiles/grid_map_cv.dir/src/InpaintFilter.cpp.o[0m
[8.001s] [ 63%] [32m[1mLinking CXX shared library libgrid_map_cv.so[0m
[8.161s] [ 63%] Built target grid_map_cv
[8.177s] [35m[1mConsolidate compiler generated dependencies of target grid_map_cv-test[0m
[8.194s] [ 72%] [32mBuilding CXX object CMakeFiles/grid_map_cv-test.dir/test/GridMapCvTest.cpp.o[0m
[8.198s] [ 81%] [32mBuilding CXX object CMakeFiles/grid_map_cv-test.dir/test/GridMapCvProcessingTest.cpp.o[0m
[11.997s] [ 90%] [32m[1mLinking CXX executable grid_map_cv-test[0m
[12.121s] [100%] Built target grid_map_cv-test
[12.130s] Invoked command in '/home/williamfbx/SLAM/slam_ws/build/grid_map_cv' returned '0': AMENT_PREFIX_PATH=/home/williamfbx/SLAM/slam_ws/install/grid_map_core:/home/williamfbx/SLAM/slam_ws/install/grid_map_cmake_helpers:${AMENT_PREFIX_PATH} CMAKE_PREFIX_PATH=/home/williamfbx/SLAM/slam_ws/install/grid_map_core:/home/williamfbx/SLAM/slam_ws/install/grid_map_cmake_helpers:/opt/ros/humble LD_LIBRARY_PATH=/home/williamfbx/SLAM/slam_ws/install/grid_map_core/lib:${LD_LIBRARY_PATH} /usr/bin/cmake --build /home/williamfbx/SLAM/slam_ws/build/grid_map_cv -- -j12 -l12
[12.132s] Invoking command in '/home/williamfbx/SLAM/slam_ws/build/grid_map_cv': AMENT_PREFIX_PATH=/home/williamfbx/SLAM/slam_ws/install/grid_map_core:/home/williamfbx/SLAM/slam_ws/install/grid_map_cmake_helpers:${AMENT_PREFIX_PATH} CMAKE_PREFIX_PATH=/home/williamfbx/SLAM/slam_ws/install/grid_map_core:/home/williamfbx/SLAM/slam_ws/install/grid_map_cmake_helpers:/opt/ros/humble LD_LIBRARY_PATH=/home/williamfbx/SLAM/slam_ws/install/grid_map_core/lib:${LD_LIBRARY_PATH} /usr/bin/cmake --install /home/williamfbx/SLAM/slam_ws/build/grid_map_cv
[12.138s] -- Install configuration: "Release"
[12.139s] -- Installing: /home/williamfbx/SLAM/slam_ws/install/grid_map_cv/lib/libgrid_map_cv.so
[12.139s] -- Set runtime path of "/home/williamfbx/SLAM/slam_ws/install/grid_map_cv/lib/libgrid_map_cv.so" to ""
[12.140s] -- Up-to-date: /home/williamfbx/SLAM/slam_ws/install/grid_map_cv/include/grid_map_cv
[12.140s] -- Up-to-date: /home/williamfbx/SLAM/slam_ws/install/grid_map_cv/include/grid_map_cv/GridMapCvProcessing.hpp
[12.140s] -- Up-to-date: /home/williamfbx/SLAM/slam_ws/install/grid_map_cv/include/grid_map_cv/grid_map_cv.hpp
[12.140s] -- Up-to-date: /home/williamfbx/SLAM/slam_ws/install/grid_map_cv/include/grid_map_cv/GridMapCvConverter.hpp
[12.140s] -- Up-to-date: /home/williamfbx/SLAM/slam_ws/install/grid_map_cv/include/grid_map_cv/InpaintFilter.hpp
[12.140s] -- Up-to-date: /home/williamfbx/SLAM/slam_ws/install/grid_map_cv/include/grid_map_cv/utilities.hpp
[12.140s] -- Up-to-date: /home/williamfbx/SLAM/slam_ws/install/grid_map_cv/share/grid_map_cv/filter_plugins.xml
[12.140s] -- Up-to-date: /home/williamfbx/SLAM/slam_ws/install/grid_map_cv/share/grid_map_cv/environment/library_path.sh
[12.140s] -- Installing: /home/williamfbx/SLAM/slam_ws/install/grid_map_cv/share/grid_map_cv/environment/library_path.dsv
[12.140s] -- Up-to-date: /home/williamfbx/SLAM/slam_ws/install/grid_map_cv/share/grid_map_cv/filter_plugins.xml
[12.141s] -- Up-to-date: /home/williamfbx/SLAM/slam_ws/install/grid_map_cv/share/ament_index/resource_index/package_run_dependencies/grid_map_cv
[12.141s] -- Installing: /home/williamfbx/SLAM/slam_ws/install/grid_map_cv/share/ament_index/resource_index/parent_prefix_path/grid_map_cv
[12.141s] -- Up-to-date: /home/williamfbx/SLAM/slam_ws/install/grid_map_cv/share/grid_map_cv/environment/ament_prefix_path.sh
[12.141s] -- Installing: /home/williamfbx/SLAM/slam_ws/install/grid_map_cv/share/grid_map_cv/environment/ament_prefix_path.dsv
[12.141s] -- Up-to-date: /home/williamfbx/SLAM/slam_ws/install/grid_map_cv/share/grid_map_cv/environment/path.sh
[12.141s] -- Installing: /home/williamfbx/SLAM/slam_ws/install/grid_map_cv/share/grid_map_cv/environment/path.dsv
[12.141s] -- Up-to-date: /home/williamfbx/SLAM/slam_ws/install/grid_map_cv/share/grid_map_cv/local_setup.bash
[12.141s] -- Up-to-date: /home/williamfbx/SLAM/slam_ws/install/grid_map_cv/share/grid_map_cv/local_setup.sh
[12.141s] -- Up-to-date: /home/williamfbx/SLAM/slam_ws/install/grid_map_cv/share/grid_map_cv/local_setup.zsh
[12.141s] -- Installing: /home/williamfbx/SLAM/slam_ws/install/grid_map_cv/share/grid_map_cv/local_setup.dsv
[12.141s] -- Installing: /home/williamfbx/SLAM/slam_ws/install/grid_map_cv/share/grid_map_cv/package.dsv
[12.142s] -- Up-to-date: /home/williamfbx/SLAM/slam_ws/install/grid_map_cv/share/ament_index/resource_index/packages/grid_map_cv
[12.142s] -- Up-to-date: /home/williamfbx/SLAM/slam_ws/install/grid_map_cv/share/ament_index/resource_index/filters__pluginlib__plugin/grid_map_cv
[12.142s] -- Up-to-date: /home/williamfbx/SLAM/slam_ws/install/grid_map_cv/share/grid_map_cv/cmake/ament_cmake_export_include_directories-extras.cmake
[12.142s] -- Up-to-date: /home/williamfbx/SLAM/slam_ws/install/grid_map_cv/share/grid_map_cv/cmake/ament_cmake_export_libraries-extras.cmake
[12.142s] -- Up-to-date: /home/williamfbx/SLAM/slam_ws/install/grid_map_cv/share/grid_map_cv/cmake/ament_cmake_export_dependencies-extras.cmake
[12.142s] -- Up-to-date: /home/williamfbx/SLAM/slam_ws/install/grid_map_cv/share/grid_map_cv/cmake/grid_map_cvConfig.cmake
[12.142s] -- Up-to-date: /home/williamfbx/SLAM/slam_ws/install/grid_map_cv/share/grid_map_cv/cmake/grid_map_cvConfig-version.cmake
[12.143s] -- Up-to-date: /home/williamfbx/SLAM/slam_ws/install/grid_map_cv/share/grid_map_cv/package.xml
[12.143s] Invoked command in '/home/williamfbx/SLAM/slam_ws/build/grid_map_cv' returned '0': AMENT_PREFIX_PATH=/home/williamfbx/SLAM/slam_ws/install/grid_map_core:/home/williamfbx/SLAM/slam_ws/install/grid_map_cmake_helpers:${AMENT_PREFIX_PATH} CMAKE_PREFIX_PATH=/home/williamfbx/SLAM/slam_ws/install/grid_map_core:/home/williamfbx/SLAM/slam_ws/install/grid_map_cmake_helpers:/opt/ros/humble LD_LIBRARY_PATH=/home/williamfbx/SLAM/slam_ws/install/grid_map_core/lib:${LD_LIBRARY_PATH} /usr/bin/cmake --install /home/williamfbx/SLAM/slam_ws/build/grid_map_cv
