In file included from [01m[K/home/williamfbx/SLAM/slam_ws/src/localization/src/localization.cpp:1[m[K:
[01m[K/home/williamfbx/SLAM/slam_ws/src/localization/include/localization/localization.hpp:13:48:[m[K [01;31m[Kerror: [m[K‘[01m[KImage[m[K’ is not a member of ‘[01m[Ksensor_msgs::msg[m[K’
   13 |         rclcpp::Subscription<sensor_msgs::msg::[01;31m[KImage[m[K>::SharedPtr camera_subscriber_;
      |                                                [01;31m[K^~~~~[m[K
[01m[K/home/williamfbx/SLAM/slam_ws/src/localization/include/localization/localization.hpp:13:53:[m[K [01;31m[Kerror: [m[Ktemplate argument 1 is invalid
   13 |         rclcpp::Subscription<sensor_msgs::msg::Image[01;31m[K>[m[K::SharedPtr camera_subscriber_;
      |                                                     [01;31m[K^[m[K
[01m[K/home/williamfbx/SLAM/slam_ws/src/localization/include/localization/localization.hpp:13:53:[m[K [01;31m[Kerror: [m[Ktemplate argument 3 is invalid
[01m[K/home/williamfbx/SLAM/slam_ws/src/localization/include/localization/localization.hpp:13:53:[m[K [01;31m[Kerror: [m[Ktemplate argument 4 is invalid
[01m[K/home/williamfbx/SLAM/slam_ws/src/localization/include/localization/localization.hpp:13:53:[m[K [01;31m[Kerror: [m[Ktemplate argument 5 is invalid
[01m[K/home/williamfbx/SLAM/slam_ws/src/localization/include/localization/localization.hpp:13:56:[m[K [01;31m[Kerror: [m[Kexpected ‘[01m[K;[m[K’ at end of member declaration
   13 |         rclcpp::Subscription<sensor_msgs::msg::Image>::[01;31m[KSharedPtr[m[K camera_subscriber_;
      |                                                        [01;31m[K^~~~~~~~~[m[K
      |                                                                 [32m[K;[m[K
In file included from [01m[K/home/williamfbx/SLAM/slam_ws/src/localization/src/localization_node.cpp:1[m[K:
[01m[K/home/williamfbx/SLAM/slam_ws/src/localization/include/localization/localization.hpp:13:48:[m[K [01;31m[Kerror: [m[K‘[01m[KImage[m[K’ is not a member of ‘[01m[Ksensor_msgs::msg[m[K’
   13 |         rclcpp::Subscription<sensor_msgs::msg::[01;31m[KImage[m[K>::SharedPtr camera_subscriber_;
      |                                                [01;31m[K^~~~~[m[K
[01m[K/home/williamfbx/SLAM/slam_ws/src/localization/include/localization/localization.hpp:13:53:[m[K [01;31m[Kerror: [m[Ktemplate argument 1 is invalid
   13 |         rclcpp::Subscription<sensor_msgs::msg::Image[01;31m[K>[m[K::SharedPtr camera_subscriber_;
      |                                                     [01;31m[K^[m[K
[01m[K/home/williamfbx/SLAM/slam_ws/src/localization/include/localization/localization.hpp:13:53:[m[K [01;31m[Kerror: [m[Ktemplate argument 3 is invalid
[01m[K/home/williamfbx/SLAM/slam_ws/src/localization/include/localization/localization.hpp:13:53:[m[K [01;31m[Kerror: [m[Ktemplate argument 4 is invalid
[01m[K/home/williamfbx/SLAM/slam_ws/src/localization/include/localization/localization.hpp:13:53:[m[K [01;31m[Kerror: [m[Ktemplate argument 5 is invalid
[01m[K/home/williamfbx/SLAM/slam_ws/src/localization/include/localization/localization.hpp:13:56:[m[K [01;31m[Kerror: [m[Kexpected ‘[01m[K;[m[K’ at end of member declaration
   13 |         rclcpp::Subscription<sensor_msgs::msg::Image>::[01;31m[KSharedPtr[m[K camera_subscriber_;
      |                                                        [01;31m[K^~~~~~~~~[m[K
      |                                                                 [32m[K;[m[K
[01m[K/home/williamfbx/SLAM/slam_ws/src/localization/include/localization/localization.hpp:13:66:[m[K [01;31m[Kerror: [m[K‘[01m[Kcamera_subscriber_[m[K’ does not name a type
   13 |         rclcpp::Subscription<sensor_msgs::msg::Image>::SharedPtr [01;31m[Kcamera_subscriber_[m[K;
      |                                                                  [01;31m[K^~~~~~~~~~~~~~~~~~[m[K
[01m[K/home/williamfbx/SLAM/slam_ws/src/localization/include/localization/localization.hpp:19:52:[m[K [01;31m[Kerror: [m[K‘[01m[KImage[m[K’ in namespace ‘[01m[Ksensor_msgs::msg[m[K’ does not name a type
   19 |         void imageCallback(const sensor_msgs::msg::[01;31m[KImage[m[K::SharedPtr msg)
      |                                                    [01;31m[K^~~~~[m[K
[01m[K/home/williamfbx/SLAM/slam_ws/src/localization/include/localization/localization.hpp:19:69:[m[K [01;31m[Kerror: [m[Kexpected unqualified-id before ‘[01m[Kmsg[m[K’
   19 |         void imageCallback(const sensor_msgs::msg::Image::SharedPtr [01;31m[Kmsg[m[K)
      |                                                                     [01;31m[K^~~[m[K
[01m[K/home/williamfbx/SLAM/slam_ws/src/localization/include/localization/localization.hpp:19:68:[m[K [01;31m[Kerror: [m[Kexpected ‘[01m[K)[m[K’ before ‘[01m[Kmsg[m[K’
   19 |         void imageCallback[34m[K([m[Kconst sensor_msgs::msg::Image::SharedPtr[01;31m[K [m[K[32m[Kmsg[m[K)
      |                           [34m[K~[m[K                                        [01;31m[K^[m[K[32m[K~~~[m[K
      |                                                                    [32m[K)[m[K
[01m[K/home/williamfbx/SLAM/slam_ws/src/localization/include/localization/localization.hpp:19:59:[m[K [01;31m[Kerror: [m[Kexpected ‘[01m[K;[m[K’ at end of member declaration
   19 |         void imageCallback(const sensor_msgs::msg::Image::[01;31m[KSharedPtr[m[K msg)
      |                                                           [01;31m[K^~~~~~~~~[m[K
      |                                                                    [32m[K;[m[K
[01m[K/home/williamfbx/SLAM/slam_ws/src/localization/include/localization/localization.hpp:13:66:[m[K [01;31m[Kerror: [m[K‘[01m[Kcamera_subscriber_[m[K’ does not name a type
   13 |    rclcpp::Subscription<sensor_msgs::msg::Image>::SharedPtr [01;31m[Kcamera_subscriber_[m[K;
      |                                                             [01;31m[K^~~~~~~~~~~~~~~~~~[m[K

[01m[K/home/williamfbx/SLAM/slam_ws/src/localization/include/localization/localization.hpp:19:52:[m[K [01;31m[Kerror: [m[K‘[01m[KImage[m[K’ in namespace ‘[01m[Ksensor_msgs::msg[m[K’ does not name a type
   19 |         void imageCallback(const sensor_msgs::msg::[01;31m[KImage[m[K::SharedPtr msg)
      |                                                    [01;31m[K^~~~~[m[K
[01m[K/home/williamfbx/SLAM/slam_ws/src/localization/include/localization/localization.hpp:19:69:[m[K [01;31m[Kerror: [m[Kexpected unqualified-id before ‘[01m[Kmsg[m[K’
   19 |        void imageCallback(const sensor_msgs::msg::Image::SharedPtr [01;31m[Kmsg[m[K)
      |                                                                    [01;31m[K^~~[m[K

[01m[K/home/williamfbx/SLAM/slam_ws/src/localization/include/localization/localization.hpp:19:68:[m[K [01;31m[Kerror: [m[Kexpected ‘[01m[K)[m[K’ before ‘[01m[Kmsg[m[K’
   19 |        void imageCallback[34m[K([m[Kconst sensor_msgs::msg::Image::SharedPtr[01;31m[K [m[K[32m[Kmsg[m[K)
      |                          [34m[K~[m[K                                        [01;31m[K^[m[K[32m[K~~~[m[K
      |                                                                   [32m[K)[m[K
[01m[K/home/williamfbx/SLAM/slam_ws/src/localization/include/localization/localization.hpp:19:59:[m[K [01;31m[Kerror: [m[Kexpected ‘[01m[K;[m[K’ at end of member declaration
   19 |         void imageCallback(const sensor_msgs::msg::Image::[01;31m[KSharedPtr[m[K msg)
      |                                                           [01;31m[K^~~~~~~~~[m[K
      |                                                                    [32m[K;[m[K
[01m[K/home/williamfbx/SLAM/slam_ws/src/localization/include/localization/localization.hpp:19:69:[m[K [01;31m[Kerror: [m[K‘[01m[Kmsg[m[K’ does not name a type
   19 |         void imageCallback(const sensor_msgs::msg::Image::SharedPtr [01;31m[Kmsg[m[K)
      |                                                                     [01;31m[K^~~[m[K
[01m[K/home/williamfbx/SLAM/slam_ws/src/localization/include/localization/localization.hpp:19:69:[m[K [01;31m[Kerror: [m[K‘[01m[Kmsg[m[K’ does not name a type
   19 |        void imageCallback(const sensor_msgs::msg::Image::SharedPtr [01;31m[Kmsg[m[K)
      |                                                                    [01;31m[K^~~[m[K

[01m[K/home/williamfbx/SLAM/slam_ws/src/localization/src/localization.cpp:3:28:[m[K [01;31m[Kerror: [m[Kdefinition of implicitly-declared ‘[01m[KLocalization::Localization()[m[K’
    3 | Localization::Localization([01;31m[K)[m[K : Node("localization_node")
      |                            [01;31m[K^[m[K
[01m[K/home/williamfbx/SLAM/slam_ws/src/localization/src/localization.cpp:[m[K In member function ‘[01m[Kvoid Localization::setupCommunications()[m[K’:
[01m[K/home/williamfbx/SLAM/slam_ws/src/localization/src/localization.cpp:14:5:[m[K [01;31m[Kerror: [m[K‘[01m[Kcamera_subscriber_[m[K’ was not declared in this scope; did you mean ‘[01m[Kcount_subscribers[m[K’?
   14 |     [01;31m[Kcamera_subscriber_[m[K = this->create_subscription<sensor_msgs::msg::Image>("camera/camera/color/image_raw", 10,
      |     [01;31m[K^~~~~~~~~~~~~~~~~~[m[K
      |     [32m[Kcount_subscribers[m[K
[01m[K/home/williamfbx/SLAM/slam_ws/src/localization/src/localization.cpp:14:70:[m[K [01;31m[Kerror: [m[K‘[01m[KImage[m[K’ is not a member of ‘[01m[Ksensor_msgs::msg[m[K’
   14 | a_subscriber_ = this->create_subscription<sensor_msgs::msg::[01;31m[KImage[m[K>("camera/camera/color/image_raw", 10,
      |                                                             [01;31m[K^~~~~[m[K

[01m[K/home/williamfbx/SLAM/slam_ws/src/localization/src/localization.cpp:15:20:[m[K [01;31m[Kerror: [m[K‘[01m[KPointCloudHandler[m[K’ has not been declared
   15 |         std::bind(&[01;31m[KPointCloudHandler[m[K::imageCallback, this, std::placeholders::_1));
      |                    [01;31m[K^~~~~~~~~~~~~~~~~[m[K
[01m[K/home/williamfbx/SLAM/slam_ws/src/localization/src/localization.cpp:[m[K At global scope:
[01m[K/home/williamfbx/SLAM/slam_ws/src/localization/src/localization.cpp:22:58:[m[K [01;31m[Kerror: [m[K‘[01m[KImage[m[K’ in namespace ‘[01m[Ksensor_msgs::msg[m[K’ does not name a type
   22 | void Localization::imageCallback(const sensor_msgs::msg::[01;31m[KImage[m[K::SharedPtr msg){
      |                                                          [01;31m[K^~~~~[m[K
[01m[K/home/williamfbx/SLAM/slam_ws/src/localization/src/localization.cpp:22:75:[m[K [01;31m[Kerror: [m[Kexpected unqualified-id before ‘[01m[Kmsg[m[K’
   22 | alization::imageCallback(const sensor_msgs::msg::Image::SharedPtr [01;31m[Kmsg[m[K){
      |                                                                   [01;31m[K^~~[m[K

[01m[K/home/williamfbx/SLAM/slam_ws/src/localization/src/localization.cpp:22:74:[m[K [01;31m[Kerror: [m[Kexpected ‘[01m[K)[m[K’ before ‘[01m[Kmsg[m[K’
   22 | alization::imageCallback[34m[K([m[Kconst sensor_msgs::msg::Image::SharedPtr[01;31m[K [m[K[32m[Kmsg[m[K){
      |                         [34m[K~[m[K                                        [01;31m[K^[m[K[32m[K~~~[m[K
      |                                                                  [32m[K)[m[K
[01m[K/home/williamfbx/SLAM/slam_ws/src/localization/src/localization.cpp:22:75:[m[K [01;31m[Kerror: [m[Kexpected initializer before ‘[01m[Kmsg[m[K’
   22 | alization::imageCallback(const sensor_msgs::msg::Image::SharedPtr [01;31m[Kmsg[m[K){
      |                                                                   [01;31m[K^~~[m[K

In file included from [01m[K/usr/include/c++/11/ext/alloc_traits.h:34[m[K,
                 from [01m[K/usr/include/c++/11/bits/stl_uninitialized.h:64[m[K,
                 from [01m[K/usr/include/c++/11/memory:66[m[K,
                 from [01m[K/opt/ros/humble/include/rclcpp/rclcpp/rclcpp.hpp:153[m[K,
                 from [01m[K/home/williamfbx/SLAM/slam_ws/src/localization/include/localization/localization.hpp:4[m[K,
                 from [01m[K/home/williamfbx/SLAM/slam_ws/src/localization/src/localization_node.cpp:1[m[K:
/usr/include/c++/11/bits/alloc_traits.h: In instantiation of ‘[01m[Kstatic constexpr void std::allocator_traits<std::allocator<_Up> >::construct(std::allocator_traits<std::allocator<_Up> >::allocator_type&, _Up*, _Args&& ...) [with _Up = Localization; _Args = {}; _Tp = Localization; std::allocator_traits<std::allocator<_Up> >::allocator_type = std::allocator<Localization>][m[K’:
[01m[K/usr/include/c++/11/bits/shared_ptr_base.h:519:39:[m[K   required from ‘[01m[Kstd::_Sp_counted_ptr_inplace<_Tp, _Alloc, _Lp>::_Sp_counted_ptr_inplace(_Alloc, _Args&& ...) [with _Args = {}; _Tp = Localization; _Alloc = std::allocator<Localization>; __gnu_cxx::_Lock_policy _Lp = __gnu_cxx::_S_atomic][m[K’
[01m[K/usr/include/c++/11/bits/shared_ptr_base.h:650:16:[m[K   required from ‘[01m[Kstd::__shared_count<_Lp>::__shared_count(_Tp*&, std::_Sp_alloc_shared_tag<_Alloc>, _Args&& ...) [with _Tp = Localization; _Alloc = std::allocator<Localization>; _Args = {}; __gnu_cxx::_Lock_policy _Lp = __gnu_cxx::_S_atomic][m[K’
[01m[K/usr/include/c++/11/bits/shared_ptr_base.h:1342:14:[m[K   required from ‘[01m[Kstd::__shared_ptr<_Tp, _Lp>::__shared_ptr(std::_Sp_alloc_shared_tag<_Tp>, _Args&& ...) [with _Alloc = std::allocator<Localization>; _Args = {}; _Tp = Localization; __gnu_cxx::_Lock_policy _Lp = __gnu_cxx::_S_atomic][m[K’
[01m[K/usr/include/c++/11/bits/shared_ptr.h:409:59:[m[K   required from ‘[01m[Kstd::shared_ptr<_Tp>::shared_ptr(std::_Sp_alloc_shared_tag<_Tp>, _Args&& ...) [with _Alloc = std::allocator<Localization>; _Args = {}; _Tp = Localization][m[K’
[01m[K/usr/include/c++/11/bits/shared_ptr.h:862:14:[m[K   required from ‘[01m[Kstd::shared_ptr<_Tp> std::allocate_shared(const _Alloc&, _Args&& ...) [with _Tp = Localization; _Alloc = std::allocator<Localization>; _Args = {}][m[K’
[01m[K/usr/include/c++/11/bits/shared_ptr.h:878:39:[m[K   required from ‘[01m[Kstd::shared_ptr<_Tp> std::make_shared(_Args&& ...) [with _Tp = Localization; _Args = {}][m[K’
[01m[K/home/williamfbx/SLAM/slam_ws/src/localization/src/localization_node.cpp:7:44:[m[K   required from here
[01m[K/usr/include/c++/11/bits/alloc_traits.h:518:28:[m[K [01;31m[Kerror: [m[Kno matching function for call to ‘[01m[Kconstruct_at(Localization*&)[m[K’
  518 |           [01;31m[Kstd::construct_at(__p, std::forward<_Args>(__args)...)[m[K;
      |           [01;31m[K~~~~~~~~~~~~~~~~~^~~~~~~~~~~~~~~~~~~~~~~~~~~~~~~~~~~~~[m[K
In file included from [01m[K/usr/include/c++/11/bits/stl_iterator.h:85[m[K,
                 from [01m[K/usr/include/c++/11/bits/stl_algobase.h:67[m[K,
                 from [01m[K/usr/include/c++/11/memory:63[m[K,
                 from [01m[K/opt/ros/humble/include/rclcpp/rclcpp/rclcpp.hpp:153[m[K,
                 from [01m[K/home/williamfbx/SLAM/slam_ws/src/localization/include/localization/localization.hpp:4[m[K,
                 from [01m[K/home/williamfbx/SLAM/slam_ws/src/localization/src/localization_node.cpp:1[m[K:
[01m[K/usr/include/c++/11/bits/stl_construct.h:94:5:[m[K [01;36m[Knote: [m[Kcandidate: ‘[01m[Ktemplate<class _Tp, class ... _Args> constexpr decltype (::new(void*(0)) _Tp) std::construct_at(_Tp*, _Args&& ...)[m[K’
   94 |     [01;36m[Kconstruct_at[m[K(_Tp* __location, _Args&&... __args)
      |     [01;36m[K^~~~~~~~~~~~[m[K
[01m[K/usr/include/c++/11/bits/stl_construct.h:94:5:[m[K [01;36m[Knote: [m[K  template argument deduction/substitution failed:
/usr/include/c++/11/bits/stl_construct.h: In substitution of ‘[01m[Ktemplate<class _Tp, class ... _Args> constexpr decltype (::new(void*(0)) _Tp) std::construct_at(_Tp*, _Args&& ...) [with _Tp = Localization; _Args = {}][m[K’:
[01m[K/usr/include/c++/11/bits/alloc_traits.h:518:21:[m[K   required from ‘[01m[Kstatic constexpr void std::allocator_traits<std::allocator<_Up> >::construct(std::allocator_traits<std::allocator<_Up> >::allocator_type&, _Up*, _Args&& ...) [with _Up = Localization; _Args = {}; _Tp = Localization; std::allocator_traits<std::allocator<_Up> >::allocator_type = std::allocator<Localization>][m[K’
[01m[K/usr/include/c++/11/bits/shared_ptr_base.h:519:39:[m[K   required from ‘[01m[Kstd::_Sp_counted_ptr_inplace<_Tp, _Alloc, _Lp>::_Sp_counted_ptr_inplace(_Alloc, _Args&& ...) [with _Args = {}; _Tp = Localization; _Alloc = std::allocator<Localization>; __gnu_cxx::_Lock_policy _Lp = __gnu_cxx::_S_atomic][m[K’
[01m[K/usr/include/c++/11/bits/shared_ptr_base.h:650:16:[m[K   required from ‘[01m[Kstd::__shared_count<_Lp>::__shared_count(_Tp*&, std::_Sp_alloc_shared_tag<_Alloc>, _Args&& ...) [with _Tp = Localization; _Alloc = std::allocator<Localization>; _Args = {}; __gnu_cxx::_Lock_policy _Lp = __gnu_cxx::_S_atomic][m[K’
[01m[K/usr/include/c++/11/bits/shared_ptr_base.h:1342:14:[m[K   required from ‘[01m[Kstd::__shared_ptr<_Tp, _Lp>::__shared_ptr(std::_Sp_alloc_shared_tag<_Tp>, _Args&& ...) [with _Alloc = std::allocator<Localization>; _Args = {}; _Tp = Localization; __gnu_cxx::_Lock_policy _Lp = __gnu_cxx::_S_atomic][m[K’
[01m[K/usr/include/c++/11/bits/shared_ptr.h:409:59:[m[K   required from ‘[01m[Kstd::shared_ptr<_Tp>::shared_ptr(std::_Sp_alloc_shared_tag<_Tp>, _Args&& ...) [with _Alloc = std::allocator<Localization>; _Args = {}; _Tp = Localization][m[K’
[01m[K/usr/include/c++/11/bits/shared_ptr.h:862:14:[m[K   required from ‘[01m[Kstd::shared_ptr<_Tp> std::allocate_shared(const _Alloc&, _Args&& ...) [with _Tp = Localization; _Alloc = std::allocator<Localization>; _Args = {}][m[K’
[01m[K/usr/include/c++/11/bits/shared_ptr.h:878:39:[m[K   required from ‘[01m[Kstd::shared_ptr<_Tp> std::make_shared(_Args&& ...) [with _Tp = Localization; _Args = {}][m[K’
[01m[K/home/williamfbx/SLAM/slam_ws/src/localization/src/localization_node.cpp:7:44:[m[K   required from here
[01m[K/usr/include/c++/11/bits/stl_construct.h:96:17:[m[K [01;31m[Kerror: [m[Kuse of deleted function ‘[01m[KLocalization::Localization()[m[K’
   96 |     -> decltype([01;31m[K::new((void*)0) _Tp(std::declval<_Args>()...)[m[K)
      |                 [01;31m[K^~~~~~~~~~~~~~~~~~~~~~~~~~~~~~~~~~~~~~~~~~~~~[m[K
In file included from [01m[K/home/williamfbx/SLAM/slam_ws/src/localization/src/localization_node.cpp:1[m[K:
[01m[K/home/williamfbx/SLAM/slam_ws/src/localization/include/localization/localization.hpp:7:7:[m[K [01;36m[Knote: [m[K‘[01m[KLocalization::Localization()[m[K’ is implicitly deleted because the default definition would be ill-formed:
    7 | class [01;36m[KLocalization[m[K : public rclcpp::Node
      |       [01;36m[K^~~~~~~~~~~~[m[K
[01m[K/home/williamfbx/SLAM/slam_ws/src/localization/include/localization/localization.hpp:7:7:[m[K [01;31m[Kerror: [m[Kno matching function for call to ‘[01m[Krclcpp::Node::Node()[m[K’
In file included from [01m[K/opt/ros/humble/include/rclcpp/rclcpp/executors/single_threaded_executor.hpp:28[m[K,
                 from [01m[K/opt/ros/humble/include/rclcpp/rclcpp/executors.hpp:22[m[K,
                 from [01m[K/opt/ros/humble/include/rclcpp/rclcpp/rclcpp.hpp:155[m[K,
                 from [01m[K/home/williamfbx/SLAM/slam_ws/src/localization/include/localization/localization.hpp:4[m[K,
                 from [01m[K/home/williamfbx/SLAM/slam_ws/src/localization/src/localization_node.cpp:1[m[K:
[01m[K/opt/ros/humble/include/rclcpp/rclcpp/node.hpp:1294:3:[m[K [01;36m[Knote: [m[Kcandidate: ‘[01m[Krclcpp::Node::Node(const rclcpp::Node&, const string&)[m[K’
 1294 |   [01;36m[KNode[m[K(
      |   [01;36m[K^~~~[m[K
[01m[K/opt/ros/humble/include/rclcpp/rclcpp/node.hpp:1294:3:[m[K [01;36m[Knote: [m[K  candidate expects 2 arguments, 0 provided
[01m[K/opt/ros/humble/include/rclcpp/rclcpp/node.hpp:101:12:[m[K [01;36m[Knote: [m[Kcandidate: ‘[01m[Krclcpp::Node::Node(const string&, const string&, const rclcpp::NodeOptions&)[m[K’
  101 |   explicit [01;36m[KNode[m[K(
      |            [01;36m[K^~~~[m[K
[01m[K/opt/ros/humble/include/rclcpp/rclcpp/node.hpp:101:12:[m[K [01;36m[Knote: [m[K  candidate expects 3 arguments, 0 provided
[01m[K/opt/ros/humble/include/rclcpp/rclcpp/node.hpp:89:12:[m[K [01;36m[Knote: [m[Kcandidate: ‘[01m[Krclcpp::Node::Node(const string&, const rclcpp::NodeOptions&)[m[K’
   89 |   explicit [01;36m[KNode[m[K(
      |            [01;36m[K^~~~[m[K
[01m[K/opt/ros/humble/include/rclcpp/rclcpp/node.hpp:89:12:[m[K [01;36m[Knote: [m[K  candidate expects 2 arguments, 0 provided
In file included from [01m[K/usr/include/c++/11/bits/stl_iterator.h:85[m[K,
                 from [01m[K/usr/include/c++/11/bits/stl_algobase.h:67[m[K,
                 from [01m[K/usr/include/c++/11/memory:63[m[K,
                 from [01m[K/opt/ros/humble/include/rclcpp/rclcpp/rclcpp.hpp:153[m[K,
                 from [01m[K/home/williamfbx/SLAM/slam_ws/src/localization/include/localization/localization.hpp:4[m[K,
                 from [01m[K/home/williamfbx/SLAM/slam_ws/src/localization/src/localization_node.cpp:1[m[K:
/usr/include/c++/11/bits/stl_construct.h: In instantiation of ‘[01m[Kconstexpr void std::destroy_at(_Tp*) [with _Tp = Localization][m[K’:
[01m[K/usr/include/c++/11/bits/alloc_traits.h:537:19:[m[K   required from ‘[01m[Kstatic constexpr void std::allocator_traits<std::allocator<_Up> >::destroy(std::allocator_traits<std::allocator<_Up> >::allocator_type&, _Up*) [with _Up = Localization; _Tp = Localization; std::allocator_traits<std::allocator<_Up> >::allocator_type = std::allocator<Localization>][m[K’
[01m[K/usr/include/c++/11/bits/shared_ptr_base.h:528:35:[m[K   required from ‘[01m[Kvoid std::_Sp_counted_ptr_inplace<_Tp, _Alloc, _Lp>::_M_dispose() [with _Tp = Localization; _Alloc = std::allocator<Localization>; __gnu_cxx::_Lock_policy _Lp = __gnu_cxx::_S_atomic][m[K’
[01m[K/usr/include/c++/11/bits/shared_ptr_base.h:526:7:[m[K   required from here
[01m[K/usr/include/c++/11/bits/stl_construct.h:88:25:[m[K [01;31m[Kerror: [m[K‘[01m[Kvirtual Localization::~Localization()[m[K’ is private within this context
   88 |         [01;31m[K__location->~_Tp()[m[K;
      |         [01;31m[K~~~~~~~~~~~~~~~~^~[m[K
In file included from [01m[K/home/williamfbx/SLAM/slam_ws/src/localization/src/localization_node.cpp:1[m[K:
[01m[K/home/williamfbx/SLAM/slam_ws/src/localization/include/localization/localization.hpp:24:9:[m[K [01;36m[Knote: [m[Kdeclared private here
   24 |         [01;36m[K~[m[KLocalization(){};
      |         [01;36m[K^[m[K
gmake[2]: *** [CMakeFiles/localization_node.dir/build.make:76: CMakeFiles/localization_node.dir/src/localization.cpp.o] Error 1
gmake[2]: *** Waiting for unfinished jobs....
gmake[2]: *** [CMakeFiles/localization_node.dir/build.make:90: CMakeFiles/localization_node.dir/src/localization_node.cpp.o] Error 1
gmake[1]: *** [CMakeFiles/Makefile2:137: CMakeFiles/localization_node.dir/all] Error 2
gmake: *** [Makefile:146: all] Error 2
