[0.012s] Invoking command in '/home/williamfbx/SLAM/slam_ws/build/mapping': CMAKE_PREFIX_PATH=/opt/ros/humble /usr/bin/cmake --build /home/williamfbx/SLAM/slam_ws/build/mapping -- -j12 -l12
[0.097s] [ 36%] Built target global_mapping_node
[0.097s] [ 72%] Built target local_mapping_node
[0.098s] [100%] Built target pc_handler_node
[0.117s] Invoked command in '/home/williamfbx/SLAM/slam_ws/build/mapping' returned '0': CMAKE_PREFIX_PATH=/opt/ros/humble /usr/bin/cmake --build /home/williamfbx/SLAM/slam_ws/build/mapping -- -j12 -l12
[0.118s] Invoking command in '/home/williamfbx/SLAM/slam_ws/build/mapping': CMAKE_PREFIX_PATH=/opt/ros/humble /usr/bin/cmake --install /home/williamfbx/SLAM/slam_ws/build/mapping
[0.124s] -- Install configuration: ""
[0.124s] -- Up-to-date: /home/williamfbx/SLAM/slam_ws/install/mapping/lib/mapping/global_mapping_node
[0.124s] -- Up-to-date: /home/williamfbx/SLAM/slam_ws/install/mapping/lib/mapping/local_mapping_node
[0.124s] -- Up-to-date: /home/williamfbx/SLAM/slam_ws/install/mapping/lib/mapping/pc_handler_node
[0.124s] -- Up-to-date: /home/williamfbx/SLAM/slam_ws/install/mapping/share/mapping/launch
[0.124s] -- Up-to-date: /home/williamfbx/SLAM/slam_ws/install/mapping/share/mapping/launch/mapping.launch.py
[0.124s] -- Up-to-date: /home/williamfbx/SLAM/slam_ws/install/mapping/share/ament_index/resource_index/package_run_dependencies/mapping
[0.124s] -- Up-to-date: /home/williamfbx/SLAM/slam_ws/install/mapping/share/ament_index/resource_index/parent_prefix_path/mapping
[0.124s] -- Up-to-date: /home/williamfbx/SLAM/slam_ws/install/mapping/share/mapping/environment/ament_prefix_path.sh
[0.124s] -- Up-to-date: /home/williamfbx/SLAM/slam_ws/install/mapping/share/mapping/environment/ament_prefix_path.dsv
[0.124s] -- Up-to-date: /home/williamfbx/SLAM/slam_ws/install/mapping/share/mapping/environment/path.sh
[0.124s] -- Up-to-date: /home/williamfbx/SLAM/slam_ws/install/mapping/share/mapping/environment/path.dsv
[0.124s] -- Up-to-date: /home/williamfbx/SLAM/slam_ws/install/mapping/share/mapping/local_setup.bash
[0.124s] -- Up-to-date: /home/williamfbx/SLAM/slam_ws/install/mapping/share/mapping/local_setup.sh
[0.124s] -- Up-to-date: /home/williamfbx/SLAM/slam_ws/install/mapping/share/mapping/local_setup.zsh
[0.124s] -- Up-to-date: /home/williamfbx/SLAM/slam_ws/install/mapping/share/mapping/local_setup.dsv
[0.124s] -- Installing: /home/williamfbx/SLAM/slam_ws/install/mapping/share/mapping/package.dsv
[0.124s] -- Up-to-date: /home/williamfbx/SLAM/slam_ws/install/mapping/share/ament_index/resource_index/packages/mapping
[0.125s] -- Up-to-date: /home/williamfbx/SLAM/slam_ws/install/mapping/share/mapping/cmake/mappingConfig.cmake
[0.125s] -- Up-to-date: /home/williamfbx/SLAM/slam_ws/install/mapping/share/mapping/cmake/mappingConfig-version.cmake
[0.125s] -- Up-to-date: /home/williamfbx/SLAM/slam_ws/install/mapping/share/mapping/package.xml
[0.126s] Invoked command in '/home/williamfbx/SLAM/slam_ws/build/mapping' returned '0': CMAKE_PREFIX_PATH=/opt/ros/humble /usr/bin/cmake --install /home/williamfbx/SLAM/slam_ws/build/mapping
