[0.027s] Invoking command in '/home/williamfbx/SLAM/slam_ws/build/launcher': CMAKE_PREFIX_PATH=${CMAKE_PREFIX_PATH}:/opt/ros/humble /usr/bin/cmake --build /home/williamfbx/SLAM/slam_ws/build/launcher -- -j12 -l12
[0.050s] -- Found ament_cmake: 1.3.11 (/opt/ros/humble/share/ament_cmake/cmake)
[0.202s] -- Found ament_lint_auto: 0.12.11 (/opt/ros/humble/share/ament_lint_auto/cmake)
[0.289s] -- Configuring done
[0.292s] -- Generating done
[0.293s] -- Build files have been written to: /home/williamfbx/SLAM/slam_ws/build/launcher
[0.311s] Invoked command in '/home/williamfbx/SLAM/slam_ws/build/launcher' returned '0': CMAKE_PREFIX_PATH=${CMAKE_PREFIX_PATH}:/opt/ros/humble /usr/bin/cmake --build /home/williamfbx/SLAM/slam_ws/build/launcher -- -j12 -l12
[0.313s] Invoking command in '/home/williamfbx/SLAM/slam_ws/build/launcher': CMAKE_PREFIX_PATH=${CMAKE_PREFIX_PATH}:/opt/ros/humble /usr/bin/cmake --install /home/williamfbx/SLAM/slam_ws/build/launcher
[0.321s] -- Install configuration: ""
[0.321s] -- Up-to-date: /home/williamfbx/SLAM/slam_ws/install/launcher/share/launcher/launch
[0.322s] -- Up-to-date: /home/williamfbx/SLAM/slam_ws/install/launcher/share/launcher/launch/launch.py
[0.322s] -- Installing: /home/williamfbx/SLAM/slam_ws/install/launcher/share/launcher/launch/gridmap.rviz
[0.322s] -- Up-to-date: /home/williamfbx/SLAM/slam_ws/install/launcher/share/launcher/launch/occupancygrid.rviz
[0.322s] -- Up-to-date: /home/williamfbx/SLAM/slam_ws/install/launcher/share/ament_index/resource_index/package_run_dependencies/launcher
[0.322s] -- Installing: /home/williamfbx/SLAM/slam_ws/install/launcher/share/ament_index/resource_index/parent_prefix_path/launcher
[0.323s] -- Up-to-date: /home/williamfbx/SLAM/slam_ws/install/launcher/share/launcher/environment/ament_prefix_path.sh
[0.323s] -- Installing: /home/williamfbx/SLAM/slam_ws/install/launcher/share/launcher/environment/ament_prefix_path.dsv
[0.323s] -- Up-to-date: /home/williamfbx/SLAM/slam_ws/install/launcher/share/launcher/environment/path.sh
[0.323s] -- Installing: /home/williamfbx/SLAM/slam_ws/install/launcher/share/launcher/environment/path.dsv
[0.323s] -- Up-to-date: /home/williamfbx/SLAM/slam_ws/install/launcher/share/launcher/local_setup.bash
[0.323s] -- Up-to-date: /home/williamfbx/SLAM/slam_ws/install/launcher/share/launcher/local_setup.sh
[0.323s] -- Up-to-date: /home/williamfbx/SLAM/slam_ws/install/launcher/share/launcher/local_setup.zsh
[0.323s] -- Installing: /home/williamfbx/SLAM/slam_ws/install/launcher/share/launcher/local_setup.dsv
[0.323s] -- Installing: /home/williamfbx/SLAM/slam_ws/install/launcher/share/launcher/package.dsv
[0.323s] -- Up-to-date: /home/williamfbx/SLAM/slam_ws/install/launcher/share/ament_index/resource_index/packages/launcher
[0.323s] -- Up-to-date: /home/williamfbx/SLAM/slam_ws/install/launcher/share/launcher/cmake/launcherConfig.cmake
[0.323s] -- Up-to-date: /home/williamfbx/SLAM/slam_ws/install/launcher/share/launcher/cmake/launcherConfig-version.cmake
[0.323s] -- Up-to-date: /home/williamfbx/SLAM/slam_ws/install/launcher/share/launcher/package.xml
[0.325s] Invoked command in '/home/williamfbx/SLAM/slam_ws/build/launcher' returned '0': CMAKE_PREFIX_PATH=${CMAKE_PREFIX_PATH}:/opt/ros/humble /usr/bin/cmake --install /home/williamfbx/SLAM/slam_ws/build/launcher
