-- Found ament_cmake: 1.3.11 (/opt/ros/humble/share/ament_cmake/cmake)
-- Could NOT find Doxygen (missing: DOXYGEN_EXECUTABLE) 
-- Doxygen not found
-- Found ament_cmake_gtest: 1.3.11 (/opt/ros/humble/share/ament_cmake_gtest/cmake)
-- Found gtest sources under '/opt/ros/humble/src/gtest_vendor': C++ tests using 'Google Test' will be built
-- Configuring done
-- Generating done
-- Build files have been written to: /home/williamfbx/SLAM/slam_ws/build/kindr
[35m[1mConsolidate compiler generated dependencies of target gtest_main[0m
[35m[1mConsolidate compiler generated dependencies of target gtest[0m
[  5%] Built target gtest_main
[ 11%] Built target gtest
[35m[1mConsolidate compiler generated dependencies of target test_kindr[0m
[ 14%] [32mBuilding CXX object test/CMakeFiles/test_kindr.dir/common/CommonTest.cpp.o[0m
[ 17%] [32mBuilding CXX object test/CMakeFiles/test_kindr.dir/linear_algebra/SkewMatrixFromVectorTest.cpp.o[0m
[ 20%] [32mBuilding CXX object test/CMakeFiles/test_kindr.dir/linear_algebra/PseudoInverseTest.cpp.o[0m
[ 23%] [32mBuilding CXX object test/CMakeFiles/test_kindr.dir/quaternions/QuaternionTest.cpp.o[0m
[ 26%] [32mBuilding CXX object test/CMakeFiles/test_kindr.dir/rotations/RotationVectorTest.cpp.o[0m
[ 29%] [32mBuilding CXX object test/CMakeFiles/test_kindr.dir/rotations/AngleAxisTest.cpp.o[0m
[ 32%] [32mBuilding CXX object test/CMakeFiles/test_kindr.dir/rotations/RotationMatrixTest.cpp.o[0m
[ 35%] [32mBuilding CXX object test/CMakeFiles/test_kindr.dir/rotations/RotationQuaternionTest.cpp.o[0m
[ 38%] [32mBuilding CXX object test/CMakeFiles/test_kindr.dir/rotations/EulerAnglesZyxTest.cpp.o[0m
[ 41%] [32mBuilding CXX object test/CMakeFiles/test_kindr.dir/rotations/EulerAnglesXyzTest.cpp.o[0m
[ 44%] [32mBuilding CXX object test/CMakeFiles/test_kindr.dir/rotations/RotationTest.cpp.o[0m
[ 47%] [32mBuilding CXX object test/CMakeFiles/test_kindr.dir/rotations/ConventionTest.cpp.o[0m
[ 50%] [32mBuilding CXX object test/CMakeFiles/test_kindr.dir/rotations/RotationDiffTest.cpp.o[0m
[ 52%] [32mBuilding CXX object test/CMakeFiles/test_kindr.dir/rotations/LocalAngularVelocityTest.cpp.o[0m
[ 55%] [32mBuilding CXX object test/CMakeFiles/test_kindr.dir/rotations/GlobalAngularVelocityTest.cpp.o[0m
[ 58%] [32mBuilding CXX object test/CMakeFiles/test_kindr.dir/rotations/RotationQuaternionDiffTest.cpp.o[0m
[ 61%] [32mBuilding CXX object test/CMakeFiles/test_kindr.dir/rotations/RotationMatrixDiffTest.cpp.o[0m
[ 64%] [32mBuilding CXX object test/CMakeFiles/test_kindr.dir/rotations/EulerAnglesZyxDiffTest.cpp.o[0m
[ 67%] [32mBuilding CXX object test/CMakeFiles/test_kindr.dir/rotations/EulerAnglesXyzDiffTest.cpp.o[0m
[ 70%] [32mBuilding CXX object test/CMakeFiles/test_kindr.dir/poses/PositionTest.cpp.o[0m
[ 73%] [32mBuilding CXX object test/CMakeFiles/test_kindr.dir/phys_quant/ForceTest.cpp.o[0m
[ 76%] [32mBuilding CXX object test/CMakeFiles/test_kindr.dir/phys_quant/WrenchTest.cpp.o[0m
[ 79%] [32mBuilding CXX object test/CMakeFiles/test_kindr.dir/phys_quant/ScalarTest.cpp.o[0m
[ 82%] [32mBuilding CXX object test/CMakeFiles/test_kindr.dir/poses/TwistWithAngularVelocityTest.cpp.o[0m
[ 85%] [32mBuilding CXX object test/CMakeFiles/test_kindr.dir/vectors/VectorsTest.cpp.o[0m
[ 94%] [32mBuilding CXX object test/CMakeFiles/test_kindr.dir/poses/HomogeneousTransformationTest.cpp.o[0m
[ 94%] [32mBuilding CXX object test/CMakeFiles/test_kindr.dir/poses/PoseDiffTest.cpp.o[0m
[ 94%] [32mBuilding CXX object test/CMakeFiles/test_kindr.dir/poses/PositionDiffTest.cpp.o[0m
[ 97%] [32m[1mLinking CXX executable test_kindr[0m
[100%] Built target test_kindr
-- Install configuration: ""
-- Up-to-date: /home/williamfbx/SLAM/slam_ws/install/kindr/include/kindr
-- Up-to-date: /home/williamfbx/SLAM/slam_ws/install/kindr/include/kindr/kindr
-- Up-to-date: /home/williamfbx/SLAM/slam_ws/install/kindr/include/kindr/kindr/vectors
-- Up-to-date: /home/williamfbx/SLAM/slam_ws/install/kindr/include/kindr/kindr/vectors/Vector.hpp
-- Up-to-date: /home/williamfbx/SLAM/slam_ws/install/kindr/include/kindr/kindr/vectors/VectorBase.hpp
-- Up-to-date: /home/williamfbx/SLAM/slam_ws/install/kindr/include/kindr/kindr/math
-- Up-to-date: /home/williamfbx/SLAM/slam_ws/install/kindr/include/kindr/kindr/math/LinearAlgebra.hpp
-- Up-to-date: /home/williamfbx/SLAM/slam_ws/install/kindr/include/kindr/kindr/Core
-- Up-to-date: /home/williamfbx/SLAM/slam_ws/install/kindr/include/kindr/kindr/common
-- Up-to-date: /home/williamfbx/SLAM/slam_ws/install/kindr/include/kindr/kindr/common/source_file_pos.hpp
-- Up-to-date: /home/williamfbx/SLAM/slam_ws/install/kindr/include/kindr/kindr/common/common.hpp
-- Up-to-date: /home/williamfbx/SLAM/slam_ws/install/kindr/include/kindr/kindr/common/assert_macros_eigen.hpp
-- Up-to-date: /home/williamfbx/SLAM/slam_ws/install/kindr/include/kindr/kindr/common/assert_macros.hpp
-- Up-to-date: /home/williamfbx/SLAM/slam_ws/install/kindr/include/kindr/kindr/common/gtest_eigen.hpp
-- Up-to-date: /home/williamfbx/SLAM/slam_ws/install/kindr/include/kindr/kindr/quaternions
-- Up-to-date: /home/williamfbx/SLAM/slam_ws/install/kindr/include/kindr/kindr/quaternions/QuaternionBase.hpp
-- Up-to-date: /home/williamfbx/SLAM/slam_ws/install/kindr/include/kindr/kindr/quaternions/Quaternion.hpp
-- Up-to-date: /home/williamfbx/SLAM/slam_ws/install/kindr/include/kindr/kindr/poses
-- Up-to-date: /home/williamfbx/SLAM/slam_ws/install/kindr/include/kindr/kindr/poses/PoseDiffBase.hpp
-- Up-to-date: /home/williamfbx/SLAM/slam_ws/install/kindr/include/kindr/kindr/poses/PoseBase.hpp
-- Up-to-date: /home/williamfbx/SLAM/slam_ws/install/kindr/include/kindr/kindr/poses/PoseDiff.hpp
-- Up-to-date: /home/williamfbx/SLAM/slam_ws/install/kindr/include/kindr/kindr/poses/Pose.hpp
-- Up-to-date: /home/williamfbx/SLAM/slam_ws/install/kindr/include/kindr/kindr/poses/Twist.hpp
-- Up-to-date: /home/williamfbx/SLAM/slam_ws/install/kindr/include/kindr/kindr/poses/HomogeneousTransformation.hpp
-- Up-to-date: /home/williamfbx/SLAM/slam_ws/install/kindr/include/kindr/kindr/phys_quant
-- Up-to-date: /home/williamfbx/SLAM/slam_ws/install/kindr/include/kindr/kindr/phys_quant/Wrench.hpp
-- Up-to-date: /home/williamfbx/SLAM/slam_ws/install/kindr/include/kindr/kindr/phys_quant/PhysicalQuantities.hpp
-- Up-to-date: /home/williamfbx/SLAM/slam_ws/install/kindr/include/kindr/kindr/phys_quant/WrenchBase.hpp
-- Up-to-date: /home/williamfbx/SLAM/slam_ws/install/kindr/include/kindr/kindr/phys_quant/PhysicalType.hpp
-- Up-to-date: /home/williamfbx/SLAM/slam_ws/install/kindr/include/kindr/kindr/rotations
-- Up-to-date: /home/williamfbx/SLAM/slam_ws/install/kindr/include/kindr/kindr/rotations/RotationDiffBase.hpp
-- Up-to-date: /home/williamfbx/SLAM/slam_ws/install/kindr/include/kindr/kindr/rotations/RotationDiff.hpp
-- Up-to-date: /home/williamfbx/SLAM/slam_ws/install/kindr/include/kindr/kindr/rotations/RotationQuaternion.hpp
-- Up-to-date: /home/williamfbx/SLAM/slam_ws/install/kindr/include/kindr/kindr/rotations/GlobalAngularVelocity.hpp
-- Up-to-date: /home/williamfbx/SLAM/slam_ws/install/kindr/include/kindr/kindr/rotations/RotationMatrix.hpp
-- Up-to-date: /home/williamfbx/SLAM/slam_ws/install/kindr/include/kindr/kindr/rotations/gtest_rotations.hpp
-- Up-to-date: /home/williamfbx/SLAM/slam_ws/install/kindr/include/kindr/kindr/rotations/RotationMatrixDiff.hpp
-- Up-to-date: /home/williamfbx/SLAM/slam_ws/install/kindr/include/kindr/kindr/rotations/Rotation.hpp
-- Up-to-date: /home/williamfbx/SLAM/slam_ws/install/kindr/include/kindr/kindr/rotations/RotationImpl.hpp
-- Up-to-date: /home/williamfbx/SLAM/slam_ws/install/kindr/include/kindr/kindr/rotations/RotationBase.hpp
-- Up-to-date: /home/williamfbx/SLAM/slam_ws/install/kindr/include/kindr/kindr/rotations/EulerAnglesZyx.hpp
-- Up-to-date: /home/williamfbx/SLAM/slam_ws/install/kindr/include/kindr/kindr/rotations/RotationQuaternionDiff.hpp
-- Up-to-date: /home/williamfbx/SLAM/slam_ws/install/kindr/include/kindr/kindr/rotations/RotationVector.hpp
-- Up-to-date: /home/williamfbx/SLAM/slam_ws/install/kindr/include/kindr/kindr/rotations/AngleAxis.hpp
-- Up-to-date: /home/williamfbx/SLAM/slam_ws/install/kindr/include/kindr/kindr/rotations/EulerAnglesXyz.hpp
-- Up-to-date: /home/williamfbx/SLAM/slam_ws/install/kindr/include/kindr/kindr/rotations/LocalAngularVelocity.hpp
-- Up-to-date: /home/williamfbx/SLAM/slam_ws/install/kindr/include/kindr/kindr/rotations/EulerAnglesXyzDiff.hpp
-- Up-to-date: /home/williamfbx/SLAM/slam_ws/install/kindr/include/kindr/kindr/rotations/RotationConversion.hpp
-- Up-to-date: /home/williamfbx/SLAM/slam_ws/install/kindr/include/kindr/kindr/rotations/EulerAnglesZyxDiff.hpp
-- Up-to-date: /home/williamfbx/SLAM/slam_ws/install/kindr/share/kindr/environment/library_path.sh
-- Installing: /home/williamfbx/SLAM/slam_ws/install/kindr/share/kindr/environment/library_path.dsv
-- Up-to-date: /home/williamfbx/SLAM/slam_ws/install/kindr/share/ament_index/resource_index/package_run_dependencies/kindr
-- Installing: /home/williamfbx/SLAM/slam_ws/install/kindr/share/ament_index/resource_index/parent_prefix_path/kindr
-- Up-to-date: /home/williamfbx/SLAM/slam_ws/install/kindr/share/kindr/environment/ament_prefix_path.sh
-- Installing: /home/williamfbx/SLAM/slam_ws/install/kindr/share/kindr/environment/ament_prefix_path.dsv
-- Up-to-date: /home/williamfbx/SLAM/slam_ws/install/kindr/share/kindr/environment/path.sh
-- Installing: /home/williamfbx/SLAM/slam_ws/install/kindr/share/kindr/environment/path.dsv
-- Up-to-date: /home/williamfbx/SLAM/slam_ws/install/kindr/share/kindr/local_setup.bash
-- Up-to-date: /home/williamfbx/SLAM/slam_ws/install/kindr/share/kindr/local_setup.sh
-- Up-to-date: /home/williamfbx/SLAM/slam_ws/install/kindr/share/kindr/local_setup.zsh
-- Installing: /home/williamfbx/SLAM/slam_ws/install/kindr/share/kindr/local_setup.dsv
-- Installing: /home/williamfbx/SLAM/slam_ws/install/kindr/share/kindr/package.dsv
-- Up-to-date: /home/williamfbx/SLAM/slam_ws/install/kindr/share/ament_index/resource_index/packages/kindr
-- Up-to-date: /home/williamfbx/SLAM/slam_ws/install/kindr/share/kindr/cmake/export_kindrExport.cmake
-- Up-to-date: /home/williamfbx/SLAM/slam_ws/install/kindr/share/kindr/cmake/ament_cmake_export_targets-extras.cmake
-- Up-to-date: /home/williamfbx/SLAM/slam_ws/install/kindr/share/kindr/cmake/ament_cmake_export_dependencies-extras.cmake
-- Up-to-date: /home/williamfbx/SLAM/slam_ws/install/kindr/share/kindr/cmake/kindrConfig.cmake
-- Up-to-date: /home/williamfbx/SLAM/slam_ws/install/kindr/share/kindr/cmake/kindrConfig-version.cmake
-- Up-to-date: /home/williamfbx/SLAM/slam_ws/install/kindr/share/kindr/package.xml
