[0.025s] Invoking command in '/home/williamfbx/SLAM/slam_ws/build/kindr': CMAKE_PREFIX_PATH=/opt/ros/humble /usr/bin/cmake --build /home/williamfbx/SLAM/slam_ws/build/kindr -- -j12 -l12
[0.075s] -- Found ament_cmake: 1.3.11 (/opt/ros/humble/share/ament_cmake/cmake)
[0.284s] -- Could NOT find Doxygen (missing: DOXYGEN_EXECUTABLE) 
[0.284s] -- Doxygen not found
[0.286s] -- Found ament_cmake_gtest: 1.3.11 (/opt/ros/humble/share/ament_cmake_gtest/cmake)
[0.288s] -- Found gtest sources under '/opt/ros/humble/src/gtest_vendor': C++ tests using 'Google Test' will be built
[0.409s] -- Configuring done
[0.433s] -- Generating done
[0.436s] -- Build files have been written to: /home/williamfbx/SLAM/slam_ws/build/kindr
[0.456s] [35m[1mConsolidate compiler generated dependencies of target gtest_main[0m
[0.461s] [35m[1mConsolidate compiler generated dependencies of target gtest[0m
[0.470s] [  5%] Built target gtest_main
[0.479s] [ 11%] Built target gtest
[0.516s] [35m[1mConsolidate compiler generated dependencies of target test_kindr[0m
[0.564s] [ 14%] [32mBuilding CXX object test/CMakeFiles/test_kindr.dir/common/CommonTest.cpp.o[0m
[0.567s] [ 17%] [32mBuilding CXX object test/CMakeFiles/test_kindr.dir/linear_algebra/SkewMatrixFromVectorTest.cpp.o[0m
[0.567s] [ 20%] [32mBuilding CXX object test/CMakeFiles/test_kindr.dir/linear_algebra/PseudoInverseTest.cpp.o[0m
[0.569s] [ 23%] [32mBuilding CXX object test/CMakeFiles/test_kindr.dir/quaternions/QuaternionTest.cpp.o[0m
[0.578s] [ 26%] [32mBuilding CXX object test/CMakeFiles/test_kindr.dir/rotations/RotationVectorTest.cpp.o[0m
[0.578s] [ 29%] [32mBuilding CXX object test/CMakeFiles/test_kindr.dir/rotations/AngleAxisTest.cpp.o[0m
[0.578s] [ 32%] [32mBuilding CXX object test/CMakeFiles/test_kindr.dir/rotations/RotationMatrixTest.cpp.o[0m
[0.578s] [ 35%] [32mBuilding CXX object test/CMakeFiles/test_kindr.dir/rotations/RotationQuaternionTest.cpp.o[0m
[0.580s] [ 38%] [32mBuilding CXX object test/CMakeFiles/test_kindr.dir/rotations/EulerAnglesZyxTest.cpp.o[0m
[0.585s] [ 41%] [32mBuilding CXX object test/CMakeFiles/test_kindr.dir/rotations/EulerAnglesXyzTest.cpp.o[0m
[0.604s] [ 44%] [32mBuilding CXX object test/CMakeFiles/test_kindr.dir/rotations/RotationTest.cpp.o[0m
[0.604s] [ 47%] [32mBuilding CXX object test/CMakeFiles/test_kindr.dir/rotations/ConventionTest.cpp.o[0m
[4.777s] [ 50%] [32mBuilding CXX object test/CMakeFiles/test_kindr.dir/rotations/RotationDiffTest.cpp.o[0m
[7.106s] [ 52%] [32mBuilding CXX object test/CMakeFiles/test_kindr.dir/rotations/LocalAngularVelocityTest.cpp.o[0m
[16.773s] [ 55%] [32mBuilding CXX object test/CMakeFiles/test_kindr.dir/rotations/GlobalAngularVelocityTest.cpp.o[0m
[17.487s] [ 58%] [32mBuilding CXX object test/CMakeFiles/test_kindr.dir/rotations/RotationQuaternionDiffTest.cpp.o[0m
[24.600s] [ 61%] [32mBuilding CXX object test/CMakeFiles/test_kindr.dir/rotations/RotationMatrixDiffTest.cpp.o[0m
[29.184s] [ 64%] [32mBuilding CXX object test/CMakeFiles/test_kindr.dir/rotations/EulerAnglesZyxDiffTest.cpp.o[0m
[29.888s] [ 67%] [32mBuilding CXX object test/CMakeFiles/test_kindr.dir/rotations/EulerAnglesXyzDiffTest.cpp.o[0m
[36.559s] [ 70%] [32mBuilding CXX object test/CMakeFiles/test_kindr.dir/poses/PositionTest.cpp.o[0m
[57.138s] [ 73%] [32mBuilding CXX object test/CMakeFiles/test_kindr.dir/phys_quant/ForceTest.cpp.o[0m
[57.141s] [ 76%] [32mBuilding CXX object test/CMakeFiles/test_kindr.dir/phys_quant/WrenchTest.cpp.o[0m
[57.141s] [ 79%] [32mBuilding CXX object test/CMakeFiles/test_kindr.dir/phys_quant/ScalarTest.cpp.o[0m
[58.520s] [ 82%] [32mBuilding CXX object test/CMakeFiles/test_kindr.dir/poses/TwistWithAngularVelocityTest.cpp.o[0m
[58.523s] [ 85%] [32mBuilding CXX object test/CMakeFiles/test_kindr.dir/vectors/VectorsTest.cpp.o[0m
[59.093s] [ 94%] [32mBuilding CXX object test/CMakeFiles/test_kindr.dir/poses/HomogeneousTransformationTest.cpp.o[0m
[59.093s] [ 94%] [32mBuilding CXX object test/CMakeFiles/test_kindr.dir/poses/PoseDiffTest.cpp.o[0m
[59.093s] [ 94%] [32mBuilding CXX object test/CMakeFiles/test_kindr.dir/poses/PositionDiffTest.cpp.o[0m
[67.899s] [ 97%] [32m[1mLinking CXX executable test_kindr[0m
[71.637s] [100%] Built target test_kindr
[71.649s] Invoked command in '/home/williamfbx/SLAM/slam_ws/build/kindr' returned '0': CMAKE_PREFIX_PATH=/opt/ros/humble /usr/bin/cmake --build /home/williamfbx/SLAM/slam_ws/build/kindr -- -j12 -l12
[71.651s] Invoking command in '/home/williamfbx/SLAM/slam_ws/build/kindr': CMAKE_PREFIX_PATH=/opt/ros/humble /usr/bin/cmake --install /home/williamfbx/SLAM/slam_ws/build/kindr
[71.659s] -- Install configuration: ""
[71.659s] -- Up-to-date: /home/williamfbx/SLAM/slam_ws/install/kindr/include/kindr
[71.659s] -- Up-to-date: /home/williamfbx/SLAM/slam_ws/install/kindr/include/kindr/kindr
[71.660s] -- Up-to-date: /home/williamfbx/SLAM/slam_ws/install/kindr/include/kindr/kindr/vectors
[71.660s] -- Up-to-date: /home/williamfbx/SLAM/slam_ws/install/kindr/include/kindr/kindr/vectors/Vector.hpp
[71.660s] -- Up-to-date: /home/williamfbx/SLAM/slam_ws/install/kindr/include/kindr/kindr/vectors/VectorBase.hpp
[71.660s] -- Up-to-date: /home/williamfbx/SLAM/slam_ws/install/kindr/include/kindr/kindr/math
[71.660s] -- Up-to-date: /home/williamfbx/SLAM/slam_ws/install/kindr/include/kindr/kindr/math/LinearAlgebra.hpp
[71.660s] -- Up-to-date: /home/williamfbx/SLAM/slam_ws/install/kindr/include/kindr/kindr/Core
[71.660s] -- Up-to-date: /home/williamfbx/SLAM/slam_ws/install/kindr/include/kindr/kindr/common
[71.661s] -- Up-to-date: /home/williamfbx/SLAM/slam_ws/install/kindr/include/kindr/kindr/common/source_file_pos.hpp
[71.661s] -- Up-to-date: /home/williamfbx/SLAM/slam_ws/install/kindr/include/kindr/kindr/common/common.hpp
[71.661s] -- Up-to-date: /home/williamfbx/SLAM/slam_ws/install/kindr/include/kindr/kindr/common/assert_macros_eigen.hpp
[71.661s] -- Up-to-date: /home/williamfbx/SLAM/slam_ws/install/kindr/include/kindr/kindr/common/assert_macros.hpp
[71.661s] -- Up-to-date: /home/williamfbx/SLAM/slam_ws/install/kindr/include/kindr/kindr/common/gtest_eigen.hpp
[71.661s] -- Up-to-date: /home/williamfbx/SLAM/slam_ws/install/kindr/include/kindr/kindr/quaternions
[71.661s] -- Up-to-date: /home/williamfbx/SLAM/slam_ws/install/kindr/include/kindr/kindr/quaternions/QuaternionBase.hpp
[71.661s] -- Up-to-date: /home/williamfbx/SLAM/slam_ws/install/kindr/include/kindr/kindr/quaternions/Quaternion.hpp
[71.661s] -- Up-to-date: /home/williamfbx/SLAM/slam_ws/install/kindr/include/kindr/kindr/poses
[71.661s] -- Up-to-date: /home/williamfbx/SLAM/slam_ws/install/kindr/include/kindr/kindr/poses/PoseDiffBase.hpp
[71.661s] -- Up-to-date: /home/williamfbx/SLAM/slam_ws/install/kindr/include/kindr/kindr/poses/PoseBase.hpp
[71.661s] -- Up-to-date: /home/williamfbx/SLAM/slam_ws/install/kindr/include/kindr/kindr/poses/PoseDiff.hpp
[71.661s] -- Up-to-date: /home/williamfbx/SLAM/slam_ws/install/kindr/include/kindr/kindr/poses/Pose.hpp
[71.661s] -- Up-to-date: /home/williamfbx/SLAM/slam_ws/install/kindr/include/kindr/kindr/poses/Twist.hpp
[71.661s] -- Up-to-date: /home/williamfbx/SLAM/slam_ws/install/kindr/include/kindr/kindr/poses/HomogeneousTransformation.hpp
[71.661s] -- Up-to-date: /home/williamfbx/SLAM/slam_ws/install/kindr/include/kindr/kindr/phys_quant
[71.662s] -- Up-to-date: /home/williamfbx/SLAM/slam_ws/install/kindr/include/kindr/kindr/phys_quant/Wrench.hpp
[71.662s] -- Up-to-date: /home/williamfbx/SLAM/slam_ws/install/kindr/include/kindr/kindr/phys_quant/PhysicalQuantities.hpp
[71.662s] -- Up-to-date: /home/williamfbx/SLAM/slam_ws/install/kindr/include/kindr/kindr/phys_quant/WrenchBase.hpp
[71.662s] -- Up-to-date: /home/williamfbx/SLAM/slam_ws/install/kindr/include/kindr/kindr/phys_quant/PhysicalType.hpp
[71.662s] -- Up-to-date: /home/williamfbx/SLAM/slam_ws/install/kindr/include/kindr/kindr/rotations
[71.662s] -- Up-to-date: /home/williamfbx/SLAM/slam_ws/install/kindr/include/kindr/kindr/rotations/RotationDiffBase.hpp
[71.662s] -- Up-to-date: /home/williamfbx/SLAM/slam_ws/install/kindr/include/kindr/kindr/rotations/RotationDiff.hpp
[71.662s] -- Up-to-date: /home/williamfbx/SLAM/slam_ws/install/kindr/include/kindr/kindr/rotations/RotationQuaternion.hpp
[71.662s] -- Up-to-date: /home/williamfbx/SLAM/slam_ws/install/kindr/include/kindr/kindr/rotations/GlobalAngularVelocity.hpp
[71.662s] -- Up-to-date: /home/williamfbx/SLAM/slam_ws/install/kindr/include/kindr/kindr/rotations/RotationMatrix.hpp
[71.662s] -- Up-to-date: /home/williamfbx/SLAM/slam_ws/install/kindr/include/kindr/kindr/rotations/gtest_rotations.hpp
[71.662s] -- Up-to-date: /home/williamfbx/SLAM/slam_ws/install/kindr/include/kindr/kindr/rotations/RotationMatrixDiff.hpp
[71.662s] -- Up-to-date: /home/williamfbx/SLAM/slam_ws/install/kindr/include/kindr/kindr/rotations/Rotation.hpp
[71.662s] -- Up-to-date: /home/williamfbx/SLAM/slam_ws/install/kindr/include/kindr/kindr/rotations/RotationImpl.hpp
[71.662s] -- Up-to-date: /home/williamfbx/SLAM/slam_ws/install/kindr/include/kindr/kindr/rotations/RotationBase.hpp
[71.662s] -- Up-to-date: /home/williamfbx/SLAM/slam_ws/install/kindr/include/kindr/kindr/rotations/EulerAnglesZyx.hpp
[71.662s] -- Up-to-date: /home/williamfbx/SLAM/slam_ws/install/kindr/include/kindr/kindr/rotations/RotationQuaternionDiff.hpp
[71.662s] -- Up-to-date: /home/williamfbx/SLAM/slam_ws/install/kindr/include/kindr/kindr/rotations/RotationVector.hpp
[71.662s] -- Up-to-date: /home/williamfbx/SLAM/slam_ws/install/kindr/include/kindr/kindr/rotations/AngleAxis.hpp
[71.663s] -- Up-to-date: /home/williamfbx/SLAM/slam_ws/install/kindr/include/kindr/kindr/rotations/EulerAnglesXyz.hpp
[71.663s] -- Up-to-date: /home/williamfbx/SLAM/slam_ws/install/kindr/include/kindr/kindr/rotations/LocalAngularVelocity.hpp
[71.663s] -- Up-to-date: /home/williamfbx/SLAM/slam_ws/install/kindr/include/kindr/kindr/rotations/EulerAnglesXyzDiff.hpp
[71.663s] -- Up-to-date: /home/williamfbx/SLAM/slam_ws/install/kindr/include/kindr/kindr/rotations/RotationConversion.hpp
[71.663s] -- Up-to-date: /home/williamfbx/SLAM/slam_ws/install/kindr/include/kindr/kindr/rotations/EulerAnglesZyxDiff.hpp
[71.663s] -- Up-to-date: /home/williamfbx/SLAM/slam_ws/install/kindr/share/kindr/environment/library_path.sh
[71.663s] -- Installing: /home/williamfbx/SLAM/slam_ws/install/kindr/share/kindr/environment/library_path.dsv
[71.663s] -- Up-to-date: /home/williamfbx/SLAM/slam_ws/install/kindr/share/ament_index/resource_index/package_run_dependencies/kindr
[71.663s] -- Installing: /home/williamfbx/SLAM/slam_ws/install/kindr/share/ament_index/resource_index/parent_prefix_path/kindr
[71.663s] -- Up-to-date: /home/williamfbx/SLAM/slam_ws/install/kindr/share/kindr/environment/ament_prefix_path.sh
[71.663s] -- Installing: /home/williamfbx/SLAM/slam_ws/install/kindr/share/kindr/environment/ament_prefix_path.dsv
[71.663s] -- Up-to-date: /home/williamfbx/SLAM/slam_ws/install/kindr/share/kindr/environment/path.sh
[71.663s] -- Installing: /home/williamfbx/SLAM/slam_ws/install/kindr/share/kindr/environment/path.dsv
[71.663s] -- Up-to-date: /home/williamfbx/SLAM/slam_ws/install/kindr/share/kindr/local_setup.bash
[71.663s] -- Up-to-date: /home/williamfbx/SLAM/slam_ws/install/kindr/share/kindr/local_setup.sh
[71.663s] -- Up-to-date: /home/williamfbx/SLAM/slam_ws/install/kindr/share/kindr/local_setup.zsh
[71.663s] -- Installing: /home/williamfbx/SLAM/slam_ws/install/kindr/share/kindr/local_setup.dsv
[71.664s] -- Installing: /home/williamfbx/SLAM/slam_ws/install/kindr/share/kindr/package.dsv
[71.664s] -- Up-to-date: /home/williamfbx/SLAM/slam_ws/install/kindr/share/ament_index/resource_index/packages/kindr
[71.664s] -- Up-to-date: /home/williamfbx/SLAM/slam_ws/install/kindr/share/kindr/cmake/export_kindrExport.cmake
[71.664s] -- Up-to-date: /home/williamfbx/SLAM/slam_ws/install/kindr/share/kindr/cmake/ament_cmake_export_targets-extras.cmake
[71.664s] -- Up-to-date: /home/williamfbx/SLAM/slam_ws/install/kindr/share/kindr/cmake/ament_cmake_export_dependencies-extras.cmake
[71.664s] -- Up-to-date: /home/williamfbx/SLAM/slam_ws/install/kindr/share/kindr/cmake/kindrConfig.cmake
[71.664s] -- Up-to-date: /home/williamfbx/SLAM/slam_ws/install/kindr/share/kindr/cmake/kindrConfig-version.cmake
[71.664s] -- Up-to-date: /home/williamfbx/SLAM/slam_ws/install/kindr/share/kindr/package.xml
[71.665s] Invoked command in '/home/williamfbx/SLAM/slam_ws/build/kindr' returned '0': CMAKE_PREFIX_PATH=/opt/ros/humble /usr/bin/cmake --install /home/williamfbx/SLAM/slam_ws/build/kindr
