[0.091s] Invoking command in '/home/williamfbx/SLAM/slam_ws/build/grid_map_demos': AMENT_PREFIX_PATH=/home/williamfbx/SLAM/slam_ws/install/grid_map_visualization:/home/williamfbx/SLAM/slam_ws/install/grid_map_rviz_plugin:/home/williamfbx/SLAM/slam_ws/install/grid_map_loader:/home/williamfbx/SLAM/slam_ws/install/grid_map_filters:/home/williamfbx/SLAM/slam_ws/install/grid_map_ros:/home/williamfbx/SLAM/slam_ws/install/grid_map_octomap:/home/williamfbx/SLAM/slam_ws/install/grid_map_cv:/home/williamfbx/SLAM/slam_ws/install/grid_map_msgs:/home/williamfbx/SLAM/slam_ws/install/grid_map_core:/home/williamfbx/SLAM/slam_ws/install/grid_map_cmake_helpers:${AMENT_PREFIX_PATH} CMAKE_PREFIX_PATH=/home/williamfbx/SLAM/slam_ws/install/grid_map_visualization:/home/williamfbx/SLAM/slam_ws/install/grid_map_rviz_plugin:/home/williamfbx/SLAM/slam_ws/install/grid_map_loader:/home/williamfbx/SLAM/slam_ws/install/grid_map_filters:/home/williamfbx/SLAM/slam_ws/install/grid_map_ros:/home/williamfbx/SLAM/slam_ws/install/grid_map_octomap:/home/williamfbx/SLAM/slam_ws/install/grid_map_cv:/home/williamfbx/SLAM/slam_ws/install/grid_map_msgs:/home/williamfbx/SLAM/slam_ws/install/grid_map_core:/home/williamfbx/SLAM/slam_ws/install/grid_map_cmake_helpers:/home/williamfbx/SLAM/slam_ws/install/visualization:/home/williamfbx/SLAM/slam_ws/install/launcher:/home/williamfbx/SLAM/slam_ws/install/sensing:/home/williamfbx/SLAM/slam_ws/install/realsense2_description:/home/williamfbx/SLAM/slam_ws/install/realsense2_camera:/home/williamfbx/SLAM/slam_ws/install/realsense2_camera_msgs:/home/williamfbx/SLAM/slam_ws/install/realsense:/home/williamfbx/SLAM/slam_ws/install/mapping:/home/williamfbx/SLAM/slam_ws/install/localization:/opt/ros/humble LD_LIBRARY_PATH=/home/williamfbx/SLAM/slam_ws/install/grid_map_visualization/lib:/home/williamfbx/SLAM/slam_ws/install/grid_map_rviz_plugin/lib:/home/williamfbx/SLAM/slam_ws/install/grid_map_loader/lib:/home/williamfbx/SLAM/slam_ws/install/grid_map_filters/lib:/home/williamfbx/SLAM/slam_ws/install/grid_map_ros/lib:/home/williamfbx/SLAM/slam_ws/install/grid_map_octomap/lib:/home/williamfbx/SLAM/slam_ws/install/grid_map_cv/lib:/home/williamfbx/SLAM/slam_ws/install/grid_map_msgs/lib:/home/williamfbx/SLAM/slam_ws/install/grid_map_core/lib:${LD_LIBRARY_PATH} PYTHONPATH=/home/williamfbx/SLAM/slam_ws/install/grid_map_msgs/local/lib/python3.10/dist-packages:${PYTHONPATH} /usr/bin/cmake /home/williamfbx/SLAM/slam_ws/src/drivers/grid_map/grid_map_demos -DCMAKE_INSTALL_PREFIX=/home/williamfbx/SLAM/slam_ws/install/grid_map_demos
[0.247s] -- The C compiler identification is GNU 11.4.0
[0.311s] -- The CXX compiler identification is GNU 11.4.0
[0.322s] -- Detecting C compiler ABI info
[0.449s] -- Detecting C compiler ABI info - done
[0.468s] -- Check for working C compiler: /usr/bin/cc - skipped
[0.469s] -- Detecting C compile features
[0.469s] -- Detecting C compile features - done
[0.474s] -- Detecting CXX compiler ABI info
[0.608s] -- Detecting CXX compiler ABI info - done
[0.613s] -- Check for working CXX compiler: /usr/bin/c++ - skipped
[0.613s] -- Detecting CXX compile features
[0.613s] -- Detecting CXX compile features - done
[0.622s] -- Found ament_cmake: 1.3.11 (/opt/ros/humble/share/ament_cmake/cmake)
[0.784s] -- Found Python3: /usr/bin/python3 (found version "3.10.12") found components: Interpreter 
[0.875s] -- Found cv_bridge: 3.2.1 (/opt/ros/humble/share/cv_bridge/cmake)
[0.928s] -- Found rosidl_generator_c: 3.1.6 (/opt/ros/humble/share/rosidl_generator_c/cmake)
[0.933s] -- Found rosidl_adapter: 3.1.6 (/opt/ros/humble/share/rosidl_adapter/cmake)
[0.941s] -- Found rosidl_generator_cpp: 3.1.6 (/opt/ros/humble/share/rosidl_generator_cpp/cmake)
[0.954s] -- Using all available rosidl_typesupport_c: rosidl_typesupport_fastrtps_c;rosidl_typesupport_introspection_c
[0.970s] -- Using all available rosidl_typesupport_cpp: rosidl_typesupport_fastrtps_cpp;rosidl_typesupport_introspection_cpp
[1.021s] -- Found filters: 2.1.0 (/opt/ros/humble/share/filters/cmake)
[1.022s] -- Found grid_map_cmake_helpers: 2.0.1 (/home/williamfbx/SLAM/slam_ws/install/grid_map_cmake_helpers/share/grid_map_cmake_helpers/cmake)
[1.022s] -- Found grid_map_core: 2.0.1 (/home/williamfbx/SLAM/slam_ws/install/grid_map_core/share/grid_map_core/cmake)
[1.026s] -- Found grid_map_cv: 2.0.1 (/home/williamfbx/SLAM/slam_ws/install/grid_map_cv/share/grid_map_cv/cmake)
[1.091s] -- Found rmw_implementation_cmake: 6.1.2 (/opt/ros/humble/share/rmw_implementation_cmake/cmake)
[1.094s] -- Found rmw_fastrtps_cpp: 6.2.7 (/opt/ros/humble/share/rmw_fastrtps_cpp/cmake)
[1.127s] -- Found TinyXML2 via Config file: TinyXML2_DIR-NOTFOUND
[1.304s] -- Found OpenSSL: /usr/lib/x86_64-linux-gnu/libcrypto.so (found version "3.0.2")  
[1.311s] -- Found TinyXML2 via Config file: TinyXML2_DIR-NOTFOUND
[1.325s] -- Found FastRTPS: /opt/ros/humble/include  
[1.328s] -- Found TinyXML2 via Config file: TinyXML2_DIR-NOTFOUND
[1.336s] -- Found TinyXML2 via Config file: TinyXML2_DIR-NOTFOUND
[1.357s] -- Using RMW implementation 'rmw_fastrtps_cpp' as default
[1.378s] -- Looking for pthread.h
[1.476s] -- Looking for pthread.h - found
[1.477s] -- Performing Test CMAKE_HAVE_LIBC_PTHREAD
[1.630s] -- Performing Test CMAKE_HAVE_LIBC_PTHREAD - Success
[1.631s] -- Found Threads: TRUE  
[1.673s] -- Found grid_map_msgs: 2.0.1 (/home/williamfbx/SLAM/slam_ws/install/grid_map_msgs/share/grid_map_msgs/cmake)
[1.682s] -- Found grid_map_octomap: 2.0.1 (/home/williamfbx/SLAM/slam_ws/install/grid_map_octomap/share/grid_map_octomap/cmake)
[1.686s] -- Found grid_map_ros: 2.0.1 (/home/williamfbx/SLAM/slam_ws/install/grid_map_ros/share/grid_map_ros/cmake)
[1.774s] -- Found octomap_msgs: 2.0.1 (/opt/ros/humble/share/octomap_msgs/cmake)
[1.787s] -- Found OpenCV: /usr (found version "4.5.4") found components: opencv_highgui 
[1.788s] -- Setting build type to Release as none was specified.
[1.955s] -- Found ament_lint_auto: 0.12.11 (/opt/ros/humble/share/ament_lint_auto/cmake)
[2.041s] -- Added test 'cppcheck' to perform static code analysis on C / C++ code
[2.043s] -- Configured cppcheck include dirs: /home/williamfbx/SLAM/slam_ws/src/drivers/grid_map/grid_map_demos/include
[2.043s] -- Configured cppcheck exclude dirs and/or files: 
[2.043s] -- Added test 'flake8' to check Python code syntax and style conventions
[2.044s] -- Added test 'lint_cmake' to check CMake code style
[2.045s] -- Added test 'pep257' to check Python code against some of the docstring style conventions in PEP 257
[2.046s] -- Added test 'uncrustify' to check C / C++ code style
[2.046s] -- Configured uncrustify additional arguments: 
[2.047s] -- Added test 'xmllint' to check XML markup files
[2.048s] -- Configuring done
[2.210s] -- Generating done
[2.238s] -- Build files have been written to: /home/williamfbx/SLAM/slam_ws/build/grid_map_demos
[2.246s] Invoked command in '/home/williamfbx/SLAM/slam_ws/build/grid_map_demos' returned '0': AMENT_PREFIX_PATH=/home/williamfbx/SLAM/slam_ws/install/grid_map_visualization:/home/williamfbx/SLAM/slam_ws/install/grid_map_rviz_plugin:/home/williamfbx/SLAM/slam_ws/install/grid_map_loader:/home/williamfbx/SLAM/slam_ws/install/grid_map_filters:/home/williamfbx/SLAM/slam_ws/install/grid_map_ros:/home/williamfbx/SLAM/slam_ws/install/grid_map_octomap:/home/williamfbx/SLAM/slam_ws/install/grid_map_cv:/home/williamfbx/SLAM/slam_ws/install/grid_map_msgs:/home/williamfbx/SLAM/slam_ws/install/grid_map_core:/home/williamfbx/SLAM/slam_ws/install/grid_map_cmake_helpers:${AMENT_PREFIX_PATH} CMAKE_PREFIX_PATH=/home/williamfbx/SLAM/slam_ws/install/grid_map_visualization:/home/williamfbx/SLAM/slam_ws/install/grid_map_rviz_plugin:/home/williamfbx/SLAM/slam_ws/install/grid_map_loader:/home/williamfbx/SLAM/slam_ws/install/grid_map_filters:/home/williamfbx/SLAM/slam_ws/install/grid_map_ros:/home/williamfbx/SLAM/slam_ws/install/grid_map_octomap:/home/williamfbx/SLAM/slam_ws/install/grid_map_cv:/home/williamfbx/SLAM/slam_ws/install/grid_map_msgs:/home/williamfbx/SLAM/slam_ws/install/grid_map_core:/home/williamfbx/SLAM/slam_ws/install/grid_map_cmake_helpers:/home/williamfbx/SLAM/slam_ws/install/visualization:/home/williamfbx/SLAM/slam_ws/install/launcher:/home/williamfbx/SLAM/slam_ws/install/sensing:/home/williamfbx/SLAM/slam_ws/install/realsense2_description:/home/williamfbx/SLAM/slam_ws/install/realsense2_camera:/home/williamfbx/SLAM/slam_ws/install/realsense2_camera_msgs:/home/williamfbx/SLAM/slam_ws/install/realsense:/home/williamfbx/SLAM/slam_ws/install/mapping:/home/williamfbx/SLAM/slam_ws/install/localization:/opt/ros/humble LD_LIBRARY_PATH=/home/williamfbx/SLAM/slam_ws/install/grid_map_visualization/lib:/home/williamfbx/SLAM/slam_ws/install/grid_map_rviz_plugin/lib:/home/williamfbx/SLAM/slam_ws/install/grid_map_loader/lib:/home/williamfbx/SLAM/slam_ws/install/grid_map_filters/lib:/home/williamfbx/SLAM/slam_ws/install/grid_map_ros/lib:/home/williamfbx/SLAM/slam_ws/install/grid_map_octomap/lib:/home/williamfbx/SLAM/slam_ws/install/grid_map_cv/lib:/home/williamfbx/SLAM/slam_ws/install/grid_map_msgs/lib:/home/williamfbx/SLAM/slam_ws/install/grid_map_core/lib:${LD_LIBRARY_PATH} PYTHONPATH=/home/williamfbx/SLAM/slam_ws/install/grid_map_msgs/local/lib/python3.10/dist-packages:${PYTHONPATH} /usr/bin/cmake /home/williamfbx/SLAM/slam_ws/src/drivers/grid_map/grid_map_demos -DCMAKE_INSTALL_PREFIX=/home/williamfbx/SLAM/slam_ws/install/grid_map_demos
[2.248s] Invoking command in '/home/williamfbx/SLAM/slam_ws/build/grid_map_demos': AMENT_PREFIX_PATH=/home/williamfbx/SLAM/slam_ws/install/grid_map_visualization:/home/williamfbx/SLAM/slam_ws/install/grid_map_rviz_plugin:/home/williamfbx/SLAM/slam_ws/install/grid_map_loader:/home/williamfbx/SLAM/slam_ws/install/grid_map_filters:/home/williamfbx/SLAM/slam_ws/install/grid_map_ros:/home/williamfbx/SLAM/slam_ws/install/grid_map_octomap:/home/williamfbx/SLAM/slam_ws/install/grid_map_cv:/home/williamfbx/SLAM/slam_ws/install/grid_map_msgs:/home/williamfbx/SLAM/slam_ws/install/grid_map_core:/home/williamfbx/SLAM/slam_ws/install/grid_map_cmake_helpers:${AMENT_PREFIX_PATH} CMAKE_PREFIX_PATH=/home/williamfbx/SLAM/slam_ws/install/grid_map_visualization:/home/williamfbx/SLAM/slam_ws/install/grid_map_rviz_plugin:/home/williamfbx/SLAM/slam_ws/install/grid_map_loader:/home/williamfbx/SLAM/slam_ws/install/grid_map_filters:/home/williamfbx/SLAM/slam_ws/install/grid_map_ros:/home/williamfbx/SLAM/slam_ws/install/grid_map_octomap:/home/williamfbx/SLAM/slam_ws/install/grid_map_cv:/home/williamfbx/SLAM/slam_ws/install/grid_map_msgs:/home/williamfbx/SLAM/slam_ws/install/grid_map_core:/home/williamfbx/SLAM/slam_ws/install/grid_map_cmake_helpers:/home/williamfbx/SLAM/slam_ws/install/visualization:/home/williamfbx/SLAM/slam_ws/install/launcher:/home/williamfbx/SLAM/slam_ws/install/sensing:/home/williamfbx/SLAM/slam_ws/install/realsense2_description:/home/williamfbx/SLAM/slam_ws/install/realsense2_camera:/home/williamfbx/SLAM/slam_ws/install/realsense2_camera_msgs:/home/williamfbx/SLAM/slam_ws/install/realsense:/home/williamfbx/SLAM/slam_ws/install/mapping:/home/williamfbx/SLAM/slam_ws/install/localization:/opt/ros/humble LD_LIBRARY_PATH=/home/williamfbx/SLAM/slam_ws/install/grid_map_visualization/lib:/home/williamfbx/SLAM/slam_ws/install/grid_map_rviz_plugin/lib:/home/williamfbx/SLAM/slam_ws/install/grid_map_loader/lib:/home/williamfbx/SLAM/slam_ws/install/grid_map_filters/lib:/home/williamfbx/SLAM/slam_ws/install/grid_map_ros/lib:/home/williamfbx/SLAM/slam_ws/install/grid_map_octomap/lib:/home/williamfbx/SLAM/slam_ws/install/grid_map_cv/lib:/home/williamfbx/SLAM/slam_ws/install/grid_map_msgs/lib:/home/williamfbx/SLAM/slam_ws/install/grid_map_core/lib:${LD_LIBRARY_PATH} PYTHONPATH=/home/williamfbx/SLAM/slam_ws/install/grid_map_msgs/local/lib/python3.10/dist-packages:${PYTHONPATH} /usr/bin/cmake --build /home/williamfbx/SLAM/slam_ws/build/grid_map_demos -- -j12 -l12
[2.312s] [ 13%] [32mBuilding CXX object CMakeFiles/filters_demo_lib.dir/src/FiltersDemo.cpp.o[0m
[2.312s] [ 13%] [32mBuilding CXX object CMakeFiles/resolution_change_demo.dir/src/resolution_change_demo_node.cpp.o[0m
[2.312s] [ 13%] [32mBuilding CXX object CMakeFiles/image_to_gridmap_demo.dir/src/image_to_gridmap_demo_node.cpp.o[0m
[2.312s] [ 13%] [32mBuilding CXX object CMakeFiles/octomap_to_gridmap_demo.dir/src/octomap_to_gridmap_demo_node.cpp.o[0m
[2.312s] [ 16%] [32mBuilding CXX object CMakeFiles/iterator_benchmark.dir/src/iterator_benchmark.cpp.o[0m
[2.313s] [ 20%] [32mBuilding CXX object CMakeFiles/simple_demo.dir/src/simple_demo_node.cpp.o[0m
[2.313s] [ 23%] [32mBuilding CXX object CMakeFiles/opencv_demo.dir/src/opencv_demo_node.cpp.o[0m
[2.313s] [ 26%] [32mBuilding CXX object CMakeFiles/iterators_demo.dir/src/iterators_demo_node.cpp.o[0m
[2.313s] [ 30%] [32mBuilding CXX object CMakeFiles/move_demo.dir/src/move_demo_node.cpp.o[0m
[2.314s] [ 33%] [32mBuilding CXX object CMakeFiles/tutorial_demo.dir/src/tutorial_demo_node.cpp.o[0m
[2.314s] [ 36%] [32mBuilding CXX object CMakeFiles/interpolation_demo.dir/src/interpolation_demo_node.cpp.o[0m
[2.320s] [ 40%] [32mBuilding CXX object CMakeFiles/normal_filter_comparison_demo.dir/src/normal_filter_comparison_node.cpp.o[0m
[11.622s] [ 43%] [32m[1mLinking CXX executable iterator_benchmark[0m
[11.750s] [ 43%] Built target iterator_benchmark
[11.762s] [ 46%] [32mBuilding CXX object CMakeFiles/interpolation_demo.dir/src/InterpolationDemo.cpp.o[0m
[36.328s] [ 50%] [32mBuilding CXX object CMakeFiles/image_to_gridmap_demo.dir/src/ImageToGridmapDemo.cpp.o[0m
[37.846s] [ 53%] [32mBuilding CXX object CMakeFiles/octomap_to_gridmap_demo.dir/src/OctomapToGridmapDemo.cpp.o[0m
[38.229s] [ 56%] [32mBuilding CXX object CMakeFiles/iterators_demo.dir/src/IteratorsDemo.cpp.o[0m
[54.942s] [ 60%] [32m[1mLinking CXX executable opencv_demo[0m
[55.418s] [ 63%] [32m[1mLinking CXX executable resolution_change_demo[0m
[55.589s] [ 63%] Built target opencv_demo
[56.011s] [ 66%] [32m[1mLinking CXX executable simple_demo[0m
[56.033s] [ 66%] Built target resolution_change_demo
[56.597s] [ 66%] Built target simple_demo
[57.387s] [ 70%] [32m[1mLinking CXX executable move_demo[0m
[57.760s] [ 70%] Built target move_demo
[58.139s] [ 73%] [32m[1mLinking CXX executable tutorial_demo[0m
[58.525s] [ 73%] Built target tutorial_demo
[66.575s] [ 76%] [32m[1mLinking CXX executable interpolation_demo[0m
[67.157s] [ 76%] Built target interpolation_demo
[81.426s] [ 80%] [32m[1mLinking CXX executable iterators_demo[0m
[81.979s] [ 80%] Built target iterators_demo
[85.577s] [ 83%] [32m[1mLinking CXX executable octomap_to_gridmap_demo[0m
[85.959s] [ 83%] Built target octomap_to_gridmap_demo
[86.366s] [ 86%] [32m[1mLinking CXX executable normal_filter_comparison_demo[0m
[86.711s] [ 86%] Built target normal_filter_comparison_demo
[98.150s] [ 90%] [32m[1mLinking CXX executable image_to_gridmap_demo[0m
[98.498s] [ 90%] Built target image_to_gridmap_demo
[99.893s] [ 93%] [32m[1mLinking CXX shared library libfilters_demo_lib.so[0m
[100.066s] [ 93%] Built target filters_demo_lib
[100.112s] [ 96%] [32mBuilding CXX object CMakeFiles/filters_demo.dir/src/filters_demo_node.cpp.o[0m
[124.925s] [100%] [32m[1mLinking CXX executable filters_demo[0m
[125.271s] [100%] Built target filters_demo
[125.288s] Invoked command in '/home/williamfbx/SLAM/slam_ws/build/grid_map_demos' returned '0': AMENT_PREFIX_PATH=/home/williamfbx/SLAM/slam_ws/install/grid_map_visualization:/home/williamfbx/SLAM/slam_ws/install/grid_map_rviz_plugin:/home/williamfbx/SLAM/slam_ws/install/grid_map_loader:/home/williamfbx/SLAM/slam_ws/install/grid_map_filters:/home/williamfbx/SLAM/slam_ws/install/grid_map_ros:/home/williamfbx/SLAM/slam_ws/install/grid_map_octomap:/home/williamfbx/SLAM/slam_ws/install/grid_map_cv:/home/williamfbx/SLAM/slam_ws/install/grid_map_msgs:/home/williamfbx/SLAM/slam_ws/install/grid_map_core:/home/williamfbx/SLAM/slam_ws/install/grid_map_cmake_helpers:${AMENT_PREFIX_PATH} CMAKE_PREFIX_PATH=/home/williamfbx/SLAM/slam_ws/install/grid_map_visualization:/home/williamfbx/SLAM/slam_ws/install/grid_map_rviz_plugin:/home/williamfbx/SLAM/slam_ws/install/grid_map_loader:/home/williamfbx/SLAM/slam_ws/install/grid_map_filters:/home/williamfbx/SLAM/slam_ws/install/grid_map_ros:/home/williamfbx/SLAM/slam_ws/install/grid_map_octomap:/home/williamfbx/SLAM/slam_ws/install/grid_map_cv:/home/williamfbx/SLAM/slam_ws/install/grid_map_msgs:/home/williamfbx/SLAM/slam_ws/install/grid_map_core:/home/williamfbx/SLAM/slam_ws/install/grid_map_cmake_helpers:/home/williamfbx/SLAM/slam_ws/install/visualization:/home/williamfbx/SLAM/slam_ws/install/launcher:/home/williamfbx/SLAM/slam_ws/install/sensing:/home/williamfbx/SLAM/slam_ws/install/realsense2_description:/home/williamfbx/SLAM/slam_ws/install/realsense2_camera:/home/williamfbx/SLAM/slam_ws/install/realsense2_camera_msgs:/home/williamfbx/SLAM/slam_ws/install/realsense:/home/williamfbx/SLAM/slam_ws/install/mapping:/home/williamfbx/SLAM/slam_ws/install/localization:/opt/ros/humble LD_LIBRARY_PATH=/home/williamfbx/SLAM/slam_ws/install/grid_map_visualization/lib:/home/williamfbx/SLAM/slam_ws/install/grid_map_rviz_plugin/lib:/home/williamfbx/SLAM/slam_ws/install/grid_map_loader/lib:/home/williamfbx/SLAM/slam_ws/install/grid_map_filters/lib:/home/williamfbx/SLAM/slam_ws/install/grid_map_ros/lib:/home/williamfbx/SLAM/slam_ws/install/grid_map_octomap/lib:/home/williamfbx/SLAM/slam_ws/install/grid_map_cv/lib:/home/williamfbx/SLAM/slam_ws/install/grid_map_msgs/lib:/home/williamfbx/SLAM/slam_ws/install/grid_map_core/lib:${LD_LIBRARY_PATH} PYTHONPATH=/home/williamfbx/SLAM/slam_ws/install/grid_map_msgs/local/lib/python3.10/dist-packages:${PYTHONPATH} /usr/bin/cmake --build /home/williamfbx/SLAM/slam_ws/build/grid_map_demos -- -j12 -l12
[125.292s] Invoking command in '/home/williamfbx/SLAM/slam_ws/build/grid_map_demos': AMENT_PREFIX_PATH=/home/williamfbx/SLAM/slam_ws/install/grid_map_visualization:/home/williamfbx/SLAM/slam_ws/install/grid_map_rviz_plugin:/home/williamfbx/SLAM/slam_ws/install/grid_map_loader:/home/williamfbx/SLAM/slam_ws/install/grid_map_filters:/home/williamfbx/SLAM/slam_ws/install/grid_map_ros:/home/williamfbx/SLAM/slam_ws/install/grid_map_octomap:/home/williamfbx/SLAM/slam_ws/install/grid_map_cv:/home/williamfbx/SLAM/slam_ws/install/grid_map_msgs:/home/williamfbx/SLAM/slam_ws/install/grid_map_core:/home/williamfbx/SLAM/slam_ws/install/grid_map_cmake_helpers:${AMENT_PREFIX_PATH} CMAKE_PREFIX_PATH=/home/williamfbx/SLAM/slam_ws/install/grid_map_visualization:/home/williamfbx/SLAM/slam_ws/install/grid_map_rviz_plugin:/home/williamfbx/SLAM/slam_ws/install/grid_map_loader:/home/williamfbx/SLAM/slam_ws/install/grid_map_filters:/home/williamfbx/SLAM/slam_ws/install/grid_map_ros:/home/williamfbx/SLAM/slam_ws/install/grid_map_octomap:/home/williamfbx/SLAM/slam_ws/install/grid_map_cv:/home/williamfbx/SLAM/slam_ws/install/grid_map_msgs:/home/williamfbx/SLAM/slam_ws/install/grid_map_core:/home/williamfbx/SLAM/slam_ws/install/grid_map_cmake_helpers:/home/williamfbx/SLAM/slam_ws/install/visualization:/home/williamfbx/SLAM/slam_ws/install/launcher:/home/williamfbx/SLAM/slam_ws/install/sensing:/home/williamfbx/SLAM/slam_ws/install/realsense2_description:/home/williamfbx/SLAM/slam_ws/install/realsense2_camera:/home/williamfbx/SLAM/slam_ws/install/realsense2_camera_msgs:/home/williamfbx/SLAM/slam_ws/install/realsense:/home/williamfbx/SLAM/slam_ws/install/mapping:/home/williamfbx/SLAM/slam_ws/install/localization:/opt/ros/humble LD_LIBRARY_PATH=/home/williamfbx/SLAM/slam_ws/install/grid_map_visualization/lib:/home/williamfbx/SLAM/slam_ws/install/grid_map_rviz_plugin/lib:/home/williamfbx/SLAM/slam_ws/install/grid_map_loader/lib:/home/williamfbx/SLAM/slam_ws/install/grid_map_filters/lib:/home/williamfbx/SLAM/slam_ws/install/grid_map_ros/lib:/home/williamfbx/SLAM/slam_ws/install/grid_map_octomap/lib:/home/williamfbx/SLAM/slam_ws/install/grid_map_cv/lib:/home/williamfbx/SLAM/slam_ws/install/grid_map_msgs/lib:/home/williamfbx/SLAM/slam_ws/install/grid_map_core/lib:${LD_LIBRARY_PATH} PYTHONPATH=/home/williamfbx/SLAM/slam_ws/install/grid_map_msgs/local/lib/python3.10/dist-packages:${PYTHONPATH} /usr/bin/cmake --install /home/williamfbx/SLAM/slam_ws/build/grid_map_demos
[125.311s] -- Install configuration: "Release"
[125.311s] -- Installing: /home/williamfbx/SLAM/slam_ws/install/grid_map_demos/lib/grid_map_demos/filters_demo
[125.312s] -- Set runtime path of "/home/williamfbx/SLAM/slam_ws/install/grid_map_demos/lib/grid_map_demos/filters_demo" to ""
[125.312s] -- Installing: /home/williamfbx/SLAM/slam_ws/install/grid_map_demos/lib/libfilters_demo_lib.so
[125.313s] -- Set runtime path of "/home/williamfbx/SLAM/slam_ws/install/grid_map_demos/lib/libfilters_demo_lib.so" to ""
[125.313s] -- Installing: /home/williamfbx/SLAM/slam_ws/install/grid_map_demos/lib/grid_map_demos/image_to_gridmap_demo
[125.314s] -- Set runtime path of "/home/williamfbx/SLAM/slam_ws/install/grid_map_demos/lib/grid_map_demos/image_to_gridmap_demo" to ""
[125.314s] -- Installing: /home/williamfbx/SLAM/slam_ws/install/grid_map_demos/lib/grid_map_demos/interpolation_demo
[125.314s] -- Set runtime path of "/home/williamfbx/SLAM/slam_ws/install/grid_map_demos/lib/grid_map_demos/interpolation_demo" to ""
[125.315s] -- Installing: /home/williamfbx/SLAM/slam_ws/install/grid_map_demos/lib/grid_map_demos/iterator_benchmark
[125.315s] -- Installing: /home/williamfbx/SLAM/slam_ws/install/grid_map_demos/lib/grid_map_demos/iterators_demo
[125.315s] -- Set runtime path of "/home/williamfbx/SLAM/slam_ws/install/grid_map_demos/lib/grid_map_demos/iterators_demo" to ""
[125.315s] -- Installing: /home/williamfbx/SLAM/slam_ws/install/grid_map_demos/lib/grid_map_demos/move_demo
[125.316s] -- Set runtime path of "/home/williamfbx/SLAM/slam_ws/install/grid_map_demos/lib/grid_map_demos/move_demo" to ""
[125.316s] -- Installing: /home/williamfbx/SLAM/slam_ws/install/grid_map_demos/lib/grid_map_demos/normal_filter_comparison_demo
[125.316s] -- Set runtime path of "/home/williamfbx/SLAM/slam_ws/install/grid_map_demos/lib/grid_map_demos/normal_filter_comparison_demo" to ""
[125.316s] -- Installing: /home/williamfbx/SLAM/slam_ws/install/grid_map_demos/lib/grid_map_demos/octomap_to_gridmap_demo
[125.317s] -- Set runtime path of "/home/williamfbx/SLAM/slam_ws/install/grid_map_demos/lib/grid_map_demos/octomap_to_gridmap_demo" to ""
[125.317s] -- Installing: /home/williamfbx/SLAM/slam_ws/install/grid_map_demos/lib/grid_map_demos/opencv_demo
[125.317s] -- Set runtime path of "/home/williamfbx/SLAM/slam_ws/install/grid_map_demos/lib/grid_map_demos/opencv_demo" to ""
[125.317s] -- Installing: /home/williamfbx/SLAM/slam_ws/install/grid_map_demos/lib/grid_map_demos/resolution_change_demo
[125.317s] -- Set runtime path of "/home/williamfbx/SLAM/slam_ws/install/grid_map_demos/lib/grid_map_demos/resolution_change_demo" to ""
[125.317s] -- Installing: /home/williamfbx/SLAM/slam_ws/install/grid_map_demos/lib/grid_map_demos/simple_demo
[125.318s] -- Set runtime path of "/home/williamfbx/SLAM/slam_ws/install/grid_map_demos/lib/grid_map_demos/simple_demo" to ""
[125.318s] -- Installing: /home/williamfbx/SLAM/slam_ws/install/grid_map_demos/lib/grid_map_demos/tutorial_demo
[125.318s] -- Set runtime path of "/home/williamfbx/SLAM/slam_ws/install/grid_map_demos/lib/grid_map_demos/tutorial_demo" to ""
[125.318s] -- Installing: /home/williamfbx/SLAM/slam_ws/install/grid_map_demos/share/grid_map_demos/config
[125.318s] -- Installing: /home/williamfbx/SLAM/slam_ws/install/grid_map_demos/share/grid_map_demos/config/interpolation_demo.yaml
[125.318s] -- Installing: /home/williamfbx/SLAM/slam_ws/install/grid_map_demos/share/grid_map_demos/config/grid_map_loader_demo.yaml
[125.318s] -- Installing: /home/williamfbx/SLAM/slam_ws/install/grid_map_demos/share/grid_map_demos/config/octomap_to_gridmap_demo.yaml
[125.318s] -- Installing: /home/williamfbx/SLAM/slam_ws/install/grid_map_demos/share/grid_map_demos/config/image_to_gridmap_demo.yaml
[125.318s] -- Installing: /home/williamfbx/SLAM/slam_ws/install/grid_map_demos/share/grid_map_demos/config/opencv_demo.yaml
[125.318s] -- Installing: /home/williamfbx/SLAM/slam_ws/install/grid_map_demos/share/grid_map_demos/config/tutorial_demo.yaml
[125.318s] -- Installing: /home/williamfbx/SLAM/slam_ws/install/grid_map_demos/share/grid_map_demos/config/simple_demo.yaml
[125.318s] -- Installing: /home/williamfbx/SLAM/slam_ws/install/grid_map_demos/share/grid_map_demos/config/filters_demo_filter_chain.yaml
[125.318s] -- Installing: /home/williamfbx/SLAM/slam_ws/install/grid_map_demos/share/grid_map_demos/config/iterators_demo.yaml
[125.318s] -- Installing: /home/williamfbx/SLAM/slam_ws/install/grid_map_demos/share/grid_map_demos/config/resolution_change_demo.yaml
[125.318s] -- Installing: /home/williamfbx/SLAM/slam_ws/install/grid_map_demos/share/grid_map_demos/config/normal_filter_comparison_visualization.yaml
[125.318s] -- Installing: /home/williamfbx/SLAM/slam_ws/install/grid_map_demos/share/grid_map_demos/config/normal_filter_comparison.yaml
[125.318s] -- Installing: /home/williamfbx/SLAM/slam_ws/install/grid_map_demos/share/grid_map_demos/config/filters_demo.yaml
[125.318s] -- Installing: /home/williamfbx/SLAM/slam_ws/install/grid_map_demos/share/grid_map_demos/config/move_demo.yaml
[125.318s] -- Installing: /home/williamfbx/SLAM/slam_ws/install/grid_map_demos/share/grid_map_demos/data
[125.318s] -- Installing: /home/williamfbx/SLAM/slam_ws/install/grid_map_demos/share/grid_map_demos/data/terrain.png
[125.319s] -- Installing: /home/williamfbx/SLAM/slam_ws/install/grid_map_demos/share/grid_map_demos/data/linearGradient_oblique_only.png
[125.319s] -- Installing: /home/williamfbx/SLAM/slam_ws/install/grid_map_demos/share/grid_map_demos/data/radialGradient_ellipse.png
[125.319s] -- Installing: /home/williamfbx/SLAM/slam_ws/install/grid_map_demos/share/grid_map_demos/data/linearGradient_oblique_and_flat.png
[125.319s] -- Installing: /home/williamfbx/SLAM/slam_ws/install/grid_map_demos/share/grid_map_demos/data/linearGradient_vertical.png
[125.319s] -- Installing: /home/williamfbx/SLAM/slam_ws/install/grid_map_demos/share/grid_map_demos/data/eth_logo.png
[125.319s] -- Installing: /home/williamfbx/SLAM/slam_ws/install/grid_map_demos/share/grid_map_demos/data/linearGradient_horizontal.png
[125.319s] -- Installing: /home/williamfbx/SLAM/slam_ws/install/grid_map_demos/share/grid_map_demos/data/freiburg1_360.bt
[125.319s] -- Installing: /home/williamfbx/SLAM/slam_ws/install/grid_map_demos/share/grid_map_demos/data/radialGradient_circle.png
[125.319s] -- Installing: /home/williamfbx/SLAM/slam_ws/install/grid_map_demos/share/grid_map_demos/data/radialGradient_horizontal.png
[125.319s] -- Installing: /home/williamfbx/SLAM/slam_ws/install/grid_map_demos/share/grid_map_demos/data/grid_map_bag
[125.319s] -- Installing: /home/williamfbx/SLAM/slam_ws/install/grid_map_demos/share/grid_map_demos/data/grid_map_bag/metadata.yaml
[125.319s] -- Installing: /home/williamfbx/SLAM/slam_ws/install/grid_map_demos/share/grid_map_demos/data/grid_map_bag/grid_map_bag.db3
[125.319s] -- Installing: /home/williamfbx/SLAM/slam_ws/install/grid_map_demos/share/grid_map_demos/doc
[125.319s] -- Installing: /home/williamfbx/SLAM/slam_ws/install/grid_map_demos/share/grid_map_demos/doc/image_to_grid_map_demo_result.png
[125.319s] -- Installing: /home/williamfbx/SLAM/slam_ws/install/grid_map_demos/share/grid_map_demos/doc/filters_demo.gif
[125.320s] -- Installing: /home/williamfbx/SLAM/slam_ws/install/grid_map_demos/share/grid_map_demos/doc/opencv_demo_result.gif
[125.320s] -- Installing: /home/williamfbx/SLAM/slam_ws/install/grid_map_demos/share/grid_map_demos/doc/filters_demo_preview.gif
[125.320s] -- Installing: /home/williamfbx/SLAM/slam_ws/install/grid_map_demos/share/grid_map_demos/launch
[125.320s] -- Installing: /home/williamfbx/SLAM/slam_ws/install/grid_map_demos/share/grid_map_demos/launch/octomap_to_gridmap_demo_launch.py
[125.320s] -- Installing: /home/williamfbx/SLAM/slam_ws/install/grid_map_demos/share/grid_map_demos/launch/simple_demo_launch.py
[125.320s] -- Installing: /home/williamfbx/SLAM/slam_ws/install/grid_map_demos/share/grid_map_demos/launch/iterators_demo_launch.py
[125.320s] -- Installing: /home/williamfbx/SLAM/slam_ws/install/grid_map_demos/share/grid_map_demos/launch/normal_filter_comparison_launch.py
[125.320s] -- Installing: /home/williamfbx/SLAM/slam_ws/install/grid_map_demos/share/grid_map_demos/launch/grid_map_loader_demo_launch.py
[125.320s] -- Installing: /home/williamfbx/SLAM/slam_ws/install/grid_map_demos/share/grid_map_demos/launch/interpolation_demo_launch.py
[125.320s] -- Installing: /home/williamfbx/SLAM/slam_ws/install/grid_map_demos/share/grid_map_demos/launch/image_to_gridmap_demo_launch.py
[125.320s] -- Installing: /home/williamfbx/SLAM/slam_ws/install/grid_map_demos/share/grid_map_demos/launch/tutorial_demo_launch.py
[125.320s] -- Installing: /home/williamfbx/SLAM/slam_ws/install/grid_map_demos/share/grid_map_demos/launch/resolution_change_demo_launch.py
[125.320s] -- Installing: /home/williamfbx/SLAM/slam_ws/install/grid_map_demos/share/grid_map_demos/launch/opencv_demo_launch.py
[125.320s] -- Installing: /home/williamfbx/SLAM/slam_ws/install/grid_map_demos/share/grid_map_demos/launch/filters_demo_launch.py
[125.320s] -- Installing: /home/williamfbx/SLAM/slam_ws/install/grid_map_demos/share/grid_map_demos/launch/move_demo_launch.py
[125.320s] -- Installing: /home/williamfbx/SLAM/slam_ws/install/grid_map_demos/share/grid_map_demos/rviz
[125.320s] -- Installing: /home/williamfbx/SLAM/slam_ws/install/grid_map_demos/share/grid_map_demos/rviz/interpolation_demo.rviz
[125.320s] -- Installing: /home/williamfbx/SLAM/slam_ws/install/grid_map_demos/share/grid_map_demos/rviz/normal_filter_comparison_demo.rviz
[125.320s] -- Installing: /home/williamfbx/SLAM/slam_ws/install/grid_map_demos/share/grid_map_demos/rviz/octomap_to_gridmap_demo.rviz
[125.320s] -- Installing: /home/williamfbx/SLAM/slam_ws/install/grid_map_demos/share/grid_map_demos/rviz/filters_demo.rviz
[125.320s] -- Installing: /home/williamfbx/SLAM/slam_ws/install/grid_map_demos/share/grid_map_demos/rviz/grid_map_demo.rviz
[125.321s] -- Installing: /home/williamfbx/SLAM/slam_ws/install/grid_map_demos/share/grid_map_demos/rviz/grid_map_iterators_demo.rviz
[125.321s] -- Installing: /home/williamfbx/SLAM/slam_ws/install/grid_map_demos/lib/grid_map_demos/image_publisher.py
[125.321s] -- Installing: /home/williamfbx/SLAM/slam_ws/install/grid_map_demos/share/ament_index/resource_index/package_run_dependencies/grid_map_demos
[125.321s] -- Installing: /home/williamfbx/SLAM/slam_ws/install/grid_map_demos/share/ament_index/resource_index/parent_prefix_path/grid_map_demos
[125.321s] -- Installing: /home/williamfbx/SLAM/slam_ws/install/grid_map_demos/share/grid_map_demos/environment/ament_prefix_path.sh
[125.321s] -- Installing: /home/williamfbx/SLAM/slam_ws/install/grid_map_demos/share/grid_map_demos/environment/ament_prefix_path.dsv
[125.321s] -- Installing: /home/williamfbx/SLAM/slam_ws/install/grid_map_demos/share/grid_map_demos/environment/path.sh
[125.321s] -- Installing: /home/williamfbx/SLAM/slam_ws/install/grid_map_demos/share/grid_map_demos/environment/path.dsv
[125.321s] -- Installing: /home/williamfbx/SLAM/slam_ws/install/grid_map_demos/share/grid_map_demos/local_setup.bash
[125.321s] -- Installing: /home/williamfbx/SLAM/slam_ws/install/grid_map_demos/share/grid_map_demos/local_setup.sh
[125.321s] -- Installing: /home/williamfbx/SLAM/slam_ws/install/grid_map_demos/share/grid_map_demos/local_setup.zsh
[125.321s] -- Installing: /home/williamfbx/SLAM/slam_ws/install/grid_map_demos/share/grid_map_demos/local_setup.dsv
[125.321s] -- Installing: /home/williamfbx/SLAM/slam_ws/install/grid_map_demos/share/grid_map_demos/package.dsv
[125.321s] -- Installing: /home/williamfbx/SLAM/slam_ws/install/grid_map_demos/share/ament_index/resource_index/packages/grid_map_demos
[125.321s] -- Installing: /home/williamfbx/SLAM/slam_ws/install/grid_map_demos/share/grid_map_demos/cmake/ament_cmake_export_include_directories-extras.cmake
[125.321s] -- Installing: /home/williamfbx/SLAM/slam_ws/install/grid_map_demos/share/grid_map_demos/cmake/grid_map_demosConfig.cmake
[125.321s] -- Installing: /home/williamfbx/SLAM/slam_ws/install/grid_map_demos/share/grid_map_demos/cmake/grid_map_demosConfig-version.cmake
[125.321s] -- Installing: /home/williamfbx/SLAM/slam_ws/install/grid_map_demos/share/grid_map_demos/package.xml
[125.323s] Invoked command in '/home/williamfbx/SLAM/slam_ws/build/grid_map_demos' returned '0': AMENT_PREFIX_PATH=/home/williamfbx/SLAM/slam_ws/install/grid_map_visualization:/home/williamfbx/SLAM/slam_ws/install/grid_map_rviz_plugin:/home/williamfbx/SLAM/slam_ws/install/grid_map_loader:/home/williamfbx/SLAM/slam_ws/install/grid_map_filters:/home/williamfbx/SLAM/slam_ws/install/grid_map_ros:/home/williamfbx/SLAM/slam_ws/install/grid_map_octomap:/home/williamfbx/SLAM/slam_ws/install/grid_map_cv:/home/williamfbx/SLAM/slam_ws/install/grid_map_msgs:/home/williamfbx/SLAM/slam_ws/install/grid_map_core:/home/williamfbx/SLAM/slam_ws/install/grid_map_cmake_helpers:${AMENT_PREFIX_PATH} CMAKE_PREFIX_PATH=/home/williamfbx/SLAM/slam_ws/install/grid_map_visualization:/home/williamfbx/SLAM/slam_ws/install/grid_map_rviz_plugin:/home/williamfbx/SLAM/slam_ws/install/grid_map_loader:/home/williamfbx/SLAM/slam_ws/install/grid_map_filters:/home/williamfbx/SLAM/slam_ws/install/grid_map_ros:/home/williamfbx/SLAM/slam_ws/install/grid_map_octomap:/home/williamfbx/SLAM/slam_ws/install/grid_map_cv:/home/williamfbx/SLAM/slam_ws/install/grid_map_msgs:/home/williamfbx/SLAM/slam_ws/install/grid_map_core:/home/williamfbx/SLAM/slam_ws/install/grid_map_cmake_helpers:/home/williamfbx/SLAM/slam_ws/install/visualization:/home/williamfbx/SLAM/slam_ws/install/launcher:/home/williamfbx/SLAM/slam_ws/install/sensing:/home/williamfbx/SLAM/slam_ws/install/realsense2_description:/home/williamfbx/SLAM/slam_ws/install/realsense2_camera:/home/williamfbx/SLAM/slam_ws/install/realsense2_camera_msgs:/home/williamfbx/SLAM/slam_ws/install/realsense:/home/williamfbx/SLAM/slam_ws/install/mapping:/home/williamfbx/SLAM/slam_ws/install/localization:/opt/ros/humble LD_LIBRARY_PATH=/home/williamfbx/SLAM/slam_ws/install/grid_map_visualization/lib:/home/williamfbx/SLAM/slam_ws/install/grid_map_rviz_plugin/lib:/home/williamfbx/SLAM/slam_ws/install/grid_map_loader/lib:/home/williamfbx/SLAM/slam_ws/install/grid_map_filters/lib:/home/williamfbx/SLAM/slam_ws/install/grid_map_ros/lib:/home/williamfbx/SLAM/slam_ws/install/grid_map_octomap/lib:/home/williamfbx/SLAM/slam_ws/install/grid_map_cv/lib:/home/williamfbx/SLAM/slam_ws/install/grid_map_msgs/lib:/home/williamfbx/SLAM/slam_ws/install/grid_map_core/lib:${LD_LIBRARY_PATH} PYTHONPATH=/home/williamfbx/SLAM/slam_ws/install/grid_map_msgs/local/lib/python3.10/dist-packages:${PYTHONPATH} /usr/bin/cmake --install /home/williamfbx/SLAM/slam_ws/build/grid_map_demos
