[0.013s] Invoking command in '/home/williamfbx/SLAM/slam_ws/build/realsense2_camera': AMENT_PREFIX_PATH=/home/williamfbx/SLAM/slam_ws/install/realsense2_camera_msgs:${AMENT_PREFIX_PATH} CMAKE_PREFIX_PATH=/home/williamfbx/SLAM/slam_ws/install/realsense2_camera_msgs:/opt/ros/humble LD_LIBRARY_PATH=/home/williamfbx/SLAM/slam_ws/install/realsense2_camera_msgs/lib:${LD_LIBRARY_PATH} PYTHONPATH=/home/williamfbx/SLAM/slam_ws/install/realsense2_camera_msgs/local/lib/python3.10/dist-packages:${PYTHONPATH} /usr/bin/cmake /home/williamfbx/SLAM/slam_ws/src/drivers/realsense-ros/realsense2_camera -DCMAKE_INSTALL_PREFIX=/home/williamfbx/SLAM/slam_ws/install/realsense2_camera
[0.055s] -- The C compiler identification is GNU 11.4.0
[0.102s] -- The CXX compiler identification is GNU 11.4.0
[0.108s] -- Detecting C compiler ABI info
[0.157s] -- Detecting C compiler ABI info - done
[0.167s] -- Check for working C compiler: /usr/bin/cc - skipped
[0.167s] -- Detecting C compile features
[0.167s] -- Detecting C compile features - done
[0.172s] -- Detecting CXX compiler ABI info
[0.232s] -- Detecting CXX compiler ABI info - done
[0.241s] -- Check for working CXX compiler: /usr/bin/c++ - skipped
[0.241s] -- Detecting CXX compile features
[0.242s] -- Detecting CXX compile features - done
[0.243s] -- Create Release Build.
[0.244s] -- Found ament_cmake: 1.3.11 (/opt/ros/humble/share/ament_cmake/cmake)
[0.382s] -- Found Python3: /usr/bin/python3 (found version "3.10.12") found components: Interpreter 
[0.506s] -- Found builtin_interfaces: 1.2.1 (/opt/ros/humble/share/builtin_interfaces/cmake)
[0.533s] -- Found rosidl_generator_c: 3.1.6 (/opt/ros/humble/share/rosidl_generator_c/cmake)
[0.540s] -- Found rosidl_adapter: 3.1.6 (/opt/ros/humble/share/rosidl_adapter/cmake)
[0.548s] -- Found rosidl_generator_cpp: 3.1.6 (/opt/ros/humble/share/rosidl_generator_cpp/cmake)
[0.559s] -- Using all available rosidl_typesupport_c: rosidl_typesupport_fastrtps_c;rosidl_typesupport_introspection_c
[0.572s] -- Using all available rosidl_typesupport_cpp: rosidl_typesupport_fastrtps_cpp;rosidl_typesupport_introspection_cpp
[0.584s] -- Found cv_bridge: 3.2.1 (/opt/ros/humble/share/cv_bridge/cmake)
[0.628s] -- Found image_transport: 3.1.10 (/opt/ros/humble/share/image_transport/cmake)
[0.660s] -- Found rmw_implementation_cmake: 6.1.2 (/opt/ros/humble/share/rmw_implementation_cmake/cmake)
[0.662s] -- Found rmw_fastrtps_cpp: 6.2.7 (/opt/ros/humble/share/rmw_fastrtps_cpp/cmake)
[0.725s] -- Found OpenSSL: /usr/lib/x86_64-linux-gnu/libcrypto.so (found version "3.0.2")  
[0.745s] -- Found FastRTPS: /opt/ros/humble/include  
[0.775s] -- Using RMW implementation 'rmw_fastrtps_cpp' as default
[0.781s] -- Looking for pthread.h
[0.830s] -- Looking for pthread.h - found
[0.830s] -- Performing Test CMAKE_HAVE_LIBC_PTHREAD
[0.880s] -- Performing Test CMAKE_HAVE_LIBC_PTHREAD - Success
[0.881s] -- Found Threads: TRUE  
[0.929s] -- Found rclcpp_components: 16.0.11 (/opt/ros/humble/share/rclcpp_components/cmake)
[0.942s] -- Found realsense2_camera_msgs: 4.55.1 (/home/williamfbx/SLAM/slam_ws/install/realsense2_camera_msgs/share/realsense2_camera_msgs/cmake)
[0.955s] -- Found nav_msgs: 4.2.4 (/opt/ros/humble/share/nav_msgs/cmake)
[0.966s] -- Found tf2_ros: 0.25.12 (/opt/ros/humble/share/tf2_ros/cmake)
[1.015s] -- Found diagnostic_updater: 4.0.2 (/opt/ros/humble/share/diagnostic_updater/cmake)
[1.036s] -- Found OpenCV: /usr (found version "4.5.4") found components: core 
[1.037s] -- Build for ROS2 Humble
[1.044s] -- Found ament_cmake_gtest: 1.3.11 (/opt/ros/humble/share/ament_cmake_gtest/cmake)
[1.047s] -- Found gtest sources under '/opt/ros/humble/src/gtest_vendor': C++ tests using 'Google Test' will be built
[1.054s] -- Found ament_cmake_pytest: 1.3.11 (/opt/ros/humble/share/ament_cmake_pytest/cmake)
[8.660s] -- rs_device_info:
[8.660s] -- No device detected. Is it plugged in?
[8.660s] 
[8.717s] -- Configuring done
[8.735s] -- Generating done
[8.741s] -- Build files have been written to: /home/williamfbx/SLAM/slam_ws/build/realsense2_camera
[8.753s] Invoked command in '/home/williamfbx/SLAM/slam_ws/build/realsense2_camera' returned '0': AMENT_PREFIX_PATH=/home/williamfbx/SLAM/slam_ws/install/realsense2_camera_msgs:${AMENT_PREFIX_PATH} CMAKE_PREFIX_PATH=/home/williamfbx/SLAM/slam_ws/install/realsense2_camera_msgs:/opt/ros/humble LD_LIBRARY_PATH=/home/williamfbx/SLAM/slam_ws/install/realsense2_camera_msgs/lib:${LD_LIBRARY_PATH} PYTHONPATH=/home/williamfbx/SLAM/slam_ws/install/realsense2_camera_msgs/local/lib/python3.10/dist-packages:${PYTHONPATH} /usr/bin/cmake /home/williamfbx/SLAM/slam_ws/src/drivers/realsense-ros/realsense2_camera -DCMAKE_INSTALL_PREFIX=/home/williamfbx/SLAM/slam_ws/install/realsense2_camera
[8.753s] Invoking command in '/home/williamfbx/SLAM/slam_ws/build/realsense2_camera': AMENT_PREFIX_PATH=/home/williamfbx/SLAM/slam_ws/install/realsense2_camera_msgs:${AMENT_PREFIX_PATH} CMAKE_PREFIX_PATH=/home/williamfbx/SLAM/slam_ws/install/realsense2_camera_msgs:/opt/ros/humble LD_LIBRARY_PATH=/home/williamfbx/SLAM/slam_ws/install/realsense2_camera_msgs/lib:${LD_LIBRARY_PATH} PYTHONPATH=/home/williamfbx/SLAM/slam_ws/install/realsense2_camera_msgs/local/lib/python3.10/dist-packages:${PYTHONPATH} /usr/bin/cmake --build /home/williamfbx/SLAM/slam_ws/build/realsense2_camera -- -j12 -l12
[8.797s] [  4%] [32mBuilding CXX object gtest/CMakeFiles/gtest_main.dir/src/gtest_main.cc.o[0m
[8.806s] [ 18%] [32mBuilding CXX object CMakeFiles/realsense2_camera.dir/src/ros_sensor.cpp.o[0m
[8.806s] [ 22%] [32mBuilding CXX object CMakeFiles/realsense2_camera.dir/src/rs_node_setup.cpp.o[0m
[8.807s] [ 18%] [32mBuilding CXX object CMakeFiles/realsense2_camera.dir/src/parameters.cpp.o[0m
[8.807s] [ 27%] [32mBuilding CXX object CMakeFiles/realsense2_camera.dir/src/ros_utils.cpp.o[0m
[8.807s] [ 13%] [32mBuilding CXX object CMakeFiles/realsense2_camera_node.dir/rclcpp_components/node_main_realsense2_camera_node.cpp.o[0m
[8.807s] [ 31%] [32mBuilding CXX object gtest/CMakeFiles/gtest.dir/src/gtest-all.cc.o[0m
[8.808s] [ 40%] [32mBuilding CXX object CMakeFiles/realsense2_camera.dir/src/realsense_node_factory.cpp.o[0m
[8.809s] [ 40%] [32mBuilding CXX object CMakeFiles/realsense2_camera.dir/src/base_realsense_node.cpp.o[0m
[8.810s] [ 45%] [32mBuilding CXX object CMakeFiles/realsense2_camera.dir/src/sensor_params.cpp.o[0m
[8.817s] [ 50%] [32mBuilding CXX object CMakeFiles/realsense2_camera.dir/src/named_filter.cpp.o[0m
[8.817s] [ 54%] [32mBuilding CXX object CMakeFiles/realsense2_camera.dir/src/dynamic_params.cpp.o[0m
[9.769s] [ 59%] [32m[1mLinking CXX static library libgtest_main.a[0m
[9.857s] [ 59%] Built target gtest_main
[9.885s] [ 63%] [32mBuilding CXX object CMakeFiles/realsense2_camera.dir/src/profile_manager.cpp.o[0m
[13.867s] [ 68%] [32mBuilding CXX object CMakeFiles/realsense2_camera.dir/src/image_publisher.cpp.o[0m
[14.271s] [ 72%] [32m[1mLinking CXX executable realsense2_camera_node[0m
[14.493s] [ 72%] Built target realsense2_camera_node
[14.501s] [ 77%] [32mBuilding CXX object CMakeFiles/realsense2_camera.dir/src/tfs.cpp.o[0m
[14.927s] [ 81%] [32mBuilding CXX object CMakeFiles/realsense2_camera.dir/src/ros_param_backend.cpp.o[0m
[18.353s] [ 86%] [32m[1mLinking CXX static library libgtest.a[0m
[18.380s] [ 86%] Built target gtest
[18.399s] [ 90%] [32mBuilding CXX object CMakeFiles/gtest_template.dir/test/gtest_template.cpp.o[0m
[18.968s] [ 95%] [32m[1mLinking CXX executable gtest_template[0m
[19.043s] [ 95%] Built target gtest_template
[23.458s] [100%] [32m[1mLinking CXX shared library librealsense2_camera.so[0m
[23.786s] [100%] Built target realsense2_camera
[23.802s] Invoked command in '/home/williamfbx/SLAM/slam_ws/build/realsense2_camera' returned '0': AMENT_PREFIX_PATH=/home/williamfbx/SLAM/slam_ws/install/realsense2_camera_msgs:${AMENT_PREFIX_PATH} CMAKE_PREFIX_PATH=/home/williamfbx/SLAM/slam_ws/install/realsense2_camera_msgs:/opt/ros/humble LD_LIBRARY_PATH=/home/williamfbx/SLAM/slam_ws/install/realsense2_camera_msgs/lib:${LD_LIBRARY_PATH} PYTHONPATH=/home/williamfbx/SLAM/slam_ws/install/realsense2_camera_msgs/local/lib/python3.10/dist-packages:${PYTHONPATH} /usr/bin/cmake --build /home/williamfbx/SLAM/slam_ws/build/realsense2_camera -- -j12 -l12
[23.806s] Invoking command in '/home/williamfbx/SLAM/slam_ws/build/realsense2_camera': AMENT_PREFIX_PATH=/home/williamfbx/SLAM/slam_ws/install/realsense2_camera_msgs:${AMENT_PREFIX_PATH} CMAKE_PREFIX_PATH=/home/williamfbx/SLAM/slam_ws/install/realsense2_camera_msgs:/opt/ros/humble LD_LIBRARY_PATH=/home/williamfbx/SLAM/slam_ws/install/realsense2_camera_msgs/lib:${LD_LIBRARY_PATH} PYTHONPATH=/home/williamfbx/SLAM/slam_ws/install/realsense2_camera_msgs/local/lib/python3.10/dist-packages:${PYTHONPATH} /usr/bin/cmake --install /home/williamfbx/SLAM/slam_ws/build/realsense2_camera
[23.832s] -- Install configuration: "Release"
[23.832s] -- Installing: /home/williamfbx/SLAM/slam_ws/install/realsense2_camera/lib/realsense2_camera/realsense2_camera_node
[23.833s] -- Set runtime path of "/home/williamfbx/SLAM/slam_ws/install/realsense2_camera/lib/realsense2_camera/realsense2_camera_node" to ""
[23.833s] -- Installing: /home/williamfbx/SLAM/slam_ws/install/realsense2_camera/lib/librealsense2_camera.so
[23.836s] -- Set runtime path of "/home/williamfbx/SLAM/slam_ws/install/realsense2_camera/lib/librealsense2_camera.so" to ""
[23.836s] -- Installing: /home/williamfbx/SLAM/slam_ws/install/realsense2_camera/include
[23.836s] -- Installing: /home/williamfbx/SLAM/slam_ws/install/realsense2_camera/include/dynamic_params.h
[23.837s] -- Installing: /home/williamfbx/SLAM/slam_ws/install/realsense2_camera/include/realsense_node_factory.h
[23.837s] -- Installing: /home/williamfbx/SLAM/slam_ws/install/realsense2_camera/include/constants.h
[23.837s] -- Installing: /home/williamfbx/SLAM/slam_ws/install/realsense2_camera/include/named_filter.h
[23.837s] -- Installing: /home/williamfbx/SLAM/slam_ws/install/realsense2_camera/include/gl_window.h
[23.837s] -- Installing: /home/williamfbx/SLAM/slam_ws/install/realsense2_camera/include/image_publisher.h
[23.837s] -- Installing: /home/williamfbx/SLAM/slam_ws/install/realsense2_camera/include/ros_param_backend.h
[23.837s] -- Installing: /home/williamfbx/SLAM/slam_ws/install/realsense2_camera/include/sensor_params.h
[23.837s] -- Installing: /home/williamfbx/SLAM/slam_ws/install/realsense2_camera/include/base_realsense_node.h
[23.837s] -- Installing: /home/williamfbx/SLAM/slam_ws/install/realsense2_camera/include/ros_sensor.h
[23.837s] -- Installing: /home/williamfbx/SLAM/slam_ws/install/realsense2_camera/include/profile_manager.h
[23.838s] -- Installing: /home/williamfbx/SLAM/slam_ws/install/realsense2_camera/include/ros_utils.h
[23.838s] -- Installing: /home/williamfbx/SLAM/slam_ws/install/realsense2_camera/share/realsense2_camera/launch
[23.838s] -- Installing: /home/williamfbx/SLAM/slam_ws/install/realsense2_camera/share/realsense2_camera/launch/rs_multi_camera_launch.py
[23.838s] -- Installing: /home/williamfbx/SLAM/slam_ws/install/realsense2_camera/share/realsense2_camera/launch/rs_launch.py
[23.838s] -- Installing: /home/williamfbx/SLAM/slam_ws/install/realsense2_camera/share/realsense2_camera/launch/rs_intra_process_demo_launch.py
[23.839s] -- Installing: /home/williamfbx/SLAM/slam_ws/install/realsense2_camera/share/realsense2_camera/launch/default.rviz
[23.839s] -- Installing: /home/williamfbx/SLAM/slam_ws/install/realsense2_camera/share/realsense2_camera/examples
[23.839s] -- Installing: /home/williamfbx/SLAM/slam_ws/install/realsense2_camera/share/realsense2_camera/examples/align_depth
[23.839s] -- Installing: /home/williamfbx/SLAM/slam_ws/install/realsense2_camera/share/realsense2_camera/examples/align_depth/rs_align_depth_launch.py
[23.839s] -- Installing: /home/williamfbx/SLAM/slam_ws/install/realsense2_camera/share/realsense2_camera/examples/align_depth/README.md
[23.840s] -- Installing: /home/williamfbx/SLAM/slam_ws/install/realsense2_camera/share/realsense2_camera/examples/launch_from_rosbag
[23.840s] -- Installing: /home/williamfbx/SLAM/slam_ws/install/realsense2_camera/share/realsense2_camera/examples/launch_from_rosbag/rs_launch_from_rosbag.py
[23.840s] -- Installing: /home/williamfbx/SLAM/slam_ws/install/realsense2_camera/share/realsense2_camera/examples/launch_from_rosbag/README.md
[23.840s] -- Installing: /home/williamfbx/SLAM/slam_ws/install/realsense2_camera/share/realsense2_camera/examples/dual_camera
[23.840s] -- Installing: /home/williamfbx/SLAM/slam_ws/install/realsense2_camera/share/realsense2_camera/examples/dual_camera/rviz
[23.840s] -- Installing: /home/williamfbx/SLAM/slam_ws/install/realsense2_camera/share/realsense2_camera/examples/dual_camera/rviz/dual_camera_pointcloud.rviz
[23.841s] -- Installing: /home/williamfbx/SLAM/slam_ws/install/realsense2_camera/share/realsense2_camera/examples/dual_camera/rs_dual_camera_launch.py
[23.841s] -- Installing: /home/williamfbx/SLAM/slam_ws/install/realsense2_camera/share/realsense2_camera/examples/dual_camera/README.md
[23.841s] -- Installing: /home/williamfbx/SLAM/slam_ws/install/realsense2_camera/share/realsense2_camera/examples/pointcloud
[23.841s] -- Installing: /home/williamfbx/SLAM/slam_ws/install/realsense2_camera/share/realsense2_camera/examples/pointcloud/rviz
[23.841s] -- Installing: /home/williamfbx/SLAM/slam_ws/install/realsense2_camera/share/realsense2_camera/examples/pointcloud/rviz/urdf_pointcloud.rviz
[23.842s] -- Installing: /home/williamfbx/SLAM/slam_ws/install/realsense2_camera/share/realsense2_camera/examples/pointcloud/rviz/pointcloud.rviz
[23.842s] -- Installing: /home/williamfbx/SLAM/slam_ws/install/realsense2_camera/share/realsense2_camera/examples/pointcloud/rs_d405_pointcloud_launch.py
[23.842s] -- Installing: /home/williamfbx/SLAM/slam_ws/install/realsense2_camera/share/realsense2_camera/examples/pointcloud/rs_d455_pointcloud_launch.py
[23.842s] -- Installing: /home/williamfbx/SLAM/slam_ws/install/realsense2_camera/share/realsense2_camera/examples/pointcloud/README.md
[23.843s] -- Installing: /home/williamfbx/SLAM/slam_ws/install/realsense2_camera/share/realsense2_camera/examples/pointcloud/rs_pointcloud_launch.py
[23.843s] -- Installing: /home/williamfbx/SLAM/slam_ws/install/realsense2_camera/share/realsense2_camera/examples/launch_params_from_file
[23.843s] -- Installing: /home/williamfbx/SLAM/slam_ws/install/realsense2_camera/share/realsense2_camera/examples/launch_params_from_file/rs_launch_get_params_from_yaml.py
[23.843s] -- Installing: /home/williamfbx/SLAM/slam_ws/install/realsense2_camera/share/realsense2_camera/examples/launch_params_from_file/README.md
[23.844s] -- Installing: /home/williamfbx/SLAM/slam_ws/install/realsense2_camera/share/realsense2_camera/examples/launch_params_from_file/config
[23.844s] -- Installing: /home/williamfbx/SLAM/slam_ws/install/realsense2_camera/share/realsense2_camera/examples/launch_params_from_file/config/config.yaml
[23.844s] -- Installing: /home/williamfbx/SLAM/slam_ws/install/realsense2_camera/share/realsense2_camera/environment/library_path.sh
[23.844s] -- Installing: /home/williamfbx/SLAM/slam_ws/install/realsense2_camera/share/realsense2_camera/environment/library_path.dsv
[23.844s] -- Installing: /home/williamfbx/SLAM/slam_ws/install/realsense2_camera/share/ament_index/resource_index/package_run_dependencies/realsense2_camera
[23.844s] -- Installing: /home/williamfbx/SLAM/slam_ws/install/realsense2_camera/share/ament_index/resource_index/parent_prefix_path/realsense2_camera
[23.845s] -- Installing: /home/williamfbx/SLAM/slam_ws/install/realsense2_camera/share/realsense2_camera/environment/ament_prefix_path.sh
[23.845s] -- Installing: /home/williamfbx/SLAM/slam_ws/install/realsense2_camera/share/realsense2_camera/environment/ament_prefix_path.dsv
[23.845s] -- Installing: /home/williamfbx/SLAM/slam_ws/install/realsense2_camera/share/realsense2_camera/environment/path.sh
[23.845s] -- Installing: /home/williamfbx/SLAM/slam_ws/install/realsense2_camera/share/realsense2_camera/environment/path.dsv
[23.845s] -- Installing: /home/williamfbx/SLAM/slam_ws/install/realsense2_camera/share/realsense2_camera/local_setup.bash
[23.845s] -- Installing: /home/williamfbx/SLAM/slam_ws/install/realsense2_camera/share/realsense2_camera/local_setup.sh
[23.845s] -- Installing: /home/williamfbx/SLAM/slam_ws/install/realsense2_camera/share/realsense2_camera/local_setup.zsh
[23.845s] -- Installing: /home/williamfbx/SLAM/slam_ws/install/realsense2_camera/share/realsense2_camera/local_setup.dsv
[23.845s] -- Installing: /home/williamfbx/SLAM/slam_ws/install/realsense2_camera/share/realsense2_camera/package.dsv
[23.845s] -- Installing: /home/williamfbx/SLAM/slam_ws/install/realsense2_camera/share/ament_index/resource_index/packages/realsense2_camera
[23.846s] -- Installing: /home/williamfbx/SLAM/slam_ws/install/realsense2_camera/share/ament_index/resource_index/rclcpp_components/realsense2_camera
[23.846s] -- Installing: /home/williamfbx/SLAM/slam_ws/install/realsense2_camera/share/realsense2_camera/cmake/ament_cmake_export_include_directories-extras.cmake
[23.846s] -- Installing: /home/williamfbx/SLAM/slam_ws/install/realsense2_camera/share/realsense2_camera/cmake/ament_cmake_export_libraries-extras.cmake
[23.846s] -- Installing: /home/williamfbx/SLAM/slam_ws/install/realsense2_camera/share/realsense2_camera/cmake/ament_cmake_export_dependencies-extras.cmake
[23.846s] -- Installing: /home/williamfbx/SLAM/slam_ws/install/realsense2_camera/share/realsense2_camera/cmake/realsense2_cameraConfig.cmake
[23.846s] -- Installing: /home/williamfbx/SLAM/slam_ws/install/realsense2_camera/share/realsense2_camera/cmake/realsense2_cameraConfig-version.cmake
[23.846s] -- Installing: /home/williamfbx/SLAM/slam_ws/install/realsense2_camera/share/realsense2_camera/package.xml
[23.848s] Invoked command in '/home/williamfbx/SLAM/slam_ws/build/realsense2_camera' returned '0': AMENT_PREFIX_PATH=/home/williamfbx/SLAM/slam_ws/install/realsense2_camera_msgs:${AMENT_PREFIX_PATH} CMAKE_PREFIX_PATH=/home/williamfbx/SLAM/slam_ws/install/realsense2_camera_msgs:/opt/ros/humble LD_LIBRARY_PATH=/home/williamfbx/SLAM/slam_ws/install/realsense2_camera_msgs/lib:${LD_LIBRARY_PATH} PYTHONPATH=/home/williamfbx/SLAM/slam_ws/install/realsense2_camera_msgs/local/lib/python3.10/dist-packages:${PYTHONPATH} /usr/bin/cmake --install /home/williamfbx/SLAM/slam_ws/build/realsense2_camera
