[0.037s] Invoking command in '/home/williamfbx/SLAM/slam_ws/build/realsense2_camera': CMAKE_PREFIX_PATH=/home/williamfbx/SLAM/slam_ws/install/realsense2_camera_msgs:/home/williamfbx/SLAM/slam_ws/install/grid_map:/home/williamfbx/SLAM/slam_ws/install/grid_map_demos:/home/williamfbx/SLAM/slam_ws/install/grid_map_visualization:/home/williamfbx/SLAM/slam_ws/install/grid_map_sdf:/home/williamfbx/SLAM/slam_ws/install/grid_map_rviz_plugin:/home/williamfbx/SLAM/slam_ws/install/grid_map_pcl:/home/williamfbx/SLAM/slam_ws/install/grid_map_loader:/home/williamfbx/SLAM/slam_ws/install/grid_map_filters:/home/williamfbx/SLAM/slam_ws/install/grid_map_ros:/home/williamfbx/SLAM/slam_ws/install/grid_map_octomap:/home/williamfbx/SLAM/slam_ws/install/grid_map_msgs:/home/williamfbx/SLAM/slam_ws/install/grid_map_cv:/home/williamfbx/SLAM/slam_ws/install/grid_map_costmap_2d:/home/williamfbx/SLAM/slam_ws/install/grid_map_core:/home/williamfbx/SLAM/slam_ws/install/grid_map_cmake_helpers:/home/williamfbx/SLAM/slam_ws/install/visualization:/home/williamfbx/SLAM/slam_ws/install/launcher:/home/williamfbx/SLAM/slam_ws/install/sensing:/home/williamfbx/SLAM/slam_ws/install/realsense2_description:/home/williamfbx/SLAM/slam_ws/install/realsense2_camera:/home/williamfbx/SLAM/slam_ws/install/realsense:/home/williamfbx/SLAM/slam_ws/install/mapping:/home/williamfbx/SLAM/slam_ws/install/localization:/opt/ros/humble LD_LIBRARY_PATH=/home/williamfbx/SLAM/slam_ws/install/realsense2_camera_msgs/lib:/home/williamfbx/SLAM/slam_ws/install/grid_map_demos/lib:/home/williamfbx/SLAM/slam_ws/install/grid_map_visualization/lib:/home/williamfbx/SLAM/slam_ws/install/grid_map_sdf/lib:/home/williamfbx/SLAM/slam_ws/install/grid_map_rviz_plugin/lib:/home/williamfbx/SLAM/slam_ws/install/grid_map_pcl/lib:/home/williamfbx/SLAM/slam_ws/install/grid_map_loader/lib:/home/williamfbx/SLAM/slam_ws/install/grid_map_filters/lib:/home/williamfbx/SLAM/slam_ws/install/grid_map_ros/lib:/home/williamfbx/SLAM/slam_ws/install/grid_map_octomap/lib:/home/williamfbx/SLAM/slam_ws/install/grid_map_msgs/lib:/home/williamfbx/SLAM/slam_ws/install/grid_map_cv/lib:/home/williamfbx/SLAM/slam_ws/install/grid_map_costmap_2d/lib:/home/williamfbx/SLAM/slam_ws/install/grid_map_core/lib:/home/williamfbx/SLAM/slam_ws/install/realsense2_camera/lib:/usr/lib/x86_64-linux-gnu/gazebo-11/plugins:/opt/ros/humble/opt/rviz_ogre_vendor/lib:/opt/ros/humble/lib/x86_64-linux-gnu:/opt/ros/humble/lib /usr/bin/cmake --build /home/williamfbx/SLAM/slam_ws/build/realsense2_camera -- -j12 -l12
[0.084s] [  9%] Built target gtest_main
[0.088s] [ 18%] Built target gtest
[0.089s] [ 27%] Built target realsense2_camera_node
[0.103s] [ 90%] Built target realsense2_camera
[0.105s] [100%] Built target gtest_template
[0.129s] Invoked command in '/home/williamfbx/SLAM/slam_ws/build/realsense2_camera' returned '0': CMAKE_PREFIX_PATH=/home/williamfbx/SLAM/slam_ws/install/realsense2_camera_msgs:/home/williamfbx/SLAM/slam_ws/install/grid_map:/home/williamfbx/SLAM/slam_ws/install/grid_map_demos:/home/williamfbx/SLAM/slam_ws/install/grid_map_visualization:/home/williamfbx/SLAM/slam_ws/install/grid_map_sdf:/home/williamfbx/SLAM/slam_ws/install/grid_map_rviz_plugin:/home/williamfbx/SLAM/slam_ws/install/grid_map_pcl:/home/williamfbx/SLAM/slam_ws/install/grid_map_loader:/home/williamfbx/SLAM/slam_ws/install/grid_map_filters:/home/williamfbx/SLAM/slam_ws/install/grid_map_ros:/home/williamfbx/SLAM/slam_ws/install/grid_map_octomap:/home/williamfbx/SLAM/slam_ws/install/grid_map_msgs:/home/williamfbx/SLAM/slam_ws/install/grid_map_cv:/home/williamfbx/SLAM/slam_ws/install/grid_map_costmap_2d:/home/williamfbx/SLAM/slam_ws/install/grid_map_core:/home/williamfbx/SLAM/slam_ws/install/grid_map_cmake_helpers:/home/williamfbx/SLAM/slam_ws/install/visualization:/home/williamfbx/SLAM/slam_ws/install/launcher:/home/williamfbx/SLAM/slam_ws/install/sensing:/home/williamfbx/SLAM/slam_ws/install/realsense2_description:/home/williamfbx/SLAM/slam_ws/install/realsense2_camera:/home/williamfbx/SLAM/slam_ws/install/realsense:/home/williamfbx/SLAM/slam_ws/install/mapping:/home/williamfbx/SLAM/slam_ws/install/localization:/opt/ros/humble LD_LIBRARY_PATH=/home/williamfbx/SLAM/slam_ws/install/realsense2_camera_msgs/lib:/home/williamfbx/SLAM/slam_ws/install/grid_map_demos/lib:/home/williamfbx/SLAM/slam_ws/install/grid_map_visualization/lib:/home/williamfbx/SLAM/slam_ws/install/grid_map_sdf/lib:/home/williamfbx/SLAM/slam_ws/install/grid_map_rviz_plugin/lib:/home/williamfbx/SLAM/slam_ws/install/grid_map_pcl/lib:/home/williamfbx/SLAM/slam_ws/install/grid_map_loader/lib:/home/williamfbx/SLAM/slam_ws/install/grid_map_filters/lib:/home/williamfbx/SLAM/slam_ws/install/grid_map_ros/lib:/home/williamfbx/SLAM/slam_ws/install/grid_map_octomap/lib:/home/williamfbx/SLAM/slam_ws/install/grid_map_msgs/lib:/home/williamfbx/SLAM/slam_ws/install/grid_map_cv/lib:/home/williamfbx/SLAM/slam_ws/install/grid_map_costmap_2d/lib:/home/williamfbx/SLAM/slam_ws/install/grid_map_core/lib:/home/williamfbx/SLAM/slam_ws/install/realsense2_camera/lib:/usr/lib/x86_64-linux-gnu/gazebo-11/plugins:/opt/ros/humble/opt/rviz_ogre_vendor/lib:/opt/ros/humble/lib/x86_64-linux-gnu:/opt/ros/humble/lib /usr/bin/cmake --build /home/williamfbx/SLAM/slam_ws/build/realsense2_camera -- -j12 -l12
[0.130s] Invoking command in '/home/williamfbx/SLAM/slam_ws/build/realsense2_camera': CMAKE_PREFIX_PATH=/home/williamfbx/SLAM/slam_ws/install/realsense2_camera_msgs:/home/williamfbx/SLAM/slam_ws/install/grid_map:/home/williamfbx/SLAM/slam_ws/install/grid_map_demos:/home/williamfbx/SLAM/slam_ws/install/grid_map_visualization:/home/williamfbx/SLAM/slam_ws/install/grid_map_sdf:/home/williamfbx/SLAM/slam_ws/install/grid_map_rviz_plugin:/home/williamfbx/SLAM/slam_ws/install/grid_map_pcl:/home/williamfbx/SLAM/slam_ws/install/grid_map_loader:/home/williamfbx/SLAM/slam_ws/install/grid_map_filters:/home/williamfbx/SLAM/slam_ws/install/grid_map_ros:/home/williamfbx/SLAM/slam_ws/install/grid_map_octomap:/home/williamfbx/SLAM/slam_ws/install/grid_map_msgs:/home/williamfbx/SLAM/slam_ws/install/grid_map_cv:/home/williamfbx/SLAM/slam_ws/install/grid_map_costmap_2d:/home/williamfbx/SLAM/slam_ws/install/grid_map_core:/home/williamfbx/SLAM/slam_ws/install/grid_map_cmake_helpers:/home/williamfbx/SLAM/slam_ws/install/visualization:/home/williamfbx/SLAM/slam_ws/install/launcher:/home/williamfbx/SLAM/slam_ws/install/sensing:/home/williamfbx/SLAM/slam_ws/install/realsense2_description:/home/williamfbx/SLAM/slam_ws/install/realsense2_camera:/home/williamfbx/SLAM/slam_ws/install/realsense:/home/williamfbx/SLAM/slam_ws/install/mapping:/home/williamfbx/SLAM/slam_ws/install/localization:/opt/ros/humble LD_LIBRARY_PATH=/home/williamfbx/SLAM/slam_ws/install/realsense2_camera_msgs/lib:/home/williamfbx/SLAM/slam_ws/install/grid_map_demos/lib:/home/williamfbx/SLAM/slam_ws/install/grid_map_visualization/lib:/home/williamfbx/SLAM/slam_ws/install/grid_map_sdf/lib:/home/williamfbx/SLAM/slam_ws/install/grid_map_rviz_plugin/lib:/home/williamfbx/SLAM/slam_ws/install/grid_map_pcl/lib:/home/williamfbx/SLAM/slam_ws/install/grid_map_loader/lib:/home/williamfbx/SLAM/slam_ws/install/grid_map_filters/lib:/home/williamfbx/SLAM/slam_ws/install/grid_map_ros/lib:/home/williamfbx/SLAM/slam_ws/install/grid_map_octomap/lib:/home/williamfbx/SLAM/slam_ws/install/grid_map_msgs/lib:/home/williamfbx/SLAM/slam_ws/install/grid_map_cv/lib:/home/williamfbx/SLAM/slam_ws/install/grid_map_costmap_2d/lib:/home/williamfbx/SLAM/slam_ws/install/grid_map_core/lib:/home/williamfbx/SLAM/slam_ws/install/realsense2_camera/lib:/usr/lib/x86_64-linux-gnu/gazebo-11/plugins:/opt/ros/humble/opt/rviz_ogre_vendor/lib:/opt/ros/humble/lib/x86_64-linux-gnu:/opt/ros/humble/lib /usr/bin/cmake --install /home/williamfbx/SLAM/slam_ws/build/realsense2_camera
[0.136s] -- Install configuration: "Release"
[0.136s] -- Up-to-date: /home/williamfbx/SLAM/slam_ws/install/realsense2_camera/lib/realsense2_camera/realsense2_camera_node
[0.136s] -- Up-to-date: /home/williamfbx/SLAM/slam_ws/install/realsense2_camera/lib/librealsense2_camera.so
[0.136s] -- Up-to-date: /home/williamfbx/SLAM/slam_ws/install/realsense2_camera/include
[0.136s] -- Up-to-date: /home/williamfbx/SLAM/slam_ws/install/realsense2_camera/include/dynamic_params.h
[0.136s] -- Up-to-date: /home/williamfbx/SLAM/slam_ws/install/realsense2_camera/include/realsense_node_factory.h
[0.137s] -- Up-to-date: /home/williamfbx/SLAM/slam_ws/install/realsense2_camera/include/constants.h
[0.137s] -- Up-to-date: /home/williamfbx/SLAM/slam_ws/install/realsense2_camera/include/named_filter.h
[0.137s] -- Up-to-date: /home/williamfbx/SLAM/slam_ws/install/realsense2_camera/include/gl_window.h
[0.137s] -- Up-to-date: /home/williamfbx/SLAM/slam_ws/install/realsense2_camera/include/image_publisher.h
[0.137s] -- Up-to-date: /home/williamfbx/SLAM/slam_ws/install/realsense2_camera/include/ros_param_backend.h
[0.137s] -- Up-to-date: /home/williamfbx/SLAM/slam_ws/install/realsense2_camera/include/sensor_params.h
[0.137s] -- Up-to-date: /home/williamfbx/SLAM/slam_ws/install/realsense2_camera/include/base_realsense_node.h
[0.137s] -- Up-to-date: /home/williamfbx/SLAM/slam_ws/install/realsense2_camera/include/ros_sensor.h
[0.137s] -- Up-to-date: /home/williamfbx/SLAM/slam_ws/install/realsense2_camera/include/profile_manager.h
[0.137s] -- Up-to-date: /home/williamfbx/SLAM/slam_ws/install/realsense2_camera/include/ros_utils.h
[0.138s] -- Up-to-date: /home/williamfbx/SLAM/slam_ws/install/realsense2_camera/share/realsense2_camera/launch
[0.138s] -- Up-to-date: /home/williamfbx/SLAM/slam_ws/install/realsense2_camera/share/realsense2_camera/launch/rs_multi_camera_launch.py
[0.138s] -- Up-to-date: /home/williamfbx/SLAM/slam_ws/install/realsense2_camera/share/realsense2_camera/launch/rs_launch.py
[0.138s] -- Up-to-date: /home/williamfbx/SLAM/slam_ws/install/realsense2_camera/share/realsense2_camera/launch/rs_intra_process_demo_launch.py
[0.138s] -- Up-to-date: /home/williamfbx/SLAM/slam_ws/install/realsense2_camera/share/realsense2_camera/launch/default.rviz
[0.138s] -- Up-to-date: /home/williamfbx/SLAM/slam_ws/install/realsense2_camera/share/realsense2_camera/examples
[0.138s] -- Up-to-date: /home/williamfbx/SLAM/slam_ws/install/realsense2_camera/share/realsense2_camera/examples/align_depth
[0.138s] -- Up-to-date: /home/williamfbx/SLAM/slam_ws/install/realsense2_camera/share/realsense2_camera/examples/align_depth/rs_align_depth_launch.py
[0.138s] -- Up-to-date: /home/williamfbx/SLAM/slam_ws/install/realsense2_camera/share/realsense2_camera/examples/align_depth/README.md
[0.138s] -- Up-to-date: /home/williamfbx/SLAM/slam_ws/install/realsense2_camera/share/realsense2_camera/examples/launch_from_rosbag
[0.139s] -- Up-to-date: /home/williamfbx/SLAM/slam_ws/install/realsense2_camera/share/realsense2_camera/examples/launch_from_rosbag/rs_launch_from_rosbag.py
[0.139s] -- Up-to-date: /home/williamfbx/SLAM/slam_ws/install/realsense2_camera/share/realsense2_camera/examples/launch_from_rosbag/README.md
[0.139s] -- Up-to-date: /home/williamfbx/SLAM/slam_ws/install/realsense2_camera/share/realsense2_camera/examples/dual_camera
[0.139s] -- Up-to-date: /home/williamfbx/SLAM/slam_ws/install/realsense2_camera/share/realsense2_camera/examples/dual_camera/rviz
[0.139s] -- Up-to-date: /home/williamfbx/SLAM/slam_ws/install/realsense2_camera/share/realsense2_camera/examples/dual_camera/rviz/dual_camera_pointcloud.rviz
[0.139s] -- Up-to-date: /home/williamfbx/SLAM/slam_ws/install/realsense2_camera/share/realsense2_camera/examples/dual_camera/rs_dual_camera_launch.py
[0.139s] -- Up-to-date: /home/williamfbx/SLAM/slam_ws/install/realsense2_camera/share/realsense2_camera/examples/dual_camera/README.md
[0.139s] -- Up-to-date: /home/williamfbx/SLAM/slam_ws/install/realsense2_camera/share/realsense2_camera/examples/pointcloud
[0.139s] -- Up-to-date: /home/williamfbx/SLAM/slam_ws/install/realsense2_camera/share/realsense2_camera/examples/pointcloud/rviz
[0.139s] -- Up-to-date: /home/williamfbx/SLAM/slam_ws/install/realsense2_camera/share/realsense2_camera/examples/pointcloud/rviz/urdf_pointcloud.rviz
[0.140s] -- Up-to-date: /home/williamfbx/SLAM/slam_ws/install/realsense2_camera/share/realsense2_camera/examples/pointcloud/rviz/pointcloud.rviz
[0.140s] -- Up-to-date: /home/williamfbx/SLAM/slam_ws/install/realsense2_camera/share/realsense2_camera/examples/pointcloud/rs_d405_pointcloud_launch.py
[0.140s] -- Up-to-date: /home/williamfbx/SLAM/slam_ws/install/realsense2_camera/share/realsense2_camera/examples/pointcloud/rs_d455_pointcloud_launch.py
[0.140s] -- Up-to-date: /home/williamfbx/SLAM/slam_ws/install/realsense2_camera/share/realsense2_camera/examples/pointcloud/README.md
[0.140s] -- Up-to-date: /home/williamfbx/SLAM/slam_ws/install/realsense2_camera/share/realsense2_camera/examples/pointcloud/rs_pointcloud_launch.py
[0.140s] -- Up-to-date: /home/williamfbx/SLAM/slam_ws/install/realsense2_camera/share/realsense2_camera/examples/launch_params_from_file
[0.140s] -- Up-to-date: /home/williamfbx/SLAM/slam_ws/install/realsense2_camera/share/realsense2_camera/examples/launch_params_from_file/rs_launch_get_params_from_yaml.py
[0.140s] -- Up-to-date: /home/williamfbx/SLAM/slam_ws/install/realsense2_camera/share/realsense2_camera/examples/launch_params_from_file/README.md
[0.140s] -- Up-to-date: /home/williamfbx/SLAM/slam_ws/install/realsense2_camera/share/realsense2_camera/examples/launch_params_from_file/config
[0.140s] -- Up-to-date: /home/williamfbx/SLAM/slam_ws/install/realsense2_camera/share/realsense2_camera/examples/launch_params_from_file/config/config.yaml
[0.141s] -- Up-to-date: /home/williamfbx/SLAM/slam_ws/install/realsense2_camera/share/realsense2_camera/environment/library_path.sh
[0.141s] -- Up-to-date: /home/williamfbx/SLAM/slam_ws/install/realsense2_camera/share/realsense2_camera/environment/library_path.dsv
[0.141s] -- Up-to-date: /home/williamfbx/SLAM/slam_ws/install/realsense2_camera/share/ament_index/resource_index/package_run_dependencies/realsense2_camera
[0.141s] -- Up-to-date: /home/williamfbx/SLAM/slam_ws/install/realsense2_camera/share/ament_index/resource_index/parent_prefix_path/realsense2_camera
[0.141s] -- Up-to-date: /home/williamfbx/SLAM/slam_ws/install/realsense2_camera/share/realsense2_camera/environment/ament_prefix_path.sh
[0.141s] -- Up-to-date: /home/williamfbx/SLAM/slam_ws/install/realsense2_camera/share/realsense2_camera/environment/ament_prefix_path.dsv
[0.141s] -- Up-to-date: /home/williamfbx/SLAM/slam_ws/install/realsense2_camera/share/realsense2_camera/environment/path.sh
[0.141s] -- Up-to-date: /home/williamfbx/SLAM/slam_ws/install/realsense2_camera/share/realsense2_camera/environment/path.dsv
[0.141s] -- Up-to-date: /home/williamfbx/SLAM/slam_ws/install/realsense2_camera/share/realsense2_camera/local_setup.bash
[0.141s] -- Up-to-date: /home/williamfbx/SLAM/slam_ws/install/realsense2_camera/share/realsense2_camera/local_setup.sh
[0.141s] -- Up-to-date: /home/williamfbx/SLAM/slam_ws/install/realsense2_camera/share/realsense2_camera/local_setup.zsh
[0.141s] -- Up-to-date: /home/williamfbx/SLAM/slam_ws/install/realsense2_camera/share/realsense2_camera/local_setup.dsv
[0.141s] -- Installing: /home/williamfbx/SLAM/slam_ws/install/realsense2_camera/share/realsense2_camera/package.dsv
[0.141s] -- Up-to-date: /home/williamfbx/SLAM/slam_ws/install/realsense2_camera/share/ament_index/resource_index/packages/realsense2_camera
[0.141s] -- Up-to-date: /home/williamfbx/SLAM/slam_ws/install/realsense2_camera/share/ament_index/resource_index/rclcpp_components/realsense2_camera
[0.141s] -- Up-to-date: /home/williamfbx/SLAM/slam_ws/install/realsense2_camera/share/realsense2_camera/cmake/ament_cmake_export_include_directories-extras.cmake
[0.141s] -- Up-to-date: /home/williamfbx/SLAM/slam_ws/install/realsense2_camera/share/realsense2_camera/cmake/ament_cmake_export_libraries-extras.cmake
[0.141s] -- Up-to-date: /home/williamfbx/SLAM/slam_ws/install/realsense2_camera/share/realsense2_camera/cmake/ament_cmake_export_dependencies-extras.cmake
[0.141s] -- Up-to-date: /home/williamfbx/SLAM/slam_ws/install/realsense2_camera/share/realsense2_camera/cmake/realsense2_cameraConfig.cmake
[0.141s] -- Up-to-date: /home/williamfbx/SLAM/slam_ws/install/realsense2_camera/share/realsense2_camera/cmake/realsense2_cameraConfig-version.cmake
[0.141s] -- Up-to-date: /home/williamfbx/SLAM/slam_ws/install/realsense2_camera/share/realsense2_camera/package.xml
[0.142s] Invoked command in '/home/williamfbx/SLAM/slam_ws/build/realsense2_camera' returned '0': CMAKE_PREFIX_PATH=/home/williamfbx/SLAM/slam_ws/install/realsense2_camera_msgs:/home/williamfbx/SLAM/slam_ws/install/grid_map:/home/williamfbx/SLAM/slam_ws/install/grid_map_demos:/home/williamfbx/SLAM/slam_ws/install/grid_map_visualization:/home/williamfbx/SLAM/slam_ws/install/grid_map_sdf:/home/williamfbx/SLAM/slam_ws/install/grid_map_rviz_plugin:/home/williamfbx/SLAM/slam_ws/install/grid_map_pcl:/home/williamfbx/SLAM/slam_ws/install/grid_map_loader:/home/williamfbx/SLAM/slam_ws/install/grid_map_filters:/home/williamfbx/SLAM/slam_ws/install/grid_map_ros:/home/williamfbx/SLAM/slam_ws/install/grid_map_octomap:/home/williamfbx/SLAM/slam_ws/install/grid_map_msgs:/home/williamfbx/SLAM/slam_ws/install/grid_map_cv:/home/williamfbx/SLAM/slam_ws/install/grid_map_costmap_2d:/home/williamfbx/SLAM/slam_ws/install/grid_map_core:/home/williamfbx/SLAM/slam_ws/install/grid_map_cmake_helpers:/home/williamfbx/SLAM/slam_ws/install/visualization:/home/williamfbx/SLAM/slam_ws/install/launcher:/home/williamfbx/SLAM/slam_ws/install/sensing:/home/williamfbx/SLAM/slam_ws/install/realsense2_description:/home/williamfbx/SLAM/slam_ws/install/realsense2_camera:/home/williamfbx/SLAM/slam_ws/install/realsense:/home/williamfbx/SLAM/slam_ws/install/mapping:/home/williamfbx/SLAM/slam_ws/install/localization:/opt/ros/humble LD_LIBRARY_PATH=/home/williamfbx/SLAM/slam_ws/install/realsense2_camera_msgs/lib:/home/williamfbx/SLAM/slam_ws/install/grid_map_demos/lib:/home/williamfbx/SLAM/slam_ws/install/grid_map_visualization/lib:/home/williamfbx/SLAM/slam_ws/install/grid_map_sdf/lib:/home/williamfbx/SLAM/slam_ws/install/grid_map_rviz_plugin/lib:/home/williamfbx/SLAM/slam_ws/install/grid_map_pcl/lib:/home/williamfbx/SLAM/slam_ws/install/grid_map_loader/lib:/home/williamfbx/SLAM/slam_ws/install/grid_map_filters/lib:/home/williamfbx/SLAM/slam_ws/install/grid_map_ros/lib:/home/williamfbx/SLAM/slam_ws/install/grid_map_octomap/lib:/home/williamfbx/SLAM/slam_ws/install/grid_map_msgs/lib:/home/williamfbx/SLAM/slam_ws/install/grid_map_cv/lib:/home/williamfbx/SLAM/slam_ws/install/grid_map_costmap_2d/lib:/home/williamfbx/SLAM/slam_ws/install/grid_map_core/lib:/home/williamfbx/SLAM/slam_ws/install/realsense2_camera/lib:/usr/lib/x86_64-linux-gnu/gazebo-11/plugins:/opt/ros/humble/opt/rviz_ogre_vendor/lib:/opt/ros/humble/lib/x86_64-linux-gnu:/opt/ros/humble/lib /usr/bin/cmake --install /home/williamfbx/SLAM/slam_ws/build/realsense2_camera
