[0.009s] Invoking command in '/home/williamfbx/SLAM/slam_ws/build/grid_map_core': AMENT_PREFIX_PATH=/home/williamfbx/SLAM/slam_ws/install/grid_map_cmake_helpers:${AMENT_PREFIX_PATH} CMAKE_PREFIX_PATH=/home/williamfbx/SLAM/slam_ws/install/grid_map_cmake_helpers:/home/williamfbx/SLAM/slam_ws/install/visualization:/home/williamfbx/SLAM/slam_ws/install/launcher:/home/williamfbx/SLAM/slam_ws/install/sensing:/home/williamfbx/SLAM/slam_ws/install/realsense2_description:/home/williamfbx/SLAM/slam_ws/install/realsense2_camera:/home/williamfbx/SLAM/slam_ws/install/realsense2_camera_msgs:/home/williamfbx/SLAM/slam_ws/install/realsense:/home/williamfbx/SLAM/slam_ws/install/mapping:/home/williamfbx/SLAM/slam_ws/install/localization:/opt/ros/humble /usr/bin/cmake /home/williamfbx/SLAM/slam_ws/src/drivers/grid_map/grid_map_core -DCMAKE_INSTALL_PREFIX=/home/williamfbx/SLAM/slam_ws/install/grid_map_core
[0.051s] -- The C compiler identification is GNU 11.4.0
[0.094s] -- The CXX compiler identification is GNU 11.4.0
[0.099s] -- Detecting C compiler ABI info
[0.156s] -- Detecting C compiler ABI info - done
[0.161s] -- Check for working C compiler: /usr/bin/cc - skipped
[0.161s] -- Detecting C compile features
[0.161s] -- Detecting C compile features - done
[0.164s] -- Detecting CXX compiler ABI info
[0.238s] -- Detecting CXX compiler ABI info - done
[0.245s] -- Check for working CXX compiler: /usr/bin/c++ - skipped
[0.245s] -- Detecting CXX compile features
[0.245s] -- Detecting CXX compile features - done
[0.247s] -- Found ament_cmake: 1.3.11 (/opt/ros/humble/share/ament_cmake/cmake)
[0.366s] -- Found Python3: /usr/bin/python3 (found version "3.10.12") found components: Interpreter 
[0.441s] -- Found grid_map_cmake_helpers: 2.0.1 (/home/williamfbx/SLAM/slam_ws/install/grid_map_cmake_helpers/share/grid_map_cmake_helpers/cmake)
[0.443s] -- Setting build type to Release as none was specified.
[0.444s] -- Found ament_lint_auto: 0.12.11 (/opt/ros/humble/share/ament_lint_auto/cmake)
[0.519s] -- Found gtest sources under '/opt/ros/humble/src/gtest_vendor': C++ tests using 'Google Test' will be built
[0.521s] -- Looking for pthread.h
[0.587s] -- Looking for pthread.h - found
[0.587s] -- Performing Test CMAKE_HAVE_LIBC_PTHREAD
[0.651s] -- Performing Test CMAKE_HAVE_LIBC_PTHREAD - Success
[0.653s] -- Found Threads: TRUE  
[0.659s] -- Added test 'cppcheck' to perform static code analysis on C / C++ code
[0.659s] -- Configured cppcheck include dirs: $<BUILD_INTERFACE:/home/williamfbx/SLAM/slam_ws/src/drivers/grid_map/grid_map_core/include>
[0.659s] -- Configured cppcheck exclude dirs and/or files: 
[0.660s] -- Added test 'lint_cmake' to check CMake code style
[0.662s] -- Added test 'uncrustify' to check C / C++ code style
[0.662s] -- Configured uncrustify additional arguments: 
[0.663s] -- Added test 'xmllint' to check XML markup files
[0.665s] -- Configuring done
[0.671s] -- Generating done
[0.674s] -- Build files have been written to: /home/williamfbx/SLAM/slam_ws/build/grid_map_core
[0.678s] Invoked command in '/home/williamfbx/SLAM/slam_ws/build/grid_map_core' returned '0': AMENT_PREFIX_PATH=/home/williamfbx/SLAM/slam_ws/install/grid_map_cmake_helpers:${AMENT_PREFIX_PATH} CMAKE_PREFIX_PATH=/home/williamfbx/SLAM/slam_ws/install/grid_map_cmake_helpers:/home/williamfbx/SLAM/slam_ws/install/visualization:/home/williamfbx/SLAM/slam_ws/install/launcher:/home/williamfbx/SLAM/slam_ws/install/sensing:/home/williamfbx/SLAM/slam_ws/install/realsense2_description:/home/williamfbx/SLAM/slam_ws/install/realsense2_camera:/home/williamfbx/SLAM/slam_ws/install/realsense2_camera_msgs:/home/williamfbx/SLAM/slam_ws/install/realsense:/home/williamfbx/SLAM/slam_ws/install/mapping:/home/williamfbx/SLAM/slam_ws/install/localization:/opt/ros/humble /usr/bin/cmake /home/williamfbx/SLAM/slam_ws/src/drivers/grid_map/grid_map_core -DCMAKE_INSTALL_PREFIX=/home/williamfbx/SLAM/slam_ws/install/grid_map_core
[0.678s] Invoking command in '/home/williamfbx/SLAM/slam_ws/build/grid_map_core': AMENT_PREFIX_PATH=/home/williamfbx/SLAM/slam_ws/install/grid_map_cmake_helpers:${AMENT_PREFIX_PATH} CMAKE_PREFIX_PATH=/home/williamfbx/SLAM/slam_ws/install/grid_map_cmake_helpers:/home/williamfbx/SLAM/slam_ws/install/visualization:/home/williamfbx/SLAM/slam_ws/install/launcher:/home/williamfbx/SLAM/slam_ws/install/sensing:/home/williamfbx/SLAM/slam_ws/install/realsense2_description:/home/williamfbx/SLAM/slam_ws/install/realsense2_camera:/home/williamfbx/SLAM/slam_ws/install/realsense2_camera_msgs:/home/williamfbx/SLAM/slam_ws/install/realsense:/home/williamfbx/SLAM/slam_ws/install/mapping:/home/williamfbx/SLAM/slam_ws/install/localization:/opt/ros/humble /usr/bin/cmake --build /home/williamfbx/SLAM/slam_ws/build/grid_map_core -- -j12 -l12
[0.721s] [ 11%] [32mBuilding CXX object CMakeFiles/grid_map_core.dir/src/SubmapGeometry.cpp.o[0m
[0.721s] [ 11%] [32mBuilding CXX object CMakeFiles/grid_map_core.dir/src/GridMapMath.cpp.o[0m
[0.721s] [ 11%] [32mBuilding CXX object CMakeFiles/grid_map_core.dir/src/GridMap.cpp.o[0m
[0.721s] [ 14%] [32mBuilding CXX object CMakeFiles/grid_map_core.dir/src/CubicInterpolation.cpp.o[0m
[0.722s] [ 20%] [32mBuilding CXX object CMakeFiles/grid_map_core.dir/src/BufferRegion.cpp.o[0m
[0.722s] [ 20%] [32mBuilding CXX object CMakeFiles/grid_map_core.dir/src/iterators/GridMapIterator.cpp.o[0m
[0.722s] [ 11%] [32mBuilding CXX object CMakeFiles/grid_map_core.dir/src/Polygon.cpp.o[0m
[0.722s] [ 22%] [32mBuilding CXX object gtest/CMakeFiles/gtest.dir/src/gtest-all.cc.o[0m
[0.726s] [ 25%] [32mBuilding CXX object CMakeFiles/grid_map_core.dir/src/iterators/SubmapIterator.cpp.o[0m
[0.726s] [ 28%] [32mBuilding CXX object CMakeFiles/grid_map_core.dir/src/iterators/EllipseIterator.cpp.o[0m
[0.726s] [ 31%] [32mBuilding CXX object CMakeFiles/grid_map_core.dir/src/iterators/CircleIterator.cpp.o[0m
[0.728s] [ 34%] [32mBuilding CXX object gtest/CMakeFiles/gtest_main.dir/src/gtest_main.cc.o[0m
[2.272s] [ 37%] [32m[1mLinking CXX static library libgtest_main.a[0m
[2.305s] [ 40%] [32mBuilding CXX object CMakeFiles/grid_map_core.dir/src/iterators/SpiralIterator.cpp.o[0m
[2.322s] [ 42%] [32mBuilding CXX object CMakeFiles/grid_map_core.dir/src/iterators/PolygonIterator.cpp.o[0m
[2.327s] [ 42%] Built target gtest_main
[2.339s] [ 45%] [32mBuilding CXX object CMakeFiles/grid_map_core.dir/src/iterators/SlidingWindowIterator.cpp.o[0m
[2.344s] [ 48%] [32mBuilding CXX object CMakeFiles/grid_map_core.dir/src/iterators/LineIterator.cpp.o[0m
[8.525s] [ 51%] [32m[1mLinking CXX static library libgtest.a[0m
[8.561s] [ 51%] Built target gtest
[8.687s] [ 54%] [32m[1mLinking CXX static library libgrid_map_core.a[0m
[8.718s] [ 54%] Built target grid_map_core
[8.739s] [ 62%] [32mBuilding CXX object CMakeFiles/grid_map_core-test.dir/test/CubicInterpolationTest.cpp.o[0m
[8.739s] [ 62%] [32mBuilding CXX object CMakeFiles/grid_map_core-test.dir/test/test_helpers.cpp.o[0m
[8.739s] [ 65%] [32mBuilding CXX object CMakeFiles/grid_map_core-test.dir/test/GridMapMathTest.cpp.o[0m
[8.739s] [ 68%] [32mBuilding CXX object CMakeFiles/grid_map_core-test.dir/test/GridMapIteratorTest.cpp.o[0m
[8.739s] [ 62%] [32mBuilding CXX object CMakeFiles/grid_map_core-test.dir/test/CubicConvolutionInterpolationTest.cpp.o[0m
[8.739s] [ 71%] [32mBuilding CXX object CMakeFiles/grid_map_core-test.dir/test/EllipseIteratorTest.cpp.o[0m
[8.740s] [ 74%] [32mBuilding CXX object CMakeFiles/grid_map_core-test.dir/test/test_grid_map_core.cpp.o[0m
[8.741s] [ 80%] [32mBuilding CXX object CMakeFiles/grid_map_core-test.dir/test/GridMapTest.cpp.o[0m
[8.741s] [ 80%] [32mBuilding CXX object CMakeFiles/grid_map_core-test.dir/test/LineIteratorTest.cpp.o[0m
[8.742s] [ 82%] [32mBuilding CXX object CMakeFiles/grid_map_core-test.dir/test/PolygonIteratorTest.cpp.o[0m
[8.742s] [ 85%] [32mBuilding CXX object CMakeFiles/grid_map_core-test.dir/test/SubmapIteratorTest.cpp.o[0m
[8.745s] [ 88%] [32mBuilding CXX object CMakeFiles/grid_map_core-test.dir/test/PolygonTest.cpp.o[0m
[10.155s] [ 91%] [32mBuilding CXX object CMakeFiles/grid_map_core-test.dir/test/EigenPluginsTest.cpp.o[0m
[11.635s] [ 94%] [32mBuilding CXX object CMakeFiles/grid_map_core-test.dir/test/SpiralIteratorTest.cpp.o[0m
[11.767s] [ 97%] [32mBuilding CXX object CMakeFiles/grid_map_core-test.dir/test/SlidingWindowIteratorTest.cpp.o[0m
[14.922s] [100%] [32m[1mLinking CXX executable grid_map_core-test[0m
[15.028s] [100%] Built target grid_map_core-test
[15.038s] Invoked command in '/home/williamfbx/SLAM/slam_ws/build/grid_map_core' returned '0': AMENT_PREFIX_PATH=/home/williamfbx/SLAM/slam_ws/install/grid_map_cmake_helpers:${AMENT_PREFIX_PATH} CMAKE_PREFIX_PATH=/home/williamfbx/SLAM/slam_ws/install/grid_map_cmake_helpers:/home/williamfbx/SLAM/slam_ws/install/visualization:/home/williamfbx/SLAM/slam_ws/install/launcher:/home/williamfbx/SLAM/slam_ws/install/sensing:/home/williamfbx/SLAM/slam_ws/install/realsense2_description:/home/williamfbx/SLAM/slam_ws/install/realsense2_camera:/home/williamfbx/SLAM/slam_ws/install/realsense2_camera_msgs:/home/williamfbx/SLAM/slam_ws/install/realsense:/home/williamfbx/SLAM/slam_ws/install/mapping:/home/williamfbx/SLAM/slam_ws/install/localization:/opt/ros/humble /usr/bin/cmake --build /home/williamfbx/SLAM/slam_ws/build/grid_map_core -- -j12 -l12
[15.039s] Invoking command in '/home/williamfbx/SLAM/slam_ws/build/grid_map_core': AMENT_PREFIX_PATH=/home/williamfbx/SLAM/slam_ws/install/grid_map_cmake_helpers:${AMENT_PREFIX_PATH} CMAKE_PREFIX_PATH=/home/williamfbx/SLAM/slam_ws/install/grid_map_cmake_helpers:/home/williamfbx/SLAM/slam_ws/install/visualization:/home/williamfbx/SLAM/slam_ws/install/launcher:/home/williamfbx/SLAM/slam_ws/install/sensing:/home/williamfbx/SLAM/slam_ws/install/realsense2_description:/home/williamfbx/SLAM/slam_ws/install/realsense2_camera:/home/williamfbx/SLAM/slam_ws/install/realsense2_camera_msgs:/home/williamfbx/SLAM/slam_ws/install/realsense:/home/williamfbx/SLAM/slam_ws/install/mapping:/home/williamfbx/SLAM/slam_ws/install/localization:/opt/ros/humble /usr/bin/cmake --install /home/williamfbx/SLAM/slam_ws/build/grid_map_core
[15.044s] -- Install configuration: "Release"
[15.045s] -- Installing: /home/williamfbx/SLAM/slam_ws/install/grid_map_core/lib/libgrid_map_core.a
[15.045s] -- Installing: /home/williamfbx/SLAM/slam_ws/install/grid_map_core/include/grid_map_core
[15.045s] -- Installing: /home/williamfbx/SLAM/slam_ws/install/grid_map_core/include/grid_map_core/grid_map_core
[15.045s] -- Installing: /home/williamfbx/SLAM/slam_ws/install/grid_map_core/include/grid_map_core/grid_map_core/grid_map_core.hpp
[15.045s] -- Installing: /home/williamfbx/SLAM/slam_ws/install/grid_map_core/include/grid_map_core/grid_map_core/GridMapMath.hpp
[15.045s] -- Installing: /home/williamfbx/SLAM/slam_ws/install/grid_map_core/include/grid_map_core/grid_map_core/Polygon.hpp
[15.045s] -- Installing: /home/williamfbx/SLAM/slam_ws/install/grid_map_core/include/grid_map_core/grid_map_core/iterators
[15.045s] -- Installing: /home/williamfbx/SLAM/slam_ws/install/grid_map_core/include/grid_map_core/grid_map_core/iterators/EllipseIterator.hpp
[15.045s] -- Installing: /home/williamfbx/SLAM/slam_ws/install/grid_map_core/include/grid_map_core/grid_map_core/iterators/SubmapIterator.hpp
[15.045s] -- Installing: /home/williamfbx/SLAM/slam_ws/install/grid_map_core/include/grid_map_core/grid_map_core/iterators/SlidingWindowIterator.hpp
[15.045s] -- Installing: /home/williamfbx/SLAM/slam_ws/install/grid_map_core/include/grid_map_core/grid_map_core/iterators/LineIterator.hpp
[15.045s] -- Installing: /home/williamfbx/SLAM/slam_ws/install/grid_map_core/include/grid_map_core/grid_map_core/iterators/iterators.hpp
[15.045s] -- Installing: /home/williamfbx/SLAM/slam_ws/install/grid_map_core/include/grid_map_core/grid_map_core/iterators/CircleIterator.hpp
[15.045s] -- Installing: /home/williamfbx/SLAM/slam_ws/install/grid_map_core/include/grid_map_core/grid_map_core/iterators/PolygonIterator.hpp
[15.046s] -- Installing: /home/williamfbx/SLAM/slam_ws/install/grid_map_core/include/grid_map_core/grid_map_core/iterators/GridMapIterator.hpp
[15.046s] -- Installing: /home/williamfbx/SLAM/slam_ws/install/grid_map_core/include/grid_map_core/grid_map_core/iterators/SpiralIterator.hpp
[15.046s] -- Installing: /home/williamfbx/SLAM/slam_ws/install/grid_map_core/include/grid_map_core/grid_map_core/GridMap.hpp
[15.046s] -- Installing: /home/williamfbx/SLAM/slam_ws/install/grid_map_core/include/grid_map_core/grid_map_core/TypeDefs.hpp
[15.046s] -- Installing: /home/williamfbx/SLAM/slam_ws/install/grid_map_core/include/grid_map_core/grid_map_core/CubicInterpolation.hpp
[15.046s] -- Installing: /home/williamfbx/SLAM/slam_ws/install/grid_map_core/include/grid_map_core/grid_map_core/eigen_plugins
[15.046s] -- Installing: /home/williamfbx/SLAM/slam_ws/install/grid_map_core/include/grid_map_core/grid_map_core/eigen_plugins/DenseBasePlugin.hpp
[15.046s] -- Installing: /home/williamfbx/SLAM/slam_ws/install/grid_map_core/include/grid_map_core/grid_map_core/eigen_plugins/FunctorsPlugin.hpp
[15.046s] -- Installing: /home/williamfbx/SLAM/slam_ws/install/grid_map_core/include/grid_map_core/grid_map_core/eigen_plugins/Functors.hpp
[15.046s] -- Installing: /home/williamfbx/SLAM/slam_ws/install/grid_map_core/include/grid_map_core/grid_map_core/BufferRegion.hpp
[15.046s] -- Installing: /home/williamfbx/SLAM/slam_ws/install/grid_map_core/include/grid_map_core/grid_map_core/gtest_eigen.hpp
[15.046s] -- Installing: /home/williamfbx/SLAM/slam_ws/install/grid_map_core/include/grid_map_core/grid_map_core/SubmapGeometry.hpp
[15.046s] -- Installing: /home/williamfbx/SLAM/slam_ws/install/grid_map_core/share/grid_map_core/doc
[15.046s] -- Installing: /home/williamfbx/SLAM/slam_ws/install/grid_map_core/share/grid_map_core/doc/move_method.gif
[15.046s] -- Installing: /home/williamfbx/SLAM/slam_ws/install/grid_map_core/share/grid_map_core/doc/interpolationSineWorld.gif
[15.046s] -- Installing: /home/williamfbx/SLAM/slam_ws/install/grid_map_core/share/grid_map_core/doc/iterators
[15.046s] -- Installing: /home/williamfbx/SLAM/slam_ws/install/grid_map_core/share/grid_map_core/doc/iterators/spiral_iterator_preview.gif
[15.046s] -- Installing: /home/williamfbx/SLAM/slam_ws/install/grid_map_core/share/grid_map_core/doc/iterators/ellipse_iterator_preview.gif
[15.046s] -- Installing: /home/williamfbx/SLAM/slam_ws/install/grid_map_core/share/grid_map_core/doc/iterators/grid_map_iterator_preview.gif
[15.046s] -- Installing: /home/williamfbx/SLAM/slam_ws/install/grid_map_core/share/grid_map_core/doc/iterators/line_iterator_preview.gif
[15.046s] -- Installing: /home/williamfbx/SLAM/slam_ws/install/grid_map_core/share/grid_map_core/doc/iterators/submap_iterator_preview.gif
[15.046s] -- Installing: /home/williamfbx/SLAM/slam_ws/install/grid_map_core/share/grid_map_core/doc/iterators/polygon_iterator.gif
[15.046s] -- Installing: /home/williamfbx/SLAM/slam_ws/install/grid_map_core/share/grid_map_core/doc/iterators/submap_iterator.gif
[15.046s] -- Installing: /home/williamfbx/SLAM/slam_ws/install/grid_map_core/share/grid_map_core/doc/iterators/spiral_iterator.gif
[15.046s] -- Installing: /home/williamfbx/SLAM/slam_ws/install/grid_map_core/share/grid_map_core/doc/iterators/ellipse_iterator.gif
[15.046s] -- Installing: /home/williamfbx/SLAM/slam_ws/install/grid_map_core/share/grid_map_core/doc/iterators/line_iterator.gif
[15.047s] -- Installing: /home/williamfbx/SLAM/slam_ws/install/grid_map_core/share/grid_map_core/doc/iterators/circle_iterator_preview.gif
[15.047s] -- Installing: /home/williamfbx/SLAM/slam_ws/install/grid_map_core/share/grid_map_core/doc/iterators/grid_map_iterator.gif
[15.047s] -- Installing: /home/williamfbx/SLAM/slam_ws/install/grid_map_core/share/grid_map_core/doc/iterators/polygon_iterator_preview.gif
[15.047s] -- Installing: /home/williamfbx/SLAM/slam_ws/install/grid_map_core/share/grid_map_core/doc/iterators/circle_iterator.gif
[15.047s] -- Installing: /home/williamfbx/SLAM/slam_ws/install/grid_map_core/share/grid_map_core/doc/grid_map_layers.pdf
[15.047s] -- Installing: /home/williamfbx/SLAM/slam_ws/install/grid_map_core/share/grid_map_core/doc/grid_map_conventions.pdf
[15.047s] -- Installing: /home/williamfbx/SLAM/slam_ws/install/grid_map_core/share/grid_map_core/doc/grid_map_layers.png
[15.047s] -- Installing: /home/williamfbx/SLAM/slam_ws/install/grid_map_core/share/grid_map_core/doc/setposition_method.gif
[15.047s] -- Installing: /home/williamfbx/SLAM/slam_ws/install/grid_map_core/share/grid_map_core/doc/grid_map_conventions.png
[15.047s] -- Installing: /home/williamfbx/SLAM/slam_ws/install/grid_map_core/share/grid_map_core/doc/interpolationGaussWorld.gif
[15.048s] -- Installing: /home/williamfbx/SLAM/slam_ws/install/grid_map_core/share/grid_map_core/environment/library_path.sh
[15.048s] -- Installing: /home/williamfbx/SLAM/slam_ws/install/grid_map_core/share/grid_map_core/environment/library_path.dsv
[15.048s] -- Installing: /home/williamfbx/SLAM/slam_ws/install/grid_map_core/share/ament_index/resource_index/package_run_dependencies/grid_map_core
[15.048s] -- Installing: /home/williamfbx/SLAM/slam_ws/install/grid_map_core/share/ament_index/resource_index/parent_prefix_path/grid_map_core
[15.048s] -- Installing: /home/williamfbx/SLAM/slam_ws/install/grid_map_core/share/grid_map_core/environment/ament_prefix_path.sh
[15.048s] -- Installing: /home/williamfbx/SLAM/slam_ws/install/grid_map_core/share/grid_map_core/environment/ament_prefix_path.dsv
[15.048s] -- Installing: /home/williamfbx/SLAM/slam_ws/install/grid_map_core/share/grid_map_core/environment/path.sh
[15.048s] -- Installing: /home/williamfbx/SLAM/slam_ws/install/grid_map_core/share/grid_map_core/environment/path.dsv
[15.048s] -- Installing: /home/williamfbx/SLAM/slam_ws/install/grid_map_core/share/grid_map_core/local_setup.bash
[15.048s] -- Installing: /home/williamfbx/SLAM/slam_ws/install/grid_map_core/share/grid_map_core/local_setup.sh
[15.048s] -- Installing: /home/williamfbx/SLAM/slam_ws/install/grid_map_core/share/grid_map_core/local_setup.zsh
[15.048s] -- Installing: /home/williamfbx/SLAM/slam_ws/install/grid_map_core/share/grid_map_core/local_setup.dsv
[15.048s] -- Installing: /home/williamfbx/SLAM/slam_ws/install/grid_map_core/share/grid_map_core/package.dsv
[15.048s] -- Installing: /home/williamfbx/SLAM/slam_ws/install/grid_map_core/share/ament_index/resource_index/packages/grid_map_core
[15.048s] -- Installing: /home/williamfbx/SLAM/slam_ws/install/grid_map_core/share/grid_map_core/cmake/export_grid_map_coreExport.cmake
[15.048s] -- Installing: /home/williamfbx/SLAM/slam_ws/install/grid_map_core/share/grid_map_core/cmake/export_grid_map_coreExport-release.cmake
[15.048s] -- Installing: /home/williamfbx/SLAM/slam_ws/install/grid_map_core/share/grid_map_core/cmake/grid_map_core-extras.cmake
[15.048s] -- Installing: /home/williamfbx/SLAM/slam_ws/install/grid_map_core/share/grid_map_core/cmake/ament_cmake_export_targets-extras.cmake
[15.048s] -- Installing: /home/williamfbx/SLAM/slam_ws/install/grid_map_core/share/grid_map_core/cmake/ament_cmake_export_dependencies-extras.cmake
[15.049s] -- Installing: /home/williamfbx/SLAM/slam_ws/install/grid_map_core/share/grid_map_core/cmake/grid_map_coreConfig.cmake
[15.049s] -- Installing: /home/williamfbx/SLAM/slam_ws/install/grid_map_core/share/grid_map_core/cmake/grid_map_coreConfig-version.cmake
[15.049s] -- Installing: /home/williamfbx/SLAM/slam_ws/install/grid_map_core/share/grid_map_core/package.xml
[15.050s] Invoked command in '/home/williamfbx/SLAM/slam_ws/build/grid_map_core' returned '0': AMENT_PREFIX_PATH=/home/williamfbx/SLAM/slam_ws/install/grid_map_cmake_helpers:${AMENT_PREFIX_PATH} CMAKE_PREFIX_PATH=/home/williamfbx/SLAM/slam_ws/install/grid_map_cmake_helpers:/home/williamfbx/SLAM/slam_ws/install/visualization:/home/williamfbx/SLAM/slam_ws/install/launcher:/home/williamfbx/SLAM/slam_ws/install/sensing:/home/williamfbx/SLAM/slam_ws/install/realsense2_description:/home/williamfbx/SLAM/slam_ws/install/realsense2_camera:/home/williamfbx/SLAM/slam_ws/install/realsense2_camera_msgs:/home/williamfbx/SLAM/slam_ws/install/realsense:/home/williamfbx/SLAM/slam_ws/install/mapping:/home/williamfbx/SLAM/slam_ws/install/localization:/opt/ros/humble /usr/bin/cmake --install /home/williamfbx/SLAM/slam_ws/build/grid_map_core
