-- Found ament_cmake: 1.3.11 (/opt/ros/humble/share/ament_cmake/cmake)
-- Found grid_map_core: 2.0.1 (/home/williamfbx/SLAM/slam_ws/install/grid_map_core/share/grid_map_core/cmake)
-- Found grid_map_ros: 2.0.1 (/home/williamfbx/SLAM/slam_ws/install/grid_map_ros/share/grid_map_ros/cmake)
-- Found rosidl_generator_c: 3.1.6 (/opt/ros/humble/share/rosidl_generator_c/cmake)
-- Found rosidl_adapter: 3.1.6 (/opt/ros/humble/share/rosidl_adapter/cmake)
-- Found rosidl_generator_cpp: 3.1.6 (/opt/ros/humble/share/rosidl_generator_cpp/cmake)
-- Using all available rosidl_typesupport_c: rosidl_typesupport_fastrtps_c;rosidl_typesupport_introspection_c
-- Using all available rosidl_typesupport_cpp: rosidl_typesupport_fastrtps_cpp;rosidl_typesupport_introspection_cpp
-- Found rmw_implementation_cmake: 6.1.2 (/opt/ros/humble/share/rmw_implementation_cmake/cmake)
-- Found rmw_fastrtps_cpp: 6.2.7 (/opt/ros/humble/share/rmw_fastrtps_cpp/cmake)
-- Found TinyXML2 via Config file: TinyXML2_DIR-NOTFOUND
-- Found TinyXML2 via Config file: TinyXML2_DIR-NOTFOUND
-- Found TinyXML2 via Config file: TinyXML2_DIR-NOTFOUND
-- Found TinyXML2 via Config file: TinyXML2_DIR-NOTFOUND
-- Using RMW implementation 'rmw_fastrtps_cpp' as default
-- Found kindr: 1.3.24 (/home/williamfbx/SLAM/slam_ws/install/kindr/share/kindr/cmake)
-- Found kindr_ros: 0.3.4 (/home/williamfbx/SLAM/slam_ws/install/kindr_ros/share/kindr_ros/cmake)
-- Found message_filters: 4.3.5 (/opt/ros/humble/share/message_filters/cmake)
-- Found pcl_ros: 2.4.5 (/opt/ros/humble/share/pcl_ros/cmake)
-- Eigen found (include: /usr/include/eigen3, version: 3.4.0)
-- FLANN found (include: /usr/include, lib: /usr/lib/x86_64-linux-gnu/libflann_cpp.so)
-- OpenNI found (version: 1.5.4.0, include: /usr/include/ni, lib: /usr/lib/libOpenNI.so;libusb::libusb)
-- OpenNI2 found (version: 2.2.0.33, include: /usr/include/openni2, lib: /usr/lib/x86_64-linux-gnu/libOpenNI2.so;libusb::libusb)
-- Eigen found (include: /usr/include/eigen3, version: 3.4.0)
-- OpenNI found (version: 1.5.4.0, include: /usr/include/ni, lib: /usr/lib/libOpenNI.so;libusb::libusb)
-- OpenNI2 found (version: 2.2.0.33, include: /usr/include/openni2, lib: /usr/lib/x86_64-linux-gnu/libOpenNI2.so;libusb::libusb)
-- Found Qhull version 8.0.2
-- OpenNI found (version: 1.5.4.0, include: /usr/include/ni, lib: /usr/lib/libOpenNI.so;libusb::libusb)
-- Ensuring Eigen3 include directory is part of orocos-kdl CMake target
-- Found std_srvs: 4.2.4 (/opt/ros/humble/share/std_srvs/cmake)
-- Found tf2_eigen: 0.25.12 (/opt/ros/humble/share/tf2_eigen/cmake)
-- Found ament_lint_auto: 0.12.11 (/opt/ros/humble/share/ament_lint_auto/cmake)
-- Found ament_cmake_gtest: 1.3.11 (/opt/ros/humble/share/ament_cmake_gtest/cmake)
-- Found gtest sources under '/opt/ros/humble/src/gtest_vendor': C++ tests using 'Google Test' will be built
-- Configuring done
-- Generating done
-- Build files have been written to: /home/williamfbx/SLAM/slam_ws/build/elevation_mapping
[35m[1mConsolidate compiler generated dependencies of target listener[0m
[35m[1mConsolidate compiler generated dependencies of target elevation_mapping_pcl_types[0m
[35m[1mConsolidate compiler generated dependencies of target gtest[0m
[35m[1mConsolidate compiler generated dependencies of target get_grid_map_client[0m
[35m[1mConsolidate compiler generated dependencies of target gtest_main[0m
[  6%] Built target gtest
[ 10%] [32mBuilding CXX object CMakeFiles/listener.dir/src/test.cpp.o[0m
[ 17%] Built target gtest_main
[ 24%] Built target get_grid_map_client
[ 27%] [32mBuilding CXX object CMakeFiles/elevation_mapping_pcl_types.dir/src/PointXYZRGBConfidenceRatio.cpp.o[0m
[ 31%] [32m[1mLinking CXX static library libelevation_mapping_pcl_types.a[0m
[ 31%] Built target elevation_mapping_pcl_types
[ 34%] [32m[1mLinking CXX executable listener[0m
[ 34%] Built target listener
[35m[1mConsolidate compiler generated dependencies of target elevation_mapping_library[0m
[ 37%] [32mBuilding CXX object CMakeFiles/elevation_mapping_library.dir/src/ElevationMapping.cpp.o[0m
[ 41%] [32mBuilding CXX object CMakeFiles/elevation_mapping_library.dir/src/sensor_processors/LaserSensorProcessor.cpp.o[0m
[ 44%] [32mBuilding CXX object CMakeFiles/elevation_mapping_library.dir/src/sensor_processors/PerfectSensorProcessor.cpp.o[0m
[ 48%] [32mBuilding CXX object CMakeFiles/elevation_mapping_library.dir/src/sensor_processors/SensorProcessorBase.cpp.o[0m
[ 51%] [32mBuilding CXX object CMakeFiles/elevation_mapping_library.dir/src/sensor_processors/StructuredLightSensorProcessor.cpp.o[0m
[ 55%] [32mBuilding CXX object CMakeFiles/elevation_mapping_library.dir/src/sensor_processors/StereoSensorProcessor.cpp.o[0m
[ 58%] [32mBuilding CXX object CMakeFiles/elevation_mapping_library.dir/src/RobotMotionMapUpdater.cpp.o[0m
[ 65%] [32mBuilding CXX object CMakeFiles/elevation_mapping_library.dir/src/postprocessing/PostprocessingWorker.cpp.o[0m
[ 65%] [32mBuilding CXX object CMakeFiles/elevation_mapping_library.dir/src/postprocessing/PostprocessingPipelineFunctor.cpp.o[0m
[ 68%] [32mBuilding CXX object CMakeFiles/elevation_mapping_library.dir/src/postprocessing/PostprocessorPool.cpp.o[0m
[ 75%] [32mBuilding CXX object CMakeFiles/elevation_mapping_library.dir/src/input_sources/InputSourceManager.cpp.o[0m
[ 75%] [32mBuilding CXX object CMakeFiles/elevation_mapping_library.dir/src/input_sources/Input.cpp.o[0m
[ 79%] [32mBuilding CXX object CMakeFiles/elevation_mapping_library.dir/src/ElevationMap.cpp.o[0m
[ 82%] [32m[1mLinking CXX static library libelevation_mapping_library.a[0m
[ 82%] Built target elevation_mapping_library
[35m[1mConsolidate compiler generated dependencies of target elevation_mapping[0m
[35m[1mConsolidate compiler generated dependencies of target test_elevation_mapping_input_sources[0m
[ 86%] [32mBuilding CXX object CMakeFiles/test_elevation_mapping_input_sources.dir/test/input_sources/test_input_sources.cpp.o[0m
[ 89%] [32mBuilding CXX object CMakeFiles/elevation_mapping.dir/src/elevation_mapping_node.cpp.o[0m
[ 93%] [32mBuilding CXX object CMakeFiles/test_elevation_mapping_input_sources.dir/test/input_sources/InputSourcesTest.cpp.o[0m
[ 96%] [32m[1mLinking CXX executable elevation_mapping[0m
[ 96%] Built target elevation_mapping
[100%] [32m[1mLinking CXX executable test_elevation_mapping_input_sources[0m
[100%] Built target test_elevation_mapping_input_sources
-- Install configuration: "Release"
-- Up-to-date: /home/williamfbx/SLAM/slam_ws/install/elevation_mapping/lib/elevation_mapping/get_grid_map_client
-- Installing: /home/williamfbx/SLAM/slam_ws/install/elevation_mapping/lib/libelevation_mapping_pcl_types.a
-- Installing: /home/williamfbx/SLAM/slam_ws/install/elevation_mapping/lib/libelevation_mapping_library.a
-- Installing: /home/williamfbx/SLAM/slam_ws/install/elevation_mapping/lib/elevation_mapping/elevation_mapping
-- Set runtime path of "/home/williamfbx/SLAM/slam_ws/install/elevation_mapping/lib/elevation_mapping/elevation_mapping" to ""
-- Installing: /home/williamfbx/SLAM/slam_ws/install/elevation_mapping/lib/elevation_mapping/listener
-- Set runtime path of "/home/williamfbx/SLAM/slam_ws/install/elevation_mapping/lib/elevation_mapping/listener" to ""
-- Up-to-date: /home/williamfbx/SLAM/slam_ws/install/elevation_mapping/share/elevation_mapping/config
-- Up-to-date: /home/williamfbx/SLAM/slam_ws/install/elevation_mapping/share/elevation_mapping/config/visualization
-- Up-to-date: /home/williamfbx/SLAM/slam_ws/install/elevation_mapping/share/elevation_mapping/config/visualization/raw.yaml
-- Up-to-date: /home/williamfbx/SLAM/slam_ws/install/elevation_mapping/share/elevation_mapping/config/visualization/fused.yaml
-- Up-to-date: /home/williamfbx/SLAM/slam_ws/install/elevation_mapping/share/elevation_mapping/config/rosconsole.conf
-- Up-to-date: /home/williamfbx/SLAM/slam_ws/install/elevation_mapping/share/elevation_mapping/config/postprocessing
-- Up-to-date: /home/williamfbx/SLAM/slam_ws/install/elevation_mapping/share/elevation_mapping/config/postprocessing/postprocessor_pipeline.yaml
-- Up-to-date: /home/williamfbx/SLAM/slam_ws/install/elevation_mapping/share/elevation_mapping/config/robots
-- Up-to-date: /home/williamfbx/SLAM/slam_ws/install/elevation_mapping/share/elevation_mapping/config/robots/simple_demo_robot.yaml
-- Up-to-date: /home/williamfbx/SLAM/slam_ws/install/elevation_mapping/share/elevation_mapping/config/robots/starleth.yaml
-- Up-to-date: /home/williamfbx/SLAM/slam_ws/install/elevation_mapping/share/elevation_mapping/config/robots/remove_object.yaml
-- Up-to-date: /home/williamfbx/SLAM/slam_ws/install/elevation_mapping/share/elevation_mapping/config/robots/waffle_robot.yaml
-- Up-to-date: /home/williamfbx/SLAM/slam_ws/install/elevation_mapping/share/elevation_mapping/config/robots/ground_truth_demo.yaml
-- Up-to-date: /home/williamfbx/SLAM/slam_ws/install/elevation_mapping/share/elevation_mapping/config/file_path.yaml
-- Up-to-date: /home/williamfbx/SLAM/slam_ws/install/elevation_mapping/share/elevation_mapping/config/sensor_processors
-- Up-to-date: /home/williamfbx/SLAM/slam_ws/install/elevation_mapping/share/elevation_mapping/config/sensor_processors/perfect.yaml
-- Up-to-date: /home/williamfbx/SLAM/slam_ws/install/elevation_mapping/share/elevation_mapping/config/sensor_processors/RSLidar-32.yaml
-- Up-to-date: /home/williamfbx/SLAM/slam_ws/install/elevation_mapping/share/elevation_mapping/config/sensor_processors/aslam.yaml
-- Up-to-date: /home/williamfbx/SLAM/slam_ws/install/elevation_mapping/share/elevation_mapping/config/sensor_processors/primesense_carmine_109_short_range_uncalibrated.yaml
-- Up-to-date: /home/williamfbx/SLAM/slam_ws/install/elevation_mapping/share/elevation_mapping/config/sensor_processors/primesense_carmine_109_short_range_datasheet.yaml
-- Up-to-date: /home/williamfbx/SLAM/slam_ws/install/elevation_mapping/share/elevation_mapping/config/sensor_processors/fotonic_g45.yaml
-- Up-to-date: /home/williamfbx/SLAM/slam_ws/install/elevation_mapping/share/elevation_mapping/config/sensor_processors/velodyne_HDL-32E.yaml
-- Up-to-date: /home/williamfbx/SLAM/slam_ws/install/elevation_mapping/share/elevation_mapping/config/sensor_processors/realsense_d435.yaml
-- Up-to-date: /home/williamfbx/SLAM/slam_ws/install/elevation_mapping/share/elevation_mapping/config/sensor_processors/hokuyo_utm-30lx.yaml
-- Up-to-date: /home/williamfbx/SLAM/slam_ws/install/elevation_mapping/share/elevation_mapping/config/sensor_processors/realsense_ZR300.yaml
-- Up-to-date: /home/williamfbx/SLAM/slam_ws/install/elevation_mapping/share/elevation_mapping/config/sensor_processors/kinect_nguyen_et_al.yaml
-- Up-to-date: /home/williamfbx/SLAM/slam_ws/install/elevation_mapping/share/elevation_mapping/config/elevation_maps
-- Up-to-date: /home/williamfbx/SLAM/slam_ws/install/elevation_mapping/share/elevation_mapping/config/elevation_maps/simple_demo_map.yaml
-- Up-to-date: /home/williamfbx/SLAM/slam_ws/install/elevation_mapping/share/elevation_mapping/config/elevation_maps/long_range.yaml
-- Up-to-date: /home/williamfbx/SLAM/slam_ws/install/elevation_mapping/share/elevation_mapping/config/elevation_maps/remove_object.yaml
-- Up-to-date: /home/williamfbx/SLAM/slam_ws/install/elevation_mapping/share/elevation_mapping/config/elevation_maps/starleth_map.yaml
-- Up-to-date: /home/williamfbx/SLAM/slam_ws/install/elevation_mapping/share/elevation_mapping/launch
-- Up-to-date: /home/williamfbx/SLAM/slam_ws/install/elevation_mapping/share/elevation_mapping/launch/elevationMapping_launch.py
-- Up-to-date: /home/williamfbx/SLAM/slam_ws/install/elevation_mapping/share/elevation_mapping/launch/visualization.launch.py
-- Up-to-date: /home/williamfbx/SLAM/slam_ws/install/elevation_mapping/share/elevation_mapping/sample_data
-- Up-to-date: /home/williamfbx/SLAM/slam_ws/install/elevation_mapping/share/elevation_mapping/sample_data/maze.ply
-- Up-to-date: /home/williamfbx/SLAM/slam_ws/install/elevation_mapping/share/elevation_mapping/rviz2
-- Up-to-date: /home/williamfbx/SLAM/slam_ws/install/elevation_mapping/share/elevation_mapping/rviz2/viz.rviz
-- Up-to-date: /home/williamfbx/SLAM/slam_ws/install/elevation_mapping/share/elevation_mapping/rviz2/map.rviz
-- Up-to-date: /home/williamfbx/SLAM/slam_ws/install/elevation_mapping/share/elevation_mapping/rviz2/custom_rviz2.rviz
-- Up-to-date: /home/williamfbx/SLAM/slam_ws/install/elevation_mapping/share/elevation_mapping/environment/library_path.sh
-- Installing: /home/williamfbx/SLAM/slam_ws/install/elevation_mapping/share/elevation_mapping/environment/library_path.dsv
-- Up-to-date: /home/williamfbx/SLAM/slam_ws/install/elevation_mapping/share/ament_index/resource_index/package_run_dependencies/elevation_mapping
-- Installing: /home/williamfbx/SLAM/slam_ws/install/elevation_mapping/share/ament_index/resource_index/parent_prefix_path/elevation_mapping
-- Up-to-date: /home/williamfbx/SLAM/slam_ws/install/elevation_mapping/share/elevation_mapping/environment/ament_prefix_path.sh
-- Installing: /home/williamfbx/SLAM/slam_ws/install/elevation_mapping/share/elevation_mapping/environment/ament_prefix_path.dsv
-- Up-to-date: /home/williamfbx/SLAM/slam_ws/install/elevation_mapping/share/elevation_mapping/environment/path.sh
-- Installing: /home/williamfbx/SLAM/slam_ws/install/elevation_mapping/share/elevation_mapping/environment/path.dsv
-- Up-to-date: /home/williamfbx/SLAM/slam_ws/install/elevation_mapping/share/elevation_mapping/local_setup.bash
-- Up-to-date: /home/williamfbx/SLAM/slam_ws/install/elevation_mapping/share/elevation_mapping/local_setup.sh
-- Up-to-date: /home/williamfbx/SLAM/slam_ws/install/elevation_mapping/share/elevation_mapping/local_setup.zsh
-- Installing: /home/williamfbx/SLAM/slam_ws/install/elevation_mapping/share/elevation_mapping/local_setup.dsv
-- Installing: /home/williamfbx/SLAM/slam_ws/install/elevation_mapping/share/elevation_mapping/package.dsv
-- Up-to-date: /home/williamfbx/SLAM/slam_ws/install/elevation_mapping/share/ament_index/resource_index/packages/elevation_mapping
-- Up-to-date: /home/williamfbx/SLAM/slam_ws/install/elevation_mapping/share/elevation_mapping/cmake/ament_cmake_export_include_directories-extras.cmake
-- Up-to-date: /home/williamfbx/SLAM/slam_ws/install/elevation_mapping/share/elevation_mapping/cmake/ament_cmake_export_libraries-extras.cmake
-- Up-to-date: /home/williamfbx/SLAM/slam_ws/install/elevation_mapping/share/elevation_mapping/cmake/ament_cmake_export_dependencies-extras.cmake
-- Up-to-date: /home/williamfbx/SLAM/slam_ws/install/elevation_mapping/share/elevation_mapping/cmake/elevation_mappingConfig.cmake
-- Up-to-date: /home/williamfbx/SLAM/slam_ws/install/elevation_mapping/share/elevation_mapping/cmake/elevation_mappingConfig-version.cmake
-- Up-to-date: /home/williamfbx/SLAM/slam_ws/install/elevation_mapping/share/elevation_mapping/package.xml
