[0.025s] Invoking command in '/home/williamfbx/SLAM/slam_ws/build/grid_map_demos': CMAKE_PREFIX_PATH=/home/williamfbx/SLAM/slam_ws/install/grid_map_visualization:/home/williamfbx/SLAM/slam_ws/install/grid_map_rviz_plugin:/home/williamfbx/SLAM/slam_ws/install/grid_map_loader:/home/williamfbx/SLAM/slam_ws/install/grid_map_filters:/home/williamfbx/SLAM/slam_ws/install/grid_map_ros:/home/williamfbx/SLAM/slam_ws/install/grid_map_octomap:/home/williamfbx/SLAM/slam_ws/install/grid_map_cv:/home/williamfbx/SLAM/slam_ws/install/grid_map_msgs:/home/williamfbx/SLAM/slam_ws/install/grid_map_core:/home/williamfbx/SLAM/slam_ws/install/grid_map_cmake_helpers:/home/williamfbx/SLAM/slam_ws/install/visualization:/home/williamfbx/SLAM/slam_ws/install/sensing:/home/williamfbx/SLAM/slam_ws/install/realsense2_description:/home/williamfbx/SLAM/slam_ws/install/realsense2_camera:/home/williamfbx/SLAM/slam_ws/install/realsense2_camera_msgs:/home/williamfbx/SLAM/slam_ws/install/realsense:/home/williamfbx/SLAM/slam_ws/install/mapping:/home/williamfbx/SLAM/slam_ws/install/localization:/home/williamfbx/SLAM/slam_ws/install/launcher:/home/williamfbx/SLAM/slam_ws/install/elevation_mapping:/home/williamfbx/SLAM/slam_ws/install/kindr_ros:/home/williamfbx/SLAM/slam_ws/install/kindr_msgs:/home/williamfbx/SLAM/slam_ws/install/kindr:/home/williamfbx/SLAM/slam_ws/install/grid_map:/home/williamfbx/SLAM/slam_ws/install/grid_map_demos:/home/williamfbx/SLAM/slam_ws/install/grid_map_sdf:/home/williamfbx/SLAM/slam_ws/install/grid_map_pcl:/home/williamfbx/SLAM/slam_ws/install/grid_map_costmap_2d:/opt/ros/humble LD_LIBRARY_PATH=/home/williamfbx/SLAM/slam_ws/install/grid_map_visualization/lib:/home/williamfbx/SLAM/slam_ws/install/grid_map_rviz_plugin/lib:/home/williamfbx/SLAM/slam_ws/install/grid_map_loader/lib:/home/williamfbx/SLAM/slam_ws/install/grid_map_filters/lib:/home/williamfbx/SLAM/slam_ws/install/grid_map_ros/lib:/home/williamfbx/SLAM/slam_ws/install/grid_map_cv/lib:/home/williamfbx/SLAM/slam_ws/install/grid_map_msgs/lib:/home/williamfbx/SLAM/slam_ws/install/realsense2_camera/lib:/home/williamfbx/SLAM/slam_ws/install/realsense2_camera_msgs/lib:/home/williamfbx/SLAM/slam_ws/install/elevation_mapping/lib:/home/williamfbx/SLAM/slam_ws/install/kindr_msgs/lib:/home/williamfbx/SLAM/slam_ws/install/kindr/lib:/home/williamfbx/SLAM/slam_ws/install/grid_map_demos/lib:/home/williamfbx/SLAM/slam_ws/install/grid_map_sdf/lib:/home/williamfbx/SLAM/slam_ws/install/grid_map_pcl/lib:/home/williamfbx/SLAM/slam_ws/install/grid_map_octomap/lib:/home/williamfbx/SLAM/slam_ws/install/grid_map_costmap_2d/lib:/home/williamfbx/SLAM/slam_ws/install/grid_map_core/lib:/usr/lib/x86_64-linux-gnu/gazebo-11/plugins:/opt/ros/humble/opt/rviz_ogre_vendor/lib:/opt/ros/humble/lib/x86_64-linux-gnu:/opt/ros/humble/lib /usr/bin/cmake --build /home/williamfbx/SLAM/slam_ws/build/grid_map_demos -- -j12 -l12
[0.078s] [  6%] Built target iterator_benchmark
[0.084s] [ 13%] Built target move_demo
[0.084s] [ 20%] Built target opencv_demo
[0.084s] [ 30%] Built target iterators_demo
[0.084s] [ 36%] Built target tutorial_demo
[0.086s] [ 46%] Built target octomap_to_gridmap_demo
[0.087s] [ 53%] Built target resolution_change_demo
[0.087s] [ 63%] Built target image_to_gridmap_demo
[0.089s] [ 70%] Built target filters_demo_lib
[0.089s] [ 83%] Built target normal_filter_comparison_demo
[0.089s] [ 83%] Built target simple_demo
[0.092s] [ 93%] Built target interpolation_demo
[0.115s] [100%] Built target filters_demo
[0.127s] Invoked command in '/home/williamfbx/SLAM/slam_ws/build/grid_map_demos' returned '0': CMAKE_PREFIX_PATH=/home/williamfbx/SLAM/slam_ws/install/grid_map_visualization:/home/williamfbx/SLAM/slam_ws/install/grid_map_rviz_plugin:/home/williamfbx/SLAM/slam_ws/install/grid_map_loader:/home/williamfbx/SLAM/slam_ws/install/grid_map_filters:/home/williamfbx/SLAM/slam_ws/install/grid_map_ros:/home/williamfbx/SLAM/slam_ws/install/grid_map_octomap:/home/williamfbx/SLAM/slam_ws/install/grid_map_cv:/home/williamfbx/SLAM/slam_ws/install/grid_map_msgs:/home/williamfbx/SLAM/slam_ws/install/grid_map_core:/home/williamfbx/SLAM/slam_ws/install/grid_map_cmake_helpers:/home/williamfbx/SLAM/slam_ws/install/visualization:/home/williamfbx/SLAM/slam_ws/install/sensing:/home/williamfbx/SLAM/slam_ws/install/realsense2_description:/home/williamfbx/SLAM/slam_ws/install/realsense2_camera:/home/williamfbx/SLAM/slam_ws/install/realsense2_camera_msgs:/home/williamfbx/SLAM/slam_ws/install/realsense:/home/williamfbx/SLAM/slam_ws/install/mapping:/home/williamfbx/SLAM/slam_ws/install/localization:/home/williamfbx/SLAM/slam_ws/install/launcher:/home/williamfbx/SLAM/slam_ws/install/elevation_mapping:/home/williamfbx/SLAM/slam_ws/install/kindr_ros:/home/williamfbx/SLAM/slam_ws/install/kindr_msgs:/home/williamfbx/SLAM/slam_ws/install/kindr:/home/williamfbx/SLAM/slam_ws/install/grid_map:/home/williamfbx/SLAM/slam_ws/install/grid_map_demos:/home/williamfbx/SLAM/slam_ws/install/grid_map_sdf:/home/williamfbx/SLAM/slam_ws/install/grid_map_pcl:/home/williamfbx/SLAM/slam_ws/install/grid_map_costmap_2d:/opt/ros/humble LD_LIBRARY_PATH=/home/williamfbx/SLAM/slam_ws/install/grid_map_visualization/lib:/home/williamfbx/SLAM/slam_ws/install/grid_map_rviz_plugin/lib:/home/williamfbx/SLAM/slam_ws/install/grid_map_loader/lib:/home/williamfbx/SLAM/slam_ws/install/grid_map_filters/lib:/home/williamfbx/SLAM/slam_ws/install/grid_map_ros/lib:/home/williamfbx/SLAM/slam_ws/install/grid_map_cv/lib:/home/williamfbx/SLAM/slam_ws/install/grid_map_msgs/lib:/home/williamfbx/SLAM/slam_ws/install/realsense2_camera/lib:/home/williamfbx/SLAM/slam_ws/install/realsense2_camera_msgs/lib:/home/williamfbx/SLAM/slam_ws/install/elevation_mapping/lib:/home/williamfbx/SLAM/slam_ws/install/kindr_msgs/lib:/home/williamfbx/SLAM/slam_ws/install/kindr/lib:/home/williamfbx/SLAM/slam_ws/install/grid_map_demos/lib:/home/williamfbx/SLAM/slam_ws/install/grid_map_sdf/lib:/home/williamfbx/SLAM/slam_ws/install/grid_map_pcl/lib:/home/williamfbx/SLAM/slam_ws/install/grid_map_octomap/lib:/home/williamfbx/SLAM/slam_ws/install/grid_map_costmap_2d/lib:/home/williamfbx/SLAM/slam_ws/install/grid_map_core/lib:/usr/lib/x86_64-linux-gnu/gazebo-11/plugins:/opt/ros/humble/opt/rviz_ogre_vendor/lib:/opt/ros/humble/lib/x86_64-linux-gnu:/opt/ros/humble/lib /usr/bin/cmake --build /home/williamfbx/SLAM/slam_ws/build/grid_map_demos -- -j12 -l12
[0.128s] Invoking command in '/home/williamfbx/SLAM/slam_ws/build/grid_map_demos': CMAKE_PREFIX_PATH=/home/williamfbx/SLAM/slam_ws/install/grid_map_visualization:/home/williamfbx/SLAM/slam_ws/install/grid_map_rviz_plugin:/home/williamfbx/SLAM/slam_ws/install/grid_map_loader:/home/williamfbx/SLAM/slam_ws/install/grid_map_filters:/home/williamfbx/SLAM/slam_ws/install/grid_map_ros:/home/williamfbx/SLAM/slam_ws/install/grid_map_octomap:/home/williamfbx/SLAM/slam_ws/install/grid_map_cv:/home/williamfbx/SLAM/slam_ws/install/grid_map_msgs:/home/williamfbx/SLAM/slam_ws/install/grid_map_core:/home/williamfbx/SLAM/slam_ws/install/grid_map_cmake_helpers:/home/williamfbx/SLAM/slam_ws/install/visualization:/home/williamfbx/SLAM/slam_ws/install/sensing:/home/williamfbx/SLAM/slam_ws/install/realsense2_description:/home/williamfbx/SLAM/slam_ws/install/realsense2_camera:/home/williamfbx/SLAM/slam_ws/install/realsense2_camera_msgs:/home/williamfbx/SLAM/slam_ws/install/realsense:/home/williamfbx/SLAM/slam_ws/install/mapping:/home/williamfbx/SLAM/slam_ws/install/localization:/home/williamfbx/SLAM/slam_ws/install/launcher:/home/williamfbx/SLAM/slam_ws/install/elevation_mapping:/home/williamfbx/SLAM/slam_ws/install/kindr_ros:/home/williamfbx/SLAM/slam_ws/install/kindr_msgs:/home/williamfbx/SLAM/slam_ws/install/kindr:/home/williamfbx/SLAM/slam_ws/install/grid_map:/home/williamfbx/SLAM/slam_ws/install/grid_map_demos:/home/williamfbx/SLAM/slam_ws/install/grid_map_sdf:/home/williamfbx/SLAM/slam_ws/install/grid_map_pcl:/home/williamfbx/SLAM/slam_ws/install/grid_map_costmap_2d:/opt/ros/humble LD_LIBRARY_PATH=/home/williamfbx/SLAM/slam_ws/install/grid_map_visualization/lib:/home/williamfbx/SLAM/slam_ws/install/grid_map_rviz_plugin/lib:/home/williamfbx/SLAM/slam_ws/install/grid_map_loader/lib:/home/williamfbx/SLAM/slam_ws/install/grid_map_filters/lib:/home/williamfbx/SLAM/slam_ws/install/grid_map_ros/lib:/home/williamfbx/SLAM/slam_ws/install/grid_map_cv/lib:/home/williamfbx/SLAM/slam_ws/install/grid_map_msgs/lib:/home/williamfbx/SLAM/slam_ws/install/realsense2_camera/lib:/home/williamfbx/SLAM/slam_ws/install/realsense2_camera_msgs/lib:/home/williamfbx/SLAM/slam_ws/install/elevation_mapping/lib:/home/williamfbx/SLAM/slam_ws/install/kindr_msgs/lib:/home/williamfbx/SLAM/slam_ws/install/kindr/lib:/home/williamfbx/SLAM/slam_ws/install/grid_map_demos/lib:/home/williamfbx/SLAM/slam_ws/install/grid_map_sdf/lib:/home/williamfbx/SLAM/slam_ws/install/grid_map_pcl/lib:/home/williamfbx/SLAM/slam_ws/install/grid_map_octomap/lib:/home/williamfbx/SLAM/slam_ws/install/grid_map_costmap_2d/lib:/home/williamfbx/SLAM/slam_ws/install/grid_map_core/lib:/usr/lib/x86_64-linux-gnu/gazebo-11/plugins:/opt/ros/humble/opt/rviz_ogre_vendor/lib:/opt/ros/humble/lib/x86_64-linux-gnu:/opt/ros/humble/lib /usr/bin/cmake --install /home/williamfbx/SLAM/slam_ws/build/grid_map_demos
[0.138s] -- Install configuration: "Release"
[0.138s] -- Up-to-date: /home/williamfbx/SLAM/slam_ws/install/grid_map_demos/lib/grid_map_demos/filters_demo
[0.138s] -- Up-to-date: /home/williamfbx/SLAM/slam_ws/install/grid_map_demos/lib/libfilters_demo_lib.so
[0.138s] -- Up-to-date: /home/williamfbx/SLAM/slam_ws/install/grid_map_demos/lib/grid_map_demos/image_to_gridmap_demo
[0.138s] -- Up-to-date: /home/williamfbx/SLAM/slam_ws/install/grid_map_demos/lib/grid_map_demos/interpolation_demo
[0.138s] -- Up-to-date: /home/williamfbx/SLAM/slam_ws/install/grid_map_demos/lib/grid_map_demos/iterator_benchmark
[0.139s] -- Up-to-date: /home/williamfbx/SLAM/slam_ws/install/grid_map_demos/lib/grid_map_demos/iterators_demo
[0.139s] -- Up-to-date: /home/williamfbx/SLAM/slam_ws/install/grid_map_demos/lib/grid_map_demos/move_demo
[0.139s] -- Up-to-date: /home/williamfbx/SLAM/slam_ws/install/grid_map_demos/lib/grid_map_demos/normal_filter_comparison_demo
[0.139s] -- Up-to-date: /home/williamfbx/SLAM/slam_ws/install/grid_map_demos/lib/grid_map_demos/octomap_to_gridmap_demo
[0.139s] -- Up-to-date: /home/williamfbx/SLAM/slam_ws/install/grid_map_demos/lib/grid_map_demos/opencv_demo
[0.139s] -- Up-to-date: /home/williamfbx/SLAM/slam_ws/install/grid_map_demos/lib/grid_map_demos/resolution_change_demo
[0.140s] -- Up-to-date: /home/williamfbx/SLAM/slam_ws/install/grid_map_demos/lib/grid_map_demos/simple_demo
[0.140s] -- Up-to-date: /home/williamfbx/SLAM/slam_ws/install/grid_map_demos/lib/grid_map_demos/tutorial_demo
[0.140s] -- Up-to-date: /home/williamfbx/SLAM/slam_ws/install/grid_map_demos/share/grid_map_demos/config
[0.140s] -- Up-to-date: /home/williamfbx/SLAM/slam_ws/install/grid_map_demos/share/grid_map_demos/config/interpolation_demo.yaml
[0.140s] -- Up-to-date: /home/williamfbx/SLAM/slam_ws/install/grid_map_demos/share/grid_map_demos/config/grid_map_loader_demo.yaml
[0.140s] -- Up-to-date: /home/williamfbx/SLAM/slam_ws/install/grid_map_demos/share/grid_map_demos/config/octomap_to_gridmap_demo.yaml
[0.140s] -- Up-to-date: /home/williamfbx/SLAM/slam_ws/install/grid_map_demos/share/grid_map_demos/config/image_to_gridmap_demo.yaml
[0.140s] -- Up-to-date: /home/williamfbx/SLAM/slam_ws/install/grid_map_demos/share/grid_map_demos/config/opencv_demo.yaml
[0.140s] -- Up-to-date: /home/williamfbx/SLAM/slam_ws/install/grid_map_demos/share/grid_map_demos/config/tutorial_demo.yaml
[0.140s] -- Up-to-date: /home/williamfbx/SLAM/slam_ws/install/grid_map_demos/share/grid_map_demos/config/simple_demo.yaml
[0.140s] -- Up-to-date: /home/williamfbx/SLAM/slam_ws/install/grid_map_demos/share/grid_map_demos/config/filters_demo_filter_chain.yaml
[0.140s] -- Up-to-date: /home/williamfbx/SLAM/slam_ws/install/grid_map_demos/share/grid_map_demos/config/iterators_demo.yaml
[0.140s] -- Up-to-date: /home/williamfbx/SLAM/slam_ws/install/grid_map_demos/share/grid_map_demos/config/resolution_change_demo.yaml
[0.140s] -- Up-to-date: /home/williamfbx/SLAM/slam_ws/install/grid_map_demos/share/grid_map_demos/config/normal_filter_comparison_visualization.yaml
[0.140s] -- Up-to-date: /home/williamfbx/SLAM/slam_ws/install/grid_map_demos/share/grid_map_demos/config/normal_filter_comparison.yaml
[0.140s] -- Up-to-date: /home/williamfbx/SLAM/slam_ws/install/grid_map_demos/share/grid_map_demos/config/filters_demo.yaml
[0.140s] -- Up-to-date: /home/williamfbx/SLAM/slam_ws/install/grid_map_demos/share/grid_map_demos/config/move_demo.yaml
[0.140s] -- Up-to-date: /home/williamfbx/SLAM/slam_ws/install/grid_map_demos/share/grid_map_demos/data
[0.141s] -- Up-to-date: /home/williamfbx/SLAM/slam_ws/install/grid_map_demos/share/grid_map_demos/data/terrain.png
[0.141s] -- Up-to-date: /home/williamfbx/SLAM/slam_ws/install/grid_map_demos/share/grid_map_demos/data/linearGradient_oblique_only.png
[0.141s] -- Up-to-date: /home/williamfbx/SLAM/slam_ws/install/grid_map_demos/share/grid_map_demos/data/radialGradient_ellipse.png
[0.141s] -- Up-to-date: /home/williamfbx/SLAM/slam_ws/install/grid_map_demos/share/grid_map_demos/data/linearGradient_oblique_and_flat.png
[0.141s] -- Up-to-date: /home/williamfbx/SLAM/slam_ws/install/grid_map_demos/share/grid_map_demos/data/linearGradient_vertical.png
[0.141s] -- Up-to-date: /home/williamfbx/SLAM/slam_ws/install/grid_map_demos/share/grid_map_demos/data/eth_logo.png
[0.141s] -- Up-to-date: /home/williamfbx/SLAM/slam_ws/install/grid_map_demos/share/grid_map_demos/data/linearGradient_horizontal.png
[0.141s] -- Up-to-date: /home/williamfbx/SLAM/slam_ws/install/grid_map_demos/share/grid_map_demos/data/freiburg1_360.bt
[0.141s] -- Up-to-date: /home/williamfbx/SLAM/slam_ws/install/grid_map_demos/share/grid_map_demos/data/radialGradient_circle.png
[0.141s] -- Up-to-date: /home/williamfbx/SLAM/slam_ws/install/grid_map_demos/share/grid_map_demos/data/radialGradient_horizontal.png
[0.141s] -- Up-to-date: /home/williamfbx/SLAM/slam_ws/install/grid_map_demos/share/grid_map_demos/data/grid_map_bag
[0.141s] -- Up-to-date: /home/williamfbx/SLAM/slam_ws/install/grid_map_demos/share/grid_map_demos/data/grid_map_bag/metadata.yaml
[0.141s] -- Up-to-date: /home/williamfbx/SLAM/slam_ws/install/grid_map_demos/share/grid_map_demos/data/grid_map_bag/grid_map_bag.db3
[0.141s] -- Up-to-date: /home/williamfbx/SLAM/slam_ws/install/grid_map_demos/share/grid_map_demos/doc
[0.141s] -- Up-to-date: /home/williamfbx/SLAM/slam_ws/install/grid_map_demos/share/grid_map_demos/doc/image_to_grid_map_demo_result.png
[0.141s] -- Up-to-date: /home/williamfbx/SLAM/slam_ws/install/grid_map_demos/share/grid_map_demos/doc/filters_demo.gif
[0.141s] -- Up-to-date: /home/williamfbx/SLAM/slam_ws/install/grid_map_demos/share/grid_map_demos/doc/opencv_demo_result.gif
[0.141s] -- Up-to-date: /home/williamfbx/SLAM/slam_ws/install/grid_map_demos/share/grid_map_demos/doc/filters_demo_preview.gif
[0.141s] -- Up-to-date: /home/williamfbx/SLAM/slam_ws/install/grid_map_demos/share/grid_map_demos/launch
[0.141s] -- Up-to-date: /home/williamfbx/SLAM/slam_ws/install/grid_map_demos/share/grid_map_demos/launch/octomap_to_gridmap_demo_launch.py
[0.141s] -- Up-to-date: /home/williamfbx/SLAM/slam_ws/install/grid_map_demos/share/grid_map_demos/launch/simple_demo_launch.py
[0.141s] -- Up-to-date: /home/williamfbx/SLAM/slam_ws/install/grid_map_demos/share/grid_map_demos/launch/iterators_demo_launch.py
[0.141s] -- Up-to-date: /home/williamfbx/SLAM/slam_ws/install/grid_map_demos/share/grid_map_demos/launch/normal_filter_comparison_launch.py
[0.142s] -- Up-to-date: /home/williamfbx/SLAM/slam_ws/install/grid_map_demos/share/grid_map_demos/launch/grid_map_loader_demo_launch.py
[0.142s] -- Up-to-date: /home/williamfbx/SLAM/slam_ws/install/grid_map_demos/share/grid_map_demos/launch/interpolation_demo_launch.py
[0.142s] -- Up-to-date: /home/williamfbx/SLAM/slam_ws/install/grid_map_demos/share/grid_map_demos/launch/image_to_gridmap_demo_launch.py
[0.142s] -- Up-to-date: /home/williamfbx/SLAM/slam_ws/install/grid_map_demos/share/grid_map_demos/launch/tutorial_demo_launch.py
[0.142s] -- Up-to-date: /home/williamfbx/SLAM/slam_ws/install/grid_map_demos/share/grid_map_demos/launch/resolution_change_demo_launch.py
[0.142s] -- Up-to-date: /home/williamfbx/SLAM/slam_ws/install/grid_map_demos/share/grid_map_demos/launch/opencv_demo_launch.py
[0.142s] -- Up-to-date: /home/williamfbx/SLAM/slam_ws/install/grid_map_demos/share/grid_map_demos/launch/filters_demo_launch.py
[0.142s] -- Up-to-date: /home/williamfbx/SLAM/slam_ws/install/grid_map_demos/share/grid_map_demos/launch/move_demo_launch.py
[0.142s] -- Up-to-date: /home/williamfbx/SLAM/slam_ws/install/grid_map_demos/share/grid_map_demos/rviz
[0.142s] -- Up-to-date: /home/williamfbx/SLAM/slam_ws/install/grid_map_demos/share/grid_map_demos/rviz/interpolation_demo.rviz
[0.142s] -- Up-to-date: /home/williamfbx/SLAM/slam_ws/install/grid_map_demos/share/grid_map_demos/rviz/normal_filter_comparison_demo.rviz
[0.142s] -- Up-to-date: /home/williamfbx/SLAM/slam_ws/install/grid_map_demos/share/grid_map_demos/rviz/octomap_to_gridmap_demo.rviz
[0.142s] -- Up-to-date: /home/williamfbx/SLAM/slam_ws/install/grid_map_demos/share/grid_map_demos/rviz/filters_demo.rviz
[0.142s] -- Up-to-date: /home/williamfbx/SLAM/slam_ws/install/grid_map_demos/share/grid_map_demos/rviz/grid_map_demo.rviz
[0.142s] -- Up-to-date: /home/williamfbx/SLAM/slam_ws/install/grid_map_demos/share/grid_map_demos/rviz/grid_map_iterators_demo.rviz
[0.142s] -- Up-to-date: /home/williamfbx/SLAM/slam_ws/install/grid_map_demos/lib/grid_map_demos/image_publisher.py
[0.142s] -- Up-to-date: /home/williamfbx/SLAM/slam_ws/install/grid_map_demos/share/ament_index/resource_index/package_run_dependencies/grid_map_demos
[0.142s] -- Up-to-date: /home/williamfbx/SLAM/slam_ws/install/grid_map_demos/share/ament_index/resource_index/parent_prefix_path/grid_map_demos
[0.142s] -- Up-to-date: /home/williamfbx/SLAM/slam_ws/install/grid_map_demos/share/grid_map_demos/environment/ament_prefix_path.sh
[0.143s] -- Up-to-date: /home/williamfbx/SLAM/slam_ws/install/grid_map_demos/share/grid_map_demos/environment/ament_prefix_path.dsv
[0.143s] -- Up-to-date: /home/williamfbx/SLAM/slam_ws/install/grid_map_demos/share/grid_map_demos/environment/path.sh
[0.143s] -- Up-to-date: /home/williamfbx/SLAM/slam_ws/install/grid_map_demos/share/grid_map_demos/environment/path.dsv
[0.143s] -- Up-to-date: /home/williamfbx/SLAM/slam_ws/install/grid_map_demos/share/grid_map_demos/local_setup.bash
[0.143s] -- Up-to-date: /home/williamfbx/SLAM/slam_ws/install/grid_map_demos/share/grid_map_demos/local_setup.sh
[0.143s] -- Up-to-date: /home/williamfbx/SLAM/slam_ws/install/grid_map_demos/share/grid_map_demos/local_setup.zsh
[0.143s] -- Up-to-date: /home/williamfbx/SLAM/slam_ws/install/grid_map_demos/share/grid_map_demos/local_setup.dsv
[0.143s] -- Installing: /home/williamfbx/SLAM/slam_ws/install/grid_map_demos/share/grid_map_demos/package.dsv
[0.143s] -- Up-to-date: /home/williamfbx/SLAM/slam_ws/install/grid_map_demos/share/ament_index/resource_index/packages/grid_map_demos
[0.143s] -- Up-to-date: /home/williamfbx/SLAM/slam_ws/install/grid_map_demos/share/grid_map_demos/cmake/ament_cmake_export_include_directories-extras.cmake
[0.143s] -- Up-to-date: /home/williamfbx/SLAM/slam_ws/install/grid_map_demos/share/grid_map_demos/cmake/grid_map_demosConfig.cmake
[0.143s] -- Up-to-date: /home/williamfbx/SLAM/slam_ws/install/grid_map_demos/share/grid_map_demos/cmake/grid_map_demosConfig-version.cmake
[0.143s] -- Up-to-date: /home/williamfbx/SLAM/slam_ws/install/grid_map_demos/share/grid_map_demos/package.xml
[0.144s] Invoked command in '/home/williamfbx/SLAM/slam_ws/build/grid_map_demos' returned '0': CMAKE_PREFIX_PATH=/home/williamfbx/SLAM/slam_ws/install/grid_map_visualization:/home/williamfbx/SLAM/slam_ws/install/grid_map_rviz_plugin:/home/williamfbx/SLAM/slam_ws/install/grid_map_loader:/home/williamfbx/SLAM/slam_ws/install/grid_map_filters:/home/williamfbx/SLAM/slam_ws/install/grid_map_ros:/home/williamfbx/SLAM/slam_ws/install/grid_map_octomap:/home/williamfbx/SLAM/slam_ws/install/grid_map_cv:/home/williamfbx/SLAM/slam_ws/install/grid_map_msgs:/home/williamfbx/SLAM/slam_ws/install/grid_map_core:/home/williamfbx/SLAM/slam_ws/install/grid_map_cmake_helpers:/home/williamfbx/SLAM/slam_ws/install/visualization:/home/williamfbx/SLAM/slam_ws/install/sensing:/home/williamfbx/SLAM/slam_ws/install/realsense2_description:/home/williamfbx/SLAM/slam_ws/install/realsense2_camera:/home/williamfbx/SLAM/slam_ws/install/realsense2_camera_msgs:/home/williamfbx/SLAM/slam_ws/install/realsense:/home/williamfbx/SLAM/slam_ws/install/mapping:/home/williamfbx/SLAM/slam_ws/install/localization:/home/williamfbx/SLAM/slam_ws/install/launcher:/home/williamfbx/SLAM/slam_ws/install/elevation_mapping:/home/williamfbx/SLAM/slam_ws/install/kindr_ros:/home/williamfbx/SLAM/slam_ws/install/kindr_msgs:/home/williamfbx/SLAM/slam_ws/install/kindr:/home/williamfbx/SLAM/slam_ws/install/grid_map:/home/williamfbx/SLAM/slam_ws/install/grid_map_demos:/home/williamfbx/SLAM/slam_ws/install/grid_map_sdf:/home/williamfbx/SLAM/slam_ws/install/grid_map_pcl:/home/williamfbx/SLAM/slam_ws/install/grid_map_costmap_2d:/opt/ros/humble LD_LIBRARY_PATH=/home/williamfbx/SLAM/slam_ws/install/grid_map_visualization/lib:/home/williamfbx/SLAM/slam_ws/install/grid_map_rviz_plugin/lib:/home/williamfbx/SLAM/slam_ws/install/grid_map_loader/lib:/home/williamfbx/SLAM/slam_ws/install/grid_map_filters/lib:/home/williamfbx/SLAM/slam_ws/install/grid_map_ros/lib:/home/williamfbx/SLAM/slam_ws/install/grid_map_cv/lib:/home/williamfbx/SLAM/slam_ws/install/grid_map_msgs/lib:/home/williamfbx/SLAM/slam_ws/install/realsense2_camera/lib:/home/williamfbx/SLAM/slam_ws/install/realsense2_camera_msgs/lib:/home/williamfbx/SLAM/slam_ws/install/elevation_mapping/lib:/home/williamfbx/SLAM/slam_ws/install/kindr_msgs/lib:/home/williamfbx/SLAM/slam_ws/install/kindr/lib:/home/williamfbx/SLAM/slam_ws/install/grid_map_demos/lib:/home/williamfbx/SLAM/slam_ws/install/grid_map_sdf/lib:/home/williamfbx/SLAM/slam_ws/install/grid_map_pcl/lib:/home/williamfbx/SLAM/slam_ws/install/grid_map_octomap/lib:/home/williamfbx/SLAM/slam_ws/install/grid_map_costmap_2d/lib:/home/williamfbx/SLAM/slam_ws/install/grid_map_core/lib:/usr/lib/x86_64-linux-gnu/gazebo-11/plugins:/opt/ros/humble/opt/rviz_ogre_vendor/lib:/opt/ros/humble/lib/x86_64-linux-gnu:/opt/ros/humble/lib /usr/bin/cmake --install /home/williamfbx/SLAM/slam_ws/build/grid_map_demos
