[0.012s] Invoking command in '/home/williamfbx/SLAM/slam_ws/build/realsense': CMAKE_PREFIX_PATH=/opt/ros/humble /usr/bin/cmake /home/williamfbx/SLAM/slam_ws/src/drivers/realsense -DCMAKE_INSTALL_PREFIX=/home/williamfbx/SLAM/slam_ws/install/realsense
[0.137s] -- The C compiler identification is GNU 11.4.0
[0.219s] -- The CXX compiler identification is GNU 11.4.0
[0.226s] -- Detecting C compiler ABI info
[0.277s] -- Detecting C compiler ABI info - done
[0.286s] -- Check for working C compiler: /usr/bin/cc - skipped
[0.287s] -- Detecting C compile features
[0.287s] -- Detecting C compile features - done
[0.290s] -- Detecting CXX compiler ABI info
[0.341s] -- Detecting CXX compiler ABI info - done
[0.347s] -- Check for working CXX compiler: /usr/bin/c++ - skipped
[0.347s] -- Detecting CXX compile features
[0.347s] -- Detecting CXX compile features - done
[0.350s] -- Found ament_cmake: 1.3.11 (/opt/ros/humble/share/ament_cmake/cmake)
[0.475s] -- Found Python3: /usr/bin/python3 (found version "3.10.12") found components: Interpreter 
[0.550s] -- Found ament_lint_auto: 0.12.11 (/opt/ros/humble/share/ament_lint_auto/cmake)
[0.607s] -- Added test 'copyright' to check source files copyright and LICENSE
[0.608s] -- Added test 'flake8' to check Python code syntax and style conventions
[0.609s] -- Added test 'lint_cmake' to check CMake code style
[0.610s] -- Added test 'pep257' to check Python code against some of the docstring style conventions in PEP 257
[0.610s] -- Added test 'xmllint' to check XML markup files
[0.612s] -- Configuring done
[0.612s] -- Generating done
[0.613s] -- Build files have been written to: /home/williamfbx/SLAM/slam_ws/build/realsense
[0.617s] Invoked command in '/home/williamfbx/SLAM/slam_ws/build/realsense' returned '0': CMAKE_PREFIX_PATH=/opt/ros/humble /usr/bin/cmake /home/williamfbx/SLAM/slam_ws/src/drivers/realsense -DCMAKE_INSTALL_PREFIX=/home/williamfbx/SLAM/slam_ws/install/realsense
[0.618s] Invoking command in '/home/williamfbx/SLAM/slam_ws/build/realsense': CMAKE_PREFIX_PATH=/opt/ros/humble /usr/bin/cmake --build /home/williamfbx/SLAM/slam_ws/build/realsense -- -j12 -l12
[0.649s] Invoked command in '/home/williamfbx/SLAM/slam_ws/build/realsense' returned '0': CMAKE_PREFIX_PATH=/opt/ros/humble /usr/bin/cmake --build /home/williamfbx/SLAM/slam_ws/build/realsense -- -j12 -l12
[0.650s] Invoking command in '/home/williamfbx/SLAM/slam_ws/build/realsense': CMAKE_PREFIX_PATH=/opt/ros/humble /usr/bin/cmake --install /home/williamfbx/SLAM/slam_ws/build/realsense
[0.657s] -- Install configuration: ""
[0.658s] -- Installing: /home/williamfbx/SLAM/slam_ws/install/realsense/share/realsense/launch
[0.658s] -- Installing: /home/williamfbx/SLAM/slam_ws/install/realsense/share/realsense/launch/realsense_launch.py
[0.658s] -- Installing: /home/williamfbx/SLAM/slam_ws/install/realsense/share/realsense//config
[0.658s] -- Installing: /home/williamfbx/SLAM/slam_ws/install/realsense/share/realsense//config/d435i_params.yaml
[0.658s] -- Installing: /home/williamfbx/SLAM/slam_ws/install/realsense/share/realsense//config/realsense_static_tf_params.yaml
[0.658s] -- Installing: /home/williamfbx/SLAM/slam_ws/install/realsense/share/ament_index/resource_index/package_run_dependencies/realsense
[0.659s] -- Installing: /home/williamfbx/SLAM/slam_ws/install/realsense/share/ament_index/resource_index/parent_prefix_path/realsense
[0.659s] -- Installing: /home/williamfbx/SLAM/slam_ws/install/realsense/share/realsense/environment/ament_prefix_path.sh
[0.659s] -- Installing: /home/williamfbx/SLAM/slam_ws/install/realsense/share/realsense/environment/ament_prefix_path.dsv
[0.659s] -- Installing: /home/williamfbx/SLAM/slam_ws/install/realsense/share/realsense/environment/path.sh
[0.659s] -- Installing: /home/williamfbx/SLAM/slam_ws/install/realsense/share/realsense/environment/path.dsv
[0.659s] -- Installing: /home/williamfbx/SLAM/slam_ws/install/realsense/share/realsense/local_setup.bash
[0.659s] -- Installing: /home/williamfbx/SLAM/slam_ws/install/realsense/share/realsense/local_setup.sh
[0.659s] -- Installing: /home/williamfbx/SLAM/slam_ws/install/realsense/share/realsense/local_setup.zsh
[0.659s] -- Installing: /home/williamfbx/SLAM/slam_ws/install/realsense/share/realsense/local_setup.dsv
[0.659s] -- Installing: /home/williamfbx/SLAM/slam_ws/install/realsense/share/realsense/package.dsv
[0.659s] -- Installing: /home/williamfbx/SLAM/slam_ws/install/realsense/share/ament_index/resource_index/packages/realsense
[0.659s] -- Installing: /home/williamfbx/SLAM/slam_ws/install/realsense/share/realsense/cmake/realsenseConfig.cmake
[0.659s] -- Installing: /home/williamfbx/SLAM/slam_ws/install/realsense/share/realsense/cmake/realsenseConfig-version.cmake
[0.659s] -- Installing: /home/williamfbx/SLAM/slam_ws/install/realsense/share/realsense/package.xml
