-- The C compiler identification is GNU 11.4.0
-- The CXX compiler identification is GNU 11.4.0
-- Detecting C compiler ABI info
-- Detecting C compiler ABI info - done
-- Check for working C compiler: /usr/bin/cc - skipped
-- Detecting C compile features
-- Detecting C compile features - done
-- Detecting CXX compiler ABI info
-- Detecting CXX compiler ABI info - done
-- Check for working CXX compiler: /usr/bin/c++ - skipped
-- Detecting CXX compile features
-- Detecting CXX compile features - done
-- Found ament_cmake: 1.3.11 (/opt/ros/humble/share/ament_cmake/cmake)
-- Found Python3: /usr/bin/python3 (found version "3.10.12") found components: Interpreter 
-- Could NOT find Doxygen (missing: DOXYGEN_EXECUTABLE) 
-- Doxygen not found
-- Found ament_cmake_gtest: 1.3.11 (/opt/ros/humble/share/ament_cmake_gtest/cmake)
-- Found gtest sources under '/opt/ros/humble/src/gtest_vendor': C++ tests using 'Google Test' will be built
-- Looking for pthread.h
-- Looking for pthread.h - found
-- Performing Test CMAKE_HAVE_LIBC_PTHREAD
-- Performing Test CMAKE_HAVE_LIBC_PTHREAD - Success
-- Found Threads: TRUE  
-- Configuring done
-- Generating done
-- Build files have been written to: /home/williamfbx/SLAM/slam_ws/build/kindr
[  2%] [32mBuilding CXX object gtest/CMakeFiles/gtest.dir/src/gtest-all.cc.o[0m
[  5%] [32mBuilding CXX object gtest/CMakeFiles/gtest_main.dir/src/gtest_main.cc.o[0m
[  8%] [32m[1mLinking CXX static library libgtest_main.a[0m
[  8%] Built target gtest_main
[ 11%] [32m[1mLinking CXX static library libgtest.a[0m
[ 11%] Built target gtest
[ 14%] [32mBuilding CXX object test/CMakeFiles/test_kindr.dir/rotations/AngleAxisTest.cpp.o[0m
[ 17%] [32mBuilding CXX object test/CMakeFiles/test_kindr.dir/rotations/RotationQuaternionTest.cpp.o[0m
[ 20%] [32mBuilding CXX object test/CMakeFiles/test_kindr.dir/rotations/RotationVectorTest.cpp.o[0m
[ 23%] [32mBuilding CXX object test/CMakeFiles/test_kindr.dir/rotations/EulerAnglesZyxTest.cpp.o[0m
[ 26%] [32mBuilding CXX object test/CMakeFiles/test_kindr.dir/rotations/EulerAnglesXyzTest.cpp.o[0m
[ 29%] [32mBuilding CXX object test/CMakeFiles/test_kindr.dir/rotations/RotationTest.cpp.o[0m
[ 32%] [32mBuilding CXX object test/CMakeFiles/test_kindr.dir/linear_algebra/SkewMatrixFromVectorTest.cpp.o[0m
[ 35%] [32mBuilding CXX object test/CMakeFiles/test_kindr.dir/common/CommonTest.cpp.o[0m
[ 38%] [32mBuilding CXX object test/CMakeFiles/test_kindr.dir/test_main.cpp.o[0m
[ 41%] [32mBuilding CXX object test/CMakeFiles/test_kindr.dir/quaternions/QuaternionTest.cpp.o[0m
[ 44%] [32mBuilding CXX object test/CMakeFiles/test_kindr.dir/rotations/RotationMatrixTest.cpp.o[0m
[ 47%] [32mBuilding CXX object test/CMakeFiles/test_kindr.dir/linear_algebra/PseudoInverseTest.cpp.o[0m
[ 50%] [32mBuilding CXX object test/CMakeFiles/test_kindr.dir/rotations/ConventionTest.cpp.o[0m
[ 52%] [32mBuilding CXX object test/CMakeFiles/test_kindr.dir/rotations/RotationDiffTest.cpp.o[0m
[ 55%] [32mBuilding CXX object test/CMakeFiles/test_kindr.dir/rotations/LocalAngularVelocityTest.cpp.o[0m
[ 58%] [32mBuilding CXX object test/CMakeFiles/test_kindr.dir/rotations/GlobalAngularVelocityTest.cpp.o[0m
[ 61%] [32mBuilding CXX object test/CMakeFiles/test_kindr.dir/rotations/RotationQuaternionDiffTest.cpp.o[0m
[ 64%] [32mBuilding CXX object test/CMakeFiles/test_kindr.dir/rotations/RotationMatrixDiffTest.cpp.o[0m
[ 67%] [32mBuilding CXX object test/CMakeFiles/test_kindr.dir/rotations/EulerAnglesZyxDiffTest.cpp.o[0m
[ 70%] [32mBuilding CXX object test/CMakeFiles/test_kindr.dir/rotations/EulerAnglesXyzDiffTest.cpp.o[0m
[ 73%] [32mBuilding CXX object test/CMakeFiles/test_kindr.dir/poses/PositionTest.cpp.o[0m
[ 76%] [32mBuilding CXX object test/CMakeFiles/test_kindr.dir/poses/HomogeneousTransformationTest.cpp.o[0m
[ 79%] [32mBuilding CXX object test/CMakeFiles/test_kindr.dir/poses/PoseDiffTest.cpp.o[0m
[ 82%] [32mBuilding CXX object test/CMakeFiles/test_kindr.dir/poses/PositionDiffTest.cpp.o[0m
[ 85%] [32mBuilding CXX object test/CMakeFiles/test_kindr.dir/poses/TwistWithAngularVelocityTest.cpp.o[0m
[ 88%] [32mBuilding CXX object test/CMakeFiles/test_kindr.dir/vectors/VectorsTest.cpp.o[0m
[ 91%] [32mBuilding CXX object test/CMakeFiles/test_kindr.dir/phys_quant/ForceTest.cpp.o[0m
[ 94%] [32mBuilding CXX object test/CMakeFiles/test_kindr.dir/phys_quant/WrenchTest.cpp.o[0m
[ 97%] [32mBuilding CXX object test/CMakeFiles/test_kindr.dir/phys_quant/ScalarTest.cpp.o[0m
[100%] [32m[1mLinking CXX executable test_kindr[0m
[100%] Built target test_kindr
