[0.034s] Invoking command in '/home/williamfbx/SLAM/slam_ws/build/kindr': CMAKE_PREFIX_PATH=${CMAKE_PREFIX_PATH}:/opt/ros/humble /usr/bin/cmake /home/williamfbx/SLAM/slam_ws/src/drivers/kindr -DCMAKE_INSTALL_PREFIX=/home/williamfbx/SLAM/slam_ws/install/kindr
[0.114s] -- The C compiler identification is GNU 11.4.0
[0.180s] -- The CXX compiler identification is GNU 11.4.0
[0.189s] -- Detecting C compiler ABI info
[0.254s] -- Detecting C compiler ABI info - done
[0.265s] -- Check for working C compiler: /usr/bin/cc - skipped
[0.265s] -- Detecting C compile features
[0.265s] -- Detecting C compile features - done
[0.269s] -- Detecting CXX compiler ABI info
[0.338s] -- Detecting CXX compiler ABI info - done
[0.343s] -- Check for working CXX compiler: /usr/bin/c++ - skipped
[0.344s] -- Detecting CXX compile features
[0.344s] -- Detecting CXX compile features - done
[0.347s] -- Found ament_cmake: 1.3.11 (/opt/ros/humble/share/ament_cmake/cmake)
[0.531s] -- Found Python3: /usr/bin/python3 (found version "3.10.12") found components: Interpreter 
[0.622s] -- Could NOT find Doxygen (missing: DOXYGEN_EXECUTABLE) 
[0.622s] -- Doxygen not found
[0.624s] -- Found ament_cmake_gtest: 1.3.11 (/opt/ros/humble/share/ament_cmake_gtest/cmake)
[0.628s] -- Found gtest sources under '/opt/ros/humble/src/gtest_vendor': C++ tests using 'Google Test' will be built
[0.628s] -- Looking for pthread.h
[0.704s] -- Looking for pthread.h - found
[0.704s] -- Performing Test CMAKE_HAVE_LIBC_PTHREAD
[0.757s] -- Performing Test CMAKE_HAVE_LIBC_PTHREAD - Success
[0.758s] -- Found Threads: TRUE  
[0.807s] -- Configuring done
[0.814s] -- Generating done
[0.818s] -- Build files have been written to: /home/williamfbx/SLAM/slam_ws/build/kindr
[0.831s] Invoked command in '/home/williamfbx/SLAM/slam_ws/build/kindr' returned '0': CMAKE_PREFIX_PATH=${CMAKE_PREFIX_PATH}:/opt/ros/humble /usr/bin/cmake /home/williamfbx/SLAM/slam_ws/src/drivers/kindr -DCMAKE_INSTALL_PREFIX=/home/williamfbx/SLAM/slam_ws/install/kindr
[0.831s] Invoking command in '/home/williamfbx/SLAM/slam_ws/build/kindr': CMAKE_PREFIX_PATH=${CMAKE_PREFIX_PATH}:/opt/ros/humble /usr/bin/cmake --build /home/williamfbx/SLAM/slam_ws/build/kindr -- -j12 -l12
[0.895s] [  2%] [32mBuilding CXX object gtest/CMakeFiles/gtest.dir/src/gtest-all.cc.o[0m
[0.896s] [  5%] [32mBuilding CXX object gtest/CMakeFiles/gtest_main.dir/src/gtest_main.cc.o[0m
[1.363s] [  8%] [32m[1mLinking CXX static library libgtest_main.a[0m
[1.394s] [  8%] Built target gtest_main
[2.804s] [ 11%] [32m[1mLinking CXX static library libgtest.a[0m
[2.865s] [ 11%] Built target gtest
[2.903s] [ 14%] [32mBuilding CXX object test/CMakeFiles/test_kindr.dir/rotations/AngleAxisTest.cpp.o[0m
[2.903s] [ 17%] [32mBuilding CXX object test/CMakeFiles/test_kindr.dir/rotations/RotationQuaternionTest.cpp.o[0m
[2.903s] [ 20%] [32mBuilding CXX object test/CMakeFiles/test_kindr.dir/rotations/RotationVectorTest.cpp.o[0m
[2.903s] [ 23%] [32mBuilding CXX object test/CMakeFiles/test_kindr.dir/rotations/EulerAnglesZyxTest.cpp.o[0m
[2.903s] [ 26%] [32mBuilding CXX object test/CMakeFiles/test_kindr.dir/rotations/EulerAnglesXyzTest.cpp.o[0m
[2.903s] [ 29%] [32mBuilding CXX object test/CMakeFiles/test_kindr.dir/rotations/RotationTest.cpp.o[0m
[2.904s] [ 32%] [32mBuilding CXX object test/CMakeFiles/test_kindr.dir/linear_algebra/SkewMatrixFromVectorTest.cpp.o[0m
[2.904s] [ 35%] [32mBuilding CXX object test/CMakeFiles/test_kindr.dir/common/CommonTest.cpp.o[0m
[2.904s] [ 38%] [32mBuilding CXX object test/CMakeFiles/test_kindr.dir/test_main.cpp.o[0m
[2.906s] [ 41%] [32mBuilding CXX object test/CMakeFiles/test_kindr.dir/quaternions/QuaternionTest.cpp.o[0m
[2.906s] [ 44%] [32mBuilding CXX object test/CMakeFiles/test_kindr.dir/rotations/RotationMatrixTest.cpp.o[0m
[2.906s] [ 47%] [32mBuilding CXX object test/CMakeFiles/test_kindr.dir/linear_algebra/PseudoInverseTest.cpp.o[0m
[3.583s] [ 50%] [32mBuilding CXX object test/CMakeFiles/test_kindr.dir/rotations/ConventionTest.cpp.o[0m
[4.127s] [ 52%] [32mBuilding CXX object test/CMakeFiles/test_kindr.dir/rotations/RotationDiffTest.cpp.o[0m
[4.670s] [ 55%] [32mBuilding CXX object test/CMakeFiles/test_kindr.dir/rotations/LocalAngularVelocityTest.cpp.o[0m
[7.326s] [ 58%] [32mBuilding CXX object test/CMakeFiles/test_kindr.dir/rotations/GlobalAngularVelocityTest.cpp.o[0m
[8.473s] [ 61%] [32mBuilding CXX object test/CMakeFiles/test_kindr.dir/rotations/RotationQuaternionDiffTest.cpp.o[0m
[8.598s] [ 64%] [32mBuilding CXX object test/CMakeFiles/test_kindr.dir/rotations/RotationMatrixDiffTest.cpp.o[0m
[11.128s] [ 67%] [32mBuilding CXX object test/CMakeFiles/test_kindr.dir/rotations/EulerAnglesZyxDiffTest.cpp.o[0m
[12.204s] [ 70%] [32mBuilding CXX object test/CMakeFiles/test_kindr.dir/rotations/EulerAnglesXyzDiffTest.cpp.o[0m
[13.845s] [ 73%] [32mBuilding CXX object test/CMakeFiles/test_kindr.dir/poses/PositionTest.cpp.o[0m
[13.918s] [ 76%] [32mBuilding CXX object test/CMakeFiles/test_kindr.dir/poses/HomogeneousTransformationTest.cpp.o[0m
[14.248s] [ 79%] [32mBuilding CXX object test/CMakeFiles/test_kindr.dir/poses/PoseDiffTest.cpp.o[0m
[16.777s] [ 82%] [32mBuilding CXX object test/CMakeFiles/test_kindr.dir/poses/PositionDiffTest.cpp.o[0m
[17.034s] [ 85%] [32mBuilding CXX object test/CMakeFiles/test_kindr.dir/poses/TwistWithAngularVelocityTest.cpp.o[0m
[18.056s] [ 88%] [32mBuilding CXX object test/CMakeFiles/test_kindr.dir/vectors/VectorsTest.cpp.o[0m
[18.181s] [ 91%] [32mBuilding CXX object test/CMakeFiles/test_kindr.dir/phys_quant/ForceTest.cpp.o[0m
[18.518s] [ 94%] [32mBuilding CXX object test/CMakeFiles/test_kindr.dir/phys_quant/WrenchTest.cpp.o[0m
[20.006s] [ 97%] [32mBuilding CXX object test/CMakeFiles/test_kindr.dir/phys_quant/ScalarTest.cpp.o[0m
[32.876s] [100%] [32m[1mLinking CXX executable test_kindr[0m
[35.803s] [100%] Built target test_kindr
