[0.011s] Invoking command in '/home/williamfbx/SLAM/slam_ws/build/grid_map_sdf': AMENT_PREFIX_PATH=/home/williamfbx/SLAM/slam_ws/install/grid_map_core:/home/williamfbx/SLAM/slam_ws/install/grid_map_cmake_helpers:${AMENT_PREFIX_PATH} CMAKE_PREFIX_PATH=/home/williamfbx/SLAM/slam_ws/install/grid_map_core:/home/williamfbx/SLAM/slam_ws/install/grid_map_cmake_helpers:/home/williamfbx/SLAM/slam_ws/install/visualization:/home/williamfbx/SLAM/slam_ws/install/launcher:/home/williamfbx/SLAM/slam_ws/install/sensing:/home/williamfbx/SLAM/slam_ws/install/realsense2_description:/home/williamfbx/SLAM/slam_ws/install/realsense2_camera:/home/williamfbx/SLAM/slam_ws/install/realsense2_camera_msgs:/home/williamfbx/SLAM/slam_ws/install/realsense:/home/williamfbx/SLAM/slam_ws/install/mapping:/home/williamfbx/SLAM/slam_ws/install/localization:/opt/ros/humble LD_LIBRARY_PATH=/home/williamfbx/SLAM/slam_ws/install/grid_map_core/lib:${LD_LIBRARY_PATH} /usr/bin/cmake /home/williamfbx/SLAM/slam_ws/src/drivers/grid_map/grid_map_sdf -DCMAKE_INSTALL_PREFIX=/home/williamfbx/SLAM/slam_ws/install/grid_map_sdf
[0.056s] -- The C compiler identification is GNU 11.4.0
[0.112s] -- The CXX compiler identification is GNU 11.4.0
[0.119s] -- Detecting C compiler ABI info
[0.178s] -- Detecting C compiler ABI info - done
[0.187s] -- Check for working C compiler: /usr/bin/cc - skipped
[0.187s] -- Detecting C compile features
[0.188s] -- Detecting C compile features - done
[0.191s] -- Detecting CXX compiler ABI info
[0.255s] -- Detecting CXX compiler ABI info - done
[0.261s] -- Check for working CXX compiler: /usr/bin/c++ - skipped
[0.261s] -- Detecting CXX compile features
[0.261s] -- Detecting CXX compile features - done
[0.263s] -- Found ament_cmake: 1.3.11 (/opt/ros/humble/share/ament_cmake/cmake)
[0.379s] -- Found Python3: /usr/bin/python3 (found version "3.10.12") found components: Interpreter 
[0.446s] -- Found grid_map_cmake_helpers: 2.0.1 (/home/williamfbx/SLAM/slam_ws/install/grid_map_cmake_helpers/share/grid_map_cmake_helpers/cmake)
[0.447s] -- Found grid_map_core: 2.0.1 (/home/williamfbx/SLAM/slam_ws/install/grid_map_core/share/grid_map_core/cmake)
[0.462s] -- Checking for module 'eigen3'
[0.472s] --   Found eigen3, version 3.4.0
[0.501s] -- Found Eigen: /usr/include/eigen3 (Required is at least version "3.1") 
[0.501s] -- Eigen found (include: /usr/include/eigen3, version: 3.4.0)
[0.539s] -- Found Boost: /usr/lib/x86_64-linux-gnu/cmake/Boost-1.74.0/BoostConfig.cmake (found suitable version "1.74.0", minimum required is "1.65.0") found components: system filesystem date_time iostreams serialization 
[0.541s] -- looking for PCL_COMMON
[0.545s] -- Found PCL_COMMON: /usr/lib/x86_64-linux-gnu/libpcl_common.so  
[0.546s] -- Found PCL: pcl_common;Boost::system;Boost::filesystem;Boost::date_time;Boost::iostreams;Boost::serialization  
[0.546s] -- Setting build type to Release as none was specified.
[0.551s] -- Found ament_lint_auto: 0.12.11 (/opt/ros/humble/share/ament_lint_auto/cmake)
[0.625s] -- Found gtest sources under '/opt/ros/humble/src/gtest_vendor': C++ tests using 'Google Test' will be built
[0.627s] -- Looking for pthread.h
[0.688s] -- Looking for pthread.h - found
[0.688s] -- Performing Test CMAKE_HAVE_LIBC_PTHREAD
[0.746s] -- Performing Test CMAKE_HAVE_LIBC_PTHREAD - Success
[0.747s] -- Found Threads: TRUE  
[0.750s] -- Added test 'cppcheck' to perform static code analysis on C / C++ code
[0.750s] -- Configured cppcheck include dirs: /home/williamfbx/SLAM/slam_ws/src/drivers/grid_map/grid_map_sdf/include
[0.750s] -- Configured cppcheck exclude dirs and/or files: 
[0.751s] -- Added test 'lint_cmake' to check CMake code style
[0.752s] -- Added test 'uncrustify' to check C / C++ code style
[0.752s] -- Configured uncrustify additional arguments: 
[0.752s] -- Added test 'xmllint' to check XML markup files
[0.754s] -- Configuring done
[0.761s] -- Generating done
[0.766s] -- Build files have been written to: /home/williamfbx/SLAM/slam_ws/build/grid_map_sdf
[0.772s] Invoked command in '/home/williamfbx/SLAM/slam_ws/build/grid_map_sdf' returned '0': AMENT_PREFIX_PATH=/home/williamfbx/SLAM/slam_ws/install/grid_map_core:/home/williamfbx/SLAM/slam_ws/install/grid_map_cmake_helpers:${AMENT_PREFIX_PATH} CMAKE_PREFIX_PATH=/home/williamfbx/SLAM/slam_ws/install/grid_map_core:/home/williamfbx/SLAM/slam_ws/install/grid_map_cmake_helpers:/home/williamfbx/SLAM/slam_ws/install/visualization:/home/williamfbx/SLAM/slam_ws/install/launcher:/home/williamfbx/SLAM/slam_ws/install/sensing:/home/williamfbx/SLAM/slam_ws/install/realsense2_description:/home/williamfbx/SLAM/slam_ws/install/realsense2_camera:/home/williamfbx/SLAM/slam_ws/install/realsense2_camera_msgs:/home/williamfbx/SLAM/slam_ws/install/realsense:/home/williamfbx/SLAM/slam_ws/install/mapping:/home/williamfbx/SLAM/slam_ws/install/localization:/opt/ros/humble LD_LIBRARY_PATH=/home/williamfbx/SLAM/slam_ws/install/grid_map_core/lib:${LD_LIBRARY_PATH} /usr/bin/cmake /home/williamfbx/SLAM/slam_ws/src/drivers/grid_map/grid_map_sdf -DCMAKE_INSTALL_PREFIX=/home/williamfbx/SLAM/slam_ws/install/grid_map_sdf
[0.774s] Invoking command in '/home/williamfbx/SLAM/slam_ws/build/grid_map_sdf': AMENT_PREFIX_PATH=/home/williamfbx/SLAM/slam_ws/install/grid_map_core:/home/williamfbx/SLAM/slam_ws/install/grid_map_cmake_helpers:${AMENT_PREFIX_PATH} CMAKE_PREFIX_PATH=/home/williamfbx/SLAM/slam_ws/install/grid_map_core:/home/williamfbx/SLAM/slam_ws/install/grid_map_cmake_helpers:/home/williamfbx/SLAM/slam_ws/install/visualization:/home/williamfbx/SLAM/slam_ws/install/launcher:/home/williamfbx/SLAM/slam_ws/install/sensing:/home/williamfbx/SLAM/slam_ws/install/realsense2_description:/home/williamfbx/SLAM/slam_ws/install/realsense2_camera:/home/williamfbx/SLAM/slam_ws/install/realsense2_camera_msgs:/home/williamfbx/SLAM/slam_ws/install/realsense:/home/williamfbx/SLAM/slam_ws/install/mapping:/home/williamfbx/SLAM/slam_ws/install/localization:/opt/ros/humble LD_LIBRARY_PATH=/home/williamfbx/SLAM/slam_ws/install/grid_map_core/lib:${LD_LIBRARY_PATH} /usr/bin/cmake --build /home/williamfbx/SLAM/slam_ws/build/grid_map_sdf -- -j12 -l12
[0.815s] [ 11%] [32mBuilding CXX object CMakeFiles/grid_map_sdf.dir/src/SignedDistanceField.cpp.o[0m
[0.816s] [ 22%] [32mBuilding CXX object gtest/CMakeFiles/gtest.dir/src/gtest-all.cc.o[0m
[0.818s] [ 33%] [32mBuilding CXX object gtest/CMakeFiles/gtest_main.dir/src/gtest_main.cc.o[0m
[1.713s] [ 44%] [32m[1mLinking CXX static library libgtest_main.a[0m
[1.751s] [ 44%] Built target gtest_main
[5.312s] [ 55%] [32m[1mLinking CXX static library libgrid_map_sdf.a[0m
[5.348s] [ 55%] Built target grid_map_sdf
[7.129s] [ 66%] [32m[1mLinking CXX static library libgtest.a[0m
[7.167s] [ 66%] Built target gtest
[7.187s] [ 77%] [32mBuilding CXX object CMakeFiles/grid_map_sdf-test.dir/test/SignedDistanceFieldTest.cpp.o[0m
[7.190s] [ 88%] [32mBuilding CXX object CMakeFiles/grid_map_sdf-test.dir/test/test_grid_map_sdf.cpp.o[0m
[10.885s] [100%] [32m[1mLinking CXX executable grid_map_sdf-test[0m
[10.969s] [100%] Built target grid_map_sdf-test
[10.978s] Invoked command in '/home/williamfbx/SLAM/slam_ws/build/grid_map_sdf' returned '0': AMENT_PREFIX_PATH=/home/williamfbx/SLAM/slam_ws/install/grid_map_core:/home/williamfbx/SLAM/slam_ws/install/grid_map_cmake_helpers:${AMENT_PREFIX_PATH} CMAKE_PREFIX_PATH=/home/williamfbx/SLAM/slam_ws/install/grid_map_core:/home/williamfbx/SLAM/slam_ws/install/grid_map_cmake_helpers:/home/williamfbx/SLAM/slam_ws/install/visualization:/home/williamfbx/SLAM/slam_ws/install/launcher:/home/williamfbx/SLAM/slam_ws/install/sensing:/home/williamfbx/SLAM/slam_ws/install/realsense2_description:/home/williamfbx/SLAM/slam_ws/install/realsense2_camera:/home/williamfbx/SLAM/slam_ws/install/realsense2_camera_msgs:/home/williamfbx/SLAM/slam_ws/install/realsense:/home/williamfbx/SLAM/slam_ws/install/mapping:/home/williamfbx/SLAM/slam_ws/install/localization:/opt/ros/humble LD_LIBRARY_PATH=/home/williamfbx/SLAM/slam_ws/install/grid_map_core/lib:${LD_LIBRARY_PATH} /usr/bin/cmake --build /home/williamfbx/SLAM/slam_ws/build/grid_map_sdf -- -j12 -l12
[10.979s] Invoking command in '/home/williamfbx/SLAM/slam_ws/build/grid_map_sdf': AMENT_PREFIX_PATH=/home/williamfbx/SLAM/slam_ws/install/grid_map_core:/home/williamfbx/SLAM/slam_ws/install/grid_map_cmake_helpers:${AMENT_PREFIX_PATH} CMAKE_PREFIX_PATH=/home/williamfbx/SLAM/slam_ws/install/grid_map_core:/home/williamfbx/SLAM/slam_ws/install/grid_map_cmake_helpers:/home/williamfbx/SLAM/slam_ws/install/visualization:/home/williamfbx/SLAM/slam_ws/install/launcher:/home/williamfbx/SLAM/slam_ws/install/sensing:/home/williamfbx/SLAM/slam_ws/install/realsense2_description:/home/williamfbx/SLAM/slam_ws/install/realsense2_camera:/home/williamfbx/SLAM/slam_ws/install/realsense2_camera_msgs:/home/williamfbx/SLAM/slam_ws/install/realsense:/home/williamfbx/SLAM/slam_ws/install/mapping:/home/williamfbx/SLAM/slam_ws/install/localization:/opt/ros/humble LD_LIBRARY_PATH=/home/williamfbx/SLAM/slam_ws/install/grid_map_core/lib:${LD_LIBRARY_PATH} /usr/bin/cmake --install /home/williamfbx/SLAM/slam_ws/build/grid_map_sdf
[10.985s] -- Install configuration: "Release"
[10.985s] -- Installing: /home/williamfbx/SLAM/slam_ws/install/grid_map_sdf/lib/libgrid_map_sdf.a
[10.985s] -- Installing: /home/williamfbx/SLAM/slam_ws/install/grid_map_sdf/include/grid_map_sdf
[10.985s] -- Installing: /home/williamfbx/SLAM/slam_ws/install/grid_map_sdf/include/grid_map_sdf/distance_transform
[10.985s] -- Installing: /home/williamfbx/SLAM/slam_ws/install/grid_map_sdf/include/grid_map_sdf/distance_transform/image.hpp
[10.985s] -- Installing: /home/williamfbx/SLAM/slam_ws/install/grid_map_sdf/include/grid_map_sdf/distance_transform/pnmfile.hpp
[10.985s] -- Installing: /home/williamfbx/SLAM/slam_ws/install/grid_map_sdf/include/grid_map_sdf/distance_transform/dt.hpp
[10.985s] -- Installing: /home/williamfbx/SLAM/slam_ws/install/grid_map_sdf/include/grid_map_sdf/distance_transform/misc.hpp
[10.985s] -- Installing: /home/williamfbx/SLAM/slam_ws/install/grid_map_sdf/include/grid_map_sdf/distance_transform/imconv.hpp
[10.985s] -- Installing: /home/williamfbx/SLAM/slam_ws/install/grid_map_sdf/include/grid_map_sdf/distance_transform/imutil.hpp
[10.985s] -- Installing: /home/williamfbx/SLAM/slam_ws/install/grid_map_sdf/include/grid_map_sdf/SignedDistanceField.hpp
[10.985s] -- Installing: /home/williamfbx/SLAM/slam_ws/install/grid_map_sdf/share/grid_map_sdf/environment/library_path.sh
[10.985s] -- Installing: /home/williamfbx/SLAM/slam_ws/install/grid_map_sdf/share/grid_map_sdf/environment/library_path.dsv
[10.986s] -- Installing: /home/williamfbx/SLAM/slam_ws/install/grid_map_sdf/share/ament_index/resource_index/package_run_dependencies/grid_map_sdf
[10.986s] -- Installing: /home/williamfbx/SLAM/slam_ws/install/grid_map_sdf/share/ament_index/resource_index/parent_prefix_path/grid_map_sdf
[10.986s] -- Installing: /home/williamfbx/SLAM/slam_ws/install/grid_map_sdf/share/grid_map_sdf/environment/ament_prefix_path.sh
[10.986s] -- Installing: /home/williamfbx/SLAM/slam_ws/install/grid_map_sdf/share/grid_map_sdf/environment/ament_prefix_path.dsv
[10.986s] -- Installing: /home/williamfbx/SLAM/slam_ws/install/grid_map_sdf/share/grid_map_sdf/environment/path.sh
[10.986s] -- Installing: /home/williamfbx/SLAM/slam_ws/install/grid_map_sdf/share/grid_map_sdf/environment/path.dsv
[10.986s] -- Installing: /home/williamfbx/SLAM/slam_ws/install/grid_map_sdf/share/grid_map_sdf/local_setup.bash
[10.986s] -- Installing: /home/williamfbx/SLAM/slam_ws/install/grid_map_sdf/share/grid_map_sdf/local_setup.sh
[10.986s] -- Installing: /home/williamfbx/SLAM/slam_ws/install/grid_map_sdf/share/grid_map_sdf/local_setup.zsh
[10.986s] -- Installing: /home/williamfbx/SLAM/slam_ws/install/grid_map_sdf/share/grid_map_sdf/local_setup.dsv
[10.986s] -- Installing: /home/williamfbx/SLAM/slam_ws/install/grid_map_sdf/share/grid_map_sdf/package.dsv
[10.986s] -- Installing: /home/williamfbx/SLAM/slam_ws/install/grid_map_sdf/share/ament_index/resource_index/packages/grid_map_sdf
[10.986s] -- Installing: /home/williamfbx/SLAM/slam_ws/install/grid_map_sdf/share/grid_map_sdf/cmake/ament_cmake_export_include_directories-extras.cmake
[10.986s] -- Installing: /home/williamfbx/SLAM/slam_ws/install/grid_map_sdf/share/grid_map_sdf/cmake/ament_cmake_export_libraries-extras.cmake
[10.986s] -- Installing: /home/williamfbx/SLAM/slam_ws/install/grid_map_sdf/share/grid_map_sdf/cmake/grid_map_sdfConfig.cmake
[10.986s] -- Installing: /home/williamfbx/SLAM/slam_ws/install/grid_map_sdf/share/grid_map_sdf/cmake/grid_map_sdfConfig-version.cmake
[10.986s] -- Installing: /home/williamfbx/SLAM/slam_ws/install/grid_map_sdf/share/grid_map_sdf/package.xml
[10.988s] Invoked command in '/home/williamfbx/SLAM/slam_ws/build/grid_map_sdf' returned '0': AMENT_PREFIX_PATH=/home/williamfbx/SLAM/slam_ws/install/grid_map_core:/home/williamfbx/SLAM/slam_ws/install/grid_map_cmake_helpers:${AMENT_PREFIX_PATH} CMAKE_PREFIX_PATH=/home/williamfbx/SLAM/slam_ws/install/grid_map_core:/home/williamfbx/SLAM/slam_ws/install/grid_map_cmake_helpers:/home/williamfbx/SLAM/slam_ws/install/visualization:/home/williamfbx/SLAM/slam_ws/install/launcher:/home/williamfbx/SLAM/slam_ws/install/sensing:/home/williamfbx/SLAM/slam_ws/install/realsense2_description:/home/williamfbx/SLAM/slam_ws/install/realsense2_camera:/home/williamfbx/SLAM/slam_ws/install/realsense2_camera_msgs:/home/williamfbx/SLAM/slam_ws/install/realsense:/home/williamfbx/SLAM/slam_ws/install/mapping:/home/williamfbx/SLAM/slam_ws/install/localization:/opt/ros/humble LD_LIBRARY_PATH=/home/williamfbx/SLAM/slam_ws/install/grid_map_core/lib:${LD_LIBRARY_PATH} /usr/bin/cmake --install /home/williamfbx/SLAM/slam_ws/build/grid_map_sdf
