[01m[K/home/williamfbx/SLAM/slam_ws/src/localization/src/localization.cpp:[m[K In member function ‘[01m[Kvoid Localization::processImage(sensor_msgs::msg::Image_<std::allocator<void> >::SharedPtr)[m[K’:
[01m[K/home/williamfbx/SLAM/slam_ws/src/localization/src/localization.cpp:48:5:[m[K [01;31m[Kerror: [m[K‘[01m[KEigen[m[K’ has not been declared
   48 |     [01;31m[KEigen[m[K::Matrix4f T_cam_to_world = Eigen::Matrix4f::Identity();
      |     [01;31m[K^~~~~[m[K
In file included from [01m[K/opt/ros/humble/include/rclcpp/rclcpp/logging.hpp:24[m[K,
                 from [01m[K/opt/ros/humble/include/rclcpp/rclcpp/client.hpp:40[m[K,
                 from [01m[K/opt/ros/humble/include/rclcpp/rclcpp/callback_group.hpp:24[m[K,
                 from [01m[K/opt/ros/humble/include/rclcpp/rclcpp/any_executable.hpp:20[m[K,
                 from [01m[K/opt/ros/humble/include/rclcpp/rclcpp/memory_strategy.hpp:25[m[K,
                 from [01m[K/opt/ros/humble/include/rclcpp/rclcpp/memory_strategies.hpp:18[m[K,
                 from [01m[K/opt/ros/humble/include/rclcpp/rclcpp/executor_options.hpp:20[m[K,
                 from [01m[K/opt/ros/humble/include/rclcpp/rclcpp/executor.hpp:37[m[K,
                 from [01m[K/opt/ros/humble/include/rclcpp/rclcpp/executors/multi_threaded_executor.hpp:25[m[K,
                 from [01m[K/opt/ros/humble/include/rclcpp/rclcpp/executors.hpp:21[m[K,
                 from [01m[K/opt/ros/humble/include/rclcpp/rclcpp/rclcpp.hpp:155[m[K,
                 from [01m[K/home/williamfbx/SLAM/slam_ws/src/localization/include/localization/localization.hpp:4[m[K,
                 from [01m[K/home/williamfbx/SLAM/slam_ws/src/localization/src/localization.cpp:1[m[K:
[01m[K/home/williamfbx/SLAM/slam_ws/src/localization/src/localization.cpp:51:17:[m[K [01;31m[Kerror: [m[K‘[01m[KEigen[m[K’ has not been declared
   51 |                 [01;31m[KEigen[m[K::IOFormat(Eigen::StreamPrecision, Eigen::DontAlignCols).str(T_cam_to_world).c_str());
      |                 [01;31m[K^~~~~[m[K
[01m[K/home/williamfbx/SLAM/slam_ws/src/localization/src/localization.cpp:51:33:[m[K [01;31m[Kerror: [m[K‘[01m[KEigen[m[K’ has not been declared
   51 |                 Eigen::IOFormat([01;31m[KEigen[m[K::StreamPrecision, Eigen::DontAlignCols).str(T_cam_to_world).c_str());
      |                                 [01;31m[K^~~~~[m[K
[01m[K/home/williamfbx/SLAM/slam_ws/src/localization/src/localization.cpp:51:57:[m[K [01;31m[Kerror: [m[K‘[01m[KEigen[m[K’ has not been declared
   51 |                 Eigen::IOFormat(Eigen::StreamPrecision, [01;31m[KEigen[m[K::DontAlignCols).str(T_cam_to_world).c_str());
      |                                                         [01;31m[K^~~~~[m[K
[01m[K/home/williamfbx/SLAM/slam_ws/src/localization/src/localization.cpp:51:83:[m[K [01;31m[Kerror: [m[K‘[01m[KT_cam_to_world[m[K’ was not declared in this scope
   51 | :IOFormat(Eigen::StreamPrecision, Eigen::DontAlignCols).str([01;31m[KT_cam_to_world[m[K).c_str());
      |                                                             [01;31m[K^~~~~~~~~~~~~~[m[K

gmake[2]: *** [CMakeFiles/localization_node.dir/build.make:76: CMakeFiles/localization_node.dir/src/localization.cpp.o] Error 1
gmake[1]: *** [CMakeFiles/Makefile2:137: CMakeFiles/localization_node.dir/all] Error 2
gmake: *** [Makefile:146: all] Error 2
